[2022-04-30 12:28:57,156] {taskinstance.py:1043} INFO - Dependencies all met for <TaskInstance: btc_spot_data_dag.results manual__2022-04-30T12:28:40.743760+00:00 [queued]>
[2022-04-30 12:28:57,171] {taskinstance.py:1043} INFO - Dependencies all met for <TaskInstance: btc_spot_data_dag.results manual__2022-04-30T12:28:40.743760+00:00 [queued]>
[2022-04-30 12:28:57,172] {taskinstance.py:1249} INFO - 
--------------------------------------------------------------------------------
[2022-04-30 12:28:57,172] {taskinstance.py:1250} INFO - Starting attempt 1 of 1
[2022-04-30 12:28:57,172] {taskinstance.py:1251} INFO - 
--------------------------------------------------------------------------------
[2022-04-30 12:28:57,234] {taskinstance.py:1270} INFO - Executing <Task(PythonOperator): results> on 2022-04-30 12:28:40.743760+00:00
[2022-04-30 12:28:57,240] {standard_task_runner.py:52} INFO - Started process 5651 to run task
[2022-04-30 12:28:57,244] {standard_task_runner.py:79} INFO - Running: ['***', 'tasks', 'run', 'btc_spot_data_dag', 'results', 'manual__2022-04-30T12:28:40.743760+00:00', '--job-id', '155', '--raw', '--subdir', 'DAGS_FOLDER/my_dag.py', '--cfg-path', '/tmp/tmprnblvo2l', '--error-file', '/tmp/tmpr6a8t8qu']
[2022-04-30 12:28:57,246] {standard_task_runner.py:80} INFO - Job 155: Subtask results
[2022-04-30 12:28:57,330] {logging_mixin.py:109} INFO - Running <TaskInstance: btc_spot_data_dag.results manual__2022-04-30T12:28:40.743760+00:00 [running]> on host cf4e030da5d2
[2022-04-30 12:28:57,416] {taskinstance.py:1448} INFO - Exporting the following env vars:
AIRFLOW_CTX_DAG_OWNER=***
AIRFLOW_CTX_DAG_ID=btc_spot_data_dag
AIRFLOW_CTX_TASK_ID=results
AIRFLOW_CTX_EXECUTION_DATE=2022-04-30T12:28:40.743760+00:00
AIRFLOW_CTX_DAG_RUN_ID=manual__2022-04-30T12:28:40.743760+00:00
[2022-04-30 12:28:59,937] {logging_mixin.py:109} INFO - Asks greater than Bids for today
[2022-04-30 12:28:59,938] {python.py:175} INFO - Done. Returned value was: None
[2022-04-30 12:28:59,958] {taskinstance.py:1288} INFO - Marking task as SUCCESS. dag_id=btc_spot_data_dag, task_id=results, execution_date=20220430T122840, start_date=20220430T122857, end_date=20220430T122859
[2022-04-30 12:29:00,029] {local_task_job.py:154} INFO - Task exited with return code 0
[2022-04-30 12:29:00,065] {local_task_job.py:264} INFO - 0 downstream tasks scheduled from follow-on schedule check
