[2022-04-30 11:04:13,305] {taskinstance.py:1043} INFO - Dependencies all met for <TaskInstance: btc_spot_data_dag.aggregated_daily_bids manual__2022-04-30T11:04:01.434860+00:00 [queued]>
[2022-04-30 11:04:13,323] {taskinstance.py:1043} INFO - Dependencies all met for <TaskInstance: btc_spot_data_dag.aggregated_daily_bids manual__2022-04-30T11:04:01.434860+00:00 [queued]>
[2022-04-30 11:04:13,323] {taskinstance.py:1249} INFO - 
--------------------------------------------------------------------------------
[2022-04-30 11:04:13,324] {taskinstance.py:1250} INFO - Starting attempt 1 of 1
[2022-04-30 11:04:13,325] {taskinstance.py:1251} INFO - 
--------------------------------------------------------------------------------
[2022-04-30 11:04:13,345] {taskinstance.py:1270} INFO - Executing <Task(BigQueryOperator): aggregated_daily_bids> on 2022-04-30 11:04:01.434860+00:00
[2022-04-30 11:04:13,352] {standard_task_runner.py:52} INFO - Started process 2052 to run task
[2022-04-30 11:04:13,358] {standard_task_runner.py:79} INFO - Running: ['***', 'tasks', 'run', 'btc_spot_data_dag', 'aggregated_daily_bids', 'manual__2022-04-30T11:04:01.434860+00:00', '--job-id', '93', '--raw', '--subdir', 'DAGS_FOLDER/my_dag.py', '--cfg-path', '/tmp/tmpnbiad0fc', '--error-file', '/tmp/tmp9a9e84bo']
[2022-04-30 11:04:13,361] {standard_task_runner.py:80} INFO - Job 93: Subtask aggregated_daily_bids
[2022-04-30 11:04:13,484] {logging_mixin.py:109} INFO - Running <TaskInstance: btc_spot_data_dag.aggregated_daily_bids manual__2022-04-30T11:04:01.434860+00:00 [running]> on host cf4e030da5d2
[2022-04-30 11:04:13,606] {taskinstance.py:1448} INFO - Exporting the following env vars:
AIRFLOW_CTX_DAG_OWNER=***
AIRFLOW_CTX_DAG_ID=btc_spot_data_dag
AIRFLOW_CTX_TASK_ID=aggregated_daily_bids
AIRFLOW_CTX_EXECUTION_DATE=2022-04-30T11:04:01.434860+00:00
AIRFLOW_CTX_DAG_RUN_ID=manual__2022-04-30T11:04:01.434860+00:00
[2022-04-30 11:04:13,607] {bigquery.py:655} INFO - Executing: select sum(bids.size) from `btcspot.btcspot.bids` as bids group by timestamp;
[2022-04-30 11:04:13,622] {warnings.py:110} WARNING - /home/***/.local/lib/python3.7/site-packages/***/providers/google/cloud/hooks/bigquery.py:2058: DeprecationWarning: This method is deprecated. Please use `BigQueryHook.insert_job` method.
  "This method is deprecated. Please use `BigQueryHook.insert_job` method.", DeprecationWarning

[2022-04-30 11:04:13,634] {bigquery.py:1554} INFO - Inserting job ***_1651316653632726_3b2144fe19731c43425cbe459b3237f0
[2022-04-30 11:04:16,100] {taskinstance.py:1288} INFO - Marking task as SUCCESS. dag_id=btc_spot_data_dag, task_id=aggregated_daily_bids, execution_date=20220430T110401, start_date=20220430T110413, end_date=20220430T110416
[2022-04-30 11:04:16,140] {local_task_job.py:154} INFO - Task exited with return code 0
[2022-04-30 11:04:16,194] {local_task_job.py:264} INFO - 0 downstream tasks scheduled from follow-on schedule check
