[2022-04-30 12:16:24,806] {taskinstance.py:1043} INFO - Dependencies all met for <TaskInstance: btc_spot_data_dag.aggregated_daily_asks manual__2022-04-30T12:16:13.508210+00:00 [queued]>
[2022-04-30 12:16:24,821] {taskinstance.py:1043} INFO - Dependencies all met for <TaskInstance: btc_spot_data_dag.aggregated_daily_asks manual__2022-04-30T12:16:13.508210+00:00 [queued]>
[2022-04-30 12:16:24,821] {taskinstance.py:1249} INFO - 
--------------------------------------------------------------------------------
[2022-04-30 12:16:24,822] {taskinstance.py:1250} INFO - Starting attempt 1 of 1
[2022-04-30 12:16:24,822] {taskinstance.py:1251} INFO - 
--------------------------------------------------------------------------------
[2022-04-30 12:16:24,840] {taskinstance.py:1270} INFO - Executing <Task(BigQueryOperator): aggregated_daily_asks> on 2022-04-30 12:16:13.508210+00:00
[2022-04-30 12:16:24,845] {standard_task_runner.py:52} INFO - Started process 5012 to run task
[2022-04-30 12:16:24,851] {standard_task_runner.py:79} INFO - Running: ['***', 'tasks', 'run', 'btc_spot_data_dag', 'aggregated_daily_asks', 'manual__2022-04-30T12:16:13.508210+00:00', '--job-id', '112', '--raw', '--subdir', 'DAGS_FOLDER/my_dag.py', '--cfg-path', '/tmp/tmpimt9ap8s', '--error-file', '/tmp/tmp92k5mago']
[2022-04-30 12:16:24,852] {standard_task_runner.py:80} INFO - Job 112: Subtask aggregated_daily_asks
[2022-04-30 12:16:24,930] {logging_mixin.py:109} INFO - Running <TaskInstance: btc_spot_data_dag.aggregated_daily_asks manual__2022-04-30T12:16:13.508210+00:00 [running]> on host cf4e030da5d2
[2022-04-30 12:16:25,006] {taskinstance.py:1448} INFO - Exporting the following env vars:
AIRFLOW_CTX_DAG_OWNER=***
AIRFLOW_CTX_DAG_ID=btc_spot_data_dag
AIRFLOW_CTX_TASK_ID=aggregated_daily_asks
AIRFLOW_CTX_EXECUTION_DATE=2022-04-30T12:16:13.508210+00:00
AIRFLOW_CTX_DAG_RUN_ID=manual__2022-04-30T12:16:13.508210+00:00
[2022-04-30 12:16:25,007] {bigquery.py:655} INFO - Executing: select sum(asks.size) from `btcspot.btcspot.asks` as asks group by timestamp;
[2022-04-30 12:16:25,019] {warnings.py:110} WARNING - /home/***/.local/lib/python3.7/site-packages/***/providers/google/cloud/hooks/bigquery.py:2058: DeprecationWarning: This method is deprecated. Please use `BigQueryHook.insert_job` method.
  "This method is deprecated. Please use `BigQueryHook.insert_job` method.", DeprecationWarning

[2022-04-30 12:16:25,028] {bigquery.py:1554} INFO - Inserting job ***_1651320985028159_ea24d22ed19cbab841a7ecba3d4cd7e0
[2022-04-30 12:16:27,763] {taskinstance.py:1288} INFO - Marking task as SUCCESS. dag_id=btc_spot_data_dag, task_id=aggregated_daily_asks, execution_date=20220430T121613, start_date=20220430T121624, end_date=20220430T121627
[2022-04-30 12:16:27,794] {local_task_job.py:154} INFO - Task exited with return code 0
[2022-04-30 12:16:27,868] {local_task_job.py:264} INFO - 0 downstream tasks scheduled from follow-on schedule check
