[2022-04-30 11:22:18,430] {taskinstance.py:1043} INFO - Dependencies all met for <TaskInstance: btc_spot_data_dag.add_gcp_connection manual__2022-04-30T11:22:08.521420+00:00 [queued]>
[2022-04-30 11:22:18,452] {taskinstance.py:1043} INFO - Dependencies all met for <TaskInstance: btc_spot_data_dag.add_gcp_connection manual__2022-04-30T11:22:08.521420+00:00 [queued]>
[2022-04-30 11:22:18,452] {taskinstance.py:1249} INFO - 
--------------------------------------------------------------------------------
[2022-04-30 11:22:18,453] {taskinstance.py:1250} INFO - Starting attempt 1 of 1
[2022-04-30 11:22:18,453] {taskinstance.py:1251} INFO - 
--------------------------------------------------------------------------------
[2022-04-30 11:22:18,477] {taskinstance.py:1270} INFO - Executing <Task(PythonOperator): add_gcp_connection> on 2022-04-30 11:22:08.521420+00:00
[2022-04-30 11:22:18,484] {standard_task_runner.py:52} INFO - Started process 2777 to run task
[2022-04-30 11:22:18,491] {standard_task_runner.py:79} INFO - Running: ['***', 'tasks', 'run', 'btc_spot_data_dag', 'add_gcp_connection', 'manual__2022-04-30T11:22:08.521420+00:00', '--job-id', '98', '--raw', '--subdir', 'DAGS_FOLDER/my_dag.py', '--cfg-path', '/tmp/tmp93k7rau1', '--error-file', '/tmp/tmpp0ypcvbj']
[2022-04-30 11:22:18,493] {standard_task_runner.py:80} INFO - Job 98: Subtask add_gcp_connection
[2022-04-30 11:22:18,590] {logging_mixin.py:109} INFO - Running <TaskInstance: btc_spot_data_dag.add_gcp_connection manual__2022-04-30T11:22:08.521420+00:00 [running]> on host cf4e030da5d2
[2022-04-30 11:22:18,679] {taskinstance.py:1448} INFO - Exporting the following env vars:
AIRFLOW_CTX_DAG_OWNER=***
AIRFLOW_CTX_DAG_ID=btc_spot_data_dag
AIRFLOW_CTX_TASK_ID=add_gcp_connection
AIRFLOW_CTX_EXECUTION_DATE=2022-04-30T11:22:08.521420+00:00
AIRFLOW_CTX_DAG_RUN_ID=manual__2022-04-30T11:22:08.521420+00:00
[2022-04-30 11:22:18,681] {crypto.py:82} WARNING - empty cryptography key - values will not be stored encrypted.
[2022-04-30 11:22:18,693] {logging_mixin.py:109} INFO - 
	A connection with `conn_id`=btc_spot_conn_id already exists
[2022-04-30 11:22:18,694] {logging_mixin.py:109} INFO - 
[2022-04-30 11:22:18,694] {python.py:175} INFO - Done. Returned value was: None
[2022-04-30 11:22:18,709] {taskinstance.py:1288} INFO - Marking task as SUCCESS. dag_id=btc_spot_data_dag, task_id=add_gcp_connection, execution_date=20220430T112208, start_date=20220430T112218, end_date=20220430T112218
[2022-04-30 11:22:18,742] {local_task_job.py:154} INFO - Task exited with return code 0
[2022-04-30 11:22:18,810] {local_task_job.py:264} INFO - 2 downstream tasks scheduled from follow-on schedule check
