[2022-04-30 13:03:17,350] {processor.py:163} INFO - Started process (PID=21786) to work on /opt/airflow/dags/add_gcp_connection.py
[2022-04-30 13:03:17,352] {processor.py:642} INFO - Processing file /opt/airflow/dags/add_gcp_connection.py for tasks to queue
[2022-04-30 13:03:17,353] {logging_mixin.py:109} INFO - [2022-04-30 13:03:17,353] {dagbag.py:500} INFO - Filling up the DagBag from /opt/airflow/dags/add_gcp_connection.py
[2022-04-30 13:03:17,375] {processor.py:654} WARNING - No viable dags retrieved from /opt/airflow/dags/add_gcp_connection.py
[2022-04-30 13:03:17,396] {processor.py:171} INFO - Processing /opt/airflow/dags/add_gcp_connection.py took 0.050 seconds
[2022-04-30 13:03:47,445] {processor.py:163} INFO - Started process (PID=21847) to work on /opt/airflow/dags/add_gcp_connection.py
[2022-04-30 13:03:47,446] {processor.py:642} INFO - Processing file /opt/airflow/dags/add_gcp_connection.py for tasks to queue
[2022-04-30 13:03:47,448] {logging_mixin.py:109} INFO - [2022-04-30 13:03:47,447] {dagbag.py:500} INFO - Filling up the DagBag from /opt/airflow/dags/add_gcp_connection.py
[2022-04-30 13:03:47,471] {processor.py:654} WARNING - No viable dags retrieved from /opt/airflow/dags/add_gcp_connection.py
[2022-04-30 13:03:47,491] {processor.py:171} INFO - Processing /opt/airflow/dags/add_gcp_connection.py took 0.050 seconds
[2022-04-30 13:04:17,880] {processor.py:163} INFO - Started process (PID=21922) to work on /opt/airflow/dags/add_gcp_connection.py
[2022-04-30 13:04:17,882] {processor.py:642} INFO - Processing file /opt/airflow/dags/add_gcp_connection.py for tasks to queue
[2022-04-30 13:04:17,883] {logging_mixin.py:109} INFO - [2022-04-30 13:04:17,883] {dagbag.py:500} INFO - Filling up the DagBag from /opt/airflow/dags/add_gcp_connection.py
[2022-04-30 13:04:17,912] {processor.py:654} WARNING - No viable dags retrieved from /opt/airflow/dags/add_gcp_connection.py
[2022-04-30 13:04:17,932] {processor.py:171} INFO - Processing /opt/airflow/dags/add_gcp_connection.py took 0.058 seconds
[2022-04-30 13:04:48,051] {processor.py:163} INFO - Started process (PID=21987) to work on /opt/airflow/dags/add_gcp_connection.py
[2022-04-30 13:04:48,053] {processor.py:642} INFO - Processing file /opt/airflow/dags/add_gcp_connection.py for tasks to queue
[2022-04-30 13:04:48,054] {logging_mixin.py:109} INFO - [2022-04-30 13:04:48,054] {dagbag.py:500} INFO - Filling up the DagBag from /opt/airflow/dags/add_gcp_connection.py
[2022-04-30 13:04:48,073] {processor.py:654} WARNING - No viable dags retrieved from /opt/airflow/dags/add_gcp_connection.py
[2022-04-30 13:04:48,090] {processor.py:171} INFO - Processing /opt/airflow/dags/add_gcp_connection.py took 0.043 seconds
[2022-04-30 13:05:18,243] {processor.py:163} INFO - Started process (PID=22050) to work on /opt/airflow/dags/add_gcp_connection.py
[2022-04-30 13:05:18,244] {processor.py:642} INFO - Processing file /opt/airflow/dags/add_gcp_connection.py for tasks to queue
[2022-04-30 13:05:18,245] {logging_mixin.py:109} INFO - [2022-04-30 13:05:18,245] {dagbag.py:500} INFO - Filling up the DagBag from /opt/airflow/dags/add_gcp_connection.py
[2022-04-30 13:05:18,268] {processor.py:654} WARNING - No viable dags retrieved from /opt/airflow/dags/add_gcp_connection.py
[2022-04-30 13:05:18,284] {processor.py:171} INFO - Processing /opt/airflow/dags/add_gcp_connection.py took 0.045 seconds
[2022-04-30 13:05:48,994] {processor.py:163} INFO - Started process (PID=22118) to work on /opt/airflow/dags/add_gcp_connection.py
[2022-04-30 13:05:48,996] {processor.py:642} INFO - Processing file /opt/airflow/dags/add_gcp_connection.py for tasks to queue
[2022-04-30 13:05:48,997] {logging_mixin.py:109} INFO - [2022-04-30 13:05:48,997] {dagbag.py:500} INFO - Filling up the DagBag from /opt/airflow/dags/add_gcp_connection.py
[2022-04-30 13:05:49,022] {processor.py:654} WARNING - No viable dags retrieved from /opt/airflow/dags/add_gcp_connection.py
[2022-04-30 13:05:49,042] {processor.py:171} INFO - Processing /opt/airflow/dags/add_gcp_connection.py took 0.053 seconds
[2022-04-30 13:06:19,769] {processor.py:163} INFO - Started process (PID=22184) to work on /opt/airflow/dags/add_gcp_connection.py
[2022-04-30 13:06:19,771] {processor.py:642} INFO - Processing file /opt/airflow/dags/add_gcp_connection.py for tasks to queue
[2022-04-30 13:06:19,772] {logging_mixin.py:109} INFO - [2022-04-30 13:06:19,772] {dagbag.py:500} INFO - Filling up the DagBag from /opt/airflow/dags/add_gcp_connection.py
[2022-04-30 13:06:19,799] {processor.py:654} WARNING - No viable dags retrieved from /opt/airflow/dags/add_gcp_connection.py
[2022-04-30 13:06:19,818] {processor.py:171} INFO - Processing /opt/airflow/dags/add_gcp_connection.py took 0.054 seconds
[2022-04-30 13:06:50,137] {processor.py:163} INFO - Started process (PID=22242) to work on /opt/airflow/dags/add_gcp_connection.py
[2022-04-30 13:06:50,138] {processor.py:642} INFO - Processing file /opt/airflow/dags/add_gcp_connection.py for tasks to queue
[2022-04-30 13:06:50,139] {logging_mixin.py:109} INFO - [2022-04-30 13:06:50,139] {dagbag.py:500} INFO - Filling up the DagBag from /opt/airflow/dags/add_gcp_connection.py
[2022-04-30 13:06:50,166] {processor.py:654} WARNING - No viable dags retrieved from /opt/airflow/dags/add_gcp_connection.py
[2022-04-30 13:06:50,188] {processor.py:171} INFO - Processing /opt/airflow/dags/add_gcp_connection.py took 0.055 seconds
[2022-04-30 13:07:20,760] {processor.py:163} INFO - Started process (PID=22308) to work on /opt/airflow/dags/add_gcp_connection.py
[2022-04-30 13:07:20,763] {processor.py:642} INFO - Processing file /opt/airflow/dags/add_gcp_connection.py for tasks to queue
[2022-04-30 13:07:20,765] {logging_mixin.py:109} INFO - [2022-04-30 13:07:20,765] {dagbag.py:500} INFO - Filling up the DagBag from /opt/airflow/dags/add_gcp_connection.py
[2022-04-30 13:07:20,792] {processor.py:654} WARNING - No viable dags retrieved from /opt/airflow/dags/add_gcp_connection.py
[2022-04-30 13:07:20,813] {processor.py:171} INFO - Processing /opt/airflow/dags/add_gcp_connection.py took 0.059 seconds
[2022-04-30 13:07:51,311] {processor.py:163} INFO - Started process (PID=22383) to work on /opt/airflow/dags/add_gcp_connection.py
[2022-04-30 13:07:51,313] {processor.py:642} INFO - Processing file /opt/airflow/dags/add_gcp_connection.py for tasks to queue
[2022-04-30 13:07:51,314] {logging_mixin.py:109} INFO - [2022-04-30 13:07:51,314] {dagbag.py:500} INFO - Filling up the DagBag from /opt/airflow/dags/add_gcp_connection.py
[2022-04-30 13:07:51,339] {processor.py:654} WARNING - No viable dags retrieved from /opt/airflow/dags/add_gcp_connection.py
[2022-04-30 13:07:51,364] {processor.py:171} INFO - Processing /opt/airflow/dags/add_gcp_connection.py took 0.060 seconds
[2022-04-30 13:08:21,557] {processor.py:163} INFO - Started process (PID=22447) to work on /opt/airflow/dags/add_gcp_connection.py
[2022-04-30 13:08:21,559] {processor.py:642} INFO - Processing file /opt/airflow/dags/add_gcp_connection.py for tasks to queue
[2022-04-30 13:08:21,560] {logging_mixin.py:109} INFO - [2022-04-30 13:08:21,560] {dagbag.py:500} INFO - Filling up the DagBag from /opt/airflow/dags/add_gcp_connection.py
[2022-04-30 13:08:21,578] {processor.py:654} WARNING - No viable dags retrieved from /opt/airflow/dags/add_gcp_connection.py
[2022-04-30 13:08:21,595] {processor.py:171} INFO - Processing /opt/airflow/dags/add_gcp_connection.py took 0.041 seconds
[2022-04-30 13:08:51,825] {processor.py:163} INFO - Started process (PID=22512) to work on /opt/airflow/dags/add_gcp_connection.py
[2022-04-30 13:08:51,827] {processor.py:642} INFO - Processing file /opt/airflow/dags/add_gcp_connection.py for tasks to queue
[2022-04-30 13:08:51,828] {logging_mixin.py:109} INFO - [2022-04-30 13:08:51,828] {dagbag.py:500} INFO - Filling up the DagBag from /opt/airflow/dags/add_gcp_connection.py
[2022-04-30 13:08:51,852] {processor.py:654} WARNING - No viable dags retrieved from /opt/airflow/dags/add_gcp_connection.py
[2022-04-30 13:08:51,871] {processor.py:171} INFO - Processing /opt/airflow/dags/add_gcp_connection.py took 0.050 seconds
