[2022-04-30 13:03:33,798] {processor.py:163} INFO - Started process (PID=21808) to work on /opt/airflow/dags/my_dag.py
[2022-04-30 13:03:33,800] {processor.py:642} INFO - Processing file /opt/airflow/dags/my_dag.py for tasks to queue
[2022-04-30 13:03:33,801] {logging_mixin.py:109} INFO - [2022-04-30 13:03:33,801] {dagbag.py:500} INFO - Filling up the DagBag from /opt/airflow/dags/my_dag.py
[2022-04-30 13:03:34,990] {logging_mixin.py:109} WARNING - /home/airflow/.local/lib/python3.7/site-packages/airflow/contrib/operators/bigquery_operator.py:55 DeprecationWarning: The bigquery_conn_id parameter has been deprecated. You should pass the gcp_conn_id parameter.
[2022-04-30 13:03:35,080] {logging_mixin.py:109} WARNING - /home/airflow/.local/lib/python3.7/site-packages/airflow/contrib/operators/bigquery_operator.py:55 DeprecationWarning: This operator is deprecated. Please use `BigQueryInsertJobOperator`.
[2022-04-30 13:03:35,109] {processor.py:652} INFO - DAG(s) dict_keys(['btc_spot_data_dag']) retrieved from /opt/airflow/dags/my_dag.py
[2022-04-30 13:03:35,146] {logging_mixin.py:109} INFO - [2022-04-30 13:03:35,146] {dag.py:2398} INFO - Sync 1 DAGs
[2022-04-30 13:03:35,176] {logging_mixin.py:109} INFO - [2022-04-30 13:03:35,176] {dag.py:2937} INFO - Setting next_dagrun for btc_spot_data_dag to 2022-04-30T00:00:00+00:00
[2022-04-30 13:03:35,197] {processor.py:171} INFO - Processing /opt/airflow/dags/my_dag.py took 1.403 seconds
[2022-04-30 13:04:05,944] {processor.py:163} INFO - Started process (PID=21883) to work on /opt/airflow/dags/my_dag.py
[2022-04-30 13:04:05,947] {processor.py:642} INFO - Processing file /opt/airflow/dags/my_dag.py for tasks to queue
[2022-04-30 13:04:05,948] {logging_mixin.py:109} INFO - [2022-04-30 13:04:05,948] {dagbag.py:500} INFO - Filling up the DagBag from /opt/airflow/dags/my_dag.py
[2022-04-30 13:04:06,882] {logging_mixin.py:109} WARNING - /home/airflow/.local/lib/python3.7/site-packages/airflow/contrib/operators/bigquery_operator.py:55 DeprecationWarning: The bigquery_conn_id parameter has been deprecated. You should pass the gcp_conn_id parameter.
[2022-04-30 13:04:06,884] {logging_mixin.py:109} WARNING - /home/airflow/.local/lib/python3.7/site-packages/airflow/contrib/operators/bigquery_operator.py:55 DeprecationWarning: This operator is deprecated. Please use `BigQueryInsertJobOperator`.
[2022-04-30 13:04:06,909] {processor.py:652} INFO - DAG(s) dict_keys(['btc_spot_data_dag']) retrieved from /opt/airflow/dags/my_dag.py
[2022-04-30 13:04:06,931] {logging_mixin.py:109} INFO - [2022-04-30 13:04:06,930] {dag.py:2398} INFO - Sync 1 DAGs
[2022-04-30 13:04:06,951] {logging_mixin.py:109} INFO - [2022-04-30 13:04:06,951] {dag.py:2937} INFO - Setting next_dagrun for btc_spot_data_dag to 2022-04-30T00:00:00+00:00
[2022-04-30 13:04:06,968] {processor.py:171} INFO - Processing /opt/airflow/dags/my_dag.py took 1.028 seconds
[2022-04-30 13:04:37,651] {processor.py:163} INFO - Started process (PID=21949) to work on /opt/airflow/dags/my_dag.py
[2022-04-30 13:04:37,653] {processor.py:642} INFO - Processing file /opt/airflow/dags/my_dag.py for tasks to queue
[2022-04-30 13:04:37,654] {logging_mixin.py:109} INFO - [2022-04-30 13:04:37,654] {dagbag.py:500} INFO - Filling up the DagBag from /opt/airflow/dags/my_dag.py
[2022-04-30 13:04:38,575] {logging_mixin.py:109} WARNING - /home/airflow/.local/lib/python3.7/site-packages/airflow/contrib/operators/bigquery_operator.py:55 DeprecationWarning: The bigquery_conn_id parameter has been deprecated. You should pass the gcp_conn_id parameter.
[2022-04-30 13:04:38,576] {logging_mixin.py:109} WARNING - /home/airflow/.local/lib/python3.7/site-packages/airflow/contrib/operators/bigquery_operator.py:55 DeprecationWarning: This operator is deprecated. Please use `BigQueryInsertJobOperator`.
[2022-04-30 13:04:38,598] {processor.py:652} INFO - DAG(s) dict_keys(['btc_spot_data_dag']) retrieved from /opt/airflow/dags/my_dag.py
[2022-04-30 13:04:38,618] {logging_mixin.py:109} INFO - [2022-04-30 13:04:38,618] {dag.py:2398} INFO - Sync 1 DAGs
[2022-04-30 13:04:38,639] {logging_mixin.py:109} INFO - [2022-04-30 13:04:38,639] {dag.py:2937} INFO - Setting next_dagrun for btc_spot_data_dag to 2022-04-30T00:00:00+00:00
[2022-04-30 13:04:38,650] {processor.py:171} INFO - Processing /opt/airflow/dags/my_dag.py took 1.002 seconds
[2022-04-30 13:05:08,860] {processor.py:163} INFO - Started process (PID=22015) to work on /opt/airflow/dags/my_dag.py
[2022-04-30 13:05:08,862] {processor.py:642} INFO - Processing file /opt/airflow/dags/my_dag.py for tasks to queue
[2022-04-30 13:05:08,864] {logging_mixin.py:109} INFO - [2022-04-30 13:05:08,863] {dagbag.py:500} INFO - Filling up the DagBag from /opt/airflow/dags/my_dag.py
[2022-04-30 13:05:09,990] {logging_mixin.py:109} WARNING - /home/airflow/.local/lib/python3.7/site-packages/airflow/contrib/operators/bigquery_operator.py:55 DeprecationWarning: The bigquery_conn_id parameter has been deprecated. You should pass the gcp_conn_id parameter.
[2022-04-30 13:05:09,992] {logging_mixin.py:109} WARNING - /home/airflow/.local/lib/python3.7/site-packages/airflow/contrib/operators/bigquery_operator.py:55 DeprecationWarning: This operator is deprecated. Please use `BigQueryInsertJobOperator`.
[2022-04-30 13:05:10,020] {processor.py:652} INFO - DAG(s) dict_keys(['btc_spot_data_dag']) retrieved from /opt/airflow/dags/my_dag.py
[2022-04-30 13:05:10,047] {logging_mixin.py:109} INFO - [2022-04-30 13:05:10,047] {dag.py:2398} INFO - Sync 1 DAGs
[2022-04-30 13:05:10,073] {logging_mixin.py:109} INFO - [2022-04-30 13:05:10,072] {dag.py:2937} INFO - Setting next_dagrun for btc_spot_data_dag to 2022-04-30T00:00:00+00:00
[2022-04-30 13:05:10,090] {processor.py:171} INFO - Processing /opt/airflow/dags/my_dag.py took 1.233 seconds
[2022-04-30 13:05:41,022] {processor.py:163} INFO - Started process (PID=22088) to work on /opt/airflow/dags/my_dag.py
[2022-04-30 13:05:41,024] {processor.py:642} INFO - Processing file /opt/airflow/dags/my_dag.py for tasks to queue
[2022-04-30 13:05:41,024] {logging_mixin.py:109} INFO - [2022-04-30 13:05:41,024] {dagbag.py:500} INFO - Filling up the DagBag from /opt/airflow/dags/my_dag.py
[2022-04-30 13:05:42,087] {logging_mixin.py:109} WARNING - /home/airflow/.local/lib/python3.7/site-packages/airflow/contrib/operators/bigquery_operator.py:55 DeprecationWarning: The bigquery_conn_id parameter has been deprecated. You should pass the gcp_conn_id parameter.
[2022-04-30 13:05:42,089] {logging_mixin.py:109} WARNING - /home/airflow/.local/lib/python3.7/site-packages/airflow/contrib/operators/bigquery_operator.py:55 DeprecationWarning: This operator is deprecated. Please use `BigQueryInsertJobOperator`.
[2022-04-30 13:05:42,119] {processor.py:652} INFO - DAG(s) dict_keys(['btc_spot_data_dag']) retrieved from /opt/airflow/dags/my_dag.py
[2022-04-30 13:05:42,155] {logging_mixin.py:109} INFO - [2022-04-30 13:05:42,154] {dag.py:2398} INFO - Sync 1 DAGs
[2022-04-30 13:05:42,185] {logging_mixin.py:109} INFO - [2022-04-30 13:05:42,185] {dag.py:2937} INFO - Setting next_dagrun for btc_spot_data_dag to 2022-04-30T00:00:00+00:00
[2022-04-30 13:05:42,206] {processor.py:171} INFO - Processing /opt/airflow/dags/my_dag.py took 1.186 seconds
[2022-04-30 13:06:12,933] {processor.py:163} INFO - Started process (PID=22154) to work on /opt/airflow/dags/my_dag.py
[2022-04-30 13:06:12,935] {processor.py:642} INFO - Processing file /opt/airflow/dags/my_dag.py for tasks to queue
[2022-04-30 13:06:12,936] {logging_mixin.py:109} INFO - [2022-04-30 13:06:12,936] {dagbag.py:500} INFO - Filling up the DagBag from /opt/airflow/dags/my_dag.py
[2022-04-30 13:06:13,849] {logging_mixin.py:109} WARNING - /home/airflow/.local/lib/python3.7/site-packages/airflow/contrib/operators/bigquery_operator.py:55 DeprecationWarning: The bigquery_conn_id parameter has been deprecated. You should pass the gcp_conn_id parameter.
[2022-04-30 13:06:13,851] {logging_mixin.py:109} WARNING - /home/airflow/.local/lib/python3.7/site-packages/airflow/contrib/operators/bigquery_operator.py:55 DeprecationWarning: This operator is deprecated. Please use `BigQueryInsertJobOperator`.
[2022-04-30 13:06:13,874] {processor.py:652} INFO - DAG(s) dict_keys(['btc_spot_data_dag']) retrieved from /opt/airflow/dags/my_dag.py
[2022-04-30 13:06:13,896] {logging_mixin.py:109} INFO - [2022-04-30 13:06:13,895] {dag.py:2398} INFO - Sync 1 DAGs
[2022-04-30 13:06:13,916] {logging_mixin.py:109} INFO - [2022-04-30 13:06:13,916] {dag.py:2937} INFO - Setting next_dagrun for btc_spot_data_dag to 2022-04-30T00:00:00+00:00
[2022-04-30 13:06:13,927] {processor.py:171} INFO - Processing /opt/airflow/dags/my_dag.py took 0.997 seconds
[2022-04-30 13:06:44,084] {processor.py:163} INFO - Started process (PID=22229) to work on /opt/airflow/dags/my_dag.py
[2022-04-30 13:06:44,086] {processor.py:642} INFO - Processing file /opt/airflow/dags/my_dag.py for tasks to queue
[2022-04-30 13:06:44,087] {logging_mixin.py:109} INFO - [2022-04-30 13:06:44,087] {dagbag.py:500} INFO - Filling up the DagBag from /opt/airflow/dags/my_dag.py
[2022-04-30 13:06:45,233] {logging_mixin.py:109} WARNING - /home/airflow/.local/lib/python3.7/site-packages/airflow/contrib/operators/bigquery_operator.py:55 DeprecationWarning: The bigquery_conn_id parameter has been deprecated. You should pass the gcp_conn_id parameter.
[2022-04-30 13:06:45,235] {logging_mixin.py:109} WARNING - /home/airflow/.local/lib/python3.7/site-packages/airflow/contrib/operators/bigquery_operator.py:55 DeprecationWarning: This operator is deprecated. Please use `BigQueryInsertJobOperator`.
[2022-04-30 13:06:45,262] {processor.py:652} INFO - DAG(s) dict_keys(['btc_spot_data_dag']) retrieved from /opt/airflow/dags/my_dag.py
[2022-04-30 13:06:45,287] {logging_mixin.py:109} INFO - [2022-04-30 13:06:45,287] {dag.py:2398} INFO - Sync 1 DAGs
[2022-04-30 13:06:45,313] {logging_mixin.py:109} INFO - [2022-04-30 13:06:45,313] {dag.py:2937} INFO - Setting next_dagrun for btc_spot_data_dag to 2022-04-30T00:00:00+00:00
[2022-04-30 13:06:45,327] {processor.py:171} INFO - Processing /opt/airflow/dags/my_dag.py took 1.248 seconds
[2022-04-30 13:07:15,691] {processor.py:163} INFO - Started process (PID=22295) to work on /opt/airflow/dags/my_dag.py
[2022-04-30 13:07:15,693] {processor.py:642} INFO - Processing file /opt/airflow/dags/my_dag.py for tasks to queue
[2022-04-30 13:07:15,694] {logging_mixin.py:109} INFO - [2022-04-30 13:07:15,694] {dagbag.py:500} INFO - Filling up the DagBag from /opt/airflow/dags/my_dag.py
[2022-04-30 13:07:16,590] {logging_mixin.py:109} WARNING - /home/airflow/.local/lib/python3.7/site-packages/airflow/contrib/operators/bigquery_operator.py:55 DeprecationWarning: The bigquery_conn_id parameter has been deprecated. You should pass the gcp_conn_id parameter.
[2022-04-30 13:07:16,592] {logging_mixin.py:109} WARNING - /home/airflow/.local/lib/python3.7/site-packages/airflow/contrib/operators/bigquery_operator.py:55 DeprecationWarning: This operator is deprecated. Please use `BigQueryInsertJobOperator`.
[2022-04-30 13:07:16,616] {processor.py:652} INFO - DAG(s) dict_keys(['btc_spot_data_dag']) retrieved from /opt/airflow/dags/my_dag.py
[2022-04-30 13:07:16,638] {logging_mixin.py:109} INFO - [2022-04-30 13:07:16,637] {dag.py:2398} INFO - Sync 1 DAGs
[2022-04-30 13:07:16,659] {logging_mixin.py:109} INFO - [2022-04-30 13:07:16,658] {dag.py:2937} INFO - Setting next_dagrun for btc_spot_data_dag to 2022-04-30T00:00:00+00:00
[2022-04-30 13:07:16,678] {processor.py:171} INFO - Processing /opt/airflow/dags/my_dag.py took 0.991 seconds
[2022-04-30 13:07:47,264] {processor.py:163} INFO - Started process (PID=22360) to work on /opt/airflow/dags/my_dag.py
[2022-04-30 13:07:47,265] {processor.py:642} INFO - Processing file /opt/airflow/dags/my_dag.py for tasks to queue
[2022-04-30 13:07:47,266] {logging_mixin.py:109} INFO - [2022-04-30 13:07:47,266] {dagbag.py:500} INFO - Filling up the DagBag from /opt/airflow/dags/my_dag.py
[2022-04-30 13:07:48,213] {logging_mixin.py:109} WARNING - /home/airflow/.local/lib/python3.7/site-packages/airflow/contrib/operators/bigquery_operator.py:55 DeprecationWarning: The bigquery_conn_id parameter has been deprecated. You should pass the gcp_conn_id parameter.
[2022-04-30 13:07:48,214] {logging_mixin.py:109} WARNING - /home/airflow/.local/lib/python3.7/site-packages/airflow/contrib/operators/bigquery_operator.py:55 DeprecationWarning: This operator is deprecated. Please use `BigQueryInsertJobOperator`.
[2022-04-30 13:07:48,247] {processor.py:652} INFO - DAG(s) dict_keys(['btc_spot_data_dag']) retrieved from /opt/airflow/dags/my_dag.py
[2022-04-30 13:07:48,273] {logging_mixin.py:109} INFO - [2022-04-30 13:07:48,273] {dag.py:2398} INFO - Sync 1 DAGs
[2022-04-30 13:07:48,295] {logging_mixin.py:109} INFO - [2022-04-30 13:07:48,295] {dag.py:2937} INFO - Setting next_dagrun for btc_spot_data_dag to 2022-04-30T00:00:00+00:00
[2022-04-30 13:07:48,305] {processor.py:171} INFO - Processing /opt/airflow/dags/my_dag.py took 1.045 seconds
[2022-04-30 13:08:18,536] {processor.py:163} INFO - Started process (PID=22434) to work on /opt/airflow/dags/my_dag.py
[2022-04-30 13:08:18,537] {processor.py:642} INFO - Processing file /opt/airflow/dags/my_dag.py for tasks to queue
[2022-04-30 13:08:18,538] {logging_mixin.py:109} INFO - [2022-04-30 13:08:18,538] {dagbag.py:500} INFO - Filling up the DagBag from /opt/airflow/dags/my_dag.py
[2022-04-30 13:08:19,621] {logging_mixin.py:109} WARNING - /home/airflow/.local/lib/python3.7/site-packages/airflow/contrib/operators/bigquery_operator.py:55 DeprecationWarning: The bigquery_conn_id parameter has been deprecated. You should pass the gcp_conn_id parameter.
[2022-04-30 13:08:19,622] {logging_mixin.py:109} WARNING - /home/airflow/.local/lib/python3.7/site-packages/airflow/contrib/operators/bigquery_operator.py:55 DeprecationWarning: This operator is deprecated. Please use `BigQueryInsertJobOperator`.
[2022-04-30 13:08:19,648] {processor.py:652} INFO - DAG(s) dict_keys(['btc_spot_data_dag']) retrieved from /opt/airflow/dags/my_dag.py
[2022-04-30 13:08:19,669] {logging_mixin.py:109} INFO - [2022-04-30 13:08:19,668] {dag.py:2398} INFO - Sync 1 DAGs
[2022-04-30 13:08:19,689] {logging_mixin.py:109} INFO - [2022-04-30 13:08:19,689] {dag.py:2937} INFO - Setting next_dagrun for btc_spot_data_dag to 2022-04-30T00:00:00+00:00
[2022-04-30 13:08:19,708] {processor.py:171} INFO - Processing /opt/airflow/dags/my_dag.py took 1.176 seconds
[2022-04-30 13:08:49,805] {processor.py:163} INFO - Started process (PID=22499) to work on /opt/airflow/dags/my_dag.py
[2022-04-30 13:08:49,807] {processor.py:642} INFO - Processing file /opt/airflow/dags/my_dag.py for tasks to queue
[2022-04-30 13:08:49,808] {logging_mixin.py:109} INFO - [2022-04-30 13:08:49,808] {dagbag.py:500} INFO - Filling up the DagBag from /opt/airflow/dags/my_dag.py
[2022-04-30 13:08:50,876] {logging_mixin.py:109} WARNING - /home/airflow/.local/lib/python3.7/site-packages/airflow/contrib/operators/bigquery_operator.py:55 DeprecationWarning: The bigquery_conn_id parameter has been deprecated. You should pass the gcp_conn_id parameter.
[2022-04-30 13:08:50,878] {logging_mixin.py:109} WARNING - /home/airflow/.local/lib/python3.7/site-packages/airflow/contrib/operators/bigquery_operator.py:55 DeprecationWarning: This operator is deprecated. Please use `BigQueryInsertJobOperator`.
[2022-04-30 13:08:50,903] {processor.py:652} INFO - DAG(s) dict_keys(['btc_spot_data_dag']) retrieved from /opt/airflow/dags/my_dag.py
[2022-04-30 13:08:50,926] {logging_mixin.py:109} INFO - [2022-04-30 13:08:50,926] {dag.py:2398} INFO - Sync 1 DAGs
[2022-04-30 13:08:50,946] {logging_mixin.py:109} INFO - [2022-04-30 13:08:50,946] {dag.py:2937} INFO - Setting next_dagrun for btc_spot_data_dag to 2022-04-30T00:00:00+00:00
[2022-04-30 13:08:50,957] {processor.py:171} INFO - Processing /opt/airflow/dags/my_dag.py took 1.157 seconds
[2022-04-30 13:09:21,153] {processor.py:163} INFO - Started process (PID=22563) to work on /opt/airflow/dags/my_dag.py
[2022-04-30 13:09:21,155] {processor.py:642} INFO - Processing file /opt/airflow/dags/my_dag.py for tasks to queue
[2022-04-30 13:09:21,156] {logging_mixin.py:109} INFO - [2022-04-30 13:09:21,156] {dagbag.py:500} INFO - Filling up the DagBag from /opt/airflow/dags/my_dag.py
[2022-04-30 13:09:22,339] {logging_mixin.py:109} WARNING - /home/airflow/.local/lib/python3.7/site-packages/airflow/contrib/operators/bigquery_operator.py:55 DeprecationWarning: The bigquery_conn_id parameter has been deprecated. You should pass the gcp_conn_id parameter.
[2022-04-30 13:09:22,341] {logging_mixin.py:109} WARNING - /home/airflow/.local/lib/python3.7/site-packages/airflow/contrib/operators/bigquery_operator.py:55 DeprecationWarning: This operator is deprecated. Please use `BigQueryInsertJobOperator`.
[2022-04-30 13:09:22,374] {processor.py:652} INFO - DAG(s) dict_keys(['btc_spot_data_dag']) retrieved from /opt/airflow/dags/my_dag.py
[2022-04-30 13:09:22,405] {logging_mixin.py:109} INFO - [2022-04-30 13:09:22,404] {dag.py:2398} INFO - Sync 1 DAGs
[2022-04-30 13:09:22,433] {logging_mixin.py:109} INFO - [2022-04-30 13:09:22,432] {dag.py:2937} INFO - Setting next_dagrun for btc_spot_data_dag to 2022-04-30T00:00:00+00:00
[2022-04-30 13:09:22,463] {processor.py:171} INFO - Processing /opt/airflow/dags/my_dag.py took 1.314 seconds
[2022-04-30 13:09:53,422] {processor.py:163} INFO - Started process (PID=22639) to work on /opt/airflow/dags/my_dag.py
[2022-04-30 13:09:53,423] {processor.py:642} INFO - Processing file /opt/airflow/dags/my_dag.py for tasks to queue
[2022-04-30 13:09:53,424] {logging_mixin.py:109} INFO - [2022-04-30 13:09:53,424] {dagbag.py:500} INFO - Filling up the DagBag from /opt/airflow/dags/my_dag.py
[2022-04-30 13:09:54,379] {logging_mixin.py:109} WARNING - /home/airflow/.local/lib/python3.7/site-packages/airflow/contrib/operators/bigquery_operator.py:55 DeprecationWarning: The bigquery_conn_id parameter has been deprecated. You should pass the gcp_conn_id parameter.
[2022-04-30 13:09:54,381] {logging_mixin.py:109} WARNING - /home/airflow/.local/lib/python3.7/site-packages/airflow/contrib/operators/bigquery_operator.py:55 DeprecationWarning: This operator is deprecated. Please use `BigQueryInsertJobOperator`.
[2022-04-30 13:09:54,406] {processor.py:652} INFO - DAG(s) dict_keys(['btc_spot_data_dag']) retrieved from /opt/airflow/dags/my_dag.py
[2022-04-30 13:09:54,428] {logging_mixin.py:109} INFO - [2022-04-30 13:09:54,428] {dag.py:2398} INFO - Sync 1 DAGs
[2022-04-30 13:09:54,450] {logging_mixin.py:109} INFO - [2022-04-30 13:09:54,450] {dag.py:2937} INFO - Setting next_dagrun for btc_spot_data_dag to 2022-04-30T00:00:00+00:00
[2022-04-30 13:09:54,461] {processor.py:171} INFO - Processing /opt/airflow/dags/my_dag.py took 1.043 seconds
[2022-04-30 13:10:24,527] {processor.py:163} INFO - Started process (PID=22703) to work on /opt/airflow/dags/my_dag.py
[2022-04-30 13:10:24,529] {processor.py:642} INFO - Processing file /opt/airflow/dags/my_dag.py for tasks to queue
[2022-04-30 13:10:24,530] {logging_mixin.py:109} INFO - [2022-04-30 13:10:24,530] {dagbag.py:500} INFO - Filling up the DagBag from /opt/airflow/dags/my_dag.py
[2022-04-30 13:10:25,676] {logging_mixin.py:109} WARNING - /home/airflow/.local/lib/python3.7/site-packages/airflow/contrib/operators/bigquery_operator.py:55 DeprecationWarning: The bigquery_conn_id parameter has been deprecated. You should pass the gcp_conn_id parameter.
[2022-04-30 13:10:25,678] {logging_mixin.py:109} WARNING - /home/airflow/.local/lib/python3.7/site-packages/airflow/contrib/operators/bigquery_operator.py:55 DeprecationWarning: This operator is deprecated. Please use `BigQueryInsertJobOperator`.
[2022-04-30 13:10:25,709] {processor.py:652} INFO - DAG(s) dict_keys(['btc_spot_data_dag']) retrieved from /opt/airflow/dags/my_dag.py
[2022-04-30 13:10:25,733] {logging_mixin.py:109} INFO - [2022-04-30 13:10:25,733] {dag.py:2398} INFO - Sync 1 DAGs
[2022-04-30 13:10:25,754] {logging_mixin.py:109} INFO - [2022-04-30 13:10:25,754] {dag.py:2937} INFO - Setting next_dagrun for btc_spot_data_dag to 2022-04-30T00:00:00+00:00
[2022-04-30 13:10:25,768] {processor.py:171} INFO - Processing /opt/airflow/dags/my_dag.py took 1.245 seconds
