[2022-04-30 12:28:51,852] {taskinstance.py:1043} INFO - Dependencies all met for <TaskInstance: btc_spot_data_dag.aggregated_daily_asks manual__2022-04-30T12:28:40.743760+00:00 [queued]>
[2022-04-30 12:28:51,868] {taskinstance.py:1043} INFO - Dependencies all met for <TaskInstance: btc_spot_data_dag.aggregated_daily_asks manual__2022-04-30T12:28:40.743760+00:00 [queued]>
[2022-04-30 12:28:51,869] {taskinstance.py:1249} INFO - 
--------------------------------------------------------------------------------
[2022-04-30 12:28:51,870] {taskinstance.py:1250} INFO - Starting attempt 1 of 1
[2022-04-30 12:28:51,870] {taskinstance.py:1251} INFO - 
--------------------------------------------------------------------------------
[2022-04-30 12:28:51,889] {taskinstance.py:1270} INFO - Executing <Task(BigQueryOperator): aggregated_daily_asks> on 2022-04-30 12:28:40.743760+00:00
[2022-04-30 12:28:51,895] {standard_task_runner.py:52} INFO - Started process 5648 to run task
[2022-04-30 12:28:51,899] {standard_task_runner.py:79} INFO - Running: ['***', 'tasks', 'run', 'btc_spot_data_dag', 'aggregated_daily_asks', 'manual__2022-04-30T12:28:40.743760+00:00', '--job-id', '154', '--raw', '--subdir', 'DAGS_FOLDER/my_dag.py', '--cfg-path', '/tmp/tmpuphukhig', '--error-file', '/tmp/tmpxn207wsl']
[2022-04-30 12:28:51,901] {standard_task_runner.py:80} INFO - Job 154: Subtask aggregated_daily_asks
[2022-04-30 12:28:51,980] {logging_mixin.py:109} INFO - Running <TaskInstance: btc_spot_data_dag.aggregated_daily_asks manual__2022-04-30T12:28:40.743760+00:00 [running]> on host cf4e030da5d2
[2022-04-30 12:28:52,062] {taskinstance.py:1448} INFO - Exporting the following env vars:
AIRFLOW_CTX_DAG_OWNER=***
AIRFLOW_CTX_DAG_ID=btc_spot_data_dag
AIRFLOW_CTX_TASK_ID=aggregated_daily_asks
AIRFLOW_CTX_EXECUTION_DATE=2022-04-30T12:28:40.743760+00:00
AIRFLOW_CTX_DAG_RUN_ID=manual__2022-04-30T12:28:40.743760+00:00
[2022-04-30 12:28:52,063] {bigquery.py:655} INFO - Executing: select sum(asks.size) from `btcspot.btcspot.asks` as asks group by timestamp;
[2022-04-30 12:28:52,077] {warnings.py:110} WARNING - /home/***/.local/lib/python3.7/site-packages/***/providers/google/cloud/hooks/bigquery.py:2058: DeprecationWarning: This method is deprecated. Please use `BigQueryHook.insert_job` method.
  "This method is deprecated. Please use `BigQueryHook.insert_job` method.", DeprecationWarning

[2022-04-30 12:28:52,086] {bigquery.py:1554} INFO - Inserting job ***_1651321732085753_ea24d22ed19cbab841a7ecba3d4cd7e0
[2022-04-30 12:28:54,495] {taskinstance.py:1288} INFO - Marking task as SUCCESS. dag_id=btc_spot_data_dag, task_id=aggregated_daily_asks, execution_date=20220430T122840, start_date=20220430T122851, end_date=20220430T122854
[2022-04-30 12:28:54,562] {local_task_job.py:154} INFO - Task exited with return code 0
[2022-04-30 12:28:54,629] {local_task_job.py:264} INFO - 0 downstream tasks scheduled from follow-on schedule check
