[2022-04-30 11:22:26,574] {taskinstance.py:1043} INFO - Dependencies all met for <TaskInstance: btc_spot_data_dag.results manual__2022-04-30T11:22:08.521420+00:00 [queued]>
[2022-04-30 11:22:26,588] {taskinstance.py:1043} INFO - Dependencies all met for <TaskInstance: btc_spot_data_dag.results manual__2022-04-30T11:22:08.521420+00:00 [queued]>
[2022-04-30 11:22:26,588] {taskinstance.py:1249} INFO - 
--------------------------------------------------------------------------------
[2022-04-30 11:22:26,589] {taskinstance.py:1250} INFO - Starting attempt 1 of 1
[2022-04-30 11:22:26,589] {taskinstance.py:1251} INFO - 
--------------------------------------------------------------------------------
[2022-04-30 11:22:26,606] {taskinstance.py:1270} INFO - Executing <Task(PythonOperator): results> on 2022-04-30 11:22:08.521420+00:00
[2022-04-30 11:22:26,611] {standard_task_runner.py:52} INFO - Started process 2795 to run task
[2022-04-30 11:22:26,615] {standard_task_runner.py:79} INFO - Running: ['***', 'tasks', 'run', 'btc_spot_data_dag', 'results', 'manual__2022-04-30T11:22:08.521420+00:00', '--job-id', '101', '--raw', '--subdir', 'DAGS_FOLDER/my_dag.py', '--cfg-path', '/tmp/tmpkda28om5', '--error-file', '/tmp/tmp8edxhacl']
[2022-04-30 11:22:26,617] {standard_task_runner.py:80} INFO - Job 101: Subtask results
[2022-04-30 11:22:26,689] {logging_mixin.py:109} INFO - Running <TaskInstance: btc_spot_data_dag.results manual__2022-04-30T11:22:08.521420+00:00 [running]> on host cf4e030da5d2
[2022-04-30 11:22:26,772] {taskinstance.py:1448} INFO - Exporting the following env vars:
AIRFLOW_CTX_DAG_OWNER=***
AIRFLOW_CTX_DAG_ID=btc_spot_data_dag
AIRFLOW_CTX_TASK_ID=results
AIRFLOW_CTX_EXECUTION_DATE=2022-04-30T11:22:08.521420+00:00
AIRFLOW_CTX_DAG_RUN_ID=manual__2022-04-30T11:22:08.521420+00:00
[2022-04-30 11:22:26,773] {logging_mixin.py:109} INFO - asks:btcspot.btcspot.test_asks
[2022-04-30 11:22:26,774] {logging_mixin.py:109} INFO - bids:btcspot.btcspot.test_bids
[2022-04-30 11:22:26,775] {python.py:175} INFO - Done. Returned value was: None
[2022-04-30 11:22:26,792] {taskinstance.py:1288} INFO - Marking task as SUCCESS. dag_id=btc_spot_data_dag, task_id=results, execution_date=20220430T112208, start_date=20220430T112226, end_date=20220430T112226
[2022-04-30 11:22:26,828] {local_task_job.py:154} INFO - Task exited with return code 0
[2022-04-30 11:22:26,868] {local_task_job.py:264} INFO - 0 downstream tasks scheduled from follow-on schedule check
