[2022-04-30 10:34:21,201] {taskinstance.py:1043} INFO - Dependencies all met for <TaskInstance: btc_spot_data_dag.aggregated_daily_asks manual__2022-04-30T10:34:10.201139+00:00 [queued]>
[2022-04-30 10:34:21,215] {taskinstance.py:1043} INFO - Dependencies all met for <TaskInstance: btc_spot_data_dag.aggregated_daily_asks manual__2022-04-30T10:34:10.201139+00:00 [queued]>
[2022-04-30 10:34:21,216] {taskinstance.py:1249} INFO - 
--------------------------------------------------------------------------------
[2022-04-30 10:34:21,216] {taskinstance.py:1250} INFO - Starting attempt 1 of 1
[2022-04-30 10:34:21,216] {taskinstance.py:1251} INFO - 
--------------------------------------------------------------------------------
[2022-04-30 10:34:21,288] {taskinstance.py:1270} INFO - Executing <Task(BigQueryOperator): aggregated_daily_asks> on 2022-04-30 10:34:10.201139+00:00
[2022-04-30 10:34:21,294] {standard_task_runner.py:52} INFO - Started process 788 to run task
[2022-04-30 10:34:21,298] {standard_task_runner.py:79} INFO - Running: ['***', 'tasks', 'run', 'btc_spot_data_dag', 'aggregated_daily_asks', 'manual__2022-04-30T10:34:10.201139+00:00', '--job-id', '63', '--raw', '--subdir', 'DAGS_FOLDER/my_dag.py', '--cfg-path', '/tmp/tmp1pzka5ui', '--error-file', '/tmp/tmp98lt9w_q']
[2022-04-30 10:34:21,300] {standard_task_runner.py:80} INFO - Job 63: Subtask aggregated_daily_asks
[2022-04-30 10:34:21,385] {logging_mixin.py:109} INFO - Running <TaskInstance: btc_spot_data_dag.aggregated_daily_asks manual__2022-04-30T10:34:10.201139+00:00 [running]> on host cf4e030da5d2
[2022-04-30 10:34:21,467] {taskinstance.py:1448} INFO - Exporting the following env vars:
AIRFLOW_CTX_DAG_OWNER=***
AIRFLOW_CTX_DAG_ID=btc_spot_data_dag
AIRFLOW_CTX_TASK_ID=aggregated_daily_asks
AIRFLOW_CTX_EXECUTION_DATE=2022-04-30T10:34:10.201139+00:00
AIRFLOW_CTX_DAG_RUN_ID=manual__2022-04-30T10:34:10.201139+00:00
[2022-04-30 10:34:21,468] {bigquery.py:655} INFO - Executing: select sum(asks.size) from `btcspot.btcspot.asks` as asks group by timestamp;
[2022-04-30 10:34:21,480] {warnings.py:110} WARNING - /home/***/.local/lib/python3.7/site-packages/***/providers/google/cloud/hooks/bigquery.py:2058: DeprecationWarning: This method is deprecated. Please use `BigQueryHook.insert_job` method.
  "This method is deprecated. Please use `BigQueryHook.insert_job` method.", DeprecationWarning

[2022-04-30 10:34:21,488] {bigquery.py:1554} INFO - Inserting job ***_1651314861488212_19c3d8fc9b09600e3814c41bd129c03b
[2022-04-30 10:34:24,505] {taskinstance.py:1288} INFO - Marking task as SUCCESS. dag_id=btc_spot_data_dag, task_id=aggregated_daily_asks, execution_date=20220430T103410, start_date=20220430T103421, end_date=20220430T103424
[2022-04-30 10:34:24,562] {local_task_job.py:154} INFO - Task exited with return code 0
[2022-04-30 10:34:24,609] {local_task_job.py:264} INFO - 0 downstream tasks scheduled from follow-on schedule check
