[2022-04-30 12:28:49,029] {taskinstance.py:1043} INFO - Dependencies all met for <TaskInstance: btc_spot_data_dag.add_gcp_connection manual__2022-04-30T12:28:40.743760+00:00 [queued]>
[2022-04-30 12:28:49,049] {taskinstance.py:1043} INFO - Dependencies all met for <TaskInstance: btc_spot_data_dag.add_gcp_connection manual__2022-04-30T12:28:40.743760+00:00 [queued]>
[2022-04-30 12:28:49,050] {taskinstance.py:1249} INFO - 
--------------------------------------------------------------------------------
[2022-04-30 12:28:49,051] {taskinstance.py:1250} INFO - Starting attempt 1 of 1
[2022-04-30 12:28:49,051] {taskinstance.py:1251} INFO - 
--------------------------------------------------------------------------------
[2022-04-30 12:28:49,073] {taskinstance.py:1270} INFO - Executing <Task(PythonOperator): add_gcp_connection> on 2022-04-30 12:28:40.743760+00:00
[2022-04-30 12:28:49,079] {standard_task_runner.py:52} INFO - Started process 5640 to run task
[2022-04-30 12:28:49,085] {standard_task_runner.py:79} INFO - Running: ['***', 'tasks', 'run', 'btc_spot_data_dag', 'add_gcp_connection', 'manual__2022-04-30T12:28:40.743760+00:00', '--job-id', '152', '--raw', '--subdir', 'DAGS_FOLDER/my_dag.py', '--cfg-path', '/tmp/tmptv19n8cv', '--error-file', '/tmp/tmphypxr04_']
[2022-04-30 12:28:49,087] {standard_task_runner.py:80} INFO - Job 152: Subtask add_gcp_connection
[2022-04-30 12:28:49,183] {logging_mixin.py:109} INFO - Running <TaskInstance: btc_spot_data_dag.add_gcp_connection manual__2022-04-30T12:28:40.743760+00:00 [running]> on host cf4e030da5d2
[2022-04-30 12:28:49,256] {taskinstance.py:1448} INFO - Exporting the following env vars:
AIRFLOW_CTX_DAG_OWNER=***
AIRFLOW_CTX_DAG_ID=btc_spot_data_dag
AIRFLOW_CTX_TASK_ID=add_gcp_connection
AIRFLOW_CTX_EXECUTION_DATE=2022-04-30T12:28:40.743760+00:00
AIRFLOW_CTX_DAG_RUN_ID=manual__2022-04-30T12:28:40.743760+00:00
[2022-04-30 12:28:49,257] {crypto.py:82} WARNING - empty cryptography key - values will not be stored encrypted.
[2022-04-30 12:28:49,267] {logging_mixin.py:109} INFO - 
	A connection with `conn_id`=btc_spot_conn_id already exists
[2022-04-30 12:28:49,268] {logging_mixin.py:109} INFO - 
[2022-04-30 12:28:49,268] {python.py:175} INFO - Done. Returned value was: None
[2022-04-30 12:28:49,278] {taskinstance.py:1288} INFO - Marking task as SUCCESS. dag_id=btc_spot_data_dag, task_id=add_gcp_connection, execution_date=20220430T122840, start_date=20220430T122849, end_date=20220430T122849
[2022-04-30 12:28:49,337] {local_task_job.py:154} INFO - Task exited with return code 0
[2022-04-30 12:28:49,392] {local_task_job.py:264} INFO - 2 downstream tasks scheduled from follow-on schedule check
