[2022-04-30 10:34:18,371] {taskinstance.py:1043} INFO - Dependencies all met for <TaskInstance: btc_spot_data_dag.add_gcp_connection_python manual__2022-04-30T10:34:10.201139+00:00 [queued]>
[2022-04-30 10:34:18,386] {taskinstance.py:1043} INFO - Dependencies all met for <TaskInstance: btc_spot_data_dag.add_gcp_connection_python manual__2022-04-30T10:34:10.201139+00:00 [queued]>
[2022-04-30 10:34:18,387] {taskinstance.py:1249} INFO - 
--------------------------------------------------------------------------------
[2022-04-30 10:34:18,387] {taskinstance.py:1250} INFO - Starting attempt 1 of 1
[2022-04-30 10:34:18,388] {taskinstance.py:1251} INFO - 
--------------------------------------------------------------------------------
[2022-04-30 10:34:18,457] {taskinstance.py:1270} INFO - Executing <Task(PythonOperator): add_gcp_connection_python> on 2022-04-30 10:34:10.201139+00:00
[2022-04-30 10:34:18,463] {standard_task_runner.py:52} INFO - Started process 775 to run task
[2022-04-30 10:34:18,467] {standard_task_runner.py:79} INFO - Running: ['***', 'tasks', 'run', 'btc_spot_data_dag', 'add_gcp_connection_python', 'manual__2022-04-30T10:34:10.201139+00:00', '--job-id', '62', '--raw', '--subdir', 'DAGS_FOLDER/my_dag.py', '--cfg-path', '/tmp/tmppg3kevtb', '--error-file', '/tmp/tmpyd22vjnz']
[2022-04-30 10:34:18,468] {standard_task_runner.py:80} INFO - Job 62: Subtask add_gcp_connection_python
[2022-04-30 10:34:18,542] {logging_mixin.py:109} INFO - Running <TaskInstance: btc_spot_data_dag.add_gcp_connection_python manual__2022-04-30T10:34:10.201139+00:00 [running]> on host cf4e030da5d2
[2022-04-30 10:34:18,607] {taskinstance.py:1448} INFO - Exporting the following env vars:
AIRFLOW_CTX_DAG_OWNER=***
AIRFLOW_CTX_DAG_ID=btc_spot_data_dag
AIRFLOW_CTX_TASK_ID=add_gcp_connection_python
AIRFLOW_CTX_EXECUTION_DATE=2022-04-30T10:34:10.201139+00:00
AIRFLOW_CTX_DAG_RUN_ID=manual__2022-04-30T10:34:10.201139+00:00
[2022-04-30 10:34:18,609] {crypto.py:82} WARNING - empty cryptography key - values will not be stored encrypted.
[2022-04-30 10:34:18,618] {logging_mixin.py:109} INFO - 
	A connection with `conn_id`=btc_spot_conn_id already exists
[2022-04-30 10:34:18,619] {logging_mixin.py:109} INFO - 
[2022-04-30 10:34:18,619] {python.py:175} INFO - Done. Returned value was: None
[2022-04-30 10:34:18,631] {taskinstance.py:1288} INFO - Marking task as SUCCESS. dag_id=btc_spot_data_dag, task_id=add_gcp_connection_python, execution_date=20220430T103410, start_date=20220430T103418, end_date=20220430T103418
[2022-04-30 10:34:18,679] {local_task_job.py:154} INFO - Task exited with return code 0
[2022-04-30 10:34:18,724] {local_task_job.py:264} INFO - 2 downstream tasks scheduled from follow-on schedule check
