[2022-04-30 10:35:47,495] {taskinstance.py:1043} INFO - Dependencies all met for <TaskInstance: btc_spot_data_dag.add_gcp_connection_python manual__2022-04-30T10:35:38.193599+00:00 [queued]>
[2022-04-30 10:35:47,512] {taskinstance.py:1043} INFO - Dependencies all met for <TaskInstance: btc_spot_data_dag.add_gcp_connection_python manual__2022-04-30T10:35:38.193599+00:00 [queued]>
[2022-04-30 10:35:47,512] {taskinstance.py:1249} INFO - 
--------------------------------------------------------------------------------
[2022-04-30 10:35:47,513] {taskinstance.py:1250} INFO - Starting attempt 1 of 1
[2022-04-30 10:35:47,513] {taskinstance.py:1251} INFO - 
--------------------------------------------------------------------------------
[2022-04-30 10:35:47,582] {taskinstance.py:1270} INFO - Executing <Task(PythonOperator): add_gcp_connection_python> on 2022-04-30 10:35:38.193599+00:00
[2022-04-30 10:35:47,587] {standard_task_runner.py:52} INFO - Started process 857 to run task
[2022-04-30 10:35:47,592] {standard_task_runner.py:79} INFO - Running: ['***', 'tasks', 'run', 'btc_spot_data_dag', 'add_gcp_connection_python', 'manual__2022-04-30T10:35:38.193599+00:00', '--job-id', '67', '--raw', '--subdir', 'DAGS_FOLDER/my_dag.py', '--cfg-path', '/tmp/tmp9k632h_j', '--error-file', '/tmp/tmpd00atinp']
[2022-04-30 10:35:47,594] {standard_task_runner.py:80} INFO - Job 67: Subtask add_gcp_connection_python
[2022-04-30 10:35:47,671] {logging_mixin.py:109} INFO - Running <TaskInstance: btc_spot_data_dag.add_gcp_connection_python manual__2022-04-30T10:35:38.193599+00:00 [running]> on host cf4e030da5d2
[2022-04-30 10:35:47,753] {taskinstance.py:1448} INFO - Exporting the following env vars:
AIRFLOW_CTX_DAG_OWNER=***
AIRFLOW_CTX_DAG_ID=btc_spot_data_dag
AIRFLOW_CTX_TASK_ID=add_gcp_connection_python
AIRFLOW_CTX_EXECUTION_DATE=2022-04-30T10:35:38.193599+00:00
AIRFLOW_CTX_DAG_RUN_ID=manual__2022-04-30T10:35:38.193599+00:00
[2022-04-30 10:35:47,755] {crypto.py:82} WARNING - empty cryptography key - values will not be stored encrypted.
[2022-04-30 10:35:47,769] {logging_mixin.py:109} INFO - 
	A connection with `conn_id`=btc_spot_conn_id already exists
[2022-04-30 10:35:47,770] {logging_mixin.py:109} INFO - 
[2022-04-30 10:35:47,771] {python.py:175} INFO - Done. Returned value was: None
[2022-04-30 10:35:47,787] {taskinstance.py:1288} INFO - Marking task as SUCCESS. dag_id=btc_spot_data_dag, task_id=add_gcp_connection_python, execution_date=20220430T103538, start_date=20220430T103547, end_date=20220430T103547
[2022-04-30 10:35:47,845] {local_task_job.py:154} INFO - Task exited with return code 0
[2022-04-30 10:35:47,902] {local_task_job.py:264} INFO - 2 downstream tasks scheduled from follow-on schedule check
