[2022-04-30 13:03:14,410] {processor.py:163} INFO - Started process (PID=21767) to work on /home/airflow/.local/lib/python3.7/site-packages/airflow/example_dags/example_dag_decorator.py
[2022-04-30 13:03:14,411] {processor.py:642} INFO - Processing file /home/airflow/.local/lib/python3.7/site-packages/airflow/example_dags/example_dag_decorator.py for tasks to queue
[2022-04-30 13:03:14,412] {logging_mixin.py:109} INFO - [2022-04-30 13:03:14,412] {dagbag.py:500} INFO - Filling up the DagBag from /home/airflow/.local/lib/python3.7/site-packages/airflow/example_dags/example_dag_decorator.py
[2022-04-30 13:03:14,495] {processor.py:652} INFO - DAG(s) dict_keys(['example_dag_decorator']) retrieved from /home/airflow/.local/lib/python3.7/site-packages/airflow/example_dags/example_dag_decorator.py
[2022-04-30 13:03:14,794] {logging_mixin.py:109} INFO - [2022-04-30 13:03:14,794] {dag.py:2398} INFO - Sync 1 DAGs
[2022-04-30 13:03:14,812] {logging_mixin.py:109} INFO - [2022-04-30 13:03:14,811] {dag.py:2937} INFO - Setting next_dagrun for example_dag_decorator to None
[2022-04-30 13:03:14,826] {processor.py:171} INFO - Processing /home/airflow/.local/lib/python3.7/site-packages/airflow/example_dags/example_dag_decorator.py took 0.421 seconds
[2022-04-30 13:03:44,928] {processor.py:163} INFO - Started process (PID=21832) to work on /home/airflow/.local/lib/python3.7/site-packages/airflow/example_dags/example_dag_decorator.py
[2022-04-30 13:03:44,930] {processor.py:642} INFO - Processing file /home/airflow/.local/lib/python3.7/site-packages/airflow/example_dags/example_dag_decorator.py for tasks to queue
[2022-04-30 13:03:44,932] {logging_mixin.py:109} INFO - [2022-04-30 13:03:44,931] {dagbag.py:500} INFO - Filling up the DagBag from /home/airflow/.local/lib/python3.7/site-packages/airflow/example_dags/example_dag_decorator.py
[2022-04-30 13:03:44,969] {processor.py:652} INFO - DAG(s) dict_keys(['example_dag_decorator']) retrieved from /home/airflow/.local/lib/python3.7/site-packages/airflow/example_dags/example_dag_decorator.py
[2022-04-30 13:03:45,273] {logging_mixin.py:109} INFO - [2022-04-30 13:03:45,273] {dag.py:2398} INFO - Sync 1 DAGs
[2022-04-30 13:03:45,295] {logging_mixin.py:109} INFO - [2022-04-30 13:03:45,295] {dag.py:2937} INFO - Setting next_dagrun for example_dag_decorator to None
[2022-04-30 13:03:45,311] {processor.py:171} INFO - Processing /home/airflow/.local/lib/python3.7/site-packages/airflow/example_dags/example_dag_decorator.py took 0.389 seconds
[2022-04-30 13:04:16,029] {processor.py:163} INFO - Started process (PID=21907) to work on /home/airflow/.local/lib/python3.7/site-packages/airflow/example_dags/example_dag_decorator.py
[2022-04-30 13:04:16,031] {processor.py:642} INFO - Processing file /home/airflow/.local/lib/python3.7/site-packages/airflow/example_dags/example_dag_decorator.py for tasks to queue
[2022-04-30 13:04:16,032] {logging_mixin.py:109} INFO - [2022-04-30 13:04:16,032] {dagbag.py:500} INFO - Filling up the DagBag from /home/airflow/.local/lib/python3.7/site-packages/airflow/example_dags/example_dag_decorator.py
[2022-04-30 13:04:16,091] {processor.py:652} INFO - DAG(s) dict_keys(['example_dag_decorator']) retrieved from /home/airflow/.local/lib/python3.7/site-packages/airflow/example_dags/example_dag_decorator.py
[2022-04-30 13:04:16,476] {logging_mixin.py:109} INFO - [2022-04-30 13:04:16,476] {dag.py:2398} INFO - Sync 1 DAGs
[2022-04-30 13:04:16,503] {logging_mixin.py:109} INFO - [2022-04-30 13:04:16,503] {dag.py:2937} INFO - Setting next_dagrun for example_dag_decorator to None
[2022-04-30 13:04:16,521] {processor.py:171} INFO - Processing /home/airflow/.local/lib/python3.7/site-packages/airflow/example_dags/example_dag_decorator.py took 0.497 seconds
[2022-04-30 13:04:46,729] {processor.py:163} INFO - Started process (PID=21973) to work on /home/airflow/.local/lib/python3.7/site-packages/airflow/example_dags/example_dag_decorator.py
[2022-04-30 13:04:46,730] {processor.py:642} INFO - Processing file /home/airflow/.local/lib/python3.7/site-packages/airflow/example_dags/example_dag_decorator.py for tasks to queue
[2022-04-30 13:04:46,731] {logging_mixin.py:109} INFO - [2022-04-30 13:04:46,731] {dagbag.py:500} INFO - Filling up the DagBag from /home/airflow/.local/lib/python3.7/site-packages/airflow/example_dags/example_dag_decorator.py
[2022-04-30 13:04:46,764] {processor.py:652} INFO - DAG(s) dict_keys(['example_dag_decorator']) retrieved from /home/airflow/.local/lib/python3.7/site-packages/airflow/example_dags/example_dag_decorator.py
[2022-04-30 13:04:47,068] {logging_mixin.py:109} INFO - [2022-04-30 13:04:47,068] {dag.py:2398} INFO - Sync 1 DAGs
[2022-04-30 13:04:47,088] {logging_mixin.py:109} INFO - [2022-04-30 13:04:47,088] {dag.py:2937} INFO - Setting next_dagrun for example_dag_decorator to None
[2022-04-30 13:04:47,105] {processor.py:171} INFO - Processing /home/airflow/.local/lib/python3.7/site-packages/airflow/example_dags/example_dag_decorator.py took 0.380 seconds
[2022-04-30 13:05:17,163] {processor.py:163} INFO - Started process (PID=22038) to work on /home/airflow/.local/lib/python3.7/site-packages/airflow/example_dags/example_dag_decorator.py
[2022-04-30 13:05:17,165] {processor.py:642} INFO - Processing file /home/airflow/.local/lib/python3.7/site-packages/airflow/example_dags/example_dag_decorator.py for tasks to queue
[2022-04-30 13:05:17,166] {logging_mixin.py:109} INFO - [2022-04-30 13:05:17,166] {dagbag.py:500} INFO - Filling up the DagBag from /home/airflow/.local/lib/python3.7/site-packages/airflow/example_dags/example_dag_decorator.py
[2022-04-30 13:05:17,195] {processor.py:652} INFO - DAG(s) dict_keys(['example_dag_decorator']) retrieved from /home/airflow/.local/lib/python3.7/site-packages/airflow/example_dags/example_dag_decorator.py
[2022-04-30 13:05:17,486] {logging_mixin.py:109} INFO - [2022-04-30 13:05:17,486] {dag.py:2398} INFO - Sync 1 DAGs
[2022-04-30 13:05:17,504] {logging_mixin.py:109} INFO - [2022-04-30 13:05:17,504] {dag.py:2937} INFO - Setting next_dagrun for example_dag_decorator to None
[2022-04-30 13:05:17,518] {processor.py:171} INFO - Processing /home/airflow/.local/lib/python3.7/site-packages/airflow/example_dags/example_dag_decorator.py took 0.358 seconds
[2022-04-30 13:05:48,086] {processor.py:163} INFO - Started process (PID=22102) to work on /home/airflow/.local/lib/python3.7/site-packages/airflow/example_dags/example_dag_decorator.py
[2022-04-30 13:05:48,088] {processor.py:642} INFO - Processing file /home/airflow/.local/lib/python3.7/site-packages/airflow/example_dags/example_dag_decorator.py for tasks to queue
[2022-04-30 13:05:48,089] {logging_mixin.py:109} INFO - [2022-04-30 13:05:48,089] {dagbag.py:500} INFO - Filling up the DagBag from /home/airflow/.local/lib/python3.7/site-packages/airflow/example_dags/example_dag_decorator.py
[2022-04-30 13:05:48,120] {processor.py:652} INFO - DAG(s) dict_keys(['example_dag_decorator']) retrieved from /home/airflow/.local/lib/python3.7/site-packages/airflow/example_dags/example_dag_decorator.py
[2022-04-30 13:05:48,408] {logging_mixin.py:109} INFO - [2022-04-30 13:05:48,408] {dag.py:2398} INFO - Sync 1 DAGs
[2022-04-30 13:05:48,426] {logging_mixin.py:109} INFO - [2022-04-30 13:05:48,426] {dag.py:2937} INFO - Setting next_dagrun for example_dag_decorator to None
[2022-04-30 13:05:48,447] {processor.py:171} INFO - Processing /home/airflow/.local/lib/python3.7/site-packages/airflow/example_dags/example_dag_decorator.py took 0.365 seconds
[2022-04-30 13:06:18,994] {processor.py:163} INFO - Started process (PID=22178) to work on /home/airflow/.local/lib/python3.7/site-packages/airflow/example_dags/example_dag_decorator.py
[2022-04-30 13:06:18,996] {processor.py:642} INFO - Processing file /home/airflow/.local/lib/python3.7/site-packages/airflow/example_dags/example_dag_decorator.py for tasks to queue
[2022-04-30 13:06:18,997] {logging_mixin.py:109} INFO - [2022-04-30 13:06:18,997] {dagbag.py:500} INFO - Filling up the DagBag from /home/airflow/.local/lib/python3.7/site-packages/airflow/example_dags/example_dag_decorator.py
[2022-04-30 13:06:19,028] {processor.py:652} INFO - DAG(s) dict_keys(['example_dag_decorator']) retrieved from /home/airflow/.local/lib/python3.7/site-packages/airflow/example_dags/example_dag_decorator.py
[2022-04-30 13:06:19,337] {logging_mixin.py:109} INFO - [2022-04-30 13:06:19,337] {dag.py:2398} INFO - Sync 1 DAGs
[2022-04-30 13:06:19,357] {logging_mixin.py:109} INFO - [2022-04-30 13:06:19,357] {dag.py:2937} INFO - Setting next_dagrun for example_dag_decorator to None
[2022-04-30 13:06:19,374] {processor.py:171} INFO - Processing /home/airflow/.local/lib/python3.7/site-packages/airflow/example_dags/example_dag_decorator.py took 0.383 seconds
[2022-04-30 13:06:50,214] {processor.py:163} INFO - Started process (PID=22244) to work on /home/airflow/.local/lib/python3.7/site-packages/airflow/example_dags/example_dag_decorator.py
[2022-04-30 13:06:50,216] {processor.py:642} INFO - Processing file /home/airflow/.local/lib/python3.7/site-packages/airflow/example_dags/example_dag_decorator.py for tasks to queue
[2022-04-30 13:06:50,217] {logging_mixin.py:109} INFO - [2022-04-30 13:06:50,217] {dagbag.py:500} INFO - Filling up the DagBag from /home/airflow/.local/lib/python3.7/site-packages/airflow/example_dags/example_dag_decorator.py
[2022-04-30 13:06:50,253] {processor.py:652} INFO - DAG(s) dict_keys(['example_dag_decorator']) retrieved from /home/airflow/.local/lib/python3.7/site-packages/airflow/example_dags/example_dag_decorator.py
[2022-04-30 13:06:50,561] {logging_mixin.py:109} INFO - [2022-04-30 13:06:50,561] {dag.py:2398} INFO - Sync 1 DAGs
[2022-04-30 13:06:50,581] {logging_mixin.py:109} INFO - [2022-04-30 13:06:50,581] {dag.py:2937} INFO - Setting next_dagrun for example_dag_decorator to None
[2022-04-30 13:06:50,595] {processor.py:171} INFO - Processing /home/airflow/.local/lib/python3.7/site-packages/airflow/example_dags/example_dag_decorator.py took 0.385 seconds
[2022-04-30 13:07:20,842] {processor.py:163} INFO - Started process (PID=22310) to work on /home/airflow/.local/lib/python3.7/site-packages/airflow/example_dags/example_dag_decorator.py
[2022-04-30 13:07:20,844] {processor.py:642} INFO - Processing file /home/airflow/.local/lib/python3.7/site-packages/airflow/example_dags/example_dag_decorator.py for tasks to queue
[2022-04-30 13:07:20,845] {logging_mixin.py:109} INFO - [2022-04-30 13:07:20,845] {dagbag.py:500} INFO - Filling up the DagBag from /home/airflow/.local/lib/python3.7/site-packages/airflow/example_dags/example_dag_decorator.py
[2022-04-30 13:07:20,889] {processor.py:652} INFO - DAG(s) dict_keys(['example_dag_decorator']) retrieved from /home/airflow/.local/lib/python3.7/site-packages/airflow/example_dags/example_dag_decorator.py
[2022-04-30 13:07:21,279] {logging_mixin.py:109} INFO - [2022-04-30 13:07:21,278] {dag.py:2398} INFO - Sync 1 DAGs
[2022-04-30 13:07:21,311] {logging_mixin.py:109} INFO - [2022-04-30 13:07:21,310] {dag.py:2937} INFO - Setting next_dagrun for example_dag_decorator to None
[2022-04-30 13:07:21,334] {processor.py:171} INFO - Processing /home/airflow/.local/lib/python3.7/site-packages/airflow/example_dags/example_dag_decorator.py took 0.498 seconds
[2022-04-30 13:07:51,397] {processor.py:163} INFO - Started process (PID=22385) to work on /home/airflow/.local/lib/python3.7/site-packages/airflow/example_dags/example_dag_decorator.py
[2022-04-30 13:07:51,399] {processor.py:642} INFO - Processing file /home/airflow/.local/lib/python3.7/site-packages/airflow/example_dags/example_dag_decorator.py for tasks to queue
[2022-04-30 13:07:51,401] {logging_mixin.py:109} INFO - [2022-04-30 13:07:51,401] {dagbag.py:500} INFO - Filling up the DagBag from /home/airflow/.local/lib/python3.7/site-packages/airflow/example_dags/example_dag_decorator.py
[2022-04-30 13:07:51,447] {processor.py:652} INFO - DAG(s) dict_keys(['example_dag_decorator']) retrieved from /home/airflow/.local/lib/python3.7/site-packages/airflow/example_dags/example_dag_decorator.py
[2022-04-30 13:07:51,895] {logging_mixin.py:109} INFO - [2022-04-30 13:07:51,895] {dag.py:2398} INFO - Sync 1 DAGs
[2022-04-30 13:07:51,927] {logging_mixin.py:109} INFO - [2022-04-30 13:07:51,926] {dag.py:2937} INFO - Setting next_dagrun for example_dag_decorator to None
[2022-04-30 13:07:51,948] {processor.py:171} INFO - Processing /home/airflow/.local/lib/python3.7/site-packages/airflow/example_dags/example_dag_decorator.py took 0.556 seconds
[2022-04-30 13:08:22,567] {processor.py:163} INFO - Started process (PID=22449) to work on /home/airflow/.local/lib/python3.7/site-packages/airflow/example_dags/example_dag_decorator.py
[2022-04-30 13:08:22,569] {processor.py:642} INFO - Processing file /home/airflow/.local/lib/python3.7/site-packages/airflow/example_dags/example_dag_decorator.py for tasks to queue
[2022-04-30 13:08:22,570] {logging_mixin.py:109} INFO - [2022-04-30 13:08:22,570] {dagbag.py:500} INFO - Filling up the DagBag from /home/airflow/.local/lib/python3.7/site-packages/airflow/example_dags/example_dag_decorator.py
[2022-04-30 13:08:22,600] {processor.py:652} INFO - DAG(s) dict_keys(['example_dag_decorator']) retrieved from /home/airflow/.local/lib/python3.7/site-packages/airflow/example_dags/example_dag_decorator.py
[2022-04-30 13:08:22,894] {logging_mixin.py:109} INFO - [2022-04-30 13:08:22,894] {dag.py:2398} INFO - Sync 1 DAGs
[2022-04-30 13:08:22,914] {logging_mixin.py:109} INFO - [2022-04-30 13:08:22,914] {dag.py:2937} INFO - Setting next_dagrun for example_dag_decorator to None
[2022-04-30 13:08:22,936] {processor.py:171} INFO - Processing /home/airflow/.local/lib/python3.7/site-packages/airflow/example_dags/example_dag_decorator.py took 0.373 seconds
[2022-04-30 13:08:53,835] {processor.py:163} INFO - Started process (PID=22514) to work on /home/airflow/.local/lib/python3.7/site-packages/airflow/example_dags/example_dag_decorator.py
[2022-04-30 13:08:53,837] {processor.py:642} INFO - Processing file /home/airflow/.local/lib/python3.7/site-packages/airflow/example_dags/example_dag_decorator.py for tasks to queue
[2022-04-30 13:08:53,838] {logging_mixin.py:109} INFO - [2022-04-30 13:08:53,838] {dagbag.py:500} INFO - Filling up the DagBag from /home/airflow/.local/lib/python3.7/site-packages/airflow/example_dags/example_dag_decorator.py
[2022-04-30 13:08:53,866] {processor.py:652} INFO - DAG(s) dict_keys(['example_dag_decorator']) retrieved from /home/airflow/.local/lib/python3.7/site-packages/airflow/example_dags/example_dag_decorator.py
[2022-04-30 13:08:54,167] {logging_mixin.py:109} INFO - [2022-04-30 13:08:54,167] {dag.py:2398} INFO - Sync 1 DAGs
[2022-04-30 13:08:54,189] {logging_mixin.py:109} INFO - [2022-04-30 13:08:54,189] {dag.py:2937} INFO - Setting next_dagrun for example_dag_decorator to None
[2022-04-30 13:08:54,205] {processor.py:171} INFO - Processing /home/airflow/.local/lib/python3.7/site-packages/airflow/example_dags/example_dag_decorator.py took 0.373 seconds
