[2022-04-30 13:03:23,983] {processor.py:163} INFO - Started process (PID=21804) to work on /home/airflow/.local/lib/python3.7/site-packages/airflow/example_dags/example_kubernetes_executor.py
[2022-04-30 13:03:23,986] {processor.py:642} INFO - Processing file /home/airflow/.local/lib/python3.7/site-packages/airflow/example_dags/example_kubernetes_executor.py for tasks to queue
[2022-04-30 13:03:23,987] {logging_mixin.py:109} INFO - [2022-04-30 13:03:23,987] {dagbag.py:500} INFO - Filling up the DagBag from /home/airflow/.local/lib/python3.7/site-packages/airflow/example_dags/example_kubernetes_executor.py
[2022-04-30 13:03:24,026] {processor.py:652} INFO - DAG(s) dict_keys(['example_kubernetes_executor']) retrieved from /home/airflow/.local/lib/python3.7/site-packages/airflow/example_dags/example_kubernetes_executor.py
[2022-04-30 13:03:24,063] {logging_mixin.py:109} INFO - [2022-04-30 13:03:24,063] {dag.py:2398} INFO - Sync 1 DAGs
[2022-04-30 13:03:24,088] {logging_mixin.py:109} INFO - [2022-04-30 13:03:24,088] {dag.py:2937} INFO - Setting next_dagrun for example_kubernetes_executor to None
[2022-04-30 13:03:24,103] {processor.py:171} INFO - Processing /home/airflow/.local/lib/python3.7/site-packages/airflow/example_dags/example_kubernetes_executor.py took 0.125 seconds
[2022-04-30 13:03:54,337] {processor.py:163} INFO - Started process (PID=21869) to work on /home/airflow/.local/lib/python3.7/site-packages/airflow/example_dags/example_kubernetes_executor.py
[2022-04-30 13:03:54,339] {processor.py:642} INFO - Processing file /home/airflow/.local/lib/python3.7/site-packages/airflow/example_dags/example_kubernetes_executor.py for tasks to queue
[2022-04-30 13:03:54,340] {logging_mixin.py:109} INFO - [2022-04-30 13:03:54,340] {dagbag.py:500} INFO - Filling up the DagBag from /home/airflow/.local/lib/python3.7/site-packages/airflow/example_dags/example_kubernetes_executor.py
[2022-04-30 13:03:54,373] {processor.py:652} INFO - DAG(s) dict_keys(['example_kubernetes_executor']) retrieved from /home/airflow/.local/lib/python3.7/site-packages/airflow/example_dags/example_kubernetes_executor.py
[2022-04-30 13:03:54,405] {logging_mixin.py:109} INFO - [2022-04-30 13:03:54,405] {dag.py:2398} INFO - Sync 1 DAGs
[2022-04-30 13:03:54,425] {logging_mixin.py:109} INFO - [2022-04-30 13:03:54,425] {dag.py:2937} INFO - Setting next_dagrun for example_kubernetes_executor to None
[2022-04-30 13:03:54,437] {processor.py:171} INFO - Processing /home/airflow/.local/lib/python3.7/site-packages/airflow/example_dags/example_kubernetes_executor.py took 0.103 seconds
[2022-04-30 13:04:24,934] {processor.py:163} INFO - Started process (PID=21935) to work on /home/airflow/.local/lib/python3.7/site-packages/airflow/example_dags/example_kubernetes_executor.py
[2022-04-30 13:04:24,935] {processor.py:642} INFO - Processing file /home/airflow/.local/lib/python3.7/site-packages/airflow/example_dags/example_kubernetes_executor.py for tasks to queue
[2022-04-30 13:04:24,936] {logging_mixin.py:109} INFO - [2022-04-30 13:04:24,936] {dagbag.py:500} INFO - Filling up the DagBag from /home/airflow/.local/lib/python3.7/site-packages/airflow/example_dags/example_kubernetes_executor.py
[2022-04-30 13:04:24,968] {processor.py:652} INFO - DAG(s) dict_keys(['example_kubernetes_executor']) retrieved from /home/airflow/.local/lib/python3.7/site-packages/airflow/example_dags/example_kubernetes_executor.py
[2022-04-30 13:04:25,000] {logging_mixin.py:109} INFO - [2022-04-30 13:04:24,999] {dag.py:2398} INFO - Sync 1 DAGs
[2022-04-30 13:04:25,021] {logging_mixin.py:109} INFO - [2022-04-30 13:04:25,021] {dag.py:2937} INFO - Setting next_dagrun for example_kubernetes_executor to None
[2022-04-30 13:04:25,033] {processor.py:171} INFO - Processing /home/airflow/.local/lib/python3.7/site-packages/airflow/example_dags/example_kubernetes_executor.py took 0.103 seconds
[2022-04-30 13:04:55,218] {processor.py:163} INFO - Started process (PID=22001) to work on /home/airflow/.local/lib/python3.7/site-packages/airflow/example_dags/example_kubernetes_executor.py
[2022-04-30 13:04:55,220] {processor.py:642} INFO - Processing file /home/airflow/.local/lib/python3.7/site-packages/airflow/example_dags/example_kubernetes_executor.py for tasks to queue
[2022-04-30 13:04:55,221] {logging_mixin.py:109} INFO - [2022-04-30 13:04:55,221] {dagbag.py:500} INFO - Filling up the DagBag from /home/airflow/.local/lib/python3.7/site-packages/airflow/example_dags/example_kubernetes_executor.py
[2022-04-30 13:04:55,248] {processor.py:652} INFO - DAG(s) dict_keys(['example_kubernetes_executor']) retrieved from /home/airflow/.local/lib/python3.7/site-packages/airflow/example_dags/example_kubernetes_executor.py
[2022-04-30 13:04:55,279] {logging_mixin.py:109} INFO - [2022-04-30 13:04:55,279] {dag.py:2398} INFO - Sync 1 DAGs
[2022-04-30 13:04:55,304] {logging_mixin.py:109} INFO - [2022-04-30 13:04:55,303] {dag.py:2937} INFO - Setting next_dagrun for example_kubernetes_executor to None
[2022-04-30 13:04:55,316] {processor.py:171} INFO - Processing /home/airflow/.local/lib/python3.7/site-packages/airflow/example_dags/example_kubernetes_executor.py took 0.103 seconds
[2022-04-30 13:05:25,387] {processor.py:163} INFO - Started process (PID=22075) to work on /home/airflow/.local/lib/python3.7/site-packages/airflow/example_dags/example_kubernetes_executor.py
[2022-04-30 13:05:25,389] {processor.py:642} INFO - Processing file /home/airflow/.local/lib/python3.7/site-packages/airflow/example_dags/example_kubernetes_executor.py for tasks to queue
[2022-04-30 13:05:25,391] {logging_mixin.py:109} INFO - [2022-04-30 13:05:25,391] {dagbag.py:500} INFO - Filling up the DagBag from /home/airflow/.local/lib/python3.7/site-packages/airflow/example_dags/example_kubernetes_executor.py
[2022-04-30 13:05:25,427] {processor.py:652} INFO - DAG(s) dict_keys(['example_kubernetes_executor']) retrieved from /home/airflow/.local/lib/python3.7/site-packages/airflow/example_dags/example_kubernetes_executor.py
[2022-04-30 13:05:25,465] {logging_mixin.py:109} INFO - [2022-04-30 13:05:25,465] {dag.py:2398} INFO - Sync 1 DAGs
[2022-04-30 13:05:25,489] {logging_mixin.py:109} INFO - [2022-04-30 13:05:25,488] {dag.py:2937} INFO - Setting next_dagrun for example_kubernetes_executor to None
[2022-04-30 13:05:25,502] {processor.py:171} INFO - Processing /home/airflow/.local/lib/python3.7/site-packages/airflow/example_dags/example_kubernetes_executor.py took 0.120 seconds
[2022-04-30 13:05:55,708] {processor.py:163} INFO - Started process (PID=22140) to work on /home/airflow/.local/lib/python3.7/site-packages/airflow/example_dags/example_kubernetes_executor.py
[2022-04-30 13:05:55,710] {processor.py:642} INFO - Processing file /home/airflow/.local/lib/python3.7/site-packages/airflow/example_dags/example_kubernetes_executor.py for tasks to queue
[2022-04-30 13:05:55,712] {logging_mixin.py:109} INFO - [2022-04-30 13:05:55,712] {dagbag.py:500} INFO - Filling up the DagBag from /home/airflow/.local/lib/python3.7/site-packages/airflow/example_dags/example_kubernetes_executor.py
[2022-04-30 13:05:55,744] {processor.py:652} INFO - DAG(s) dict_keys(['example_kubernetes_executor']) retrieved from /home/airflow/.local/lib/python3.7/site-packages/airflow/example_dags/example_kubernetes_executor.py
[2022-04-30 13:05:55,774] {logging_mixin.py:109} INFO - [2022-04-30 13:05:55,774] {dag.py:2398} INFO - Sync 1 DAGs
[2022-04-30 13:05:55,800] {logging_mixin.py:109} INFO - [2022-04-30 13:05:55,800] {dag.py:2937} INFO - Setting next_dagrun for example_kubernetes_executor to None
[2022-04-30 13:05:55,815] {processor.py:171} INFO - Processing /home/airflow/.local/lib/python3.7/site-packages/airflow/example_dags/example_kubernetes_executor.py took 0.112 seconds
[2022-04-30 13:06:26,300] {processor.py:163} INFO - Started process (PID=22206) to work on /home/airflow/.local/lib/python3.7/site-packages/airflow/example_dags/example_kubernetes_executor.py
[2022-04-30 13:06:26,302] {processor.py:642} INFO - Processing file /home/airflow/.local/lib/python3.7/site-packages/airflow/example_dags/example_kubernetes_executor.py for tasks to queue
[2022-04-30 13:06:26,303] {logging_mixin.py:109} INFO - [2022-04-30 13:06:26,303] {dagbag.py:500} INFO - Filling up the DagBag from /home/airflow/.local/lib/python3.7/site-packages/airflow/example_dags/example_kubernetes_executor.py
[2022-04-30 13:06:26,339] {processor.py:652} INFO - DAG(s) dict_keys(['example_kubernetes_executor']) retrieved from /home/airflow/.local/lib/python3.7/site-packages/airflow/example_dags/example_kubernetes_executor.py
[2022-04-30 13:06:26,381] {logging_mixin.py:109} INFO - [2022-04-30 13:06:26,381] {dag.py:2398} INFO - Sync 1 DAGs
[2022-04-30 13:06:26,422] {logging_mixin.py:109} INFO - [2022-04-30 13:06:26,422] {dag.py:2937} INFO - Setting next_dagrun for example_kubernetes_executor to None
[2022-04-30 13:06:26,439] {processor.py:171} INFO - Processing /home/airflow/.local/lib/python3.7/site-packages/airflow/example_dags/example_kubernetes_executor.py took 0.144 seconds
[2022-04-30 13:06:56,712] {processor.py:163} INFO - Started process (PID=22281) to work on /home/airflow/.local/lib/python3.7/site-packages/airflow/example_dags/example_kubernetes_executor.py
[2022-04-30 13:06:56,714] {processor.py:642} INFO - Processing file /home/airflow/.local/lib/python3.7/site-packages/airflow/example_dags/example_kubernetes_executor.py for tasks to queue
[2022-04-30 13:06:56,715] {logging_mixin.py:109} INFO - [2022-04-30 13:06:56,715] {dagbag.py:500} INFO - Filling up the DagBag from /home/airflow/.local/lib/python3.7/site-packages/airflow/example_dags/example_kubernetes_executor.py
[2022-04-30 13:06:56,752] {processor.py:652} INFO - DAG(s) dict_keys(['example_kubernetes_executor']) retrieved from /home/airflow/.local/lib/python3.7/site-packages/airflow/example_dags/example_kubernetes_executor.py
[2022-04-30 13:06:56,790] {logging_mixin.py:109} INFO - [2022-04-30 13:06:56,790] {dag.py:2398} INFO - Sync 1 DAGs
[2022-04-30 13:06:56,816] {logging_mixin.py:109} INFO - [2022-04-30 13:06:56,815] {dag.py:2937} INFO - Setting next_dagrun for example_kubernetes_executor to None
[2022-04-30 13:06:56,832] {processor.py:171} INFO - Processing /home/airflow/.local/lib/python3.7/site-packages/airflow/example_dags/example_kubernetes_executor.py took 0.125 seconds
[2022-04-30 13:07:27,544] {processor.py:163} INFO - Started process (PID=22346) to work on /home/airflow/.local/lib/python3.7/site-packages/airflow/example_dags/example_kubernetes_executor.py
[2022-04-30 13:07:27,546] {processor.py:642} INFO - Processing file /home/airflow/.local/lib/python3.7/site-packages/airflow/example_dags/example_kubernetes_executor.py for tasks to queue
[2022-04-30 13:07:27,547] {logging_mixin.py:109} INFO - [2022-04-30 13:07:27,547] {dagbag.py:500} INFO - Filling up the DagBag from /home/airflow/.local/lib/python3.7/site-packages/airflow/example_dags/example_kubernetes_executor.py
[2022-04-30 13:07:27,573] {processor.py:652} INFO - DAG(s) dict_keys(['example_kubernetes_executor']) retrieved from /home/airflow/.local/lib/python3.7/site-packages/airflow/example_dags/example_kubernetes_executor.py
[2022-04-30 13:07:27,602] {logging_mixin.py:109} INFO - [2022-04-30 13:07:27,602] {dag.py:2398} INFO - Sync 1 DAGs
[2022-04-30 13:07:27,622] {logging_mixin.py:109} INFO - [2022-04-30 13:07:27,622] {dag.py:2937} INFO - Setting next_dagrun for example_kubernetes_executor to None
[2022-04-30 13:07:27,633] {processor.py:171} INFO - Processing /home/airflow/.local/lib/python3.7/site-packages/airflow/example_dags/example_kubernetes_executor.py took 0.093 seconds
[2022-04-30 13:07:57,785] {processor.py:163} INFO - Started process (PID=22412) to work on /home/airflow/.local/lib/python3.7/site-packages/airflow/example_dags/example_kubernetes_executor.py
[2022-04-30 13:07:57,787] {processor.py:642} INFO - Processing file /home/airflow/.local/lib/python3.7/site-packages/airflow/example_dags/example_kubernetes_executor.py for tasks to queue
[2022-04-30 13:07:57,788] {logging_mixin.py:109} INFO - [2022-04-30 13:07:57,788] {dagbag.py:500} INFO - Filling up the DagBag from /home/airflow/.local/lib/python3.7/site-packages/airflow/example_dags/example_kubernetes_executor.py
[2022-04-30 13:07:57,818] {processor.py:652} INFO - DAG(s) dict_keys(['example_kubernetes_executor']) retrieved from /home/airflow/.local/lib/python3.7/site-packages/airflow/example_dags/example_kubernetes_executor.py
[2022-04-30 13:07:57,846] {logging_mixin.py:109} INFO - [2022-04-30 13:07:57,846] {dag.py:2398} INFO - Sync 1 DAGs
[2022-04-30 13:07:57,867] {logging_mixin.py:109} INFO - [2022-04-30 13:07:57,866] {dag.py:2937} INFO - Setting next_dagrun for example_kubernetes_executor to None
[2022-04-30 13:07:57,879] {processor.py:171} INFO - Processing /home/airflow/.local/lib/python3.7/site-packages/airflow/example_dags/example_kubernetes_executor.py took 0.098 seconds
[2022-04-30 13:08:28,138] {processor.py:163} INFO - Started process (PID=22476) to work on /home/airflow/.local/lib/python3.7/site-packages/airflow/example_dags/example_kubernetes_executor.py
[2022-04-30 13:08:28,140] {processor.py:642} INFO - Processing file /home/airflow/.local/lib/python3.7/site-packages/airflow/example_dags/example_kubernetes_executor.py for tasks to queue
[2022-04-30 13:08:28,142] {logging_mixin.py:109} INFO - [2022-04-30 13:08:28,142] {dagbag.py:500} INFO - Filling up the DagBag from /home/airflow/.local/lib/python3.7/site-packages/airflow/example_dags/example_kubernetes_executor.py
[2022-04-30 13:08:28,172] {processor.py:652} INFO - DAG(s) dict_keys(['example_kubernetes_executor']) retrieved from /home/airflow/.local/lib/python3.7/site-packages/airflow/example_dags/example_kubernetes_executor.py
[2022-04-30 13:08:28,205] {logging_mixin.py:109} INFO - [2022-04-30 13:08:28,204] {dag.py:2398} INFO - Sync 1 DAGs
[2022-04-30 13:08:28,231] {logging_mixin.py:109} INFO - [2022-04-30 13:08:28,231] {dag.py:2937} INFO - Setting next_dagrun for example_kubernetes_executor to None
[2022-04-30 13:08:28,245] {processor.py:171} INFO - Processing /home/airflow/.local/lib/python3.7/site-packages/airflow/example_dags/example_kubernetes_executor.py took 0.112 seconds
[2022-04-30 13:08:58,851] {processor.py:163} INFO - Started process (PID=22550) to work on /home/airflow/.local/lib/python3.7/site-packages/airflow/example_dags/example_kubernetes_executor.py
[2022-04-30 13:08:58,854] {processor.py:642} INFO - Processing file /home/airflow/.local/lib/python3.7/site-packages/airflow/example_dags/example_kubernetes_executor.py for tasks to queue
[2022-04-30 13:08:58,855] {logging_mixin.py:109} INFO - [2022-04-30 13:08:58,855] {dagbag.py:500} INFO - Filling up the DagBag from /home/airflow/.local/lib/python3.7/site-packages/airflow/example_dags/example_kubernetes_executor.py
[2022-04-30 13:08:58,898] {processor.py:652} INFO - DAG(s) dict_keys(['example_kubernetes_executor']) retrieved from /home/airflow/.local/lib/python3.7/site-packages/airflow/example_dags/example_kubernetes_executor.py
[2022-04-30 13:08:58,940] {logging_mixin.py:109} INFO - [2022-04-30 13:08:58,940] {dag.py:2398} INFO - Sync 1 DAGs
[2022-04-30 13:08:58,968] {logging_mixin.py:109} INFO - [2022-04-30 13:08:58,968] {dag.py:2937} INFO - Setting next_dagrun for example_kubernetes_executor to None
[2022-04-30 13:08:58,985] {processor.py:171} INFO - Processing /home/airflow/.local/lib/python3.7/site-packages/airflow/example_dags/example_kubernetes_executor.py took 0.141 seconds
