[2022-04-30 13:03:17,227] {processor.py:163} INFO - Started process (PID=21785) to work on /home/airflow/.local/lib/python3.7/site-packages/airflow/example_dags/example_latest_only_with_trigger.py
[2022-04-30 13:03:17,229] {processor.py:642} INFO - Processing file /home/airflow/.local/lib/python3.7/site-packages/airflow/example_dags/example_latest_only_with_trigger.py for tasks to queue
[2022-04-30 13:03:17,230] {logging_mixin.py:109} INFO - [2022-04-30 13:03:17,230] {dagbag.py:500} INFO - Filling up the DagBag from /home/airflow/.local/lib/python3.7/site-packages/airflow/example_dags/example_latest_only_with_trigger.py
[2022-04-30 13:03:17,250] {processor.py:652} INFO - DAG(s) dict_keys(['latest_only_with_trigger']) retrieved from /home/airflow/.local/lib/python3.7/site-packages/airflow/example_dags/example_latest_only_with_trigger.py
[2022-04-30 13:03:17,278] {logging_mixin.py:109} INFO - [2022-04-30 13:03:17,278] {dag.py:2398} INFO - Sync 1 DAGs
[2022-04-30 13:03:17,307] {logging_mixin.py:109} INFO - [2022-04-30 13:03:17,306] {dag.py:2937} INFO - Setting next_dagrun for latest_only_with_trigger to 2022-04-30T09:03:17.306526+00:00
[2022-04-30 13:03:17,320] {processor.py:171} INFO - Processing /home/airflow/.local/lib/python3.7/site-packages/airflow/example_dags/example_latest_only_with_trigger.py took 0.097 seconds
[2022-04-30 13:03:47,773] {processor.py:163} INFO - Started process (PID=21851) to work on /home/airflow/.local/lib/python3.7/site-packages/airflow/example_dags/example_latest_only_with_trigger.py
[2022-04-30 13:03:47,775] {processor.py:642} INFO - Processing file /home/airflow/.local/lib/python3.7/site-packages/airflow/example_dags/example_latest_only_with_trigger.py for tasks to queue
[2022-04-30 13:03:47,777] {logging_mixin.py:109} INFO - [2022-04-30 13:03:47,777] {dagbag.py:500} INFO - Filling up the DagBag from /home/airflow/.local/lib/python3.7/site-packages/airflow/example_dags/example_latest_only_with_trigger.py
[2022-04-30 13:03:47,800] {processor.py:652} INFO - DAG(s) dict_keys(['latest_only_with_trigger']) retrieved from /home/airflow/.local/lib/python3.7/site-packages/airflow/example_dags/example_latest_only_with_trigger.py
[2022-04-30 13:03:47,832] {logging_mixin.py:109} INFO - [2022-04-30 13:03:47,832] {dag.py:2398} INFO - Sync 1 DAGs
[2022-04-30 13:03:47,860] {logging_mixin.py:109} INFO - [2022-04-30 13:03:47,860] {dag.py:2937} INFO - Setting next_dagrun for latest_only_with_trigger to 2022-04-30T09:03:47.859975+00:00
[2022-04-30 13:03:47,873] {processor.py:171} INFO - Processing /home/airflow/.local/lib/python3.7/site-packages/airflow/example_dags/example_latest_only_with_trigger.py took 0.105 seconds
[2022-04-30 13:04:18,103] {processor.py:163} INFO - Started process (PID=21926) to work on /home/airflow/.local/lib/python3.7/site-packages/airflow/example_dags/example_latest_only_with_trigger.py
[2022-04-30 13:04:18,106] {processor.py:642} INFO - Processing file /home/airflow/.local/lib/python3.7/site-packages/airflow/example_dags/example_latest_only_with_trigger.py for tasks to queue
[2022-04-30 13:04:18,107] {logging_mixin.py:109} INFO - [2022-04-30 13:04:18,107] {dagbag.py:500} INFO - Filling up the DagBag from /home/airflow/.local/lib/python3.7/site-packages/airflow/example_dags/example_latest_only_with_trigger.py
[2022-04-30 13:04:18,136] {processor.py:652} INFO - DAG(s) dict_keys(['latest_only_with_trigger']) retrieved from /home/airflow/.local/lib/python3.7/site-packages/airflow/example_dags/example_latest_only_with_trigger.py
[2022-04-30 13:04:18,173] {logging_mixin.py:109} INFO - [2022-04-30 13:04:18,173] {dag.py:2398} INFO - Sync 1 DAGs
[2022-04-30 13:04:18,200] {logging_mixin.py:109} INFO - [2022-04-30 13:04:18,199] {dag.py:2937} INFO - Setting next_dagrun for latest_only_with_trigger to 2022-04-30T09:04:18.199296+00:00
[2022-04-30 13:04:18,216] {processor.py:171} INFO - Processing /home/airflow/.local/lib/python3.7/site-packages/airflow/example_dags/example_latest_only_with_trigger.py took 0.120 seconds
[2022-04-30 13:04:48,420] {processor.py:163} INFO - Started process (PID=21991) to work on /home/airflow/.local/lib/python3.7/site-packages/airflow/example_dags/example_latest_only_with_trigger.py
[2022-04-30 13:04:48,422] {processor.py:642} INFO - Processing file /home/airflow/.local/lib/python3.7/site-packages/airflow/example_dags/example_latest_only_with_trigger.py for tasks to queue
[2022-04-30 13:04:48,424] {logging_mixin.py:109} INFO - [2022-04-30 13:04:48,424] {dagbag.py:500} INFO - Filling up the DagBag from /home/airflow/.local/lib/python3.7/site-packages/airflow/example_dags/example_latest_only_with_trigger.py
[2022-04-30 13:04:48,444] {processor.py:652} INFO - DAG(s) dict_keys(['latest_only_with_trigger']) retrieved from /home/airflow/.local/lib/python3.7/site-packages/airflow/example_dags/example_latest_only_with_trigger.py
[2022-04-30 13:04:48,472] {logging_mixin.py:109} INFO - [2022-04-30 13:04:48,472] {dag.py:2398} INFO - Sync 1 DAGs
[2022-04-30 13:04:48,493] {logging_mixin.py:109} INFO - [2022-04-30 13:04:48,493] {dag.py:2937} INFO - Setting next_dagrun for latest_only_with_trigger to 2022-04-30T09:04:48.493514+00:00
[2022-04-30 13:04:48,505] {processor.py:171} INFO - Processing /home/airflow/.local/lib/python3.7/site-packages/airflow/example_dags/example_latest_only_with_trigger.py took 0.088 seconds
[2022-04-30 13:05:18,756] {processor.py:163} INFO - Started process (PID=22056) to work on /home/airflow/.local/lib/python3.7/site-packages/airflow/example_dags/example_latest_only_with_trigger.py
[2022-04-30 13:05:18,758] {processor.py:642} INFO - Processing file /home/airflow/.local/lib/python3.7/site-packages/airflow/example_dags/example_latest_only_with_trigger.py for tasks to queue
[2022-04-30 13:05:18,759] {logging_mixin.py:109} INFO - [2022-04-30 13:05:18,758] {dagbag.py:500} INFO - Filling up the DagBag from /home/airflow/.local/lib/python3.7/site-packages/airflow/example_dags/example_latest_only_with_trigger.py
[2022-04-30 13:05:18,778] {processor.py:652} INFO - DAG(s) dict_keys(['latest_only_with_trigger']) retrieved from /home/airflow/.local/lib/python3.7/site-packages/airflow/example_dags/example_latest_only_with_trigger.py
[2022-04-30 13:05:18,804] {logging_mixin.py:109} INFO - [2022-04-30 13:05:18,803] {dag.py:2398} INFO - Sync 1 DAGs
[2022-04-30 13:05:18,828] {logging_mixin.py:109} INFO - [2022-04-30 13:05:18,828] {dag.py:2937} INFO - Setting next_dagrun for latest_only_with_trigger to 2022-04-30T09:05:18.827727+00:00
[2022-04-30 13:05:18,843] {processor.py:171} INFO - Processing /home/airflow/.local/lib/python3.7/site-packages/airflow/example_dags/example_latest_only_with_trigger.py took 0.090 seconds
[2022-04-30 13:05:49,912] {processor.py:163} INFO - Started process (PID=22130) to work on /home/airflow/.local/lib/python3.7/site-packages/airflow/example_dags/example_latest_only_with_trigger.py
[2022-04-30 13:05:49,914] {processor.py:642} INFO - Processing file /home/airflow/.local/lib/python3.7/site-packages/airflow/example_dags/example_latest_only_with_trigger.py for tasks to queue
[2022-04-30 13:05:49,916] {logging_mixin.py:109} INFO - [2022-04-30 13:05:49,915] {dagbag.py:500} INFO - Filling up the DagBag from /home/airflow/.local/lib/python3.7/site-packages/airflow/example_dags/example_latest_only_with_trigger.py
[2022-04-30 13:05:49,940] {processor.py:652} INFO - DAG(s) dict_keys(['latest_only_with_trigger']) retrieved from /home/airflow/.local/lib/python3.7/site-packages/airflow/example_dags/example_latest_only_with_trigger.py
[2022-04-30 13:05:49,973] {logging_mixin.py:109} INFO - [2022-04-30 13:05:49,973] {dag.py:2398} INFO - Sync 1 DAGs
[2022-04-30 13:05:50,002] {logging_mixin.py:109} INFO - [2022-04-30 13:05:50,002] {dag.py:2937} INFO - Setting next_dagrun for latest_only_with_trigger to 2022-04-30T09:05:50.001865+00:00
[2022-04-30 13:05:50,018] {processor.py:171} INFO - Processing /home/airflow/.local/lib/python3.7/site-packages/airflow/example_dags/example_latest_only_with_trigger.py took 0.112 seconds
[2022-04-30 13:06:20,723] {processor.py:163} INFO - Started process (PID=22196) to work on /home/airflow/.local/lib/python3.7/site-packages/airflow/example_dags/example_latest_only_with_trigger.py
[2022-04-30 13:06:20,725] {processor.py:642} INFO - Processing file /home/airflow/.local/lib/python3.7/site-packages/airflow/example_dags/example_latest_only_with_trigger.py for tasks to queue
[2022-04-30 13:06:20,726] {logging_mixin.py:109} INFO - [2022-04-30 13:06:20,726] {dagbag.py:500} INFO - Filling up the DagBag from /home/airflow/.local/lib/python3.7/site-packages/airflow/example_dags/example_latest_only_with_trigger.py
[2022-04-30 13:06:20,751] {processor.py:652} INFO - DAG(s) dict_keys(['latest_only_with_trigger']) retrieved from /home/airflow/.local/lib/python3.7/site-packages/airflow/example_dags/example_latest_only_with_trigger.py
[2022-04-30 13:06:20,780] {logging_mixin.py:109} INFO - [2022-04-30 13:06:20,780] {dag.py:2398} INFO - Sync 1 DAGs
[2022-04-30 13:06:20,806] {logging_mixin.py:109} INFO - [2022-04-30 13:06:20,806] {dag.py:2937} INFO - Setting next_dagrun for latest_only_with_trigger to 2022-04-30T09:06:20.805704+00:00
[2022-04-30 13:06:20,822] {processor.py:171} INFO - Processing /home/airflow/.local/lib/python3.7/site-packages/airflow/example_dags/example_latest_only_with_trigger.py took 0.103 seconds
[2022-04-30 13:06:51,800] {processor.py:163} INFO - Started process (PID=22261) to work on /home/airflow/.local/lib/python3.7/site-packages/airflow/example_dags/example_latest_only_with_trigger.py
[2022-04-30 13:06:51,802] {processor.py:642} INFO - Processing file /home/airflow/.local/lib/python3.7/site-packages/airflow/example_dags/example_latest_only_with_trigger.py for tasks to queue
[2022-04-30 13:06:51,803] {logging_mixin.py:109} INFO - [2022-04-30 13:06:51,803] {dagbag.py:500} INFO - Filling up the DagBag from /home/airflow/.local/lib/python3.7/site-packages/airflow/example_dags/example_latest_only_with_trigger.py
[2022-04-30 13:06:51,826] {processor.py:652} INFO - DAG(s) dict_keys(['latest_only_with_trigger']) retrieved from /home/airflow/.local/lib/python3.7/site-packages/airflow/example_dags/example_latest_only_with_trigger.py
[2022-04-30 13:06:51,854] {logging_mixin.py:109} INFO - [2022-04-30 13:06:51,854] {dag.py:2398} INFO - Sync 1 DAGs
[2022-04-30 13:06:51,882] {logging_mixin.py:109} INFO - [2022-04-30 13:06:51,882] {dag.py:2937} INFO - Setting next_dagrun for latest_only_with_trigger to 2022-04-30T09:06:51.882226+00:00
[2022-04-30 13:06:51,895] {processor.py:171} INFO - Processing /home/airflow/.local/lib/python3.7/site-packages/airflow/example_dags/example_latest_only_with_trigger.py took 0.099 seconds
[2022-04-30 13:07:22,730] {processor.py:163} INFO - Started process (PID=22336) to work on /home/airflow/.local/lib/python3.7/site-packages/airflow/example_dags/example_latest_only_with_trigger.py
[2022-04-30 13:07:22,733] {processor.py:642} INFO - Processing file /home/airflow/.local/lib/python3.7/site-packages/airflow/example_dags/example_latest_only_with_trigger.py for tasks to queue
[2022-04-30 13:07:22,734] {logging_mixin.py:109} INFO - [2022-04-30 13:07:22,734] {dagbag.py:500} INFO - Filling up the DagBag from /home/airflow/.local/lib/python3.7/site-packages/airflow/example_dags/example_latest_only_with_trigger.py
[2022-04-30 13:07:22,762] {processor.py:652} INFO - DAG(s) dict_keys(['latest_only_with_trigger']) retrieved from /home/airflow/.local/lib/python3.7/site-packages/airflow/example_dags/example_latest_only_with_trigger.py
[2022-04-30 13:07:22,802] {logging_mixin.py:109} INFO - [2022-04-30 13:07:22,802] {dag.py:2398} INFO - Sync 1 DAGs
[2022-04-30 13:07:22,829] {logging_mixin.py:109} INFO - [2022-04-30 13:07:22,828] {dag.py:2937} INFO - Setting next_dagrun for latest_only_with_trigger to 2022-04-30T09:07:22.828618+00:00
[2022-04-30 13:07:22,847] {processor.py:171} INFO - Processing /home/airflow/.local/lib/python3.7/site-packages/airflow/example_dags/example_latest_only_with_trigger.py took 0.121 seconds
[2022-04-30 13:07:53,294] {processor.py:163} INFO - Started process (PID=22403) to work on /home/airflow/.local/lib/python3.7/site-packages/airflow/example_dags/example_latest_only_with_trigger.py
[2022-04-30 13:07:53,295] {processor.py:642} INFO - Processing file /home/airflow/.local/lib/python3.7/site-packages/airflow/example_dags/example_latest_only_with_trigger.py for tasks to queue
[2022-04-30 13:07:53,296] {logging_mixin.py:109} INFO - [2022-04-30 13:07:53,296] {dagbag.py:500} INFO - Filling up the DagBag from /home/airflow/.local/lib/python3.7/site-packages/airflow/example_dags/example_latest_only_with_trigger.py
[2022-04-30 13:07:53,316] {processor.py:652} INFO - DAG(s) dict_keys(['latest_only_with_trigger']) retrieved from /home/airflow/.local/lib/python3.7/site-packages/airflow/example_dags/example_latest_only_with_trigger.py
[2022-04-30 13:07:53,344] {logging_mixin.py:109} INFO - [2022-04-30 13:07:53,343] {dag.py:2398} INFO - Sync 1 DAGs
[2022-04-30 13:07:53,366] {logging_mixin.py:109} INFO - [2022-04-30 13:07:53,366] {dag.py:2937} INFO - Setting next_dagrun for latest_only_with_trigger to 2022-04-30T09:07:53.366469+00:00
[2022-04-30 13:07:53,380] {processor.py:171} INFO - Processing /home/airflow/.local/lib/python3.7/site-packages/airflow/example_dags/example_latest_only_with_trigger.py took 0.090 seconds
[2022-04-30 13:08:24,272] {processor.py:163} INFO - Started process (PID=22467) to work on /home/airflow/.local/lib/python3.7/site-packages/airflow/example_dags/example_latest_only_with_trigger.py
[2022-04-30 13:08:24,274] {processor.py:642} INFO - Processing file /home/airflow/.local/lib/python3.7/site-packages/airflow/example_dags/example_latest_only_with_trigger.py for tasks to queue
[2022-04-30 13:08:24,275] {logging_mixin.py:109} INFO - [2022-04-30 13:08:24,275] {dagbag.py:500} INFO - Filling up the DagBag from /home/airflow/.local/lib/python3.7/site-packages/airflow/example_dags/example_latest_only_with_trigger.py
[2022-04-30 13:08:24,294] {processor.py:652} INFO - DAG(s) dict_keys(['latest_only_with_trigger']) retrieved from /home/airflow/.local/lib/python3.7/site-packages/airflow/example_dags/example_latest_only_with_trigger.py
[2022-04-30 13:08:24,322] {logging_mixin.py:109} INFO - [2022-04-30 13:08:24,322] {dag.py:2398} INFO - Sync 1 DAGs
[2022-04-30 13:08:24,347] {logging_mixin.py:109} INFO - [2022-04-30 13:08:24,346] {dag.py:2937} INFO - Setting next_dagrun for latest_only_with_trigger to 2022-04-30T09:08:24.346129+00:00
[2022-04-30 13:08:24,365] {processor.py:171} INFO - Processing /home/airflow/.local/lib/python3.7/site-packages/airflow/example_dags/example_latest_only_with_trigger.py took 0.097 seconds
[2022-04-30 13:08:55,352] {processor.py:163} INFO - Started process (PID=22533) to work on /home/airflow/.local/lib/python3.7/site-packages/airflow/example_dags/example_latest_only_with_trigger.py
[2022-04-30 13:08:55,353] {processor.py:642} INFO - Processing file /home/airflow/.local/lib/python3.7/site-packages/airflow/example_dags/example_latest_only_with_trigger.py for tasks to queue
[2022-04-30 13:08:55,354] {logging_mixin.py:109} INFO - [2022-04-30 13:08:55,354] {dagbag.py:500} INFO - Filling up the DagBag from /home/airflow/.local/lib/python3.7/site-packages/airflow/example_dags/example_latest_only_with_trigger.py
[2022-04-30 13:08:55,374] {processor.py:652} INFO - DAG(s) dict_keys(['latest_only_with_trigger']) retrieved from /home/airflow/.local/lib/python3.7/site-packages/airflow/example_dags/example_latest_only_with_trigger.py
[2022-04-30 13:08:55,403] {logging_mixin.py:109} INFO - [2022-04-30 13:08:55,403] {dag.py:2398} INFO - Sync 1 DAGs
[2022-04-30 13:08:55,425] {logging_mixin.py:109} INFO - [2022-04-30 13:08:55,425] {dag.py:2937} INFO - Setting next_dagrun for latest_only_with_trigger to 2022-04-30T09:08:55.424638+00:00
[2022-04-30 13:08:55,438] {processor.py:171} INFO - Processing /home/airflow/.local/lib/python3.7/site-packages/airflow/example_dags/example_latest_only_with_trigger.py took 0.091 seconds
