[2022-04-30 13:03:24,010] {processor.py:163} INFO - Started process (PID=21805) to work on /home/airflow/.local/lib/python3.7/site-packages/airflow/example_dags/example_branch_labels.py
[2022-04-30 13:03:24,012] {processor.py:642} INFO - Processing file /home/airflow/.local/lib/python3.7/site-packages/airflow/example_dags/example_branch_labels.py for tasks to queue
[2022-04-30 13:03:24,014] {logging_mixin.py:109} INFO - [2022-04-30 13:03:24,014] {dagbag.py:500} INFO - Filling up the DagBag from /home/airflow/.local/lib/python3.7/site-packages/airflow/example_dags/example_branch_labels.py
[2022-04-30 13:03:24,043] {processor.py:652} INFO - DAG(s) dict_keys(['example_branch_labels']) retrieved from /home/airflow/.local/lib/python3.7/site-packages/airflow/example_dags/example_branch_labels.py
[2022-04-30 13:03:24,073] {logging_mixin.py:109} INFO - [2022-04-30 13:03:24,073] {dag.py:2398} INFO - Sync 1 DAGs
[2022-04-30 13:03:24,105] {logging_mixin.py:109} INFO - [2022-04-30 13:03:24,105] {dag.py:2937} INFO - Setting next_dagrun for example_branch_labels to 2022-04-29 00:00:00+00:00
[2022-04-30 13:03:24,122] {processor.py:171} INFO - Processing /home/airflow/.local/lib/python3.7/site-packages/airflow/example_dags/example_branch_labels.py took 0.117 seconds
[2022-04-30 13:03:54,356] {processor.py:163} INFO - Started process (PID=21870) to work on /home/airflow/.local/lib/python3.7/site-packages/airflow/example_dags/example_branch_labels.py
[2022-04-30 13:03:54,358] {processor.py:642} INFO - Processing file /home/airflow/.local/lib/python3.7/site-packages/airflow/example_dags/example_branch_labels.py for tasks to queue
[2022-04-30 13:03:54,359] {logging_mixin.py:109} INFO - [2022-04-30 13:03:54,359] {dagbag.py:500} INFO - Filling up the DagBag from /home/airflow/.local/lib/python3.7/site-packages/airflow/example_dags/example_branch_labels.py
[2022-04-30 13:03:54,379] {processor.py:652} INFO - DAG(s) dict_keys(['example_branch_labels']) retrieved from /home/airflow/.local/lib/python3.7/site-packages/airflow/example_dags/example_branch_labels.py
[2022-04-30 13:03:54,405] {logging_mixin.py:109} INFO - [2022-04-30 13:03:54,405] {dag.py:2398} INFO - Sync 1 DAGs
[2022-04-30 13:03:54,427] {logging_mixin.py:109} INFO - [2022-04-30 13:03:54,427] {dag.py:2937} INFO - Setting next_dagrun for example_branch_labels to 2022-04-29 00:00:00+00:00
[2022-04-30 13:03:54,438] {processor.py:171} INFO - Processing /home/airflow/.local/lib/python3.7/site-packages/airflow/example_dags/example_branch_labels.py took 0.086 seconds
[2022-04-30 13:04:24,953] {processor.py:163} INFO - Started process (PID=21936) to work on /home/airflow/.local/lib/python3.7/site-packages/airflow/example_dags/example_branch_labels.py
[2022-04-30 13:04:24,955] {processor.py:642} INFO - Processing file /home/airflow/.local/lib/python3.7/site-packages/airflow/example_dags/example_branch_labels.py for tasks to queue
[2022-04-30 13:04:24,956] {logging_mixin.py:109} INFO - [2022-04-30 13:04:24,956] {dagbag.py:500} INFO - Filling up the DagBag from /home/airflow/.local/lib/python3.7/site-packages/airflow/example_dags/example_branch_labels.py
[2022-04-30 13:04:24,980] {processor.py:652} INFO - DAG(s) dict_keys(['example_branch_labels']) retrieved from /home/airflow/.local/lib/python3.7/site-packages/airflow/example_dags/example_branch_labels.py
[2022-04-30 13:04:25,007] {logging_mixin.py:109} INFO - [2022-04-30 13:04:25,007] {dag.py:2398} INFO - Sync 1 DAGs
[2022-04-30 13:04:25,032] {logging_mixin.py:109} INFO - [2022-04-30 13:04:25,032] {dag.py:2937} INFO - Setting next_dagrun for example_branch_labels to 2022-04-29 00:00:00+00:00
[2022-04-30 13:04:25,044] {processor.py:171} INFO - Processing /home/airflow/.local/lib/python3.7/site-packages/airflow/example_dags/example_branch_labels.py took 0.095 seconds
[2022-04-30 13:04:55,232] {processor.py:163} INFO - Started process (PID=22002) to work on /home/airflow/.local/lib/python3.7/site-packages/airflow/example_dags/example_branch_labels.py
[2022-04-30 13:04:55,234] {processor.py:642} INFO - Processing file /home/airflow/.local/lib/python3.7/site-packages/airflow/example_dags/example_branch_labels.py for tasks to queue
[2022-04-30 13:04:55,235] {logging_mixin.py:109} INFO - [2022-04-30 13:04:55,235] {dagbag.py:500} INFO - Filling up the DagBag from /home/airflow/.local/lib/python3.7/site-packages/airflow/example_dags/example_branch_labels.py
[2022-04-30 13:04:55,255] {processor.py:652} INFO - DAG(s) dict_keys(['example_branch_labels']) retrieved from /home/airflow/.local/lib/python3.7/site-packages/airflow/example_dags/example_branch_labels.py
[2022-04-30 13:04:55,283] {logging_mixin.py:109} INFO - [2022-04-30 13:04:55,283] {dag.py:2398} INFO - Sync 1 DAGs
[2022-04-30 13:04:55,309] {logging_mixin.py:109} INFO - [2022-04-30 13:04:55,309] {dag.py:2937} INFO - Setting next_dagrun for example_branch_labels to 2022-04-29 00:00:00+00:00
[2022-04-30 13:04:55,322] {processor.py:171} INFO - Processing /home/airflow/.local/lib/python3.7/site-packages/airflow/example_dags/example_branch_labels.py took 0.096 seconds
[2022-04-30 13:05:25,413] {processor.py:163} INFO - Started process (PID=22076) to work on /home/airflow/.local/lib/python3.7/site-packages/airflow/example_dags/example_branch_labels.py
[2022-04-30 13:05:25,415] {processor.py:642} INFO - Processing file /home/airflow/.local/lib/python3.7/site-packages/airflow/example_dags/example_branch_labels.py for tasks to queue
[2022-04-30 13:05:25,416] {logging_mixin.py:109} INFO - [2022-04-30 13:05:25,416] {dagbag.py:500} INFO - Filling up the DagBag from /home/airflow/.local/lib/python3.7/site-packages/airflow/example_dags/example_branch_labels.py
[2022-04-30 13:05:25,444] {processor.py:652} INFO - DAG(s) dict_keys(['example_branch_labels']) retrieved from /home/airflow/.local/lib/python3.7/site-packages/airflow/example_dags/example_branch_labels.py
[2022-04-30 13:05:25,474] {logging_mixin.py:109} INFO - [2022-04-30 13:05:25,474] {dag.py:2398} INFO - Sync 1 DAGs
[2022-04-30 13:05:25,501] {logging_mixin.py:109} INFO - [2022-04-30 13:05:25,500] {dag.py:2937} INFO - Setting next_dagrun for example_branch_labels to 2022-04-29 00:00:00+00:00
[2022-04-30 13:05:25,514] {processor.py:171} INFO - Processing /home/airflow/.local/lib/python3.7/site-packages/airflow/example_dags/example_branch_labels.py took 0.107 seconds
[2022-04-30 13:05:55,725] {processor.py:163} INFO - Started process (PID=22141) to work on /home/airflow/.local/lib/python3.7/site-packages/airflow/example_dags/example_branch_labels.py
[2022-04-30 13:05:55,727] {processor.py:642} INFO - Processing file /home/airflow/.local/lib/python3.7/site-packages/airflow/example_dags/example_branch_labels.py for tasks to queue
[2022-04-30 13:05:55,728] {logging_mixin.py:109} INFO - [2022-04-30 13:05:55,728] {dagbag.py:500} INFO - Filling up the DagBag from /home/airflow/.local/lib/python3.7/site-packages/airflow/example_dags/example_branch_labels.py
[2022-04-30 13:05:55,751] {processor.py:652} INFO - DAG(s) dict_keys(['example_branch_labels']) retrieved from /home/airflow/.local/lib/python3.7/site-packages/airflow/example_dags/example_branch_labels.py
[2022-04-30 13:05:55,778] {logging_mixin.py:109} INFO - [2022-04-30 13:05:55,778] {dag.py:2398} INFO - Sync 1 DAGs
[2022-04-30 13:05:55,806] {logging_mixin.py:109} INFO - [2022-04-30 13:05:55,806] {dag.py:2937} INFO - Setting next_dagrun for example_branch_labels to 2022-04-29 00:00:00+00:00
[2022-04-30 13:05:55,819] {processor.py:171} INFO - Processing /home/airflow/.local/lib/python3.7/site-packages/airflow/example_dags/example_branch_labels.py took 0.099 seconds
[2022-04-30 13:06:26,301] {processor.py:163} INFO - Started process (PID=22207) to work on /home/airflow/.local/lib/python3.7/site-packages/airflow/example_dags/example_branch_labels.py
[2022-04-30 13:06:26,303] {processor.py:642} INFO - Processing file /home/airflow/.local/lib/python3.7/site-packages/airflow/example_dags/example_branch_labels.py for tasks to queue
[2022-04-30 13:06:26,304] {logging_mixin.py:109} INFO - [2022-04-30 13:06:26,304] {dagbag.py:500} INFO - Filling up the DagBag from /home/airflow/.local/lib/python3.7/site-packages/airflow/example_dags/example_branch_labels.py
[2022-04-30 13:06:26,327] {processor.py:652} INFO - DAG(s) dict_keys(['example_branch_labels']) retrieved from /home/airflow/.local/lib/python3.7/site-packages/airflow/example_dags/example_branch_labels.py
[2022-04-30 13:06:26,362] {logging_mixin.py:109} INFO - [2022-04-30 13:06:26,362] {dag.py:2398} INFO - Sync 1 DAGs
[2022-04-30 13:06:26,413] {logging_mixin.py:109} INFO - [2022-04-30 13:06:26,412] {dag.py:2937} INFO - Setting next_dagrun for example_branch_labels to 2022-04-29 00:00:00+00:00
[2022-04-30 13:06:26,434] {processor.py:171} INFO - Processing /home/airflow/.local/lib/python3.7/site-packages/airflow/example_dags/example_branch_labels.py took 0.138 seconds
[2022-04-30 13:06:56,743] {processor.py:163} INFO - Started process (PID=22282) to work on /home/airflow/.local/lib/python3.7/site-packages/airflow/example_dags/example_branch_labels.py
[2022-04-30 13:06:56,745] {processor.py:642} INFO - Processing file /home/airflow/.local/lib/python3.7/site-packages/airflow/example_dags/example_branch_labels.py for tasks to queue
[2022-04-30 13:06:56,746] {logging_mixin.py:109} INFO - [2022-04-30 13:06:56,746] {dagbag.py:500} INFO - Filling up the DagBag from /home/airflow/.local/lib/python3.7/site-packages/airflow/example_dags/example_branch_labels.py
[2022-04-30 13:06:56,769] {processor.py:652} INFO - DAG(s) dict_keys(['example_branch_labels']) retrieved from /home/airflow/.local/lib/python3.7/site-packages/airflow/example_dags/example_branch_labels.py
[2022-04-30 13:06:56,804] {logging_mixin.py:109} INFO - [2022-04-30 13:06:56,803] {dag.py:2398} INFO - Sync 1 DAGs
[2022-04-30 13:06:56,836] {logging_mixin.py:109} INFO - [2022-04-30 13:06:56,836] {dag.py:2937} INFO - Setting next_dagrun for example_branch_labels to 2022-04-29 00:00:00+00:00
[2022-04-30 13:06:56,849] {processor.py:171} INFO - Processing /home/airflow/.local/lib/python3.7/site-packages/airflow/example_dags/example_branch_labels.py took 0.112 seconds
[2022-04-30 13:07:27,556] {processor.py:163} INFO - Started process (PID=22347) to work on /home/airflow/.local/lib/python3.7/site-packages/airflow/example_dags/example_branch_labels.py
[2022-04-30 13:07:27,558] {processor.py:642} INFO - Processing file /home/airflow/.local/lib/python3.7/site-packages/airflow/example_dags/example_branch_labels.py for tasks to queue
[2022-04-30 13:07:27,559] {logging_mixin.py:109} INFO - [2022-04-30 13:07:27,559] {dagbag.py:500} INFO - Filling up the DagBag from /home/airflow/.local/lib/python3.7/site-packages/airflow/example_dags/example_branch_labels.py
[2022-04-30 13:07:27,580] {processor.py:652} INFO - DAG(s) dict_keys(['example_branch_labels']) retrieved from /home/airflow/.local/lib/python3.7/site-packages/airflow/example_dags/example_branch_labels.py
[2022-04-30 13:07:27,606] {logging_mixin.py:109} INFO - [2022-04-30 13:07:27,606] {dag.py:2398} INFO - Sync 1 DAGs
[2022-04-30 13:07:27,628] {logging_mixin.py:109} INFO - [2022-04-30 13:07:27,627] {dag.py:2937} INFO - Setting next_dagrun for example_branch_labels to 2022-04-29 00:00:00+00:00
[2022-04-30 13:07:27,639] {processor.py:171} INFO - Processing /home/airflow/.local/lib/python3.7/site-packages/airflow/example_dags/example_branch_labels.py took 0.086 seconds
[2022-04-30 13:07:57,791] {processor.py:163} INFO - Started process (PID=22413) to work on /home/airflow/.local/lib/python3.7/site-packages/airflow/example_dags/example_branch_labels.py
[2022-04-30 13:07:57,792] {processor.py:642} INFO - Processing file /home/airflow/.local/lib/python3.7/site-packages/airflow/example_dags/example_branch_labels.py for tasks to queue
[2022-04-30 13:07:57,793] {logging_mixin.py:109} INFO - [2022-04-30 13:07:57,793] {dagbag.py:500} INFO - Filling up the DagBag from /home/airflow/.local/lib/python3.7/site-packages/airflow/example_dags/example_branch_labels.py
[2022-04-30 13:07:57,814] {processor.py:652} INFO - DAG(s) dict_keys(['example_branch_labels']) retrieved from /home/airflow/.local/lib/python3.7/site-packages/airflow/example_dags/example_branch_labels.py
[2022-04-30 13:07:57,840] {logging_mixin.py:109} INFO - [2022-04-30 13:07:57,840] {dag.py:2398} INFO - Sync 1 DAGs
[2022-04-30 13:07:57,863] {logging_mixin.py:109} INFO - [2022-04-30 13:07:57,863] {dag.py:2937} INFO - Setting next_dagrun for example_branch_labels to 2022-04-29 00:00:00+00:00
[2022-04-30 13:07:57,875] {processor.py:171} INFO - Processing /home/airflow/.local/lib/python3.7/site-packages/airflow/example_dags/example_branch_labels.py took 0.088 seconds
[2022-04-30 13:08:28,160] {processor.py:163} INFO - Started process (PID=22477) to work on /home/airflow/.local/lib/python3.7/site-packages/airflow/example_dags/example_branch_labels.py
[2022-04-30 13:08:28,161] {processor.py:642} INFO - Processing file /home/airflow/.local/lib/python3.7/site-packages/airflow/example_dags/example_branch_labels.py for tasks to queue
[2022-04-30 13:08:28,162] {logging_mixin.py:109} INFO - [2022-04-30 13:08:28,162] {dagbag.py:500} INFO - Filling up the DagBag from /home/airflow/.local/lib/python3.7/site-packages/airflow/example_dags/example_branch_labels.py
[2022-04-30 13:08:28,181] {processor.py:652} INFO - DAG(s) dict_keys(['example_branch_labels']) retrieved from /home/airflow/.local/lib/python3.7/site-packages/airflow/example_dags/example_branch_labels.py
[2022-04-30 13:08:28,206] {logging_mixin.py:109} INFO - [2022-04-30 13:08:28,206] {dag.py:2398} INFO - Sync 1 DAGs
[2022-04-30 13:08:28,234] {logging_mixin.py:109} INFO - [2022-04-30 13:08:28,234] {dag.py:2937} INFO - Setting next_dagrun for example_branch_labels to 2022-04-29 00:00:00+00:00
[2022-04-30 13:08:28,246] {processor.py:171} INFO - Processing /home/airflow/.local/lib/python3.7/site-packages/airflow/example_dags/example_branch_labels.py took 0.090 seconds
[2022-04-30 13:08:58,878] {processor.py:163} INFO - Started process (PID=22551) to work on /home/airflow/.local/lib/python3.7/site-packages/airflow/example_dags/example_branch_labels.py
[2022-04-30 13:08:58,880] {processor.py:642} INFO - Processing file /home/airflow/.local/lib/python3.7/site-packages/airflow/example_dags/example_branch_labels.py for tasks to queue
[2022-04-30 13:08:58,882] {logging_mixin.py:109} INFO - [2022-04-30 13:08:58,881] {dagbag.py:500} INFO - Filling up the DagBag from /home/airflow/.local/lib/python3.7/site-packages/airflow/example_dags/example_branch_labels.py
[2022-04-30 13:08:58,911] {processor.py:652} INFO - DAG(s) dict_keys(['example_branch_labels']) retrieved from /home/airflow/.local/lib/python3.7/site-packages/airflow/example_dags/example_branch_labels.py
[2022-04-30 13:08:58,949] {logging_mixin.py:109} INFO - [2022-04-30 13:08:58,948] {dag.py:2398} INFO - Sync 1 DAGs
[2022-04-30 13:08:58,975] {logging_mixin.py:109} INFO - [2022-04-30 13:08:58,975] {dag.py:2937} INFO - Setting next_dagrun for example_branch_labels to 2022-04-29 00:00:00+00:00
[2022-04-30 13:08:58,988] {processor.py:171} INFO - Processing /home/airflow/.local/lib/python3.7/site-packages/airflow/example_dags/example_branch_labels.py took 0.115 seconds
