[2022-04-30 13:03:30,186] {processor.py:163} INFO - Started process (PID=21807) to work on /home/airflow/.local/lib/python3.7/site-packages/airflow/example_dags/example_xcomargs.py
[2022-04-30 13:03:30,189] {processor.py:642} INFO - Processing file /home/airflow/.local/lib/python3.7/site-packages/airflow/example_dags/example_xcomargs.py for tasks to queue
[2022-04-30 13:03:30,190] {logging_mixin.py:109} INFO - [2022-04-30 13:03:30,190] {dagbag.py:500} INFO - Filling up the DagBag from /home/airflow/.local/lib/python3.7/site-packages/airflow/example_dags/example_xcomargs.py
[2022-04-30 13:03:30,231] {processor.py:652} INFO - DAG(s) dict_keys(['example_xcom_args', 'example_xcom_args_with_operators']) retrieved from /home/airflow/.local/lib/python3.7/site-packages/airflow/example_dags/example_xcomargs.py
[2022-04-30 13:03:30,678] {logging_mixin.py:109} INFO - [2022-04-30 13:03:30,678] {dag.py:2398} INFO - Sync 2 DAGs
[2022-04-30 13:03:30,713] {logging_mixin.py:109} INFO - [2022-04-30 13:03:30,712] {dag.py:2937} INFO - Setting next_dagrun for example_xcom_args to None
[2022-04-30 13:03:30,714] {logging_mixin.py:109} INFO - [2022-04-30 13:03:30,713] {dag.py:2937} INFO - Setting next_dagrun for example_xcom_args_with_operators to None
[2022-04-30 13:03:30,729] {processor.py:171} INFO - Processing /home/airflow/.local/lib/python3.7/site-packages/airflow/example_dags/example_xcomargs.py took 0.547 seconds
[2022-04-30 13:04:01,408] {processor.py:163} INFO - Started process (PID=21872) to work on /home/airflow/.local/lib/python3.7/site-packages/airflow/example_dags/example_xcomargs.py
[2022-04-30 13:04:01,410] {processor.py:642} INFO - Processing file /home/airflow/.local/lib/python3.7/site-packages/airflow/example_dags/example_xcomargs.py for tasks to queue
[2022-04-30 13:04:01,414] {logging_mixin.py:109} INFO - [2022-04-30 13:04:01,413] {dagbag.py:500} INFO - Filling up the DagBag from /home/airflow/.local/lib/python3.7/site-packages/airflow/example_dags/example_xcomargs.py
[2022-04-30 13:04:01,473] {processor.py:652} INFO - DAG(s) dict_keys(['example_xcom_args', 'example_xcom_args_with_operators']) retrieved from /home/airflow/.local/lib/python3.7/site-packages/airflow/example_dags/example_xcomargs.py
[2022-04-30 13:04:01,823] {logging_mixin.py:109} INFO - [2022-04-30 13:04:01,822] {dag.py:2398} INFO - Sync 2 DAGs
[2022-04-30 13:04:01,842] {logging_mixin.py:109} INFO - [2022-04-30 13:04:01,842] {dag.py:2937} INFO - Setting next_dagrun for example_xcom_args to None
[2022-04-30 13:04:01,843] {logging_mixin.py:109} INFO - [2022-04-30 13:04:01,843] {dag.py:2937} INFO - Setting next_dagrun for example_xcom_args_with_operators to None
[2022-04-30 13:04:01,866] {processor.py:171} INFO - Processing /home/airflow/.local/lib/python3.7/site-packages/airflow/example_dags/example_xcomargs.py took 0.464 seconds
[2022-04-30 13:04:32,100] {processor.py:163} INFO - Started process (PID=21948) to work on /home/airflow/.local/lib/python3.7/site-packages/airflow/example_dags/example_xcomargs.py
[2022-04-30 13:04:32,102] {processor.py:642} INFO - Processing file /home/airflow/.local/lib/python3.7/site-packages/airflow/example_dags/example_xcomargs.py for tasks to queue
[2022-04-30 13:04:32,103] {logging_mixin.py:109} INFO - [2022-04-30 13:04:32,103] {dagbag.py:500} INFO - Filling up the DagBag from /home/airflow/.local/lib/python3.7/site-packages/airflow/example_dags/example_xcomargs.py
[2022-04-30 13:04:32,140] {processor.py:652} INFO - DAG(s) dict_keys(['example_xcom_args', 'example_xcom_args_with_operators']) retrieved from /home/airflow/.local/lib/python3.7/site-packages/airflow/example_dags/example_xcomargs.py
[2022-04-30 13:04:32,533] {logging_mixin.py:109} INFO - [2022-04-30 13:04:32,532] {dag.py:2398} INFO - Sync 2 DAGs
[2022-04-30 13:04:32,557] {logging_mixin.py:109} INFO - [2022-04-30 13:04:32,557] {dag.py:2937} INFO - Setting next_dagrun for example_xcom_args to None
[2022-04-30 13:04:32,558] {logging_mixin.py:109} INFO - [2022-04-30 13:04:32,558] {dag.py:2937} INFO - Setting next_dagrun for example_xcom_args_with_operators to None
[2022-04-30 13:04:32,582] {processor.py:171} INFO - Processing /home/airflow/.local/lib/python3.7/site-packages/airflow/example_dags/example_xcomargs.py took 0.486 seconds
[2022-04-30 13:05:03,393] {processor.py:163} INFO - Started process (PID=22014) to work on /home/airflow/.local/lib/python3.7/site-packages/airflow/example_dags/example_xcomargs.py
[2022-04-30 13:05:03,396] {processor.py:642} INFO - Processing file /home/airflow/.local/lib/python3.7/site-packages/airflow/example_dags/example_xcomargs.py for tasks to queue
[2022-04-30 13:05:03,397] {logging_mixin.py:109} INFO - [2022-04-30 13:05:03,397] {dagbag.py:500} INFO - Filling up the DagBag from /home/airflow/.local/lib/python3.7/site-packages/airflow/example_dags/example_xcomargs.py
[2022-04-30 13:05:03,431] {processor.py:652} INFO - DAG(s) dict_keys(['example_xcom_args', 'example_xcom_args_with_operators']) retrieved from /home/airflow/.local/lib/python3.7/site-packages/airflow/example_dags/example_xcomargs.py
[2022-04-30 13:05:03,754] {logging_mixin.py:109} INFO - [2022-04-30 13:05:03,753] {dag.py:2398} INFO - Sync 2 DAGs
[2022-04-30 13:05:03,773] {logging_mixin.py:109} INFO - [2022-04-30 13:05:03,772] {dag.py:2937} INFO - Setting next_dagrun for example_xcom_args to None
[2022-04-30 13:05:03,773] {logging_mixin.py:109} INFO - [2022-04-30 13:05:03,773] {dag.py:2937} INFO - Setting next_dagrun for example_xcom_args_with_operators to None
[2022-04-30 13:05:03,789] {processor.py:171} INFO - Processing /home/airflow/.local/lib/python3.7/site-packages/airflow/example_dags/example_xcomargs.py took 0.401 seconds
[2022-04-30 13:05:34,590] {processor.py:163} INFO - Started process (PID=22078) to work on /home/airflow/.local/lib/python3.7/site-packages/airflow/example_dags/example_xcomargs.py
[2022-04-30 13:05:34,591] {processor.py:642} INFO - Processing file /home/airflow/.local/lib/python3.7/site-packages/airflow/example_dags/example_xcomargs.py for tasks to queue
[2022-04-30 13:05:34,592] {logging_mixin.py:109} INFO - [2022-04-30 13:05:34,592] {dagbag.py:500} INFO - Filling up the DagBag from /home/airflow/.local/lib/python3.7/site-packages/airflow/example_dags/example_xcomargs.py
[2022-04-30 13:05:34,620] {processor.py:652} INFO - DAG(s) dict_keys(['example_xcom_args', 'example_xcom_args_with_operators']) retrieved from /home/airflow/.local/lib/python3.7/site-packages/airflow/example_dags/example_xcomargs.py
[2022-04-30 13:05:34,922] {logging_mixin.py:109} INFO - [2022-04-30 13:05:34,922] {dag.py:2398} INFO - Sync 2 DAGs
[2022-04-30 13:05:34,941] {logging_mixin.py:109} INFO - [2022-04-30 13:05:34,941] {dag.py:2937} INFO - Setting next_dagrun for example_xcom_args to None
[2022-04-30 13:05:34,942] {logging_mixin.py:109} INFO - [2022-04-30 13:05:34,942] {dag.py:2937} INFO - Setting next_dagrun for example_xcom_args_with_operators to None
[2022-04-30 13:05:34,958] {processor.py:171} INFO - Processing /home/airflow/.local/lib/python3.7/site-packages/airflow/example_dags/example_xcomargs.py took 0.371 seconds
[2022-04-30 13:06:05,798] {processor.py:163} INFO - Started process (PID=22153) to work on /home/airflow/.local/lib/python3.7/site-packages/airflow/example_dags/example_xcomargs.py
[2022-04-30 13:06:05,800] {processor.py:642} INFO - Processing file /home/airflow/.local/lib/python3.7/site-packages/airflow/example_dags/example_xcomargs.py for tasks to queue
[2022-04-30 13:06:05,801] {logging_mixin.py:109} INFO - [2022-04-30 13:06:05,800] {dagbag.py:500} INFO - Filling up the DagBag from /home/airflow/.local/lib/python3.7/site-packages/airflow/example_dags/example_xcomargs.py
[2022-04-30 13:06:05,827] {processor.py:652} INFO - DAG(s) dict_keys(['example_xcom_args', 'example_xcom_args_with_operators']) retrieved from /home/airflow/.local/lib/python3.7/site-packages/airflow/example_dags/example_xcomargs.py
[2022-04-30 13:06:06,135] {logging_mixin.py:109} INFO - [2022-04-30 13:06:06,135] {dag.py:2398} INFO - Sync 2 DAGs
[2022-04-30 13:06:06,159] {logging_mixin.py:109} INFO - [2022-04-30 13:06:06,159] {dag.py:2937} INFO - Setting next_dagrun for example_xcom_args to None
[2022-04-30 13:06:06,160] {logging_mixin.py:109} INFO - [2022-04-30 13:06:06,160] {dag.py:2937} INFO - Setting next_dagrun for example_xcom_args_with_operators to None
[2022-04-30 13:06:06,173] {processor.py:171} INFO - Processing /home/airflow/.local/lib/python3.7/site-packages/airflow/example_dags/example_xcomargs.py took 0.379 seconds
[2022-04-30 13:06:36,369] {processor.py:163} INFO - Started process (PID=22219) to work on /home/airflow/.local/lib/python3.7/site-packages/airflow/example_dags/example_xcomargs.py
[2022-04-30 13:06:36,371] {processor.py:642} INFO - Processing file /home/airflow/.local/lib/python3.7/site-packages/airflow/example_dags/example_xcomargs.py for tasks to queue
[2022-04-30 13:06:36,372] {logging_mixin.py:109} INFO - [2022-04-30 13:06:36,372] {dagbag.py:500} INFO - Filling up the DagBag from /home/airflow/.local/lib/python3.7/site-packages/airflow/example_dags/example_xcomargs.py
[2022-04-30 13:06:36,417] {processor.py:652} INFO - DAG(s) dict_keys(['example_xcom_args', 'example_xcom_args_with_operators']) retrieved from /home/airflow/.local/lib/python3.7/site-packages/airflow/example_dags/example_xcomargs.py
[2022-04-30 13:06:36,946] {logging_mixin.py:109} INFO - [2022-04-30 13:06:36,946] {dag.py:2398} INFO - Sync 2 DAGs
[2022-04-30 13:06:36,976] {logging_mixin.py:109} INFO - [2022-04-30 13:06:36,976] {dag.py:2937} INFO - Setting next_dagrun for example_xcom_args to None
[2022-04-30 13:06:36,977] {logging_mixin.py:109} INFO - [2022-04-30 13:06:36,977] {dag.py:2937} INFO - Setting next_dagrun for example_xcom_args_with_operators to None
[2022-04-30 13:06:37,008] {processor.py:171} INFO - Processing /home/airflow/.local/lib/python3.7/site-packages/airflow/example_dags/example_xcomargs.py took 0.642 seconds
[2022-04-30 13:07:07,938] {processor.py:163} INFO - Started process (PID=22284) to work on /home/airflow/.local/lib/python3.7/site-packages/airflow/example_dags/example_xcomargs.py
[2022-04-30 13:07:07,940] {processor.py:642} INFO - Processing file /home/airflow/.local/lib/python3.7/site-packages/airflow/example_dags/example_xcomargs.py for tasks to queue
[2022-04-30 13:07:07,941] {logging_mixin.py:109} INFO - [2022-04-30 13:07:07,941] {dagbag.py:500} INFO - Filling up the DagBag from /home/airflow/.local/lib/python3.7/site-packages/airflow/example_dags/example_xcomargs.py
[2022-04-30 13:07:07,987] {processor.py:652} INFO - DAG(s) dict_keys(['example_xcom_args', 'example_xcom_args_with_operators']) retrieved from /home/airflow/.local/lib/python3.7/site-packages/airflow/example_dags/example_xcomargs.py
[2022-04-30 13:07:08,407] {logging_mixin.py:109} INFO - [2022-04-30 13:07:08,407] {dag.py:2398} INFO - Sync 2 DAGs
[2022-04-30 13:07:08,436] {logging_mixin.py:109} INFO - [2022-04-30 13:07:08,436] {dag.py:2937} INFO - Setting next_dagrun for example_xcom_args to None
[2022-04-30 13:07:08,437] {logging_mixin.py:109} INFO - [2022-04-30 13:07:08,437] {dag.py:2937} INFO - Setting next_dagrun for example_xcom_args_with_operators to None
[2022-04-30 13:07:08,457] {processor.py:171} INFO - Processing /home/airflow/.local/lib/python3.7/site-packages/airflow/example_dags/example_xcomargs.py took 0.523 seconds
[2022-04-30 13:07:38,738] {processor.py:163} INFO - Started process (PID=22359) to work on /home/airflow/.local/lib/python3.7/site-packages/airflow/example_dags/example_xcomargs.py
[2022-04-30 13:07:38,739] {processor.py:642} INFO - Processing file /home/airflow/.local/lib/python3.7/site-packages/airflow/example_dags/example_xcomargs.py for tasks to queue
[2022-04-30 13:07:38,741] {logging_mixin.py:109} INFO - [2022-04-30 13:07:38,741] {dagbag.py:500} INFO - Filling up the DagBag from /home/airflow/.local/lib/python3.7/site-packages/airflow/example_dags/example_xcomargs.py
[2022-04-30 13:07:38,774] {processor.py:652} INFO - DAG(s) dict_keys(['example_xcom_args', 'example_xcom_args_with_operators']) retrieved from /home/airflow/.local/lib/python3.7/site-packages/airflow/example_dags/example_xcomargs.py
[2022-04-30 13:07:39,130] {logging_mixin.py:109} INFO - [2022-04-30 13:07:39,130] {dag.py:2398} INFO - Sync 2 DAGs
[2022-04-30 13:07:39,154] {logging_mixin.py:109} INFO - [2022-04-30 13:07:39,154] {dag.py:2937} INFO - Setting next_dagrun for example_xcom_args to None
[2022-04-30 13:07:39,154] {logging_mixin.py:109} INFO - [2022-04-30 13:07:39,154] {dag.py:2937} INFO - Setting next_dagrun for example_xcom_args_with_operators to None
[2022-04-30 13:07:39,170] {processor.py:171} INFO - Processing /home/airflow/.local/lib/python3.7/site-packages/airflow/example_dags/example_xcomargs.py took 0.437 seconds
[2022-04-30 13:08:09,984] {processor.py:163} INFO - Started process (PID=22424) to work on /home/airflow/.local/lib/python3.7/site-packages/airflow/example_dags/example_xcomargs.py
[2022-04-30 13:08:09,985] {processor.py:642} INFO - Processing file /home/airflow/.local/lib/python3.7/site-packages/airflow/example_dags/example_xcomargs.py for tasks to queue
[2022-04-30 13:08:09,987] {logging_mixin.py:109} INFO - [2022-04-30 13:08:09,986] {dagbag.py:500} INFO - Filling up the DagBag from /home/airflow/.local/lib/python3.7/site-packages/airflow/example_dags/example_xcomargs.py
[2022-04-30 13:08:10,014] {processor.py:652} INFO - DAG(s) dict_keys(['example_xcom_args', 'example_xcom_args_with_operators']) retrieved from /home/airflow/.local/lib/python3.7/site-packages/airflow/example_dags/example_xcomargs.py
[2022-04-30 13:08:10,357] {logging_mixin.py:109} INFO - [2022-04-30 13:08:10,357] {dag.py:2398} INFO - Sync 2 DAGs
[2022-04-30 13:08:10,380] {logging_mixin.py:109} INFO - [2022-04-30 13:08:10,380] {dag.py:2937} INFO - Setting next_dagrun for example_xcom_args to None
[2022-04-30 13:08:10,417] {logging_mixin.py:109} INFO - [2022-04-30 13:08:10,417] {dag.py:2937} INFO - Setting next_dagrun for example_xcom_args_with_operators to None
[2022-04-30 13:08:10,433] {processor.py:171} INFO - Processing /home/airflow/.local/lib/python3.7/site-packages/airflow/example_dags/example_xcomargs.py took 0.453 seconds
[2022-04-30 13:08:41,260] {processor.py:163} INFO - Started process (PID=22489) to work on /home/airflow/.local/lib/python3.7/site-packages/airflow/example_dags/example_xcomargs.py
[2022-04-30 13:08:41,262] {processor.py:642} INFO - Processing file /home/airflow/.local/lib/python3.7/site-packages/airflow/example_dags/example_xcomargs.py for tasks to queue
[2022-04-30 13:08:41,263] {logging_mixin.py:109} INFO - [2022-04-30 13:08:41,263] {dagbag.py:500} INFO - Filling up the DagBag from /home/airflow/.local/lib/python3.7/site-packages/airflow/example_dags/example_xcomargs.py
[2022-04-30 13:08:41,304] {processor.py:652} INFO - DAG(s) dict_keys(['example_xcom_args', 'example_xcom_args_with_operators']) retrieved from /home/airflow/.local/lib/python3.7/site-packages/airflow/example_dags/example_xcomargs.py
[2022-04-30 13:08:41,652] {logging_mixin.py:109} INFO - [2022-04-30 13:08:41,652] {dag.py:2398} INFO - Sync 2 DAGs
[2022-04-30 13:08:41,676] {logging_mixin.py:109} INFO - [2022-04-30 13:08:41,676] {dag.py:2937} INFO - Setting next_dagrun for example_xcom_args to None
[2022-04-30 13:08:41,677] {logging_mixin.py:109} INFO - [2022-04-30 13:08:41,677] {dag.py:2937} INFO - Setting next_dagrun for example_xcom_args_with_operators to None
[2022-04-30 13:08:41,694] {processor.py:171} INFO - Processing /home/airflow/.local/lib/python3.7/site-packages/airflow/example_dags/example_xcomargs.py took 0.439 seconds
