[2022-04-30 13:03:17,109] {processor.py:163} INFO - Started process (PID=21784) to work on /home/airflow/.local/lib/python3.7/site-packages/airflow/example_dags/example_trigger_controller_dag.py
[2022-04-30 13:03:17,111] {processor.py:642} INFO - Processing file /home/airflow/.local/lib/python3.7/site-packages/airflow/example_dags/example_trigger_controller_dag.py for tasks to queue
[2022-04-30 13:03:17,112] {logging_mixin.py:109} INFO - [2022-04-30 13:03:17,112] {dagbag.py:500} INFO - Filling up the DagBag from /home/airflow/.local/lib/python3.7/site-packages/airflow/example_dags/example_trigger_controller_dag.py
[2022-04-30 13:03:17,129] {processor.py:652} INFO - DAG(s) dict_keys(['example_trigger_controller_dag']) retrieved from /home/airflow/.local/lib/python3.7/site-packages/airflow/example_dags/example_trigger_controller_dag.py
[2022-04-30 13:03:17,160] {logging_mixin.py:109} INFO - [2022-04-30 13:03:17,159] {dag.py:2398} INFO - Sync 1 DAGs
[2022-04-30 13:03:17,186] {logging_mixin.py:109} INFO - [2022-04-30 13:03:17,186] {dag.py:2937} INFO - Setting next_dagrun for example_trigger_controller_dag to 2021-01-01T00:00:00+00:00
[2022-04-30 13:03:17,201] {processor.py:171} INFO - Processing /home/airflow/.local/lib/python3.7/site-packages/airflow/example_dags/example_trigger_controller_dag.py took 0.096 seconds
[2022-04-30 13:03:47,656] {processor.py:163} INFO - Started process (PID=21850) to work on /home/airflow/.local/lib/python3.7/site-packages/airflow/example_dags/example_trigger_controller_dag.py
[2022-04-30 13:03:47,658] {processor.py:642} INFO - Processing file /home/airflow/.local/lib/python3.7/site-packages/airflow/example_dags/example_trigger_controller_dag.py for tasks to queue
[2022-04-30 13:03:47,659] {logging_mixin.py:109} INFO - [2022-04-30 13:03:47,659] {dagbag.py:500} INFO - Filling up the DagBag from /home/airflow/.local/lib/python3.7/site-packages/airflow/example_dags/example_trigger_controller_dag.py
[2022-04-30 13:03:47,680] {processor.py:652} INFO - DAG(s) dict_keys(['example_trigger_controller_dag']) retrieved from /home/airflow/.local/lib/python3.7/site-packages/airflow/example_dags/example_trigger_controller_dag.py
[2022-04-30 13:03:47,710] {logging_mixin.py:109} INFO - [2022-04-30 13:03:47,710] {dag.py:2398} INFO - Sync 1 DAGs
[2022-04-30 13:03:47,735] {logging_mixin.py:109} INFO - [2022-04-30 13:03:47,735] {dag.py:2937} INFO - Setting next_dagrun for example_trigger_controller_dag to 2021-01-01T00:00:00+00:00
[2022-04-30 13:03:47,748] {processor.py:171} INFO - Processing /home/airflow/.local/lib/python3.7/site-packages/airflow/example_dags/example_trigger_controller_dag.py took 0.096 seconds
[2022-04-30 13:04:17,961] {processor.py:163} INFO - Started process (PID=21924) to work on /home/airflow/.local/lib/python3.7/site-packages/airflow/example_dags/example_trigger_controller_dag.py
[2022-04-30 13:04:17,963] {processor.py:642} INFO - Processing file /home/airflow/.local/lib/python3.7/site-packages/airflow/example_dags/example_trigger_controller_dag.py for tasks to queue
[2022-04-30 13:04:17,965] {logging_mixin.py:109} INFO - [2022-04-30 13:04:17,964] {dagbag.py:500} INFO - Filling up the DagBag from /home/airflow/.local/lib/python3.7/site-packages/airflow/example_dags/example_trigger_controller_dag.py
[2022-04-30 13:04:17,987] {processor.py:652} INFO - DAG(s) dict_keys(['example_trigger_controller_dag']) retrieved from /home/airflow/.local/lib/python3.7/site-packages/airflow/example_dags/example_trigger_controller_dag.py
[2022-04-30 13:04:18,021] {logging_mixin.py:109} INFO - [2022-04-30 13:04:18,021] {dag.py:2398} INFO - Sync 1 DAGs
[2022-04-30 13:04:18,054] {logging_mixin.py:109} INFO - [2022-04-30 13:04:18,053] {dag.py:2937} INFO - Setting next_dagrun for example_trigger_controller_dag to 2021-01-01T00:00:00+00:00
[2022-04-30 13:04:18,072] {processor.py:171} INFO - Processing /home/airflow/.local/lib/python3.7/site-packages/airflow/example_dags/example_trigger_controller_dag.py took 0.117 seconds
[2022-04-30 13:04:48,287] {processor.py:163} INFO - Started process (PID=21990) to work on /home/airflow/.local/lib/python3.7/site-packages/airflow/example_dags/example_trigger_controller_dag.py
[2022-04-30 13:04:48,290] {processor.py:642} INFO - Processing file /home/airflow/.local/lib/python3.7/site-packages/airflow/example_dags/example_trigger_controller_dag.py for tasks to queue
[2022-04-30 13:04:48,292] {logging_mixin.py:109} INFO - [2022-04-30 13:04:48,292] {dagbag.py:500} INFO - Filling up the DagBag from /home/airflow/.local/lib/python3.7/site-packages/airflow/example_dags/example_trigger_controller_dag.py
[2022-04-30 13:04:48,316] {processor.py:652} INFO - DAG(s) dict_keys(['example_trigger_controller_dag']) retrieved from /home/airflow/.local/lib/python3.7/site-packages/airflow/example_dags/example_trigger_controller_dag.py
[2022-04-30 13:04:48,346] {logging_mixin.py:109} INFO - [2022-04-30 13:04:48,346] {dag.py:2398} INFO - Sync 1 DAGs
[2022-04-30 13:04:48,375] {logging_mixin.py:109} INFO - [2022-04-30 13:04:48,375] {dag.py:2937} INFO - Setting next_dagrun for example_trigger_controller_dag to 2021-01-01T00:00:00+00:00
[2022-04-30 13:04:48,389] {processor.py:171} INFO - Processing /home/airflow/.local/lib/python3.7/site-packages/airflow/example_dags/example_trigger_controller_dag.py took 0.108 seconds
[2022-04-30 13:05:18,625] {processor.py:163} INFO - Started process (PID=22055) to work on /home/airflow/.local/lib/python3.7/site-packages/airflow/example_dags/example_trigger_controller_dag.py
[2022-04-30 13:05:18,627] {processor.py:642} INFO - Processing file /home/airflow/.local/lib/python3.7/site-packages/airflow/example_dags/example_trigger_controller_dag.py for tasks to queue
[2022-04-30 13:05:18,628] {logging_mixin.py:109} INFO - [2022-04-30 13:05:18,628] {dagbag.py:500} INFO - Filling up the DagBag from /home/airflow/.local/lib/python3.7/site-packages/airflow/example_dags/example_trigger_controller_dag.py
[2022-04-30 13:05:18,647] {processor.py:652} INFO - DAG(s) dict_keys(['example_trigger_controller_dag']) retrieved from /home/airflow/.local/lib/python3.7/site-packages/airflow/example_dags/example_trigger_controller_dag.py
[2022-04-30 13:05:18,679] {logging_mixin.py:109} INFO - [2022-04-30 13:05:18,679] {dag.py:2398} INFO - Sync 1 DAGs
[2022-04-30 13:05:18,706] {logging_mixin.py:109} INFO - [2022-04-30 13:05:18,706] {dag.py:2937} INFO - Setting next_dagrun for example_trigger_controller_dag to 2021-01-01T00:00:00+00:00
[2022-04-30 13:05:18,730] {processor.py:171} INFO - Processing /home/airflow/.local/lib/python3.7/site-packages/airflow/example_dags/example_trigger_controller_dag.py took 0.110 seconds
[2022-04-30 13:05:49,835] {processor.py:163} INFO - Started process (PID=22129) to work on /home/airflow/.local/lib/python3.7/site-packages/airflow/example_dags/example_trigger_controller_dag.py
[2022-04-30 13:05:49,837] {processor.py:642} INFO - Processing file /home/airflow/.local/lib/python3.7/site-packages/airflow/example_dags/example_trigger_controller_dag.py for tasks to queue
[2022-04-30 13:05:49,838] {logging_mixin.py:109} INFO - [2022-04-30 13:05:49,838] {dagbag.py:500} INFO - Filling up the DagBag from /home/airflow/.local/lib/python3.7/site-packages/airflow/example_dags/example_trigger_controller_dag.py
[2022-04-30 13:05:49,862] {processor.py:652} INFO - DAG(s) dict_keys(['example_trigger_controller_dag']) retrieved from /home/airflow/.local/lib/python3.7/site-packages/airflow/example_dags/example_trigger_controller_dag.py
[2022-04-30 13:05:49,893] {logging_mixin.py:109} INFO - [2022-04-30 13:05:49,893] {dag.py:2398} INFO - Sync 1 DAGs
[2022-04-30 13:05:49,923] {logging_mixin.py:109} INFO - [2022-04-30 13:05:49,922] {dag.py:2937} INFO - Setting next_dagrun for example_trigger_controller_dag to 2021-01-01T00:00:00+00:00
[2022-04-30 13:05:49,937] {processor.py:171} INFO - Processing /home/airflow/.local/lib/python3.7/site-packages/airflow/example_dags/example_trigger_controller_dag.py took 0.108 seconds
[2022-04-30 13:06:20,602] {processor.py:163} INFO - Started process (PID=22195) to work on /home/airflow/.local/lib/python3.7/site-packages/airflow/example_dags/example_trigger_controller_dag.py
[2022-04-30 13:06:20,604] {processor.py:642} INFO - Processing file /home/airflow/.local/lib/python3.7/site-packages/airflow/example_dags/example_trigger_controller_dag.py for tasks to queue
[2022-04-30 13:06:20,605] {logging_mixin.py:109} INFO - [2022-04-30 13:06:20,605] {dagbag.py:500} INFO - Filling up the DagBag from /home/airflow/.local/lib/python3.7/site-packages/airflow/example_dags/example_trigger_controller_dag.py
[2022-04-30 13:06:20,627] {processor.py:652} INFO - DAG(s) dict_keys(['example_trigger_controller_dag']) retrieved from /home/airflow/.local/lib/python3.7/site-packages/airflow/example_dags/example_trigger_controller_dag.py
[2022-04-30 13:06:20,659] {logging_mixin.py:109} INFO - [2022-04-30 13:06:20,658] {dag.py:2398} INFO - Sync 1 DAGs
[2022-04-30 13:06:20,682] {logging_mixin.py:109} INFO - [2022-04-30 13:06:20,681] {dag.py:2937} INFO - Setting next_dagrun for example_trigger_controller_dag to 2021-01-01T00:00:00+00:00
[2022-04-30 13:06:20,697] {processor.py:171} INFO - Processing /home/airflow/.local/lib/python3.7/site-packages/airflow/example_dags/example_trigger_controller_dag.py took 0.099 seconds
[2022-04-30 13:06:51,745] {processor.py:163} INFO - Started process (PID=22260) to work on /home/airflow/.local/lib/python3.7/site-packages/airflow/example_dags/example_trigger_controller_dag.py
[2022-04-30 13:06:51,747] {processor.py:642} INFO - Processing file /home/airflow/.local/lib/python3.7/site-packages/airflow/example_dags/example_trigger_controller_dag.py for tasks to queue
[2022-04-30 13:06:51,748] {logging_mixin.py:109} INFO - [2022-04-30 13:06:51,748] {dagbag.py:500} INFO - Filling up the DagBag from /home/airflow/.local/lib/python3.7/site-packages/airflow/example_dags/example_trigger_controller_dag.py
[2022-04-30 13:06:51,771] {processor.py:652} INFO - DAG(s) dict_keys(['example_trigger_controller_dag']) retrieved from /home/airflow/.local/lib/python3.7/site-packages/airflow/example_dags/example_trigger_controller_dag.py
[2022-04-30 13:06:51,799] {logging_mixin.py:109} INFO - [2022-04-30 13:06:51,799] {dag.py:2398} INFO - Sync 1 DAGs
[2022-04-30 13:06:51,821] {logging_mixin.py:109} INFO - [2022-04-30 13:06:51,821] {dag.py:2937} INFO - Setting next_dagrun for example_trigger_controller_dag to 2021-01-01T00:00:00+00:00
[2022-04-30 13:06:51,833] {processor.py:171} INFO - Processing /home/airflow/.local/lib/python3.7/site-packages/airflow/example_dags/example_trigger_controller_dag.py took 0.092 seconds
[2022-04-30 13:07:22,665] {processor.py:163} INFO - Started process (PID=22335) to work on /home/airflow/.local/lib/python3.7/site-packages/airflow/example_dags/example_trigger_controller_dag.py
[2022-04-30 13:07:22,667] {processor.py:642} INFO - Processing file /home/airflow/.local/lib/python3.7/site-packages/airflow/example_dags/example_trigger_controller_dag.py for tasks to queue
[2022-04-30 13:07:22,668] {logging_mixin.py:109} INFO - [2022-04-30 13:07:22,668] {dagbag.py:500} INFO - Filling up the DagBag from /home/airflow/.local/lib/python3.7/site-packages/airflow/example_dags/example_trigger_controller_dag.py
[2022-04-30 13:07:22,697] {processor.py:652} INFO - DAG(s) dict_keys(['example_trigger_controller_dag']) retrieved from /home/airflow/.local/lib/python3.7/site-packages/airflow/example_dags/example_trigger_controller_dag.py
[2022-04-30 13:07:22,732] {logging_mixin.py:109} INFO - [2022-04-30 13:07:22,732] {dag.py:2398} INFO - Sync 1 DAGs
[2022-04-30 13:07:22,762] {logging_mixin.py:109} INFO - [2022-04-30 13:07:22,762] {dag.py:2937} INFO - Setting next_dagrun for example_trigger_controller_dag to 2021-01-01T00:00:00+00:00
[2022-04-30 13:07:22,776] {processor.py:171} INFO - Processing /home/airflow/.local/lib/python3.7/site-packages/airflow/example_dags/example_trigger_controller_dag.py took 0.115 seconds
[2022-04-30 13:07:53,197] {processor.py:163} INFO - Started process (PID=22402) to work on /home/airflow/.local/lib/python3.7/site-packages/airflow/example_dags/example_trigger_controller_dag.py
[2022-04-30 13:07:53,200] {processor.py:642} INFO - Processing file /home/airflow/.local/lib/python3.7/site-packages/airflow/example_dags/example_trigger_controller_dag.py for tasks to queue
[2022-04-30 13:07:53,201] {logging_mixin.py:109} INFO - [2022-04-30 13:07:53,201] {dagbag.py:500} INFO - Filling up the DagBag from /home/airflow/.local/lib/python3.7/site-packages/airflow/example_dags/example_trigger_controller_dag.py
[2022-04-30 13:07:53,219] {processor.py:652} INFO - DAG(s) dict_keys(['example_trigger_controller_dag']) retrieved from /home/airflow/.local/lib/python3.7/site-packages/airflow/example_dags/example_trigger_controller_dag.py
[2022-04-30 13:07:53,245] {logging_mixin.py:109} INFO - [2022-04-30 13:07:53,245] {dag.py:2398} INFO - Sync 1 DAGs
[2022-04-30 13:07:53,266] {logging_mixin.py:109} INFO - [2022-04-30 13:07:53,266] {dag.py:2937} INFO - Setting next_dagrun for example_trigger_controller_dag to 2021-01-01T00:00:00+00:00
[2022-04-30 13:07:53,280] {processor.py:171} INFO - Processing /home/airflow/.local/lib/python3.7/site-packages/airflow/example_dags/example_trigger_controller_dag.py took 0.087 seconds
[2022-04-30 13:08:24,272] {processor.py:163} INFO - Started process (PID=22466) to work on /home/airflow/.local/lib/python3.7/site-packages/airflow/example_dags/example_trigger_controller_dag.py
[2022-04-30 13:08:24,274] {processor.py:642} INFO - Processing file /home/airflow/.local/lib/python3.7/site-packages/airflow/example_dags/example_trigger_controller_dag.py for tasks to queue
[2022-04-30 13:08:24,275] {logging_mixin.py:109} INFO - [2022-04-30 13:08:24,275] {dagbag.py:500} INFO - Filling up the DagBag from /home/airflow/.local/lib/python3.7/site-packages/airflow/example_dags/example_trigger_controller_dag.py
[2022-04-30 13:08:24,292] {processor.py:652} INFO - DAG(s) dict_keys(['example_trigger_controller_dag']) retrieved from /home/airflow/.local/lib/python3.7/site-packages/airflow/example_dags/example_trigger_controller_dag.py
[2022-04-30 13:08:24,319] {logging_mixin.py:109} INFO - [2022-04-30 13:08:24,318] {dag.py:2398} INFO - Sync 1 DAGs
[2022-04-30 13:08:24,343] {logging_mixin.py:109} INFO - [2022-04-30 13:08:24,343] {dag.py:2937} INFO - Setting next_dagrun for example_trigger_controller_dag to 2021-01-01T00:00:00+00:00
[2022-04-30 13:08:24,363] {processor.py:171} INFO - Processing /home/airflow/.local/lib/python3.7/site-packages/airflow/example_dags/example_trigger_controller_dag.py took 0.094 seconds
[2022-04-30 13:08:55,221] {processor.py:163} INFO - Started process (PID=22532) to work on /home/airflow/.local/lib/python3.7/site-packages/airflow/example_dags/example_trigger_controller_dag.py
[2022-04-30 13:08:55,223] {processor.py:642} INFO - Processing file /home/airflow/.local/lib/python3.7/site-packages/airflow/example_dags/example_trigger_controller_dag.py for tasks to queue
[2022-04-30 13:08:55,224] {logging_mixin.py:109} INFO - [2022-04-30 13:08:55,224] {dagbag.py:500} INFO - Filling up the DagBag from /home/airflow/.local/lib/python3.7/site-packages/airflow/example_dags/example_trigger_controller_dag.py
[2022-04-30 13:08:55,248] {processor.py:652} INFO - DAG(s) dict_keys(['example_trigger_controller_dag']) retrieved from /home/airflow/.local/lib/python3.7/site-packages/airflow/example_dags/example_trigger_controller_dag.py
[2022-04-30 13:08:55,281] {logging_mixin.py:109} INFO - [2022-04-30 13:08:55,281] {dag.py:2398} INFO - Sync 1 DAGs
[2022-04-30 13:08:55,307] {logging_mixin.py:109} INFO - [2022-04-30 13:08:55,307] {dag.py:2937} INFO - Setting next_dagrun for example_trigger_controller_dag to 2021-01-01T00:00:00+00:00
[2022-04-30 13:08:55,320] {processor.py:171} INFO - Processing /home/airflow/.local/lib/python3.7/site-packages/airflow/example_dags/example_trigger_controller_dag.py took 0.103 seconds
[2022-04-30 13:09:26,190] {processor.py:163} INFO - Started process (PID=22605) to work on /home/airflow/.local/lib/python3.7/site-packages/airflow/example_dags/example_trigger_controller_dag.py
[2022-04-30 13:09:26,191] {processor.py:642} INFO - Processing file /home/airflow/.local/lib/python3.7/site-packages/airflow/example_dags/example_trigger_controller_dag.py for tasks to queue
[2022-04-30 13:09:26,192] {logging_mixin.py:109} INFO - [2022-04-30 13:09:26,192] {dagbag.py:500} INFO - Filling up the DagBag from /home/airflow/.local/lib/python3.7/site-packages/airflow/example_dags/example_trigger_controller_dag.py
[2022-04-30 13:09:26,210] {processor.py:652} INFO - DAG(s) dict_keys(['example_trigger_controller_dag']) retrieved from /home/airflow/.local/lib/python3.7/site-packages/airflow/example_dags/example_trigger_controller_dag.py
[2022-04-30 13:09:26,237] {logging_mixin.py:109} INFO - [2022-04-30 13:09:26,237] {dag.py:2398} INFO - Sync 1 DAGs
[2022-04-30 13:09:26,262] {logging_mixin.py:109} INFO - [2022-04-30 13:09:26,262] {dag.py:2937} INFO - Setting next_dagrun for example_trigger_controller_dag to 2021-01-01T00:00:00+00:00
[2022-04-30 13:09:26,279] {processor.py:171} INFO - Processing /home/airflow/.local/lib/python3.7/site-packages/airflow/example_dags/example_trigger_controller_dag.py took 0.093 seconds
[2022-04-30 13:09:57,179] {processor.py:163} INFO - Started process (PID=22671) to work on /home/airflow/.local/lib/python3.7/site-packages/airflow/example_dags/example_trigger_controller_dag.py
[2022-04-30 13:09:57,181] {processor.py:642} INFO - Processing file /home/airflow/.local/lib/python3.7/site-packages/airflow/example_dags/example_trigger_controller_dag.py for tasks to queue
[2022-04-30 13:09:57,182] {logging_mixin.py:109} INFO - [2022-04-30 13:09:57,182] {dagbag.py:500} INFO - Filling up the DagBag from /home/airflow/.local/lib/python3.7/site-packages/airflow/example_dags/example_trigger_controller_dag.py
[2022-04-30 13:09:57,199] {processor.py:652} INFO - DAG(s) dict_keys(['example_trigger_controller_dag']) retrieved from /home/airflow/.local/lib/python3.7/site-packages/airflow/example_dags/example_trigger_controller_dag.py
[2022-04-30 13:09:57,226] {logging_mixin.py:109} INFO - [2022-04-30 13:09:57,226] {dag.py:2398} INFO - Sync 1 DAGs
[2022-04-30 13:09:57,248] {logging_mixin.py:109} INFO - [2022-04-30 13:09:57,248] {dag.py:2937} INFO - Setting next_dagrun for example_trigger_controller_dag to 2021-01-01T00:00:00+00:00
[2022-04-30 13:09:57,262] {processor.py:171} INFO - Processing /home/airflow/.local/lib/python3.7/site-packages/airflow/example_dags/example_trigger_controller_dag.py took 0.087 seconds
[2022-04-30 13:10:28,131] {processor.py:163} INFO - Started process (PID=22735) to work on /home/airflow/.local/lib/python3.7/site-packages/airflow/example_dags/example_trigger_controller_dag.py
[2022-04-30 13:10:28,133] {processor.py:642} INFO - Processing file /home/airflow/.local/lib/python3.7/site-packages/airflow/example_dags/example_trigger_controller_dag.py for tasks to queue
[2022-04-30 13:10:28,134] {logging_mixin.py:109} INFO - [2022-04-30 13:10:28,134] {dagbag.py:500} INFO - Filling up the DagBag from /home/airflow/.local/lib/python3.7/site-packages/airflow/example_dags/example_trigger_controller_dag.py
[2022-04-30 13:10:28,156] {processor.py:652} INFO - DAG(s) dict_keys(['example_trigger_controller_dag']) retrieved from /home/airflow/.local/lib/python3.7/site-packages/airflow/example_dags/example_trigger_controller_dag.py
[2022-04-30 13:10:28,181] {logging_mixin.py:109} INFO - [2022-04-30 13:10:28,181] {dag.py:2398} INFO - Sync 1 DAGs
[2022-04-30 13:10:28,206] {logging_mixin.py:109} INFO - [2022-04-30 13:10:28,206] {dag.py:2937} INFO - Setting next_dagrun for example_trigger_controller_dag to 2021-01-01T00:00:00+00:00
[2022-04-30 13:10:28,226] {processor.py:171} INFO - Processing /home/airflow/.local/lib/python3.7/site-packages/airflow/example_dags/example_trigger_controller_dag.py took 0.099 seconds
