[2022-04-30 13:03:15,376] {processor.py:163} INFO - Started process (PID=21777) to work on /home/airflow/.local/lib/python3.7/site-packages/airflow/example_dags/example_nested_branch_dag.py
[2022-04-30 13:03:15,378] {processor.py:642} INFO - Processing file /home/airflow/.local/lib/python3.7/site-packages/airflow/example_dags/example_nested_branch_dag.py for tasks to queue
[2022-04-30 13:03:15,379] {logging_mixin.py:109} INFO - [2022-04-30 13:03:15,379] {dagbag.py:500} INFO - Filling up the DagBag from /home/airflow/.local/lib/python3.7/site-packages/airflow/example_dags/example_nested_branch_dag.py
[2022-04-30 13:03:15,418] {processor.py:652} INFO - DAG(s) dict_keys(['example_nested_branch_dag']) retrieved from /home/airflow/.local/lib/python3.7/site-packages/airflow/example_dags/example_nested_branch_dag.py
[2022-04-30 13:03:15,455] {logging_mixin.py:109} INFO - [2022-04-30 13:03:15,455] {dag.py:2398} INFO - Sync 1 DAGs
[2022-04-30 13:03:15,480] {logging_mixin.py:109} INFO - [2022-04-30 13:03:15,480] {dag.py:2937} INFO - Setting next_dagrun for example_nested_branch_dag to 2022-04-29 00:00:00+00:00
[2022-04-30 13:03:15,495] {processor.py:171} INFO - Processing /home/airflow/.local/lib/python3.7/site-packages/airflow/example_dags/example_nested_branch_dag.py took 0.124 seconds
[2022-04-30 13:03:45,960] {processor.py:163} INFO - Started process (PID=21842) to work on /home/airflow/.local/lib/python3.7/site-packages/airflow/example_dags/example_nested_branch_dag.py
[2022-04-30 13:03:45,963] {processor.py:642} INFO - Processing file /home/airflow/.local/lib/python3.7/site-packages/airflow/example_dags/example_nested_branch_dag.py for tasks to queue
[2022-04-30 13:03:45,965] {logging_mixin.py:109} INFO - [2022-04-30 13:03:45,964] {dagbag.py:500} INFO - Filling up the DagBag from /home/airflow/.local/lib/python3.7/site-packages/airflow/example_dags/example_nested_branch_dag.py
[2022-04-30 13:03:46,001] {processor.py:652} INFO - DAG(s) dict_keys(['example_nested_branch_dag']) retrieved from /home/airflow/.local/lib/python3.7/site-packages/airflow/example_dags/example_nested_branch_dag.py
[2022-04-30 13:03:46,039] {logging_mixin.py:109} INFO - [2022-04-30 13:03:46,038] {dag.py:2398} INFO - Sync 1 DAGs
[2022-04-30 13:03:46,067] {logging_mixin.py:109} INFO - [2022-04-30 13:03:46,067] {dag.py:2937} INFO - Setting next_dagrun for example_nested_branch_dag to 2022-04-29 00:00:00+00:00
[2022-04-30 13:03:46,084] {processor.py:171} INFO - Processing /home/airflow/.local/lib/python3.7/site-packages/airflow/example_dags/example_nested_branch_dag.py took 0.130 seconds
[2022-04-30 13:04:17,412] {processor.py:163} INFO - Started process (PID=21918) to work on /home/airflow/.local/lib/python3.7/site-packages/airflow/example_dags/example_nested_branch_dag.py
[2022-04-30 13:04:17,415] {processor.py:642} INFO - Processing file /home/airflow/.local/lib/python3.7/site-packages/airflow/example_dags/example_nested_branch_dag.py for tasks to queue
[2022-04-30 13:04:17,416] {logging_mixin.py:109} INFO - [2022-04-30 13:04:17,416] {dagbag.py:500} INFO - Filling up the DagBag from /home/airflow/.local/lib/python3.7/site-packages/airflow/example_dags/example_nested_branch_dag.py
[2022-04-30 13:04:17,452] {processor.py:652} INFO - DAG(s) dict_keys(['example_nested_branch_dag']) retrieved from /home/airflow/.local/lib/python3.7/site-packages/airflow/example_dags/example_nested_branch_dag.py
[2022-04-30 13:04:17,490] {logging_mixin.py:109} INFO - [2022-04-30 13:04:17,490] {dag.py:2398} INFO - Sync 1 DAGs
[2022-04-30 13:04:17,532] {logging_mixin.py:109} INFO - [2022-04-30 13:04:17,532] {dag.py:2937} INFO - Setting next_dagrun for example_nested_branch_dag to 2022-04-29 00:00:00+00:00
[2022-04-30 13:04:17,553] {processor.py:171} INFO - Processing /home/airflow/.local/lib/python3.7/site-packages/airflow/example_dags/example_nested_branch_dag.py took 0.146 seconds
[2022-04-30 13:04:47,660] {processor.py:163} INFO - Started process (PID=21983) to work on /home/airflow/.local/lib/python3.7/site-packages/airflow/example_dags/example_nested_branch_dag.py
[2022-04-30 13:04:47,661] {processor.py:642} INFO - Processing file /home/airflow/.local/lib/python3.7/site-packages/airflow/example_dags/example_nested_branch_dag.py for tasks to queue
[2022-04-30 13:04:47,662] {logging_mixin.py:109} INFO - [2022-04-30 13:04:47,662] {dagbag.py:500} INFO - Filling up the DagBag from /home/airflow/.local/lib/python3.7/site-packages/airflow/example_dags/example_nested_branch_dag.py
[2022-04-30 13:04:47,692] {processor.py:652} INFO - DAG(s) dict_keys(['example_nested_branch_dag']) retrieved from /home/airflow/.local/lib/python3.7/site-packages/airflow/example_dags/example_nested_branch_dag.py
[2022-04-30 13:04:47,724] {logging_mixin.py:109} INFO - [2022-04-30 13:04:47,724] {dag.py:2398} INFO - Sync 1 DAGs
[2022-04-30 13:04:47,755] {logging_mixin.py:109} INFO - [2022-04-30 13:04:47,755] {dag.py:2937} INFO - Setting next_dagrun for example_nested_branch_dag to 2022-04-29 00:00:00+00:00
[2022-04-30 13:04:47,768] {processor.py:171} INFO - Processing /home/airflow/.local/lib/python3.7/site-packages/airflow/example_dags/example_nested_branch_dag.py took 0.113 seconds
[2022-04-30 13:05:18,122] {processor.py:163} INFO - Started process (PID=22048) to work on /home/airflow/.local/lib/python3.7/site-packages/airflow/example_dags/example_nested_branch_dag.py
[2022-04-30 13:05:18,124] {processor.py:642} INFO - Processing file /home/airflow/.local/lib/python3.7/site-packages/airflow/example_dags/example_nested_branch_dag.py for tasks to queue
[2022-04-30 13:05:18,125] {logging_mixin.py:109} INFO - [2022-04-30 13:05:18,125] {dagbag.py:500} INFO - Filling up the DagBag from /home/airflow/.local/lib/python3.7/site-packages/airflow/example_dags/example_nested_branch_dag.py
[2022-04-30 13:05:18,153] {processor.py:652} INFO - DAG(s) dict_keys(['example_nested_branch_dag']) retrieved from /home/airflow/.local/lib/python3.7/site-packages/airflow/example_dags/example_nested_branch_dag.py
[2022-04-30 13:05:18,182] {logging_mixin.py:109} INFO - [2022-04-30 13:05:18,182] {dag.py:2398} INFO - Sync 1 DAGs
[2022-04-30 13:05:18,205] {logging_mixin.py:109} INFO - [2022-04-30 13:05:18,205] {dag.py:2937} INFO - Setting next_dagrun for example_nested_branch_dag to 2022-04-29 00:00:00+00:00
[2022-04-30 13:05:18,217] {processor.py:171} INFO - Processing /home/airflow/.local/lib/python3.7/site-packages/airflow/example_dags/example_nested_branch_dag.py took 0.099 seconds
[2022-04-30 13:05:49,404] {processor.py:163} INFO - Started process (PID=22124) to work on /home/airflow/.local/lib/python3.7/site-packages/airflow/example_dags/example_nested_branch_dag.py
[2022-04-30 13:05:49,406] {processor.py:642} INFO - Processing file /home/airflow/.local/lib/python3.7/site-packages/airflow/example_dags/example_nested_branch_dag.py for tasks to queue
[2022-04-30 13:05:49,408] {logging_mixin.py:109} INFO - [2022-04-30 13:05:49,408] {dagbag.py:500} INFO - Filling up the DagBag from /home/airflow/.local/lib/python3.7/site-packages/airflow/example_dags/example_nested_branch_dag.py
[2022-04-30 13:05:49,444] {processor.py:652} INFO - DAG(s) dict_keys(['example_nested_branch_dag']) retrieved from /home/airflow/.local/lib/python3.7/site-packages/airflow/example_dags/example_nested_branch_dag.py
[2022-04-30 13:05:49,475] {logging_mixin.py:109} INFO - [2022-04-30 13:05:49,475] {dag.py:2398} INFO - Sync 1 DAGs
[2022-04-30 13:05:49,504] {logging_mixin.py:109} INFO - [2022-04-30 13:05:49,504] {dag.py:2937} INFO - Setting next_dagrun for example_nested_branch_dag to 2022-04-29 00:00:00+00:00
[2022-04-30 13:05:49,522] {processor.py:171} INFO - Processing /home/airflow/.local/lib/python3.7/site-packages/airflow/example_dags/example_nested_branch_dag.py took 0.124 seconds
[2022-04-30 13:06:20,214] {processor.py:163} INFO - Started process (PID=22190) to work on /home/airflow/.local/lib/python3.7/site-packages/airflow/example_dags/example_nested_branch_dag.py
[2022-04-30 13:06:20,215] {processor.py:642} INFO - Processing file /home/airflow/.local/lib/python3.7/site-packages/airflow/example_dags/example_nested_branch_dag.py for tasks to queue
[2022-04-30 13:06:20,217] {logging_mixin.py:109} INFO - [2022-04-30 13:06:20,216] {dagbag.py:500} INFO - Filling up the DagBag from /home/airflow/.local/lib/python3.7/site-packages/airflow/example_dags/example_nested_branch_dag.py
[2022-04-30 13:06:20,248] {processor.py:652} INFO - DAG(s) dict_keys(['example_nested_branch_dag']) retrieved from /home/airflow/.local/lib/python3.7/site-packages/airflow/example_dags/example_nested_branch_dag.py
[2022-04-30 13:06:20,283] {logging_mixin.py:109} INFO - [2022-04-30 13:06:20,282] {dag.py:2398} INFO - Sync 1 DAGs
[2022-04-30 13:06:20,311] {logging_mixin.py:109} INFO - [2022-04-30 13:06:20,311] {dag.py:2937} INFO - Setting next_dagrun for example_nested_branch_dag to 2022-04-29 00:00:00+00:00
[2022-04-30 13:06:20,327] {processor.py:171} INFO - Processing /home/airflow/.local/lib/python3.7/site-packages/airflow/example_dags/example_nested_branch_dag.py took 0.118 seconds
[2022-04-30 13:06:51,351] {processor.py:163} INFO - Started process (PID=22255) to work on /home/airflow/.local/lib/python3.7/site-packages/airflow/example_dags/example_nested_branch_dag.py
[2022-04-30 13:06:51,353] {processor.py:642} INFO - Processing file /home/airflow/.local/lib/python3.7/site-packages/airflow/example_dags/example_nested_branch_dag.py for tasks to queue
[2022-04-30 13:06:51,354] {logging_mixin.py:109} INFO - [2022-04-30 13:06:51,354] {dagbag.py:500} INFO - Filling up the DagBag from /home/airflow/.local/lib/python3.7/site-packages/airflow/example_dags/example_nested_branch_dag.py
[2022-04-30 13:06:51,382] {processor.py:652} INFO - DAG(s) dict_keys(['example_nested_branch_dag']) retrieved from /home/airflow/.local/lib/python3.7/site-packages/airflow/example_dags/example_nested_branch_dag.py
[2022-04-30 13:06:51,412] {logging_mixin.py:109} INFO - [2022-04-30 13:06:51,412] {dag.py:2398} INFO - Sync 1 DAGs
[2022-04-30 13:06:51,441] {logging_mixin.py:109} INFO - [2022-04-30 13:06:51,441] {dag.py:2937} INFO - Setting next_dagrun for example_nested_branch_dag to 2022-04-29 00:00:00+00:00
[2022-04-30 13:06:51,465] {processor.py:171} INFO - Processing /home/airflow/.local/lib/python3.7/site-packages/airflow/example_dags/example_nested_branch_dag.py took 0.120 seconds
[2022-04-30 13:07:22,070] {processor.py:163} INFO - Started process (PID=22330) to work on /home/airflow/.local/lib/python3.7/site-packages/airflow/example_dags/example_nested_branch_dag.py
[2022-04-30 13:07:22,072] {processor.py:642} INFO - Processing file /home/airflow/.local/lib/python3.7/site-packages/airflow/example_dags/example_nested_branch_dag.py for tasks to queue
[2022-04-30 13:07:22,073] {logging_mixin.py:109} INFO - [2022-04-30 13:07:22,073] {dagbag.py:500} INFO - Filling up the DagBag from /home/airflow/.local/lib/python3.7/site-packages/airflow/example_dags/example_nested_branch_dag.py
[2022-04-30 13:07:22,108] {processor.py:652} INFO - DAG(s) dict_keys(['example_nested_branch_dag']) retrieved from /home/airflow/.local/lib/python3.7/site-packages/airflow/example_dags/example_nested_branch_dag.py
[2022-04-30 13:07:22,142] {logging_mixin.py:109} INFO - [2022-04-30 13:07:22,142] {dag.py:2398} INFO - Sync 1 DAGs
[2022-04-30 13:07:22,180] {logging_mixin.py:109} INFO - [2022-04-30 13:07:22,180] {dag.py:2937} INFO - Setting next_dagrun for example_nested_branch_dag to 2022-04-29 00:00:00+00:00
[2022-04-30 13:07:22,204] {processor.py:171} INFO - Processing /home/airflow/.local/lib/python3.7/site-packages/airflow/example_dags/example_nested_branch_dag.py took 0.139 seconds
[2022-04-30 13:07:52,608] {processor.py:163} INFO - Started process (PID=22395) to work on /home/airflow/.local/lib/python3.7/site-packages/airflow/example_dags/example_nested_branch_dag.py
[2022-04-30 13:07:52,610] {processor.py:642} INFO - Processing file /home/airflow/.local/lib/python3.7/site-packages/airflow/example_dags/example_nested_branch_dag.py for tasks to queue
[2022-04-30 13:07:52,611] {logging_mixin.py:109} INFO - [2022-04-30 13:07:52,611] {dagbag.py:500} INFO - Filling up the DagBag from /home/airflow/.local/lib/python3.7/site-packages/airflow/example_dags/example_nested_branch_dag.py
[2022-04-30 13:07:52,636] {processor.py:652} INFO - DAG(s) dict_keys(['example_nested_branch_dag']) retrieved from /home/airflow/.local/lib/python3.7/site-packages/airflow/example_dags/example_nested_branch_dag.py
[2022-04-30 13:07:52,664] {logging_mixin.py:109} INFO - [2022-04-30 13:07:52,664] {dag.py:2398} INFO - Sync 1 DAGs
[2022-04-30 13:07:52,694] {logging_mixin.py:109} INFO - [2022-04-30 13:07:52,694] {dag.py:2937} INFO - Setting next_dagrun for example_nested_branch_dag to 2022-04-29 00:00:00+00:00
[2022-04-30 13:07:52,709] {processor.py:171} INFO - Processing /home/airflow/.local/lib/python3.7/site-packages/airflow/example_dags/example_nested_branch_dag.py took 0.106 seconds
[2022-04-30 13:08:23,822] {processor.py:163} INFO - Started process (PID=22461) to work on /home/airflow/.local/lib/python3.7/site-packages/airflow/example_dags/example_nested_branch_dag.py
[2022-04-30 13:08:23,824] {processor.py:642} INFO - Processing file /home/airflow/.local/lib/python3.7/site-packages/airflow/example_dags/example_nested_branch_dag.py for tasks to queue
[2022-04-30 13:08:23,826] {logging_mixin.py:109} INFO - [2022-04-30 13:08:23,825] {dagbag.py:500} INFO - Filling up the DagBag from /home/airflow/.local/lib/python3.7/site-packages/airflow/example_dags/example_nested_branch_dag.py
[2022-04-30 13:08:23,852] {processor.py:652} INFO - DAG(s) dict_keys(['example_nested_branch_dag']) retrieved from /home/airflow/.local/lib/python3.7/site-packages/airflow/example_dags/example_nested_branch_dag.py
[2022-04-30 13:08:23,881] {logging_mixin.py:109} INFO - [2022-04-30 13:08:23,881] {dag.py:2398} INFO - Sync 1 DAGs
[2022-04-30 13:08:23,907] {logging_mixin.py:109} INFO - [2022-04-30 13:08:23,907] {dag.py:2937} INFO - Setting next_dagrun for example_nested_branch_dag to 2022-04-29 00:00:00+00:00
[2022-04-30 13:08:23,923] {processor.py:171} INFO - Processing /home/airflow/.local/lib/python3.7/site-packages/airflow/example_dags/example_nested_branch_dag.py took 0.105 seconds
[2022-04-30 13:08:54,944] {processor.py:163} INFO - Started process (PID=22527) to work on /home/airflow/.local/lib/python3.7/site-packages/airflow/example_dags/example_nested_branch_dag.py
[2022-04-30 13:08:54,945] {processor.py:642} INFO - Processing file /home/airflow/.local/lib/python3.7/site-packages/airflow/example_dags/example_nested_branch_dag.py for tasks to queue
[2022-04-30 13:08:54,946] {logging_mixin.py:109} INFO - [2022-04-30 13:08:54,946] {dagbag.py:500} INFO - Filling up the DagBag from /home/airflow/.local/lib/python3.7/site-packages/airflow/example_dags/example_nested_branch_dag.py
[2022-04-30 13:08:54,972] {processor.py:652} INFO - DAG(s) dict_keys(['example_nested_branch_dag']) retrieved from /home/airflow/.local/lib/python3.7/site-packages/airflow/example_dags/example_nested_branch_dag.py
[2022-04-30 13:08:55,002] {logging_mixin.py:109} INFO - [2022-04-30 13:08:55,001] {dag.py:2398} INFO - Sync 1 DAGs
[2022-04-30 13:08:55,031] {logging_mixin.py:109} INFO - [2022-04-30 13:08:55,031] {dag.py:2937} INFO - Setting next_dagrun for example_nested_branch_dag to 2022-04-29 00:00:00+00:00
[2022-04-30 13:08:55,045] {processor.py:171} INFO - Processing /home/airflow/.local/lib/python3.7/site-packages/airflow/example_dags/example_nested_branch_dag.py took 0.106 seconds
