[2022-04-30 13:03:14,851] {processor.py:163} INFO - Started process (PID=21769) to work on /home/airflow/.local/lib/python3.7/site-packages/airflow/example_dags/example_complex.py
[2022-04-30 13:03:14,853] {processor.py:642} INFO - Processing file /home/airflow/.local/lib/python3.7/site-packages/airflow/example_dags/example_complex.py for tasks to queue
[2022-04-30 13:03:14,854] {logging_mixin.py:109} INFO - [2022-04-30 13:03:14,854] {dagbag.py:500} INFO - Filling up the DagBag from /home/airflow/.local/lib/python3.7/site-packages/airflow/example_dags/example_complex.py
[2022-04-30 13:03:14,885] {processor.py:652} INFO - DAG(s) dict_keys(['example_complex']) retrieved from /home/airflow/.local/lib/python3.7/site-packages/airflow/example_dags/example_complex.py
[2022-04-30 13:03:14,928] {logging_mixin.py:109} INFO - [2022-04-30 13:03:14,928] {dag.py:2398} INFO - Sync 1 DAGs
[2022-04-30 13:03:14,950] {logging_mixin.py:109} INFO - [2022-04-30 13:03:14,950] {dag.py:2937} INFO - Setting next_dagrun for example_complex to None
[2022-04-30 13:03:14,962] {processor.py:171} INFO - Processing /home/airflow/.local/lib/python3.7/site-packages/airflow/example_dags/example_complex.py took 0.114 seconds
[2022-04-30 13:03:45,336] {processor.py:163} INFO - Started process (PID=21834) to work on /home/airflow/.local/lib/python3.7/site-packages/airflow/example_dags/example_complex.py
[2022-04-30 13:03:45,337] {processor.py:642} INFO - Processing file /home/airflow/.local/lib/python3.7/site-packages/airflow/example_dags/example_complex.py for tasks to queue
[2022-04-30 13:03:45,338] {logging_mixin.py:109} INFO - [2022-04-30 13:03:45,338] {dagbag.py:500} INFO - Filling up the DagBag from /home/airflow/.local/lib/python3.7/site-packages/airflow/example_dags/example_complex.py
[2022-04-30 13:03:45,370] {processor.py:652} INFO - DAG(s) dict_keys(['example_complex']) retrieved from /home/airflow/.local/lib/python3.7/site-packages/airflow/example_dags/example_complex.py
[2022-04-30 13:03:45,414] {logging_mixin.py:109} INFO - [2022-04-30 13:03:45,413] {dag.py:2398} INFO - Sync 1 DAGs
[2022-04-30 13:03:45,439] {logging_mixin.py:109} INFO - [2022-04-30 13:03:45,439] {dag.py:2937} INFO - Setting next_dagrun for example_complex to None
[2022-04-30 13:03:45,456] {processor.py:171} INFO - Processing /home/airflow/.local/lib/python3.7/site-packages/airflow/example_dags/example_complex.py took 0.124 seconds
[2022-04-30 13:04:16,689] {processor.py:163} INFO - Started process (PID=21909) to work on /home/airflow/.local/lib/python3.7/site-packages/airflow/example_dags/example_complex.py
[2022-04-30 13:04:16,691] {processor.py:642} INFO - Processing file /home/airflow/.local/lib/python3.7/site-packages/airflow/example_dags/example_complex.py for tasks to queue
[2022-04-30 13:04:16,692] {logging_mixin.py:109} INFO - [2022-04-30 13:04:16,692] {dagbag.py:500} INFO - Filling up the DagBag from /home/airflow/.local/lib/python3.7/site-packages/airflow/example_dags/example_complex.py
[2022-04-30 13:04:16,736] {processor.py:652} INFO - DAG(s) dict_keys(['example_complex']) retrieved from /home/airflow/.local/lib/python3.7/site-packages/airflow/example_dags/example_complex.py
[2022-04-30 13:04:16,778] {logging_mixin.py:109} INFO - [2022-04-30 13:04:16,778] {dag.py:2398} INFO - Sync 1 DAGs
[2022-04-30 13:04:16,809] {logging_mixin.py:109} INFO - [2022-04-30 13:04:16,809] {dag.py:2937} INFO - Setting next_dagrun for example_complex to None
[2022-04-30 13:04:16,826] {processor.py:171} INFO - Processing /home/airflow/.local/lib/python3.7/site-packages/airflow/example_dags/example_complex.py took 0.140 seconds
[2022-04-30 13:04:47,148] {processor.py:163} INFO - Started process (PID=21975) to work on /home/airflow/.local/lib/python3.7/site-packages/airflow/example_dags/example_complex.py
[2022-04-30 13:04:47,150] {processor.py:642} INFO - Processing file /home/airflow/.local/lib/python3.7/site-packages/airflow/example_dags/example_complex.py for tasks to queue
[2022-04-30 13:04:47,151] {logging_mixin.py:109} INFO - [2022-04-30 13:04:47,151] {dagbag.py:500} INFO - Filling up the DagBag from /home/airflow/.local/lib/python3.7/site-packages/airflow/example_dags/example_complex.py
[2022-04-30 13:04:47,180] {processor.py:652} INFO - DAG(s) dict_keys(['example_complex']) retrieved from /home/airflow/.local/lib/python3.7/site-packages/airflow/example_dags/example_complex.py
[2022-04-30 13:04:47,215] {logging_mixin.py:109} INFO - [2022-04-30 13:04:47,214] {dag.py:2398} INFO - Sync 1 DAGs
[2022-04-30 13:04:47,240] {logging_mixin.py:109} INFO - [2022-04-30 13:04:47,240] {dag.py:2937} INFO - Setting next_dagrun for example_complex to None
[2022-04-30 13:04:47,254] {processor.py:171} INFO - Processing /home/airflow/.local/lib/python3.7/site-packages/airflow/example_dags/example_complex.py took 0.109 seconds
[2022-04-30 13:05:17,665] {processor.py:163} INFO - Started process (PID=22040) to work on /home/airflow/.local/lib/python3.7/site-packages/airflow/example_dags/example_complex.py
[2022-04-30 13:05:17,666] {processor.py:642} INFO - Processing file /home/airflow/.local/lib/python3.7/site-packages/airflow/example_dags/example_complex.py for tasks to queue
[2022-04-30 13:05:17,667] {logging_mixin.py:109} INFO - [2022-04-30 13:05:17,667] {dagbag.py:500} INFO - Filling up the DagBag from /home/airflow/.local/lib/python3.7/site-packages/airflow/example_dags/example_complex.py
[2022-04-30 13:05:17,705] {processor.py:652} INFO - DAG(s) dict_keys(['example_complex']) retrieved from /home/airflow/.local/lib/python3.7/site-packages/airflow/example_dags/example_complex.py
[2022-04-30 13:05:17,743] {logging_mixin.py:109} INFO - [2022-04-30 13:05:17,743] {dag.py:2398} INFO - Sync 1 DAGs
[2022-04-30 13:05:17,765] {logging_mixin.py:109} INFO - [2022-04-30 13:05:17,765] {dag.py:2937} INFO - Setting next_dagrun for example_complex to None
[2022-04-30 13:05:17,780] {processor.py:171} INFO - Processing /home/airflow/.local/lib/python3.7/site-packages/airflow/example_dags/example_complex.py took 0.118 seconds
[2022-04-30 13:05:48,589] {processor.py:163} INFO - Started process (PID=22104) to work on /home/airflow/.local/lib/python3.7/site-packages/airflow/example_dags/example_complex.py
[2022-04-30 13:05:48,591] {processor.py:642} INFO - Processing file /home/airflow/.local/lib/python3.7/site-packages/airflow/example_dags/example_complex.py for tasks to queue
[2022-04-30 13:05:48,592] {logging_mixin.py:109} INFO - [2022-04-30 13:05:48,592] {dagbag.py:500} INFO - Filling up the DagBag from /home/airflow/.local/lib/python3.7/site-packages/airflow/example_dags/example_complex.py
[2022-04-30 13:05:48,625] {processor.py:652} INFO - DAG(s) dict_keys(['example_complex']) retrieved from /home/airflow/.local/lib/python3.7/site-packages/airflow/example_dags/example_complex.py
[2022-04-30 13:05:48,668] {logging_mixin.py:109} INFO - [2022-04-30 13:05:48,668] {dag.py:2398} INFO - Sync 1 DAGs
[2022-04-30 13:05:48,692] {logging_mixin.py:109} INFO - [2022-04-30 13:05:48,692] {dag.py:2937} INFO - Setting next_dagrun for example_complex to None
[2022-04-30 13:05:48,715] {processor.py:171} INFO - Processing /home/airflow/.local/lib/python3.7/site-packages/airflow/example_dags/example_complex.py took 0.129 seconds
[2022-04-30 13:06:19,520] {processor.py:163} INFO - Started process (PID=22180) to work on /home/airflow/.local/lib/python3.7/site-packages/airflow/example_dags/example_complex.py
[2022-04-30 13:06:19,521] {processor.py:642} INFO - Processing file /home/airflow/.local/lib/python3.7/site-packages/airflow/example_dags/example_complex.py for tasks to queue
[2022-04-30 13:06:19,522] {logging_mixin.py:109} INFO - [2022-04-30 13:06:19,522] {dagbag.py:500} INFO - Filling up the DagBag from /home/airflow/.local/lib/python3.7/site-packages/airflow/example_dags/example_complex.py
[2022-04-30 13:06:19,554] {processor.py:652} INFO - DAG(s) dict_keys(['example_complex']) retrieved from /home/airflow/.local/lib/python3.7/site-packages/airflow/example_dags/example_complex.py
[2022-04-30 13:06:19,592] {logging_mixin.py:109} INFO - [2022-04-30 13:06:19,592] {dag.py:2398} INFO - Sync 1 DAGs
[2022-04-30 13:06:19,616] {logging_mixin.py:109} INFO - [2022-04-30 13:06:19,616] {dag.py:2937} INFO - Setting next_dagrun for example_complex to None
[2022-04-30 13:06:19,628] {processor.py:171} INFO - Processing /home/airflow/.local/lib/python3.7/site-packages/airflow/example_dags/example_complex.py took 0.112 seconds
[2022-04-30 13:06:50,621] {processor.py:163} INFO - Started process (PID=22246) to work on /home/airflow/.local/lib/python3.7/site-packages/airflow/example_dags/example_complex.py
[2022-04-30 13:06:50,623] {processor.py:642} INFO - Processing file /home/airflow/.local/lib/python3.7/site-packages/airflow/example_dags/example_complex.py for tasks to queue
[2022-04-30 13:06:50,624] {logging_mixin.py:109} INFO - [2022-04-30 13:06:50,624] {dagbag.py:500} INFO - Filling up the DagBag from /home/airflow/.local/lib/python3.7/site-packages/airflow/example_dags/example_complex.py
[2022-04-30 13:06:50,668] {processor.py:652} INFO - DAG(s) dict_keys(['example_complex']) retrieved from /home/airflow/.local/lib/python3.7/site-packages/airflow/example_dags/example_complex.py
[2022-04-30 13:06:50,713] {logging_mixin.py:109} INFO - [2022-04-30 13:06:50,713] {dag.py:2398} INFO - Sync 1 DAGs
[2022-04-30 13:06:50,740] {logging_mixin.py:109} INFO - [2022-04-30 13:06:50,740] {dag.py:2937} INFO - Setting next_dagrun for example_complex to None
[2022-04-30 13:06:50,755] {processor.py:171} INFO - Processing /home/airflow/.local/lib/python3.7/site-packages/airflow/example_dags/example_complex.py took 0.139 seconds
[2022-04-30 13:07:21,369] {processor.py:163} INFO - Started process (PID=22318) to work on /home/airflow/.local/lib/python3.7/site-packages/airflow/example_dags/example_complex.py
[2022-04-30 13:07:21,371] {processor.py:642} INFO - Processing file /home/airflow/.local/lib/python3.7/site-packages/airflow/example_dags/example_complex.py for tasks to queue
[2022-04-30 13:07:21,372] {logging_mixin.py:109} INFO - [2022-04-30 13:07:21,372] {dagbag.py:500} INFO - Filling up the DagBag from /home/airflow/.local/lib/python3.7/site-packages/airflow/example_dags/example_complex.py
[2022-04-30 13:07:21,419] {processor.py:652} INFO - DAG(s) dict_keys(['example_complex']) retrieved from /home/airflow/.local/lib/python3.7/site-packages/airflow/example_dags/example_complex.py
[2022-04-30 13:07:21,468] {logging_mixin.py:109} INFO - [2022-04-30 13:07:21,468] {dag.py:2398} INFO - Sync 1 DAGs
[2022-04-30 13:07:21,496] {logging_mixin.py:109} INFO - [2022-04-30 13:07:21,496] {dag.py:2937} INFO - Setting next_dagrun for example_complex to None
[2022-04-30 13:07:21,511] {processor.py:171} INFO - Processing /home/airflow/.local/lib/python3.7/site-packages/airflow/example_dags/example_complex.py took 0.148 seconds
[2022-04-30 13:07:51,981] {processor.py:163} INFO - Started process (PID=22387) to work on /home/airflow/.local/lib/python3.7/site-packages/airflow/example_dags/example_complex.py
[2022-04-30 13:07:51,983] {processor.py:642} INFO - Processing file /home/airflow/.local/lib/python3.7/site-packages/airflow/example_dags/example_complex.py for tasks to queue
[2022-04-30 13:07:51,985] {logging_mixin.py:109} INFO - [2022-04-30 13:07:51,985] {dagbag.py:500} INFO - Filling up the DagBag from /home/airflow/.local/lib/python3.7/site-packages/airflow/example_dags/example_complex.py
[2022-04-30 13:07:52,036] {processor.py:652} INFO - DAG(s) dict_keys(['example_complex']) retrieved from /home/airflow/.local/lib/python3.7/site-packages/airflow/example_dags/example_complex.py
[2022-04-30 13:07:52,094] {logging_mixin.py:109} INFO - [2022-04-30 13:07:52,094] {dag.py:2398} INFO - Sync 1 DAGs
[2022-04-30 13:07:52,128] {logging_mixin.py:109} INFO - [2022-04-30 13:07:52,127] {dag.py:2937} INFO - Setting next_dagrun for example_complex to None
[2022-04-30 13:07:52,150] {processor.py:171} INFO - Processing /home/airflow/.local/lib/python3.7/site-packages/airflow/example_dags/example_complex.py took 0.175 seconds
[2022-04-30 13:08:23,082] {processor.py:163} INFO - Started process (PID=22451) to work on /home/airflow/.local/lib/python3.7/site-packages/airflow/example_dags/example_complex.py
[2022-04-30 13:08:23,083] {processor.py:642} INFO - Processing file /home/airflow/.local/lib/python3.7/site-packages/airflow/example_dags/example_complex.py for tasks to queue
[2022-04-30 13:08:23,084] {logging_mixin.py:109} INFO - [2022-04-30 13:08:23,084] {dagbag.py:500} INFO - Filling up the DagBag from /home/airflow/.local/lib/python3.7/site-packages/airflow/example_dags/example_complex.py
[2022-04-30 13:08:23,118] {processor.py:652} INFO - DAG(s) dict_keys(['example_complex']) retrieved from /home/airflow/.local/lib/python3.7/site-packages/airflow/example_dags/example_complex.py
[2022-04-30 13:08:23,164] {logging_mixin.py:109} INFO - [2022-04-30 13:08:23,163] {dag.py:2398} INFO - Sync 1 DAGs
[2022-04-30 13:08:23,187] {logging_mixin.py:109} INFO - [2022-04-30 13:08:23,187] {dag.py:2937} INFO - Setting next_dagrun for example_complex to None
[2022-04-30 13:08:23,203] {processor.py:171} INFO - Processing /home/airflow/.local/lib/python3.7/site-packages/airflow/example_dags/example_complex.py took 0.125 seconds
[2022-04-30 13:08:54,230] {processor.py:163} INFO - Started process (PID=22516) to work on /home/airflow/.local/lib/python3.7/site-packages/airflow/example_dags/example_complex.py
[2022-04-30 13:08:54,231] {processor.py:642} INFO - Processing file /home/airflow/.local/lib/python3.7/site-packages/airflow/example_dags/example_complex.py for tasks to queue
[2022-04-30 13:08:54,232] {logging_mixin.py:109} INFO - [2022-04-30 13:08:54,232] {dagbag.py:500} INFO - Filling up the DagBag from /home/airflow/.local/lib/python3.7/site-packages/airflow/example_dags/example_complex.py
[2022-04-30 13:08:54,267] {processor.py:652} INFO - DAG(s) dict_keys(['example_complex']) retrieved from /home/airflow/.local/lib/python3.7/site-packages/airflow/example_dags/example_complex.py
[2022-04-30 13:08:54,304] {logging_mixin.py:109} INFO - [2022-04-30 13:08:54,304] {dag.py:2398} INFO - Sync 1 DAGs
[2022-04-30 13:08:54,326] {logging_mixin.py:109} INFO - [2022-04-30 13:08:54,326] {dag.py:2937} INFO - Setting next_dagrun for example_complex to None
[2022-04-30 13:08:54,339] {processor.py:171} INFO - Processing /home/airflow/.local/lib/python3.7/site-packages/airflow/example_dags/example_complex.py took 0.113 seconds
[2022-04-30 13:09:24,887] {processor.py:163} INFO - Started process (PID=22589) to work on /home/airflow/.local/lib/python3.7/site-packages/airflow/example_dags/example_complex.py
[2022-04-30 13:09:24,888] {processor.py:642} INFO - Processing file /home/airflow/.local/lib/python3.7/site-packages/airflow/example_dags/example_complex.py for tasks to queue
[2022-04-30 13:09:24,889] {logging_mixin.py:109} INFO - [2022-04-30 13:09:24,889] {dagbag.py:500} INFO - Filling up the DagBag from /home/airflow/.local/lib/python3.7/site-packages/airflow/example_dags/example_complex.py
[2022-04-30 13:09:24,923] {processor.py:652} INFO - DAG(s) dict_keys(['example_complex']) retrieved from /home/airflow/.local/lib/python3.7/site-packages/airflow/example_dags/example_complex.py
[2022-04-30 13:09:24,963] {logging_mixin.py:109} INFO - [2022-04-30 13:09:24,963] {dag.py:2398} INFO - Sync 1 DAGs
[2022-04-30 13:09:24,993] {logging_mixin.py:109} INFO - [2022-04-30 13:09:24,993] {dag.py:2937} INFO - Setting next_dagrun for example_complex to None
[2022-04-30 13:09:25,008] {processor.py:171} INFO - Processing /home/airflow/.local/lib/python3.7/site-packages/airflow/example_dags/example_complex.py took 0.126 seconds
[2022-04-30 13:09:55,977] {processor.py:163} INFO - Started process (PID=22655) to work on /home/airflow/.local/lib/python3.7/site-packages/airflow/example_dags/example_complex.py
[2022-04-30 13:09:55,979] {processor.py:642} INFO - Processing file /home/airflow/.local/lib/python3.7/site-packages/airflow/example_dags/example_complex.py for tasks to queue
[2022-04-30 13:09:55,980] {logging_mixin.py:109} INFO - [2022-04-30 13:09:55,980] {dagbag.py:500} INFO - Filling up the DagBag from /home/airflow/.local/lib/python3.7/site-packages/airflow/example_dags/example_complex.py
[2022-04-30 13:09:56,013] {processor.py:652} INFO - DAG(s) dict_keys(['example_complex']) retrieved from /home/airflow/.local/lib/python3.7/site-packages/airflow/example_dags/example_complex.py
[2022-04-30 13:09:56,056] {logging_mixin.py:109} INFO - [2022-04-30 13:09:56,056] {dag.py:2398} INFO - Sync 1 DAGs
[2022-04-30 13:09:56,079] {logging_mixin.py:109} INFO - [2022-04-30 13:09:56,079] {dag.py:2937} INFO - Setting next_dagrun for example_complex to None
[2022-04-30 13:09:56,092] {processor.py:171} INFO - Processing /home/airflow/.local/lib/python3.7/site-packages/airflow/example_dags/example_complex.py took 0.118 seconds
[2022-04-30 13:10:26,952] {processor.py:163} INFO - Started process (PID=22719) to work on /home/airflow/.local/lib/python3.7/site-packages/airflow/example_dags/example_complex.py
[2022-04-30 13:10:26,954] {processor.py:642} INFO - Processing file /home/airflow/.local/lib/python3.7/site-packages/airflow/example_dags/example_complex.py for tasks to queue
[2022-04-30 13:10:26,955] {logging_mixin.py:109} INFO - [2022-04-30 13:10:26,955] {dagbag.py:500} INFO - Filling up the DagBag from /home/airflow/.local/lib/python3.7/site-packages/airflow/example_dags/example_complex.py
[2022-04-30 13:10:26,993] {processor.py:652} INFO - DAG(s) dict_keys(['example_complex']) retrieved from /home/airflow/.local/lib/python3.7/site-packages/airflow/example_dags/example_complex.py
[2022-04-30 13:10:27,031] {logging_mixin.py:109} INFO - [2022-04-30 13:10:27,031] {dag.py:2398} INFO - Sync 1 DAGs
[2022-04-30 13:10:27,054] {logging_mixin.py:109} INFO - [2022-04-30 13:10:27,054] {dag.py:2937} INFO - Setting next_dagrun for example_complex to None
[2022-04-30 13:10:27,067] {processor.py:171} INFO - Processing /home/airflow/.local/lib/python3.7/site-packages/airflow/example_dags/example_complex.py took 0.119 seconds
