[2022-04-30 13:03:15,003] {processor.py:163} INFO - Started process (PID=21771) to work on /home/airflow/.local/lib/python3.7/site-packages/airflow/example_dags/example_skip_dag.py
[2022-04-30 13:03:15,005] {processor.py:642} INFO - Processing file /home/airflow/.local/lib/python3.7/site-packages/airflow/example_dags/example_skip_dag.py for tasks to queue
[2022-04-30 13:03:15,006] {logging_mixin.py:109} INFO - [2022-04-30 13:03:15,006] {dagbag.py:500} INFO - Filling up the DagBag from /home/airflow/.local/lib/python3.7/site-packages/airflow/example_dags/example_skip_dag.py
[2022-04-30 13:03:15,027] {processor.py:652} INFO - DAG(s) dict_keys(['example_skip_dag']) retrieved from /home/airflow/.local/lib/python3.7/site-packages/airflow/example_dags/example_skip_dag.py
[2022-04-30 13:03:15,052] {logging_mixin.py:109} INFO - [2022-04-30 13:03:15,052] {dag.py:2398} INFO - Sync 1 DAGs
[2022-04-30 13:03:15,075] {logging_mixin.py:109} INFO - [2022-04-30 13:03:15,075] {dag.py:2937} INFO - Setting next_dagrun for example_skip_dag to 2022-04-29T13:03:15.074567+00:00
[2022-04-30 13:03:15,089] {processor.py:171} INFO - Processing /home/airflow/.local/lib/python3.7/site-packages/airflow/example_dags/example_skip_dag.py took 0.091 seconds
[2022-04-30 13:03:45,487] {processor.py:163} INFO - Started process (PID=21836) to work on /home/airflow/.local/lib/python3.7/site-packages/airflow/example_dags/example_skip_dag.py
[2022-04-30 13:03:45,489] {processor.py:642} INFO - Processing file /home/airflow/.local/lib/python3.7/site-packages/airflow/example_dags/example_skip_dag.py for tasks to queue
[2022-04-30 13:03:45,490] {logging_mixin.py:109} INFO - [2022-04-30 13:03:45,490] {dagbag.py:500} INFO - Filling up the DagBag from /home/airflow/.local/lib/python3.7/site-packages/airflow/example_dags/example_skip_dag.py
[2022-04-30 13:03:45,525] {processor.py:652} INFO - DAG(s) dict_keys(['example_skip_dag']) retrieved from /home/airflow/.local/lib/python3.7/site-packages/airflow/example_dags/example_skip_dag.py
[2022-04-30 13:03:45,561] {logging_mixin.py:109} INFO - [2022-04-30 13:03:45,561] {dag.py:2398} INFO - Sync 1 DAGs
[2022-04-30 13:03:45,601] {logging_mixin.py:109} INFO - [2022-04-30 13:03:45,601] {dag.py:2937} INFO - Setting next_dagrun for example_skip_dag to 2022-04-29T13:03:45.600986+00:00
[2022-04-30 13:03:45,617] {processor.py:171} INFO - Processing /home/airflow/.local/lib/python3.7/site-packages/airflow/example_dags/example_skip_dag.py took 0.136 seconds
[2022-04-30 13:04:16,827] {processor.py:163} INFO - Started process (PID=21911) to work on /home/airflow/.local/lib/python3.7/site-packages/airflow/example_dags/example_skip_dag.py
[2022-04-30 13:04:16,829] {processor.py:642} INFO - Processing file /home/airflow/.local/lib/python3.7/site-packages/airflow/example_dags/example_skip_dag.py for tasks to queue
[2022-04-30 13:04:16,831] {logging_mixin.py:109} INFO - [2022-04-30 13:04:16,830] {dagbag.py:500} INFO - Filling up the DagBag from /home/airflow/.local/lib/python3.7/site-packages/airflow/example_dags/example_skip_dag.py
[2022-04-30 13:04:16,858] {processor.py:652} INFO - DAG(s) dict_keys(['example_skip_dag']) retrieved from /home/airflow/.local/lib/python3.7/site-packages/airflow/example_dags/example_skip_dag.py
[2022-04-30 13:04:16,895] {logging_mixin.py:109} INFO - [2022-04-30 13:04:16,895] {dag.py:2398} INFO - Sync 1 DAGs
[2022-04-30 13:04:16,928] {logging_mixin.py:109} INFO - [2022-04-30 13:04:16,928] {dag.py:2937} INFO - Setting next_dagrun for example_skip_dag to 2022-04-29T13:04:16.928270+00:00
[2022-04-30 13:04:16,944] {processor.py:171} INFO - Processing /home/airflow/.local/lib/python3.7/site-packages/airflow/example_dags/example_skip_dag.py took 0.122 seconds
[2022-04-30 13:04:47,277] {processor.py:163} INFO - Started process (PID=21977) to work on /home/airflow/.local/lib/python3.7/site-packages/airflow/example_dags/example_skip_dag.py
[2022-04-30 13:04:47,278] {processor.py:642} INFO - Processing file /home/airflow/.local/lib/python3.7/site-packages/airflow/example_dags/example_skip_dag.py for tasks to queue
[2022-04-30 13:04:47,280] {logging_mixin.py:109} INFO - [2022-04-30 13:04:47,280] {dagbag.py:500} INFO - Filling up the DagBag from /home/airflow/.local/lib/python3.7/site-packages/airflow/example_dags/example_skip_dag.py
[2022-04-30 13:04:47,303] {processor.py:652} INFO - DAG(s) dict_keys(['example_skip_dag']) retrieved from /home/airflow/.local/lib/python3.7/site-packages/airflow/example_dags/example_skip_dag.py
[2022-04-30 13:04:47,336] {logging_mixin.py:109} INFO - [2022-04-30 13:04:47,336] {dag.py:2398} INFO - Sync 1 DAGs
[2022-04-30 13:04:47,361] {logging_mixin.py:109} INFO - [2022-04-30 13:04:47,361] {dag.py:2937} INFO - Setting next_dagrun for example_skip_dag to 2022-04-29T13:04:47.360866+00:00
[2022-04-30 13:04:47,376] {processor.py:171} INFO - Processing /home/airflow/.local/lib/python3.7/site-packages/airflow/example_dags/example_skip_dag.py took 0.103 seconds
[2022-04-30 13:05:17,782] {processor.py:163} INFO - Started process (PID=22042) to work on /home/airflow/.local/lib/python3.7/site-packages/airflow/example_dags/example_skip_dag.py
[2022-04-30 13:05:17,783] {processor.py:642} INFO - Processing file /home/airflow/.local/lib/python3.7/site-packages/airflow/example_dags/example_skip_dag.py for tasks to queue
[2022-04-30 13:05:17,785] {logging_mixin.py:109} INFO - [2022-04-30 13:05:17,784] {dagbag.py:500} INFO - Filling up the DagBag from /home/airflow/.local/lib/python3.7/site-packages/airflow/example_dags/example_skip_dag.py
[2022-04-30 13:05:17,808] {processor.py:652} INFO - DAG(s) dict_keys(['example_skip_dag']) retrieved from /home/airflow/.local/lib/python3.7/site-packages/airflow/example_dags/example_skip_dag.py
[2022-04-30 13:05:17,838] {logging_mixin.py:109} INFO - [2022-04-30 13:05:17,838] {dag.py:2398} INFO - Sync 1 DAGs
[2022-04-30 13:05:17,859] {logging_mixin.py:109} INFO - [2022-04-30 13:05:17,859] {dag.py:2937} INFO - Setting next_dagrun for example_skip_dag to 2022-04-29T13:05:17.859411+00:00
[2022-04-30 13:05:17,871] {processor.py:171} INFO - Processing /home/airflow/.local/lib/python3.7/site-packages/airflow/example_dags/example_skip_dag.py took 0.094 seconds
[2022-04-30 13:05:48,713] {processor.py:163} INFO - Started process (PID=22114) to work on /home/airflow/.local/lib/python3.7/site-packages/airflow/example_dags/example_skip_dag.py
[2022-04-30 13:05:48,715] {processor.py:642} INFO - Processing file /home/airflow/.local/lib/python3.7/site-packages/airflow/example_dags/example_skip_dag.py for tasks to queue
[2022-04-30 13:05:48,717] {logging_mixin.py:109} INFO - [2022-04-30 13:05:48,717] {dagbag.py:500} INFO - Filling up the DagBag from /home/airflow/.local/lib/python3.7/site-packages/airflow/example_dags/example_skip_dag.py
[2022-04-30 13:05:48,738] {processor.py:652} INFO - DAG(s) dict_keys(['example_skip_dag']) retrieved from /home/airflow/.local/lib/python3.7/site-packages/airflow/example_dags/example_skip_dag.py
[2022-04-30 13:05:48,769] {logging_mixin.py:109} INFO - [2022-04-30 13:05:48,769] {dag.py:2398} INFO - Sync 1 DAGs
[2022-04-30 13:05:48,796] {logging_mixin.py:109} INFO - [2022-04-30 13:05:48,796] {dag.py:2937} INFO - Setting next_dagrun for example_skip_dag to 2022-04-29T13:05:48.795624+00:00
[2022-04-30 13:05:48,819] {processor.py:171} INFO - Processing /home/airflow/.local/lib/python3.7/site-packages/airflow/example_dags/example_skip_dag.py took 0.110 seconds
[2022-04-30 13:06:19,625] {processor.py:163} INFO - Started process (PID=22182) to work on /home/airflow/.local/lib/python3.7/site-packages/airflow/example_dags/example_skip_dag.py
[2022-04-30 13:06:19,627] {processor.py:642} INFO - Processing file /home/airflow/.local/lib/python3.7/site-packages/airflow/example_dags/example_skip_dag.py for tasks to queue
[2022-04-30 13:06:19,628] {logging_mixin.py:109} INFO - [2022-04-30 13:06:19,627] {dagbag.py:500} INFO - Filling up the DagBag from /home/airflow/.local/lib/python3.7/site-packages/airflow/example_dags/example_skip_dag.py
[2022-04-30 13:06:19,647] {processor.py:652} INFO - DAG(s) dict_keys(['example_skip_dag']) retrieved from /home/airflow/.local/lib/python3.7/site-packages/airflow/example_dags/example_skip_dag.py
[2022-04-30 13:06:19,683] {logging_mixin.py:109} INFO - [2022-04-30 13:06:19,683] {dag.py:2398} INFO - Sync 1 DAGs
[2022-04-30 13:06:19,713] {logging_mixin.py:109} INFO - [2022-04-30 13:06:19,713] {dag.py:2937} INFO - Setting next_dagrun for example_skip_dag to 2022-04-29T13:06:19.712822+00:00
[2022-04-30 13:06:19,729] {processor.py:171} INFO - Processing /home/airflow/.local/lib/python3.7/site-packages/airflow/example_dags/example_skip_dag.py took 0.108 seconds
[2022-04-30 13:06:50,781] {processor.py:163} INFO - Started process (PID=22248) to work on /home/airflow/.local/lib/python3.7/site-packages/airflow/example_dags/example_skip_dag.py
[2022-04-30 13:06:50,785] {processor.py:642} INFO - Processing file /home/airflow/.local/lib/python3.7/site-packages/airflow/example_dags/example_skip_dag.py for tasks to queue
[2022-04-30 13:06:50,787] {logging_mixin.py:109} INFO - [2022-04-30 13:06:50,787] {dagbag.py:500} INFO - Filling up the DagBag from /home/airflow/.local/lib/python3.7/site-packages/airflow/example_dags/example_skip_dag.py
[2022-04-30 13:06:50,814] {processor.py:652} INFO - DAG(s) dict_keys(['example_skip_dag']) retrieved from /home/airflow/.local/lib/python3.7/site-packages/airflow/example_dags/example_skip_dag.py
[2022-04-30 13:06:50,847] {logging_mixin.py:109} INFO - [2022-04-30 13:06:50,847] {dag.py:2398} INFO - Sync 1 DAGs
[2022-04-30 13:06:50,882] {logging_mixin.py:109} INFO - [2022-04-30 13:06:50,882] {dag.py:2937} INFO - Setting next_dagrun for example_skip_dag to 2022-04-29T13:06:50.881922+00:00
[2022-04-30 13:06:50,896] {processor.py:171} INFO - Processing /home/airflow/.local/lib/python3.7/site-packages/airflow/example_dags/example_skip_dag.py took 0.121 seconds
[2022-04-30 13:07:21,541] {processor.py:163} INFO - Started process (PID=22321) to work on /home/airflow/.local/lib/python3.7/site-packages/airflow/example_dags/example_skip_dag.py
[2022-04-30 13:07:21,543] {processor.py:642} INFO - Processing file /home/airflow/.local/lib/python3.7/site-packages/airflow/example_dags/example_skip_dag.py for tasks to queue
[2022-04-30 13:07:21,545] {logging_mixin.py:109} INFO - [2022-04-30 13:07:21,545] {dagbag.py:500} INFO - Filling up the DagBag from /home/airflow/.local/lib/python3.7/site-packages/airflow/example_dags/example_skip_dag.py
[2022-04-30 13:07:21,574] {processor.py:652} INFO - DAG(s) dict_keys(['example_skip_dag']) retrieved from /home/airflow/.local/lib/python3.7/site-packages/airflow/example_dags/example_skip_dag.py
[2022-04-30 13:07:21,609] {logging_mixin.py:109} INFO - [2022-04-30 13:07:21,608] {dag.py:2398} INFO - Sync 1 DAGs
[2022-04-30 13:07:21,647] {logging_mixin.py:109} INFO - [2022-04-30 13:07:21,647] {dag.py:2937} INFO - Setting next_dagrun for example_skip_dag to 2022-04-29T13:07:21.647132+00:00
[2022-04-30 13:07:21,666] {processor.py:171} INFO - Processing /home/airflow/.local/lib/python3.7/site-packages/airflow/example_dags/example_skip_dag.py took 0.130 seconds
[2022-04-30 13:07:52,185] {processor.py:163} INFO - Started process (PID=22389) to work on /home/airflow/.local/lib/python3.7/site-packages/airflow/example_dags/example_skip_dag.py
[2022-04-30 13:07:52,190] {processor.py:642} INFO - Processing file /home/airflow/.local/lib/python3.7/site-packages/airflow/example_dags/example_skip_dag.py for tasks to queue
[2022-04-30 13:07:52,192] {logging_mixin.py:109} INFO - [2022-04-30 13:07:52,192] {dagbag.py:500} INFO - Filling up the DagBag from /home/airflow/.local/lib/python3.7/site-packages/airflow/example_dags/example_skip_dag.py
[2022-04-30 13:07:52,223] {processor.py:652} INFO - DAG(s) dict_keys(['example_skip_dag']) retrieved from /home/airflow/.local/lib/python3.7/site-packages/airflow/example_dags/example_skip_dag.py
[2022-04-30 13:07:52,260] {logging_mixin.py:109} INFO - [2022-04-30 13:07:52,260] {dag.py:2398} INFO - Sync 1 DAGs
[2022-04-30 13:07:52,291] {logging_mixin.py:109} INFO - [2022-04-30 13:07:52,290] {dag.py:2937} INFO - Setting next_dagrun for example_skip_dag to 2022-04-29T13:07:52.290347+00:00
[2022-04-30 13:07:52,306] {processor.py:171} INFO - Processing /home/airflow/.local/lib/python3.7/site-packages/airflow/example_dags/example_skip_dag.py took 0.130 seconds
[2022-04-30 13:08:23,200] {processor.py:163} INFO - Started process (PID=22453) to work on /home/airflow/.local/lib/python3.7/site-packages/airflow/example_dags/example_skip_dag.py
[2022-04-30 13:08:23,202] {processor.py:642} INFO - Processing file /home/airflow/.local/lib/python3.7/site-packages/airflow/example_dags/example_skip_dag.py for tasks to queue
[2022-04-30 13:08:23,203] {logging_mixin.py:109} INFO - [2022-04-30 13:08:23,203] {dagbag.py:500} INFO - Filling up the DagBag from /home/airflow/.local/lib/python3.7/site-packages/airflow/example_dags/example_skip_dag.py
[2022-04-30 13:08:23,223] {processor.py:652} INFO - DAG(s) dict_keys(['example_skip_dag']) retrieved from /home/airflow/.local/lib/python3.7/site-packages/airflow/example_dags/example_skip_dag.py
[2022-04-30 13:08:23,252] {logging_mixin.py:109} INFO - [2022-04-30 13:08:23,252] {dag.py:2398} INFO - Sync 1 DAGs
[2022-04-30 13:08:23,273] {logging_mixin.py:109} INFO - [2022-04-30 13:08:23,272] {dag.py:2937} INFO - Setting next_dagrun for example_skip_dag to 2022-04-29T13:08:23.272655+00:00
[2022-04-30 13:08:23,284] {processor.py:171} INFO - Processing /home/airflow/.local/lib/python3.7/site-packages/airflow/example_dags/example_skip_dag.py took 0.088 seconds
[2022-04-30 13:08:54,362] {processor.py:163} INFO - Started process (PID=22518) to work on /home/airflow/.local/lib/python3.7/site-packages/airflow/example_dags/example_skip_dag.py
[2022-04-30 13:08:54,364] {processor.py:642} INFO - Processing file /home/airflow/.local/lib/python3.7/site-packages/airflow/example_dags/example_skip_dag.py for tasks to queue
[2022-04-30 13:08:54,365] {logging_mixin.py:109} INFO - [2022-04-30 13:08:54,365] {dagbag.py:500} INFO - Filling up the DagBag from /home/airflow/.local/lib/python3.7/site-packages/airflow/example_dags/example_skip_dag.py
[2022-04-30 13:08:54,387] {processor.py:652} INFO - DAG(s) dict_keys(['example_skip_dag']) retrieved from /home/airflow/.local/lib/python3.7/site-packages/airflow/example_dags/example_skip_dag.py
[2022-04-30 13:08:54,418] {logging_mixin.py:109} INFO - [2022-04-30 13:08:54,418] {dag.py:2398} INFO - Sync 1 DAGs
[2022-04-30 13:08:54,445] {logging_mixin.py:109} INFO - [2022-04-30 13:08:54,445] {dag.py:2937} INFO - Setting next_dagrun for example_skip_dag to 2022-04-29T13:08:54.444586+00:00
[2022-04-30 13:08:54,467] {processor.py:171} INFO - Processing /home/airflow/.local/lib/python3.7/site-packages/airflow/example_dags/example_skip_dag.py took 0.109 seconds
[2022-04-30 13:09:25,014] {processor.py:163} INFO - Started process (PID=22591) to work on /home/airflow/.local/lib/python3.7/site-packages/airflow/example_dags/example_skip_dag.py
[2022-04-30 13:09:25,016] {processor.py:642} INFO - Processing file /home/airflow/.local/lib/python3.7/site-packages/airflow/example_dags/example_skip_dag.py for tasks to queue
[2022-04-30 13:09:25,017] {logging_mixin.py:109} INFO - [2022-04-30 13:09:25,017] {dagbag.py:500} INFO - Filling up the DagBag from /home/airflow/.local/lib/python3.7/site-packages/airflow/example_dags/example_skip_dag.py
[2022-04-30 13:09:25,044] {processor.py:652} INFO - DAG(s) dict_keys(['example_skip_dag']) retrieved from /home/airflow/.local/lib/python3.7/site-packages/airflow/example_dags/example_skip_dag.py
[2022-04-30 13:09:25,078] {logging_mixin.py:109} INFO - [2022-04-30 13:09:25,078] {dag.py:2398} INFO - Sync 1 DAGs
[2022-04-30 13:09:25,106] {logging_mixin.py:109} INFO - [2022-04-30 13:09:25,106] {dag.py:2937} INFO - Setting next_dagrun for example_skip_dag to 2022-04-29T13:09:25.105657+00:00
[2022-04-30 13:09:25,121] {processor.py:171} INFO - Processing /home/airflow/.local/lib/python3.7/site-packages/airflow/example_dags/example_skip_dag.py took 0.112 seconds
[2022-04-30 13:09:56,098] {processor.py:163} INFO - Started process (PID=22657) to work on /home/airflow/.local/lib/python3.7/site-packages/airflow/example_dags/example_skip_dag.py
[2022-04-30 13:09:56,100] {processor.py:642} INFO - Processing file /home/airflow/.local/lib/python3.7/site-packages/airflow/example_dags/example_skip_dag.py for tasks to queue
[2022-04-30 13:09:56,101] {logging_mixin.py:109} INFO - [2022-04-30 13:09:56,101] {dagbag.py:500} INFO - Filling up the DagBag from /home/airflow/.local/lib/python3.7/site-packages/airflow/example_dags/example_skip_dag.py
[2022-04-30 13:09:56,123] {processor.py:652} INFO - DAG(s) dict_keys(['example_skip_dag']) retrieved from /home/airflow/.local/lib/python3.7/site-packages/airflow/example_dags/example_skip_dag.py
[2022-04-30 13:09:56,153] {logging_mixin.py:109} INFO - [2022-04-30 13:09:56,153] {dag.py:2398} INFO - Sync 1 DAGs
[2022-04-30 13:09:56,176] {logging_mixin.py:109} INFO - [2022-04-30 13:09:56,176] {dag.py:2937} INFO - Setting next_dagrun for example_skip_dag to 2022-04-29T13:09:56.176088+00:00
[2022-04-30 13:09:56,188] {processor.py:171} INFO - Processing /home/airflow/.local/lib/python3.7/site-packages/airflow/example_dags/example_skip_dag.py took 0.093 seconds
[2022-04-30 13:10:27,093] {processor.py:163} INFO - Started process (PID=22721) to work on /home/airflow/.local/lib/python3.7/site-packages/airflow/example_dags/example_skip_dag.py
[2022-04-30 13:10:27,094] {processor.py:642} INFO - Processing file /home/airflow/.local/lib/python3.7/site-packages/airflow/example_dags/example_skip_dag.py for tasks to queue
[2022-04-30 13:10:27,096] {logging_mixin.py:109} INFO - [2022-04-30 13:10:27,096] {dagbag.py:500} INFO - Filling up the DagBag from /home/airflow/.local/lib/python3.7/site-packages/airflow/example_dags/example_skip_dag.py
[2022-04-30 13:10:27,123] {processor.py:652} INFO - DAG(s) dict_keys(['example_skip_dag']) retrieved from /home/airflow/.local/lib/python3.7/site-packages/airflow/example_dags/example_skip_dag.py
[2022-04-30 13:10:27,153] {logging_mixin.py:109} INFO - [2022-04-30 13:10:27,153] {dag.py:2398} INFO - Sync 1 DAGs
[2022-04-30 13:10:27,177] {logging_mixin.py:109} INFO - [2022-04-30 13:10:27,176] {dag.py:2937} INFO - Setting next_dagrun for example_skip_dag to 2022-04-29T13:10:27.176637+00:00
[2022-04-30 13:10:27,189] {processor.py:171} INFO - Processing /home/airflow/.local/lib/python3.7/site-packages/airflow/example_dags/example_skip_dag.py took 0.100 seconds
