[2022-04-30 13:03:17,430] {processor.py:163} INFO - Started process (PID=21787) to work on /home/airflow/.local/lib/python3.7/site-packages/airflow/example_dags/example_trigger_target_dag.py
[2022-04-30 13:03:17,431] {processor.py:642} INFO - Processing file /home/airflow/.local/lib/python3.7/site-packages/airflow/example_dags/example_trigger_target_dag.py for tasks to queue
[2022-04-30 13:03:17,432] {logging_mixin.py:109} INFO - [2022-04-30 13:03:17,432] {dagbag.py:500} INFO - Filling up the DagBag from /home/airflow/.local/lib/python3.7/site-packages/airflow/example_dags/example_trigger_target_dag.py
[2022-04-30 13:03:17,457] {processor.py:652} INFO - DAG(s) dict_keys(['example_trigger_target_dag']) retrieved from /home/airflow/.local/lib/python3.7/site-packages/airflow/example_dags/example_trigger_target_dag.py
[2022-04-30 13:03:17,481] {logging_mixin.py:109} INFO - [2022-04-30 13:03:17,481] {dag.py:2398} INFO - Sync 1 DAGs
[2022-04-30 13:03:17,503] {logging_mixin.py:109} INFO - [2022-04-30 13:03:17,503] {dag.py:2937} INFO - Setting next_dagrun for example_trigger_target_dag to None
[2022-04-30 13:03:17,520] {processor.py:171} INFO - Processing /home/airflow/.local/lib/python3.7/site-packages/airflow/example_dags/example_trigger_target_dag.py took 0.094 seconds
[2022-04-30 13:03:47,905] {processor.py:163} INFO - Started process (PID=21852) to work on /home/airflow/.local/lib/python3.7/site-packages/airflow/example_dags/example_trigger_target_dag.py
[2022-04-30 13:03:47,906] {processor.py:642} INFO - Processing file /home/airflow/.local/lib/python3.7/site-packages/airflow/example_dags/example_trigger_target_dag.py for tasks to queue
[2022-04-30 13:03:47,907] {logging_mixin.py:109} INFO - [2022-04-30 13:03:47,907] {dagbag.py:500} INFO - Filling up the DagBag from /home/airflow/.local/lib/python3.7/site-packages/airflow/example_dags/example_trigger_target_dag.py
[2022-04-30 13:03:47,939] {processor.py:652} INFO - DAG(s) dict_keys(['example_trigger_target_dag']) retrieved from /home/airflow/.local/lib/python3.7/site-packages/airflow/example_dags/example_trigger_target_dag.py
[2022-04-30 13:03:47,970] {logging_mixin.py:109} INFO - [2022-04-30 13:03:47,970] {dag.py:2398} INFO - Sync 1 DAGs
[2022-04-30 13:03:48,002] {logging_mixin.py:109} INFO - [2022-04-30 13:03:48,002] {dag.py:2937} INFO - Setting next_dagrun for example_trigger_target_dag to None
[2022-04-30 13:03:48,018] {processor.py:171} INFO - Processing /home/airflow/.local/lib/python3.7/site-packages/airflow/example_dags/example_trigger_target_dag.py took 0.118 seconds
[2022-04-30 13:04:18,252] {processor.py:163} INFO - Started process (PID=21927) to work on /home/airflow/.local/lib/python3.7/site-packages/airflow/example_dags/example_trigger_target_dag.py
[2022-04-30 13:04:18,254] {processor.py:642} INFO - Processing file /home/airflow/.local/lib/python3.7/site-packages/airflow/example_dags/example_trigger_target_dag.py for tasks to queue
[2022-04-30 13:04:18,256] {logging_mixin.py:109} INFO - [2022-04-30 13:04:18,256] {dagbag.py:500} INFO - Filling up the DagBag from /home/airflow/.local/lib/python3.7/site-packages/airflow/example_dags/example_trigger_target_dag.py
[2022-04-30 13:04:18,294] {processor.py:652} INFO - DAG(s) dict_keys(['example_trigger_target_dag']) retrieved from /home/airflow/.local/lib/python3.7/site-packages/airflow/example_dags/example_trigger_target_dag.py
[2022-04-30 13:04:18,327] {logging_mixin.py:109} INFO - [2022-04-30 13:04:18,327] {dag.py:2398} INFO - Sync 1 DAGs
[2022-04-30 13:04:18,355] {logging_mixin.py:109} INFO - [2022-04-30 13:04:18,355] {dag.py:2937} INFO - Setting next_dagrun for example_trigger_target_dag to None
[2022-04-30 13:04:18,374] {processor.py:171} INFO - Processing /home/airflow/.local/lib/python3.7/site-packages/airflow/example_dags/example_trigger_target_dag.py took 0.128 seconds
[2022-04-30 13:04:48,537] {processor.py:163} INFO - Started process (PID=21992) to work on /home/airflow/.local/lib/python3.7/site-packages/airflow/example_dags/example_trigger_target_dag.py
[2022-04-30 13:04:48,538] {processor.py:642} INFO - Processing file /home/airflow/.local/lib/python3.7/site-packages/airflow/example_dags/example_trigger_target_dag.py for tasks to queue
[2022-04-30 13:04:48,540] {logging_mixin.py:109} INFO - [2022-04-30 13:04:48,539] {dagbag.py:500} INFO - Filling up the DagBag from /home/airflow/.local/lib/python3.7/site-packages/airflow/example_dags/example_trigger_target_dag.py
[2022-04-30 13:04:48,563] {processor.py:652} INFO - DAG(s) dict_keys(['example_trigger_target_dag']) retrieved from /home/airflow/.local/lib/python3.7/site-packages/airflow/example_dags/example_trigger_target_dag.py
[2022-04-30 13:04:48,587] {logging_mixin.py:109} INFO - [2022-04-30 13:04:48,587] {dag.py:2398} INFO - Sync 1 DAGs
[2022-04-30 13:04:48,606] {logging_mixin.py:109} INFO - [2022-04-30 13:04:48,606] {dag.py:2937} INFO - Setting next_dagrun for example_trigger_target_dag to None
[2022-04-30 13:04:48,619] {processor.py:171} INFO - Processing /home/airflow/.local/lib/python3.7/site-packages/airflow/example_dags/example_trigger_target_dag.py took 0.086 seconds
[2022-04-30 13:05:18,757] {processor.py:163} INFO - Started process (PID=22057) to work on /home/airflow/.local/lib/python3.7/site-packages/airflow/example_dags/example_trigger_target_dag.py
[2022-04-30 13:05:18,759] {processor.py:642} INFO - Processing file /home/airflow/.local/lib/python3.7/site-packages/airflow/example_dags/example_trigger_target_dag.py for tasks to queue
[2022-04-30 13:05:18,759] {logging_mixin.py:109} INFO - [2022-04-30 13:05:18,759] {dagbag.py:500} INFO - Filling up the DagBag from /home/airflow/.local/lib/python3.7/site-packages/airflow/example_dags/example_trigger_target_dag.py
[2022-04-30 13:05:18,786] {processor.py:652} INFO - DAG(s) dict_keys(['example_trigger_target_dag']) retrieved from /home/airflow/.local/lib/python3.7/site-packages/airflow/example_dags/example_trigger_target_dag.py
[2022-04-30 13:05:18,811] {logging_mixin.py:109} INFO - [2022-04-30 13:05:18,811] {dag.py:2398} INFO - Sync 1 DAGs
[2022-04-30 13:05:18,836] {logging_mixin.py:109} INFO - [2022-04-30 13:05:18,836] {dag.py:2937} INFO - Setting next_dagrun for example_trigger_target_dag to None
[2022-04-30 13:05:18,850] {processor.py:171} INFO - Processing /home/airflow/.local/lib/python3.7/site-packages/airflow/example_dags/example_trigger_target_dag.py took 0.097 seconds
[2022-04-30 13:05:49,964] {processor.py:163} INFO - Started process (PID=22131) to work on /home/airflow/.local/lib/python3.7/site-packages/airflow/example_dags/example_trigger_target_dag.py
[2022-04-30 13:05:49,966] {processor.py:642} INFO - Processing file /home/airflow/.local/lib/python3.7/site-packages/airflow/example_dags/example_trigger_target_dag.py for tasks to queue
[2022-04-30 13:05:49,967] {logging_mixin.py:109} INFO - [2022-04-30 13:05:49,967] {dagbag.py:500} INFO - Filling up the DagBag from /home/airflow/.local/lib/python3.7/site-packages/airflow/example_dags/example_trigger_target_dag.py
[2022-04-30 13:05:49,995] {processor.py:652} INFO - DAG(s) dict_keys(['example_trigger_target_dag']) retrieved from /home/airflow/.local/lib/python3.7/site-packages/airflow/example_dags/example_trigger_target_dag.py
[2022-04-30 13:05:50,028] {logging_mixin.py:109} INFO - [2022-04-30 13:05:50,028] {dag.py:2398} INFO - Sync 1 DAGs
[2022-04-30 13:05:50,058] {logging_mixin.py:109} INFO - [2022-04-30 13:05:50,057] {dag.py:2937} INFO - Setting next_dagrun for example_trigger_target_dag to None
[2022-04-30 13:05:50,074] {processor.py:171} INFO - Processing /home/airflow/.local/lib/python3.7/site-packages/airflow/example_dags/example_trigger_target_dag.py took 0.115 seconds
[2022-04-30 13:06:20,737] {processor.py:163} INFO - Started process (PID=22197) to work on /home/airflow/.local/lib/python3.7/site-packages/airflow/example_dags/example_trigger_target_dag.py
[2022-04-30 13:06:20,739] {processor.py:642} INFO - Processing file /home/airflow/.local/lib/python3.7/site-packages/airflow/example_dags/example_trigger_target_dag.py for tasks to queue
[2022-04-30 13:06:20,740] {logging_mixin.py:109} INFO - [2022-04-30 13:06:20,740] {dagbag.py:500} INFO - Filling up the DagBag from /home/airflow/.local/lib/python3.7/site-packages/airflow/example_dags/example_trigger_target_dag.py
[2022-04-30 13:06:20,768] {processor.py:652} INFO - DAG(s) dict_keys(['example_trigger_target_dag']) retrieved from /home/airflow/.local/lib/python3.7/site-packages/airflow/example_dags/example_trigger_target_dag.py
[2022-04-30 13:06:20,796] {logging_mixin.py:109} INFO - [2022-04-30 13:06:20,795] {dag.py:2398} INFO - Sync 1 DAGs
[2022-04-30 13:06:20,819] {logging_mixin.py:109} INFO - [2022-04-30 13:06:20,819] {dag.py:2937} INFO - Setting next_dagrun for example_trigger_target_dag to None
[2022-04-30 13:06:20,836] {processor.py:171} INFO - Processing /home/airflow/.local/lib/python3.7/site-packages/airflow/example_dags/example_trigger_target_dag.py took 0.103 seconds
[2022-04-30 13:06:51,859] {processor.py:163} INFO - Started process (PID=22262) to work on /home/airflow/.local/lib/python3.7/site-packages/airflow/example_dags/example_trigger_target_dag.py
[2022-04-30 13:06:51,861] {processor.py:642} INFO - Processing file /home/airflow/.local/lib/python3.7/site-packages/airflow/example_dags/example_trigger_target_dag.py for tasks to queue
[2022-04-30 13:06:51,862] {logging_mixin.py:109} INFO - [2022-04-30 13:06:51,862] {dagbag.py:500} INFO - Filling up the DagBag from /home/airflow/.local/lib/python3.7/site-packages/airflow/example_dags/example_trigger_target_dag.py
[2022-04-30 13:06:51,891] {processor.py:652} INFO - DAG(s) dict_keys(['example_trigger_target_dag']) retrieved from /home/airflow/.local/lib/python3.7/site-packages/airflow/example_dags/example_trigger_target_dag.py
[2022-04-30 13:06:51,920] {logging_mixin.py:109} INFO - [2022-04-30 13:06:51,919] {dag.py:2398} INFO - Sync 1 DAGs
[2022-04-30 13:06:51,947] {logging_mixin.py:109} INFO - [2022-04-30 13:06:51,947] {dag.py:2937} INFO - Setting next_dagrun for example_trigger_target_dag to None
[2022-04-30 13:06:51,960] {processor.py:171} INFO - Processing /home/airflow/.local/lib/python3.7/site-packages/airflow/example_dags/example_trigger_target_dag.py took 0.106 seconds
[2022-04-30 13:07:22,807] {processor.py:163} INFO - Started process (PID=22337) to work on /home/airflow/.local/lib/python3.7/site-packages/airflow/example_dags/example_trigger_target_dag.py
[2022-04-30 13:07:22,809] {processor.py:642} INFO - Processing file /home/airflow/.local/lib/python3.7/site-packages/airflow/example_dags/example_trigger_target_dag.py for tasks to queue
[2022-04-30 13:07:22,811] {logging_mixin.py:109} INFO - [2022-04-30 13:07:22,811] {dagbag.py:500} INFO - Filling up the DagBag from /home/airflow/.local/lib/python3.7/site-packages/airflow/example_dags/example_trigger_target_dag.py
[2022-04-30 13:07:22,842] {processor.py:652} INFO - DAG(s) dict_keys(['example_trigger_target_dag']) retrieved from /home/airflow/.local/lib/python3.7/site-packages/airflow/example_dags/example_trigger_target_dag.py
[2022-04-30 13:07:22,874] {logging_mixin.py:109} INFO - [2022-04-30 13:07:22,874] {dag.py:2398} INFO - Sync 1 DAGs
[2022-04-30 13:07:22,900] {logging_mixin.py:109} INFO - [2022-04-30 13:07:22,899] {dag.py:2937} INFO - Setting next_dagrun for example_trigger_target_dag to None
[2022-04-30 13:07:22,916] {processor.py:171} INFO - Processing /home/airflow/.local/lib/python3.7/site-packages/airflow/example_dags/example_trigger_target_dag.py took 0.115 seconds
[2022-04-30 13:07:53,307] {processor.py:163} INFO - Started process (PID=22404) to work on /home/airflow/.local/lib/python3.7/site-packages/airflow/example_dags/example_trigger_target_dag.py
[2022-04-30 13:07:53,309] {processor.py:642} INFO - Processing file /home/airflow/.local/lib/python3.7/site-packages/airflow/example_dags/example_trigger_target_dag.py for tasks to queue
[2022-04-30 13:07:53,309] {logging_mixin.py:109} INFO - [2022-04-30 13:07:53,309] {dagbag.py:500} INFO - Filling up the DagBag from /home/airflow/.local/lib/python3.7/site-packages/airflow/example_dags/example_trigger_target_dag.py
[2022-04-30 13:07:53,335] {processor.py:652} INFO - DAG(s) dict_keys(['example_trigger_target_dag']) retrieved from /home/airflow/.local/lib/python3.7/site-packages/airflow/example_dags/example_trigger_target_dag.py
[2022-04-30 13:07:53,362] {logging_mixin.py:109} INFO - [2022-04-30 13:07:53,362] {dag.py:2398} INFO - Sync 1 DAGs
[2022-04-30 13:07:53,384] {logging_mixin.py:109} INFO - [2022-04-30 13:07:53,383] {dag.py:2937} INFO - Setting next_dagrun for example_trigger_target_dag to None
[2022-04-30 13:07:53,397] {processor.py:171} INFO - Processing /home/airflow/.local/lib/python3.7/site-packages/airflow/example_dags/example_trigger_target_dag.py took 0.095 seconds
[2022-04-30 13:08:24,782] {processor.py:163} INFO - Started process (PID=22469) to work on /home/airflow/.local/lib/python3.7/site-packages/airflow/example_dags/example_trigger_target_dag.py
[2022-04-30 13:08:24,784] {processor.py:642} INFO - Processing file /home/airflow/.local/lib/python3.7/site-packages/airflow/example_dags/example_trigger_target_dag.py for tasks to queue
[2022-04-30 13:08:24,785] {logging_mixin.py:109} INFO - [2022-04-30 13:08:24,785] {dagbag.py:500} INFO - Filling up the DagBag from /home/airflow/.local/lib/python3.7/site-packages/airflow/example_dags/example_trigger_target_dag.py
[2022-04-30 13:08:24,810] {processor.py:652} INFO - DAG(s) dict_keys(['example_trigger_target_dag']) retrieved from /home/airflow/.local/lib/python3.7/site-packages/airflow/example_dags/example_trigger_target_dag.py
[2022-04-30 13:08:24,837] {logging_mixin.py:109} INFO - [2022-04-30 13:08:24,837] {dag.py:2398} INFO - Sync 1 DAGs
[2022-04-30 13:08:24,859] {logging_mixin.py:109} INFO - [2022-04-30 13:08:24,859] {dag.py:2937} INFO - Setting next_dagrun for example_trigger_target_dag to None
[2022-04-30 13:08:24,874] {processor.py:171} INFO - Processing /home/airflow/.local/lib/python3.7/site-packages/airflow/example_dags/example_trigger_target_dag.py took 0.096 seconds
[2022-04-30 13:08:55,470] {processor.py:163} INFO - Started process (PID=22534) to work on /home/airflow/.local/lib/python3.7/site-packages/airflow/example_dags/example_trigger_target_dag.py
[2022-04-30 13:08:55,472] {processor.py:642} INFO - Processing file /home/airflow/.local/lib/python3.7/site-packages/airflow/example_dags/example_trigger_target_dag.py for tasks to queue
[2022-04-30 13:08:55,473] {logging_mixin.py:109} INFO - [2022-04-30 13:08:55,473] {dagbag.py:500} INFO - Filling up the DagBag from /home/airflow/.local/lib/python3.7/site-packages/airflow/example_dags/example_trigger_target_dag.py
[2022-04-30 13:08:55,498] {processor.py:652} INFO - DAG(s) dict_keys(['example_trigger_target_dag']) retrieved from /home/airflow/.local/lib/python3.7/site-packages/airflow/example_dags/example_trigger_target_dag.py
[2022-04-30 13:08:55,521] {logging_mixin.py:109} INFO - [2022-04-30 13:08:55,521] {dag.py:2398} INFO - Sync 1 DAGs
[2022-04-30 13:08:55,541] {logging_mixin.py:109} INFO - [2022-04-30 13:08:55,541] {dag.py:2937} INFO - Setting next_dagrun for example_trigger_target_dag to None
[2022-04-30 13:08:55,553] {processor.py:171} INFO - Processing /home/airflow/.local/lib/python3.7/site-packages/airflow/example_dags/example_trigger_target_dag.py took 0.086 seconds
