[2022-04-30 13:03:15,115] {processor.py:163} INFO - Started process (PID=21773) to work on /home/airflow/.local/lib/python3.7/site-packages/airflow/example_dags/example_branch_day_of_week_operator.py
[2022-04-30 13:03:15,116] {processor.py:642} INFO - Processing file /home/airflow/.local/lib/python3.7/site-packages/airflow/example_dags/example_branch_day_of_week_operator.py for tasks to queue
[2022-04-30 13:03:15,117] {logging_mixin.py:109} INFO - [2022-04-30 13:03:15,117] {dagbag.py:500} INFO - Filling up the DagBag from /home/airflow/.local/lib/python3.7/site-packages/airflow/example_dags/example_branch_day_of_week_operator.py
[2022-04-30 13:03:15,138] {processor.py:652} INFO - DAG(s) dict_keys(['example_weekday_branch_operator']) retrieved from /home/airflow/.local/lib/python3.7/site-packages/airflow/example_dags/example_branch_day_of_week_operator.py
[2022-04-30 13:03:15,164] {logging_mixin.py:109} INFO - [2022-04-30 13:03:15,164] {dag.py:2398} INFO - Sync 1 DAGs
[2022-04-30 13:03:15,191] {logging_mixin.py:109} INFO - [2022-04-30 13:03:15,191] {dag.py:2937} INFO - Setting next_dagrun for example_weekday_branch_operator to 2022-04-29 00:00:00+00:00
[2022-04-30 13:03:15,205] {processor.py:171} INFO - Processing /home/airflow/.local/lib/python3.7/site-packages/airflow/example_dags/example_branch_day_of_week_operator.py took 0.094 seconds
[2022-04-30 13:03:45,649] {processor.py:163} INFO - Started process (PID=21838) to work on /home/airflow/.local/lib/python3.7/site-packages/airflow/example_dags/example_branch_day_of_week_operator.py
[2022-04-30 13:03:45,651] {processor.py:642} INFO - Processing file /home/airflow/.local/lib/python3.7/site-packages/airflow/example_dags/example_branch_day_of_week_operator.py for tasks to queue
[2022-04-30 13:03:45,653] {logging_mixin.py:109} INFO - [2022-04-30 13:03:45,653] {dagbag.py:500} INFO - Filling up the DagBag from /home/airflow/.local/lib/python3.7/site-packages/airflow/example_dags/example_branch_day_of_week_operator.py
[2022-04-30 13:03:45,682] {processor.py:652} INFO - DAG(s) dict_keys(['example_weekday_branch_operator']) retrieved from /home/airflow/.local/lib/python3.7/site-packages/airflow/example_dags/example_branch_day_of_week_operator.py
[2022-04-30 13:03:45,713] {logging_mixin.py:109} INFO - [2022-04-30 13:03:45,713] {dag.py:2398} INFO - Sync 1 DAGs
[2022-04-30 13:03:45,764] {logging_mixin.py:109} INFO - [2022-04-30 13:03:45,764] {dag.py:2937} INFO - Setting next_dagrun for example_weekday_branch_operator to 2022-04-29 00:00:00+00:00
[2022-04-30 13:03:45,777] {processor.py:171} INFO - Processing /home/airflow/.local/lib/python3.7/site-packages/airflow/example_dags/example_branch_day_of_week_operator.py took 0.134 seconds
[2022-04-30 13:04:16,972] {processor.py:163} INFO - Started process (PID=21913) to work on /home/airflow/.local/lib/python3.7/site-packages/airflow/example_dags/example_branch_day_of_week_operator.py
[2022-04-30 13:04:16,974] {processor.py:642} INFO - Processing file /home/airflow/.local/lib/python3.7/site-packages/airflow/example_dags/example_branch_day_of_week_operator.py for tasks to queue
[2022-04-30 13:04:16,976] {logging_mixin.py:109} INFO - [2022-04-30 13:04:16,976] {dagbag.py:500} INFO - Filling up the DagBag from /home/airflow/.local/lib/python3.7/site-packages/airflow/example_dags/example_branch_day_of_week_operator.py
[2022-04-30 13:04:17,003] {processor.py:652} INFO - DAG(s) dict_keys(['example_weekday_branch_operator']) retrieved from /home/airflow/.local/lib/python3.7/site-packages/airflow/example_dags/example_branch_day_of_week_operator.py
[2022-04-30 13:04:17,031] {logging_mixin.py:109} INFO - [2022-04-30 13:04:17,031] {dag.py:2398} INFO - Sync 1 DAGs
[2022-04-30 13:04:17,066] {logging_mixin.py:109} INFO - [2022-04-30 13:04:17,066] {dag.py:2937} INFO - Setting next_dagrun for example_weekday_branch_operator to 2022-04-29 00:00:00+00:00
[2022-04-30 13:04:17,081] {processor.py:171} INFO - Processing /home/airflow/.local/lib/python3.7/site-packages/airflow/example_dags/example_branch_day_of_week_operator.py took 0.114 seconds
[2022-04-30 13:04:47,399] {processor.py:163} INFO - Started process (PID=21979) to work on /home/airflow/.local/lib/python3.7/site-packages/airflow/example_dags/example_branch_day_of_week_operator.py
[2022-04-30 13:04:47,401] {processor.py:642} INFO - Processing file /home/airflow/.local/lib/python3.7/site-packages/airflow/example_dags/example_branch_day_of_week_operator.py for tasks to queue
[2022-04-30 13:04:47,402] {logging_mixin.py:109} INFO - [2022-04-30 13:04:47,402] {dagbag.py:500} INFO - Filling up the DagBag from /home/airflow/.local/lib/python3.7/site-packages/airflow/example_dags/example_branch_day_of_week_operator.py
[2022-04-30 13:04:47,426] {processor.py:652} INFO - DAG(s) dict_keys(['example_weekday_branch_operator']) retrieved from /home/airflow/.local/lib/python3.7/site-packages/airflow/example_dags/example_branch_day_of_week_operator.py
[2022-04-30 13:04:47,454] {logging_mixin.py:109} INFO - [2022-04-30 13:04:47,454] {dag.py:2398} INFO - Sync 1 DAGs
[2022-04-30 13:04:47,483] {logging_mixin.py:109} INFO - [2022-04-30 13:04:47,482] {dag.py:2937} INFO - Setting next_dagrun for example_weekday_branch_operator to 2022-04-29 00:00:00+00:00
[2022-04-30 13:04:47,497] {processor.py:171} INFO - Processing /home/airflow/.local/lib/python3.7/site-packages/airflow/example_dags/example_branch_day_of_week_operator.py took 0.102 seconds
[2022-04-30 13:05:17,894] {processor.py:163} INFO - Started process (PID=22044) to work on /home/airflow/.local/lib/python3.7/site-packages/airflow/example_dags/example_branch_day_of_week_operator.py
[2022-04-30 13:05:17,895] {processor.py:642} INFO - Processing file /home/airflow/.local/lib/python3.7/site-packages/airflow/example_dags/example_branch_day_of_week_operator.py for tasks to queue
[2022-04-30 13:05:17,896] {logging_mixin.py:109} INFO - [2022-04-30 13:05:17,896] {dagbag.py:500} INFO - Filling up the DagBag from /home/airflow/.local/lib/python3.7/site-packages/airflow/example_dags/example_branch_day_of_week_operator.py
[2022-04-30 13:05:17,920] {processor.py:652} INFO - DAG(s) dict_keys(['example_weekday_branch_operator']) retrieved from /home/airflow/.local/lib/python3.7/site-packages/airflow/example_dags/example_branch_day_of_week_operator.py
[2022-04-30 13:05:17,943] {logging_mixin.py:109} INFO - [2022-04-30 13:05:17,943] {dag.py:2398} INFO - Sync 1 DAGs
[2022-04-30 13:05:17,967] {logging_mixin.py:109} INFO - [2022-04-30 13:05:17,967] {dag.py:2937} INFO - Setting next_dagrun for example_weekday_branch_operator to 2022-04-29 00:00:00+00:00
[2022-04-30 13:05:17,981] {processor.py:171} INFO - Processing /home/airflow/.local/lib/python3.7/site-packages/airflow/example_dags/example_branch_day_of_week_operator.py took 0.091 seconds
[2022-04-30 13:05:48,850] {processor.py:163} INFO - Started process (PID=22116) to work on /home/airflow/.local/lib/python3.7/site-packages/airflow/example_dags/example_branch_day_of_week_operator.py
[2022-04-30 13:05:48,851] {processor.py:642} INFO - Processing file /home/airflow/.local/lib/python3.7/site-packages/airflow/example_dags/example_branch_day_of_week_operator.py for tasks to queue
[2022-04-30 13:05:48,853] {logging_mixin.py:109} INFO - [2022-04-30 13:05:48,852] {dagbag.py:500} INFO - Filling up the DagBag from /home/airflow/.local/lib/python3.7/site-packages/airflow/example_dags/example_branch_day_of_week_operator.py
[2022-04-30 13:05:48,882] {processor.py:652} INFO - DAG(s) dict_keys(['example_weekday_branch_operator']) retrieved from /home/airflow/.local/lib/python3.7/site-packages/airflow/example_dags/example_branch_day_of_week_operator.py
[2022-04-30 13:05:48,921] {logging_mixin.py:109} INFO - [2022-04-30 13:05:48,921] {dag.py:2398} INFO - Sync 1 DAGs
[2022-04-30 13:05:48,951] {logging_mixin.py:109} INFO - [2022-04-30 13:05:48,951] {dag.py:2937} INFO - Setting next_dagrun for example_weekday_branch_operator to 2022-04-29 00:00:00+00:00
[2022-04-30 13:05:48,965] {processor.py:171} INFO - Processing /home/airflow/.local/lib/python3.7/site-packages/airflow/example_dags/example_branch_day_of_week_operator.py took 0.120 seconds
[2022-04-30 13:06:19,841] {processor.py:163} INFO - Started process (PID=22186) to work on /home/airflow/.local/lib/python3.7/site-packages/airflow/example_dags/example_branch_day_of_week_operator.py
[2022-04-30 13:06:19,843] {processor.py:642} INFO - Processing file /home/airflow/.local/lib/python3.7/site-packages/airflow/example_dags/example_branch_day_of_week_operator.py for tasks to queue
[2022-04-30 13:06:19,844] {logging_mixin.py:109} INFO - [2022-04-30 13:06:19,844] {dagbag.py:500} INFO - Filling up the DagBag from /home/airflow/.local/lib/python3.7/site-packages/airflow/example_dags/example_branch_day_of_week_operator.py
[2022-04-30 13:06:19,870] {processor.py:652} INFO - DAG(s) dict_keys(['example_weekday_branch_operator']) retrieved from /home/airflow/.local/lib/python3.7/site-packages/airflow/example_dags/example_branch_day_of_week_operator.py
[2022-04-30 13:06:19,899] {logging_mixin.py:109} INFO - [2022-04-30 13:06:19,899] {dag.py:2398} INFO - Sync 1 DAGs
[2022-04-30 13:06:19,923] {logging_mixin.py:109} INFO - [2022-04-30 13:06:19,923] {dag.py:2937} INFO - Setting next_dagrun for example_weekday_branch_operator to 2022-04-29 00:00:00+00:00
[2022-04-30 13:06:19,939] {processor.py:171} INFO - Processing /home/airflow/.local/lib/python3.7/site-packages/airflow/example_dags/example_branch_day_of_week_operator.py took 0.102 seconds
[2022-04-30 13:06:50,923] {processor.py:163} INFO - Started process (PID=22250) to work on /home/airflow/.local/lib/python3.7/site-packages/airflow/example_dags/example_branch_day_of_week_operator.py
[2022-04-30 13:06:50,925] {processor.py:642} INFO - Processing file /home/airflow/.local/lib/python3.7/site-packages/airflow/example_dags/example_branch_day_of_week_operator.py for tasks to queue
[2022-04-30 13:06:50,926] {logging_mixin.py:109} INFO - [2022-04-30 13:06:50,926] {dagbag.py:500} INFO - Filling up the DagBag from /home/airflow/.local/lib/python3.7/site-packages/airflow/example_dags/example_branch_day_of_week_operator.py
[2022-04-30 13:06:50,953] {processor.py:652} INFO - DAG(s) dict_keys(['example_weekday_branch_operator']) retrieved from /home/airflow/.local/lib/python3.7/site-packages/airflow/example_dags/example_branch_day_of_week_operator.py
[2022-04-30 13:06:50,984] {logging_mixin.py:109} INFO - [2022-04-30 13:06:50,984] {dag.py:2398} INFO - Sync 1 DAGs
[2022-04-30 13:06:51,012] {logging_mixin.py:109} INFO - [2022-04-30 13:06:51,012] {dag.py:2937} INFO - Setting next_dagrun for example_weekday_branch_operator to 2022-04-29 00:00:00+00:00
[2022-04-30 13:06:51,026] {processor.py:171} INFO - Processing /home/airflow/.local/lib/python3.7/site-packages/airflow/example_dags/example_branch_day_of_week_operator.py took 0.108 seconds
[2022-04-30 13:07:21,697] {processor.py:163} INFO - Started process (PID=22323) to work on /home/airflow/.local/lib/python3.7/site-packages/airflow/example_dags/example_branch_day_of_week_operator.py
[2022-04-30 13:07:21,699] {processor.py:642} INFO - Processing file /home/airflow/.local/lib/python3.7/site-packages/airflow/example_dags/example_branch_day_of_week_operator.py for tasks to queue
[2022-04-30 13:07:21,701] {logging_mixin.py:109} INFO - [2022-04-30 13:07:21,701] {dagbag.py:500} INFO - Filling up the DagBag from /home/airflow/.local/lib/python3.7/site-packages/airflow/example_dags/example_branch_day_of_week_operator.py
[2022-04-30 13:07:21,734] {processor.py:652} INFO - DAG(s) dict_keys(['example_weekday_branch_operator']) retrieved from /home/airflow/.local/lib/python3.7/site-packages/airflow/example_dags/example_branch_day_of_week_operator.py
[2022-04-30 13:07:21,772] {logging_mixin.py:109} INFO - [2022-04-30 13:07:21,772] {dag.py:2398} INFO - Sync 1 DAGs
[2022-04-30 13:07:21,807] {logging_mixin.py:109} INFO - [2022-04-30 13:07:21,807] {dag.py:2937} INFO - Setting next_dagrun for example_weekday_branch_operator to 2022-04-29 00:00:00+00:00
[2022-04-30 13:07:21,824] {processor.py:171} INFO - Processing /home/airflow/.local/lib/python3.7/site-packages/airflow/example_dags/example_branch_day_of_week_operator.py took 0.133 seconds
[2022-04-30 13:07:52,334] {processor.py:163} INFO - Started process (PID=22391) to work on /home/airflow/.local/lib/python3.7/site-packages/airflow/example_dags/example_branch_day_of_week_operator.py
[2022-04-30 13:07:52,336] {processor.py:642} INFO - Processing file /home/airflow/.local/lib/python3.7/site-packages/airflow/example_dags/example_branch_day_of_week_operator.py for tasks to queue
[2022-04-30 13:07:52,337] {logging_mixin.py:109} INFO - [2022-04-30 13:07:52,337] {dagbag.py:500} INFO - Filling up the DagBag from /home/airflow/.local/lib/python3.7/site-packages/airflow/example_dags/example_branch_day_of_week_operator.py
[2022-04-30 13:07:52,364] {processor.py:652} INFO - DAG(s) dict_keys(['example_weekday_branch_operator']) retrieved from /home/airflow/.local/lib/python3.7/site-packages/airflow/example_dags/example_branch_day_of_week_operator.py
[2022-04-30 13:07:52,399] {logging_mixin.py:109} INFO - [2022-04-30 13:07:52,399] {dag.py:2398} INFO - Sync 1 DAGs
[2022-04-30 13:07:52,433] {logging_mixin.py:109} INFO - [2022-04-30 13:07:52,433] {dag.py:2937} INFO - Setting next_dagrun for example_weekday_branch_operator to 2022-04-29 00:00:00+00:00
[2022-04-30 13:07:52,446] {processor.py:171} INFO - Processing /home/airflow/.local/lib/python3.7/site-packages/airflow/example_dags/example_branch_day_of_week_operator.py took 0.117 seconds
[2022-04-30 13:08:23,307] {processor.py:163} INFO - Started process (PID=22455) to work on /home/airflow/.local/lib/python3.7/site-packages/airflow/example_dags/example_branch_day_of_week_operator.py
[2022-04-30 13:08:23,309] {processor.py:642} INFO - Processing file /home/airflow/.local/lib/python3.7/site-packages/airflow/example_dags/example_branch_day_of_week_operator.py for tasks to queue
[2022-04-30 13:08:23,310] {logging_mixin.py:109} INFO - [2022-04-30 13:08:23,310] {dagbag.py:500} INFO - Filling up the DagBag from /home/airflow/.local/lib/python3.7/site-packages/airflow/example_dags/example_branch_day_of_week_operator.py
[2022-04-30 13:08:23,332] {processor.py:652} INFO - DAG(s) dict_keys(['example_weekday_branch_operator']) retrieved from /home/airflow/.local/lib/python3.7/site-packages/airflow/example_dags/example_branch_day_of_week_operator.py
[2022-04-30 13:08:23,358] {logging_mixin.py:109} INFO - [2022-04-30 13:08:23,358] {dag.py:2398} INFO - Sync 1 DAGs
[2022-04-30 13:08:23,382] {logging_mixin.py:109} INFO - [2022-04-30 13:08:23,382] {dag.py:2937} INFO - Setting next_dagrun for example_weekday_branch_operator to 2022-04-29 00:00:00+00:00
[2022-04-30 13:08:23,395] {processor.py:171} INFO - Processing /home/airflow/.local/lib/python3.7/site-packages/airflow/example_dags/example_branch_day_of_week_operator.py took 0.093 seconds
[2022-04-30 13:08:54,497] {processor.py:163} INFO - Started process (PID=22520) to work on /home/airflow/.local/lib/python3.7/site-packages/airflow/example_dags/example_branch_day_of_week_operator.py
[2022-04-30 13:08:54,498] {processor.py:642} INFO - Processing file /home/airflow/.local/lib/python3.7/site-packages/airflow/example_dags/example_branch_day_of_week_operator.py for tasks to queue
[2022-04-30 13:08:54,500] {logging_mixin.py:109} INFO - [2022-04-30 13:08:54,500] {dagbag.py:500} INFO - Filling up the DagBag from /home/airflow/.local/lib/python3.7/site-packages/airflow/example_dags/example_branch_day_of_week_operator.py
[2022-04-30 13:08:54,522] {processor.py:652} INFO - DAG(s) dict_keys(['example_weekday_branch_operator']) retrieved from /home/airflow/.local/lib/python3.7/site-packages/airflow/example_dags/example_branch_day_of_week_operator.py
[2022-04-30 13:08:54,547] {logging_mixin.py:109} INFO - [2022-04-30 13:08:54,546] {dag.py:2398} INFO - Sync 1 DAGs
[2022-04-30 13:08:54,573] {logging_mixin.py:109} INFO - [2022-04-30 13:08:54,573] {dag.py:2937} INFO - Setting next_dagrun for example_weekday_branch_operator to 2022-04-29 00:00:00+00:00
[2022-04-30 13:08:54,586] {processor.py:171} INFO - Processing /home/airflow/.local/lib/python3.7/site-packages/airflow/example_dags/example_branch_day_of_week_operator.py took 0.093 seconds
[2022-04-30 13:09:25,317] {processor.py:163} INFO - Started process (PID=22594) to work on /home/airflow/.local/lib/python3.7/site-packages/airflow/example_dags/example_branch_day_of_week_operator.py
[2022-04-30 13:09:25,320] {processor.py:642} INFO - Processing file /home/airflow/.local/lib/python3.7/site-packages/airflow/example_dags/example_branch_day_of_week_operator.py for tasks to queue
[2022-04-30 13:09:25,321] {logging_mixin.py:109} INFO - [2022-04-30 13:09:25,321] {dagbag.py:500} INFO - Filling up the DagBag from /home/airflow/.local/lib/python3.7/site-packages/airflow/example_dags/example_branch_day_of_week_operator.py
[2022-04-30 13:09:25,350] {processor.py:652} INFO - DAG(s) dict_keys(['example_weekday_branch_operator']) retrieved from /home/airflow/.local/lib/python3.7/site-packages/airflow/example_dags/example_branch_day_of_week_operator.py
[2022-04-30 13:09:25,382] {logging_mixin.py:109} INFO - [2022-04-30 13:09:25,382] {dag.py:2398} INFO - Sync 1 DAGs
[2022-04-30 13:09:25,415] {logging_mixin.py:109} INFO - [2022-04-30 13:09:25,415] {dag.py:2937} INFO - Setting next_dagrun for example_weekday_branch_operator to 2022-04-29 00:00:00+00:00
[2022-04-30 13:09:25,430] {processor.py:171} INFO - Processing /home/airflow/.local/lib/python3.7/site-packages/airflow/example_dags/example_branch_day_of_week_operator.py took 0.120 seconds
[2022-04-30 13:09:56,209] {processor.py:163} INFO - Started process (PID=22659) to work on /home/airflow/.local/lib/python3.7/site-packages/airflow/example_dags/example_branch_day_of_week_operator.py
[2022-04-30 13:09:56,210] {processor.py:642} INFO - Processing file /home/airflow/.local/lib/python3.7/site-packages/airflow/example_dags/example_branch_day_of_week_operator.py for tasks to queue
[2022-04-30 13:09:56,211] {logging_mixin.py:109} INFO - [2022-04-30 13:09:56,211] {dagbag.py:500} INFO - Filling up the DagBag from /home/airflow/.local/lib/python3.7/site-packages/airflow/example_dags/example_branch_day_of_week_operator.py
[2022-04-30 13:09:56,230] {processor.py:652} INFO - DAG(s) dict_keys(['example_weekday_branch_operator']) retrieved from /home/airflow/.local/lib/python3.7/site-packages/airflow/example_dags/example_branch_day_of_week_operator.py
[2022-04-30 13:09:56,256] {logging_mixin.py:109} INFO - [2022-04-30 13:09:56,255] {dag.py:2398} INFO - Sync 1 DAGs
[2022-04-30 13:09:56,278] {logging_mixin.py:109} INFO - [2022-04-30 13:09:56,278] {dag.py:2937} INFO - Setting next_dagrun for example_weekday_branch_operator to 2022-04-29 00:00:00+00:00
[2022-04-30 13:09:56,289] {processor.py:171} INFO - Processing /home/airflow/.local/lib/python3.7/site-packages/airflow/example_dags/example_branch_day_of_week_operator.py took 0.084 seconds
[2022-04-30 13:10:27,212] {processor.py:163} INFO - Started process (PID=22723) to work on /home/airflow/.local/lib/python3.7/site-packages/airflow/example_dags/example_branch_day_of_week_operator.py
[2022-04-30 13:10:27,213] {processor.py:642} INFO - Processing file /home/airflow/.local/lib/python3.7/site-packages/airflow/example_dags/example_branch_day_of_week_operator.py for tasks to queue
[2022-04-30 13:10:27,215] {logging_mixin.py:109} INFO - [2022-04-30 13:10:27,214] {dagbag.py:500} INFO - Filling up the DagBag from /home/airflow/.local/lib/python3.7/site-packages/airflow/example_dags/example_branch_day_of_week_operator.py
[2022-04-30 13:10:27,243] {processor.py:652} INFO - DAG(s) dict_keys(['example_weekday_branch_operator']) retrieved from /home/airflow/.local/lib/python3.7/site-packages/airflow/example_dags/example_branch_day_of_week_operator.py
[2022-04-30 13:10:27,276] {logging_mixin.py:109} INFO - [2022-04-30 13:10:27,275] {dag.py:2398} INFO - Sync 1 DAGs
[2022-04-30 13:10:27,311] {logging_mixin.py:109} INFO - [2022-04-30 13:10:27,310] {dag.py:2937} INFO - Setting next_dagrun for example_weekday_branch_operator to 2022-04-29 00:00:00+00:00
[2022-04-30 13:10:27,332] {processor.py:171} INFO - Processing /home/airflow/.local/lib/python3.7/site-packages/airflow/example_dags/example_branch_day_of_week_operator.py took 0.124 seconds
