[2022-04-30 13:03:15,209] {processor.py:163} INFO - Started process (PID=21774) to work on /home/airflow/.local/lib/python3.7/site-packages/airflow/example_dags/example_python_operator.py
[2022-04-30 13:03:15,212] {processor.py:642} INFO - Processing file /home/airflow/.local/lib/python3.7/site-packages/airflow/example_dags/example_python_operator.py for tasks to queue
[2022-04-30 13:03:15,214] {logging_mixin.py:109} INFO - [2022-04-30 13:03:15,214] {dagbag.py:500} INFO - Filling up the DagBag from /home/airflow/.local/lib/python3.7/site-packages/airflow/example_dags/example_python_operator.py
[2022-04-30 13:03:15,250] {processor.py:652} INFO - DAG(s) dict_keys(['example_python_operator']) retrieved from /home/airflow/.local/lib/python3.7/site-packages/airflow/example_dags/example_python_operator.py
[2022-04-30 13:03:15,282] {logging_mixin.py:109} INFO - [2022-04-30 13:03:15,282] {dag.py:2398} INFO - Sync 1 DAGs
[2022-04-30 13:03:15,307] {logging_mixin.py:109} INFO - [2022-04-30 13:03:15,307] {dag.py:2937} INFO - Setting next_dagrun for example_python_operator to None
[2022-04-30 13:03:15,320] {processor.py:171} INFO - Processing /home/airflow/.local/lib/python3.7/site-packages/airflow/example_dags/example_python_operator.py took 0.115 seconds
[2022-04-30 13:03:45,764] {processor.py:163} INFO - Started process (PID=21839) to work on /home/airflow/.local/lib/python3.7/site-packages/airflow/example_dags/example_python_operator.py
[2022-04-30 13:03:45,766] {processor.py:642} INFO - Processing file /home/airflow/.local/lib/python3.7/site-packages/airflow/example_dags/example_python_operator.py for tasks to queue
[2022-04-30 13:03:45,767] {logging_mixin.py:109} INFO - [2022-04-30 13:03:45,767] {dagbag.py:500} INFO - Filling up the DagBag from /home/airflow/.local/lib/python3.7/site-packages/airflow/example_dags/example_python_operator.py
[2022-04-30 13:03:45,796] {processor.py:652} INFO - DAG(s) dict_keys(['example_python_operator']) retrieved from /home/airflow/.local/lib/python3.7/site-packages/airflow/example_dags/example_python_operator.py
[2022-04-30 13:03:45,827] {logging_mixin.py:109} INFO - [2022-04-30 13:03:45,826] {dag.py:2398} INFO - Sync 1 DAGs
[2022-04-30 13:03:45,852] {logging_mixin.py:109} INFO - [2022-04-30 13:03:45,852] {dag.py:2937} INFO - Setting next_dagrun for example_python_operator to None
[2022-04-30 13:03:45,866] {processor.py:171} INFO - Processing /home/airflow/.local/lib/python3.7/site-packages/airflow/example_dags/example_python_operator.py took 0.107 seconds
[2022-04-30 13:04:16,986] {processor.py:163} INFO - Started process (PID=21914) to work on /home/airflow/.local/lib/python3.7/site-packages/airflow/example_dags/example_python_operator.py
[2022-04-30 13:04:16,988] {processor.py:642} INFO - Processing file /home/airflow/.local/lib/python3.7/site-packages/airflow/example_dags/example_python_operator.py for tasks to queue
[2022-04-30 13:04:16,989] {logging_mixin.py:109} INFO - [2022-04-30 13:04:16,989] {dagbag.py:500} INFO - Filling up the DagBag from /home/airflow/.local/lib/python3.7/site-packages/airflow/example_dags/example_python_operator.py
[2022-04-30 13:04:17,024] {processor.py:652} INFO - DAG(s) dict_keys(['example_python_operator']) retrieved from /home/airflow/.local/lib/python3.7/site-packages/airflow/example_dags/example_python_operator.py
[2022-04-30 13:04:17,054] {logging_mixin.py:109} INFO - [2022-04-30 13:04:17,054] {dag.py:2398} INFO - Sync 1 DAGs
[2022-04-30 13:04:17,081] {logging_mixin.py:109} INFO - [2022-04-30 13:04:17,081] {dag.py:2937} INFO - Setting next_dagrun for example_python_operator to None
[2022-04-30 13:04:17,098] {processor.py:171} INFO - Processing /home/airflow/.local/lib/python3.7/site-packages/airflow/example_dags/example_python_operator.py took 0.116 seconds
[2022-04-30 13:04:47,506] {processor.py:163} INFO - Started process (PID=21980) to work on /home/airflow/.local/lib/python3.7/site-packages/airflow/example_dags/example_python_operator.py
[2022-04-30 13:04:47,507] {processor.py:642} INFO - Processing file /home/airflow/.local/lib/python3.7/site-packages/airflow/example_dags/example_python_operator.py for tasks to queue
[2022-04-30 13:04:47,509] {logging_mixin.py:109} INFO - [2022-04-30 13:04:47,509] {dagbag.py:500} INFO - Filling up the DagBag from /home/airflow/.local/lib/python3.7/site-packages/airflow/example_dags/example_python_operator.py
[2022-04-30 13:04:47,541] {processor.py:652} INFO - DAG(s) dict_keys(['example_python_operator']) retrieved from /home/airflow/.local/lib/python3.7/site-packages/airflow/example_dags/example_python_operator.py
[2022-04-30 13:04:47,569] {logging_mixin.py:109} INFO - [2022-04-30 13:04:47,569] {dag.py:2398} INFO - Sync 1 DAGs
[2022-04-30 13:04:47,591] {logging_mixin.py:109} INFO - [2022-04-30 13:04:47,590] {dag.py:2937} INFO - Setting next_dagrun for example_python_operator to None
[2022-04-30 13:04:47,604] {processor.py:171} INFO - Processing /home/airflow/.local/lib/python3.7/site-packages/airflow/example_dags/example_python_operator.py took 0.103 seconds
[2022-04-30 13:05:17,916] {processor.py:163} INFO - Started process (PID=22045) to work on /home/airflow/.local/lib/python3.7/site-packages/airflow/example_dags/example_python_operator.py
[2022-04-30 13:05:17,917] {processor.py:642} INFO - Processing file /home/airflow/.local/lib/python3.7/site-packages/airflow/example_dags/example_python_operator.py for tasks to queue
[2022-04-30 13:05:17,918] {logging_mixin.py:109} INFO - [2022-04-30 13:05:17,918] {dagbag.py:500} INFO - Filling up the DagBag from /home/airflow/.local/lib/python3.7/site-packages/airflow/example_dags/example_python_operator.py
[2022-04-30 13:05:17,944] {processor.py:652} INFO - DAG(s) dict_keys(['example_python_operator']) retrieved from /home/airflow/.local/lib/python3.7/site-packages/airflow/example_dags/example_python_operator.py
[2022-04-30 13:05:17,970] {logging_mixin.py:109} INFO - [2022-04-30 13:05:17,970] {dag.py:2398} INFO - Sync 1 DAGs
[2022-04-30 13:05:17,994] {logging_mixin.py:109} INFO - [2022-04-30 13:05:17,994] {dag.py:2937} INFO - Setting next_dagrun for example_python_operator to None
[2022-04-30 13:05:18,009] {processor.py:171} INFO - Processing /home/airflow/.local/lib/python3.7/site-packages/airflow/example_dags/example_python_operator.py took 0.097 seconds
[2022-04-30 13:05:48,878] {processor.py:163} INFO - Started process (PID=22117) to work on /home/airflow/.local/lib/python3.7/site-packages/airflow/example_dags/example_python_operator.py
[2022-04-30 13:05:48,880] {processor.py:642} INFO - Processing file /home/airflow/.local/lib/python3.7/site-packages/airflow/example_dags/example_python_operator.py for tasks to queue
[2022-04-30 13:05:48,881] {logging_mixin.py:109} INFO - [2022-04-30 13:05:48,881] {dagbag.py:500} INFO - Filling up the DagBag from /home/airflow/.local/lib/python3.7/site-packages/airflow/example_dags/example_python_operator.py
[2022-04-30 13:05:48,926] {processor.py:652} INFO - DAG(s) dict_keys(['example_python_operator']) retrieved from /home/airflow/.local/lib/python3.7/site-packages/airflow/example_dags/example_python_operator.py
[2022-04-30 13:05:48,961] {logging_mixin.py:109} INFO - [2022-04-30 13:05:48,961] {dag.py:2398} INFO - Sync 1 DAGs
[2022-04-30 13:05:48,987] {logging_mixin.py:109} INFO - [2022-04-30 13:05:48,986] {dag.py:2937} INFO - Setting next_dagrun for example_python_operator to None
[2022-04-30 13:05:49,001] {processor.py:171} INFO - Processing /home/airflow/.local/lib/python3.7/site-packages/airflow/example_dags/example_python_operator.py took 0.127 seconds
[2022-04-30 13:06:19,961] {processor.py:163} INFO - Started process (PID=22187) to work on /home/airflow/.local/lib/python3.7/site-packages/airflow/example_dags/example_python_operator.py
[2022-04-30 13:06:19,963] {processor.py:642} INFO - Processing file /home/airflow/.local/lib/python3.7/site-packages/airflow/example_dags/example_python_operator.py for tasks to queue
[2022-04-30 13:06:19,964] {logging_mixin.py:109} INFO - [2022-04-30 13:06:19,964] {dagbag.py:500} INFO - Filling up the DagBag from /home/airflow/.local/lib/python3.7/site-packages/airflow/example_dags/example_python_operator.py
[2022-04-30 13:06:19,994] {processor.py:652} INFO - DAG(s) dict_keys(['example_python_operator']) retrieved from /home/airflow/.local/lib/python3.7/site-packages/airflow/example_dags/example_python_operator.py
[2022-04-30 13:06:20,019] {logging_mixin.py:109} INFO - [2022-04-30 13:06:20,019] {dag.py:2398} INFO - Sync 1 DAGs
[2022-04-30 13:06:20,040] {logging_mixin.py:109} INFO - [2022-04-30 13:06:20,040] {dag.py:2937} INFO - Setting next_dagrun for example_python_operator to None
[2022-04-30 13:06:20,053] {processor.py:171} INFO - Processing /home/airflow/.local/lib/python3.7/site-packages/airflow/example_dags/example_python_operator.py took 0.096 seconds
[2022-04-30 13:06:50,951] {processor.py:163} INFO - Started process (PID=22251) to work on /home/airflow/.local/lib/python3.7/site-packages/airflow/example_dags/example_python_operator.py
[2022-04-30 13:06:50,953] {processor.py:642} INFO - Processing file /home/airflow/.local/lib/python3.7/site-packages/airflow/example_dags/example_python_operator.py for tasks to queue
[2022-04-30 13:06:50,954] {logging_mixin.py:109} INFO - [2022-04-30 13:06:50,954] {dagbag.py:500} INFO - Filling up the DagBag from /home/airflow/.local/lib/python3.7/site-packages/airflow/example_dags/example_python_operator.py
[2022-04-30 13:06:50,987] {processor.py:652} INFO - DAG(s) dict_keys(['example_python_operator']) retrieved from /home/airflow/.local/lib/python3.7/site-packages/airflow/example_dags/example_python_operator.py
[2022-04-30 13:06:51,017] {logging_mixin.py:109} INFO - [2022-04-30 13:06:51,016] {dag.py:2398} INFO - Sync 1 DAGs
[2022-04-30 13:06:51,045] {logging_mixin.py:109} INFO - [2022-04-30 13:06:51,044] {dag.py:2937} INFO - Setting next_dagrun for example_python_operator to None
[2022-04-30 13:06:51,061] {processor.py:171} INFO - Processing /home/airflow/.local/lib/python3.7/site-packages/airflow/example_dags/example_python_operator.py took 0.115 seconds
[2022-04-30 13:07:21,760] {processor.py:163} INFO - Started process (PID=22324) to work on /home/airflow/.local/lib/python3.7/site-packages/airflow/example_dags/example_python_operator.py
[2022-04-30 13:07:21,762] {processor.py:642} INFO - Processing file /home/airflow/.local/lib/python3.7/site-packages/airflow/example_dags/example_python_operator.py for tasks to queue
[2022-04-30 13:07:21,764] {logging_mixin.py:109} INFO - [2022-04-30 13:07:21,764] {dagbag.py:500} INFO - Filling up the DagBag from /home/airflow/.local/lib/python3.7/site-packages/airflow/example_dags/example_python_operator.py
[2022-04-30 13:07:21,803] {processor.py:652} INFO - DAG(s) dict_keys(['example_python_operator']) retrieved from /home/airflow/.local/lib/python3.7/site-packages/airflow/example_dags/example_python_operator.py
[2022-04-30 13:07:21,838] {logging_mixin.py:109} INFO - [2022-04-30 13:07:21,837] {dag.py:2398} INFO - Sync 1 DAGs
[2022-04-30 13:07:21,869] {logging_mixin.py:109} INFO - [2022-04-30 13:07:21,869] {dag.py:2937} INFO - Setting next_dagrun for example_python_operator to None
[2022-04-30 13:07:21,885] {processor.py:171} INFO - Processing /home/airflow/.local/lib/python3.7/site-packages/airflow/example_dags/example_python_operator.py took 0.132 seconds
[2022-04-30 13:07:52,417] {processor.py:163} INFO - Started process (PID=22392) to work on /home/airflow/.local/lib/python3.7/site-packages/airflow/example_dags/example_python_operator.py
[2022-04-30 13:07:52,419] {processor.py:642} INFO - Processing file /home/airflow/.local/lib/python3.7/site-packages/airflow/example_dags/example_python_operator.py for tasks to queue
[2022-04-30 13:07:52,420] {logging_mixin.py:109} INFO - [2022-04-30 13:07:52,420] {dagbag.py:500} INFO - Filling up the DagBag from /home/airflow/.local/lib/python3.7/site-packages/airflow/example_dags/example_python_operator.py
[2022-04-30 13:07:52,454] {processor.py:652} INFO - DAG(s) dict_keys(['example_python_operator']) retrieved from /home/airflow/.local/lib/python3.7/site-packages/airflow/example_dags/example_python_operator.py
[2022-04-30 13:07:52,484] {logging_mixin.py:109} INFO - [2022-04-30 13:07:52,484] {dag.py:2398} INFO - Sync 1 DAGs
[2022-04-30 13:07:52,510] {logging_mixin.py:109} INFO - [2022-04-30 13:07:52,510] {dag.py:2937} INFO - Setting next_dagrun for example_python_operator to None
[2022-04-30 13:07:52,525] {processor.py:171} INFO - Processing /home/airflow/.local/lib/python3.7/site-packages/airflow/example_dags/example_python_operator.py took 0.112 seconds
[2022-04-30 13:08:23,333] {processor.py:163} INFO - Started process (PID=22456) to work on /home/airflow/.local/lib/python3.7/site-packages/airflow/example_dags/example_python_operator.py
[2022-04-30 13:08:23,335] {processor.py:642} INFO - Processing file /home/airflow/.local/lib/python3.7/site-packages/airflow/example_dags/example_python_operator.py for tasks to queue
[2022-04-30 13:08:23,336] {logging_mixin.py:109} INFO - [2022-04-30 13:08:23,336] {dagbag.py:500} INFO - Filling up the DagBag from /home/airflow/.local/lib/python3.7/site-packages/airflow/example_dags/example_python_operator.py
[2022-04-30 13:08:23,363] {processor.py:652} INFO - DAG(s) dict_keys(['example_python_operator']) retrieved from /home/airflow/.local/lib/python3.7/site-packages/airflow/example_dags/example_python_operator.py
[2022-04-30 13:08:23,388] {logging_mixin.py:109} INFO - [2022-04-30 13:08:23,388] {dag.py:2398} INFO - Sync 1 DAGs
[2022-04-30 13:08:23,411] {logging_mixin.py:109} INFO - [2022-04-30 13:08:23,411] {dag.py:2937} INFO - Setting next_dagrun for example_python_operator to None
[2022-04-30 13:08:23,424] {processor.py:171} INFO - Processing /home/airflow/.local/lib/python3.7/site-packages/airflow/example_dags/example_python_operator.py took 0.094 seconds
[2022-04-30 13:08:54,609] {processor.py:163} INFO - Started process (PID=22522) to work on /home/airflow/.local/lib/python3.7/site-packages/airflow/example_dags/example_python_operator.py
[2022-04-30 13:08:54,611] {processor.py:642} INFO - Processing file /home/airflow/.local/lib/python3.7/site-packages/airflow/example_dags/example_python_operator.py for tasks to queue
[2022-04-30 13:08:54,612] {logging_mixin.py:109} INFO - [2022-04-30 13:08:54,612] {dagbag.py:500} INFO - Filling up the DagBag from /home/airflow/.local/lib/python3.7/site-packages/airflow/example_dags/example_python_operator.py
[2022-04-30 13:08:54,639] {processor.py:652} INFO - DAG(s) dict_keys(['example_python_operator']) retrieved from /home/airflow/.local/lib/python3.7/site-packages/airflow/example_dags/example_python_operator.py
[2022-04-30 13:08:54,666] {logging_mixin.py:109} INFO - [2022-04-30 13:08:54,666] {dag.py:2398} INFO - Sync 1 DAGs
[2022-04-30 13:08:54,689] {logging_mixin.py:109} INFO - [2022-04-30 13:08:54,689] {dag.py:2937} INFO - Setting next_dagrun for example_python_operator to None
[2022-04-30 13:08:54,701] {processor.py:171} INFO - Processing /home/airflow/.local/lib/python3.7/site-packages/airflow/example_dags/example_python_operator.py took 0.096 seconds
[2022-04-30 13:09:25,539] {processor.py:163} INFO - Started process (PID=22596) to work on /home/airflow/.local/lib/python3.7/site-packages/airflow/example_dags/example_python_operator.py
[2022-04-30 13:09:25,540] {processor.py:642} INFO - Processing file /home/airflow/.local/lib/python3.7/site-packages/airflow/example_dags/example_python_operator.py for tasks to queue
[2022-04-30 13:09:25,541] {logging_mixin.py:109} INFO - [2022-04-30 13:09:25,541] {dagbag.py:500} INFO - Filling up the DagBag from /home/airflow/.local/lib/python3.7/site-packages/airflow/example_dags/example_python_operator.py
[2022-04-30 13:09:25,573] {processor.py:652} INFO - DAG(s) dict_keys(['example_python_operator']) retrieved from /home/airflow/.local/lib/python3.7/site-packages/airflow/example_dags/example_python_operator.py
[2022-04-30 13:09:25,607] {logging_mixin.py:109} INFO - [2022-04-30 13:09:25,607] {dag.py:2398} INFO - Sync 1 DAGs
[2022-04-30 13:09:25,631] {logging_mixin.py:109} INFO - [2022-04-30 13:09:25,631] {dag.py:2937} INFO - Setting next_dagrun for example_python_operator to None
[2022-04-30 13:09:25,646] {processor.py:171} INFO - Processing /home/airflow/.local/lib/python3.7/site-packages/airflow/example_dags/example_python_operator.py took 0.112 seconds
[2022-04-30 13:09:56,429] {processor.py:163} INFO - Started process (PID=22662) to work on /home/airflow/.local/lib/python3.7/site-packages/airflow/example_dags/example_python_operator.py
[2022-04-30 13:09:56,430] {processor.py:642} INFO - Processing file /home/airflow/.local/lib/python3.7/site-packages/airflow/example_dags/example_python_operator.py for tasks to queue
[2022-04-30 13:09:56,431] {logging_mixin.py:109} INFO - [2022-04-30 13:09:56,431] {dagbag.py:500} INFO - Filling up the DagBag from /home/airflow/.local/lib/python3.7/site-packages/airflow/example_dags/example_python_operator.py
[2022-04-30 13:09:56,457] {processor.py:652} INFO - DAG(s) dict_keys(['example_python_operator']) retrieved from /home/airflow/.local/lib/python3.7/site-packages/airflow/example_dags/example_python_operator.py
[2022-04-30 13:09:56,483] {logging_mixin.py:109} INFO - [2022-04-30 13:09:56,483] {dag.py:2398} INFO - Sync 1 DAGs
[2022-04-30 13:09:56,503] {logging_mixin.py:109} INFO - [2022-04-30 13:09:56,503] {dag.py:2937} INFO - Setting next_dagrun for example_python_operator to None
[2022-04-30 13:09:56,514] {processor.py:171} INFO - Processing /home/airflow/.local/lib/python3.7/site-packages/airflow/example_dags/example_python_operator.py took 0.089 seconds
[2022-04-30 13:10:27,454] {processor.py:163} INFO - Started process (PID=22726) to work on /home/airflow/.local/lib/python3.7/site-packages/airflow/example_dags/example_python_operator.py
[2022-04-30 13:10:27,455] {processor.py:642} INFO - Processing file /home/airflow/.local/lib/python3.7/site-packages/airflow/example_dags/example_python_operator.py for tasks to queue
[2022-04-30 13:10:27,456] {logging_mixin.py:109} INFO - [2022-04-30 13:10:27,456] {dagbag.py:500} INFO - Filling up the DagBag from /home/airflow/.local/lib/python3.7/site-packages/airflow/example_dags/example_python_operator.py
[2022-04-30 13:10:27,490] {processor.py:652} INFO - DAG(s) dict_keys(['example_python_operator']) retrieved from /home/airflow/.local/lib/python3.7/site-packages/airflow/example_dags/example_python_operator.py
[2022-04-30 13:10:27,524] {logging_mixin.py:109} INFO - [2022-04-30 13:10:27,524] {dag.py:2398} INFO - Sync 1 DAGs
[2022-04-30 13:10:27,547] {logging_mixin.py:109} INFO - [2022-04-30 13:10:27,547] {dag.py:2937} INFO - Setting next_dagrun for example_python_operator to None
[2022-04-30 13:10:27,564] {processor.py:171} INFO - Processing /home/airflow/.local/lib/python3.7/site-packages/airflow/example_dags/example_python_operator.py took 0.114 seconds
