[2022-04-30 13:03:15,742] {processor.py:163} INFO - Started process (PID=21781) to work on /home/airflow/.local/lib/python3.7/site-packages/airflow/example_dags/example_branch_datetime_operator.py
[2022-04-30 13:03:15,743] {processor.py:642} INFO - Processing file /home/airflow/.local/lib/python3.7/site-packages/airflow/example_dags/example_branch_datetime_operator.py for tasks to queue
[2022-04-30 13:03:15,745] {logging_mixin.py:109} INFO - [2022-04-30 13:03:15,744] {dagbag.py:500} INFO - Filling up the DagBag from /home/airflow/.local/lib/python3.7/site-packages/airflow/example_dags/example_branch_datetime_operator.py
[2022-04-30 13:03:15,765] {processor.py:652} INFO - DAG(s) dict_keys(['example_branch_datetime_operator_2']) retrieved from /home/airflow/.local/lib/python3.7/site-packages/airflow/example_dags/example_branch_datetime_operator.py
[2022-04-30 13:03:15,792] {logging_mixin.py:109} INFO - [2022-04-30 13:03:15,791] {dag.py:2398} INFO - Sync 1 DAGs
[2022-04-30 13:03:15,817] {logging_mixin.py:109} INFO - [2022-04-30 13:03:15,817] {dag.py:2937} INFO - Setting next_dagrun for example_branch_datetime_operator_2 to 2022-04-29 00:00:00+00:00
[2022-04-30 13:03:15,830] {processor.py:171} INFO - Processing /home/airflow/.local/lib/python3.7/site-packages/airflow/example_dags/example_branch_datetime_operator.py took 0.093 seconds
[2022-04-30 13:03:46,248] {processor.py:163} INFO - Started process (PID=21846) to work on /home/airflow/.local/lib/python3.7/site-packages/airflow/example_dags/example_branch_datetime_operator.py
[2022-04-30 13:03:46,249] {processor.py:642} INFO - Processing file /home/airflow/.local/lib/python3.7/site-packages/airflow/example_dags/example_branch_datetime_operator.py for tasks to queue
[2022-04-30 13:03:46,250] {logging_mixin.py:109} INFO - [2022-04-30 13:03:46,250] {dagbag.py:500} INFO - Filling up the DagBag from /home/airflow/.local/lib/python3.7/site-packages/airflow/example_dags/example_branch_datetime_operator.py
[2022-04-30 13:03:46,275] {processor.py:652} INFO - DAG(s) dict_keys(['example_branch_datetime_operator_2']) retrieved from /home/airflow/.local/lib/python3.7/site-packages/airflow/example_dags/example_branch_datetime_operator.py
[2022-04-30 13:03:46,304] {logging_mixin.py:109} INFO - [2022-04-30 13:03:46,303] {dag.py:2398} INFO - Sync 1 DAGs
[2022-04-30 13:03:46,330] {logging_mixin.py:109} INFO - [2022-04-30 13:03:46,330] {dag.py:2937} INFO - Setting next_dagrun for example_branch_datetime_operator_2 to 2022-04-29 00:00:00+00:00
[2022-04-30 13:03:46,345] {processor.py:171} INFO - Processing /home/airflow/.local/lib/python3.7/site-packages/airflow/example_dags/example_branch_datetime_operator.py took 0.101 seconds
[2022-04-30 13:04:17,764] {processor.py:163} INFO - Started process (PID=21921) to work on /home/airflow/.local/lib/python3.7/site-packages/airflow/example_dags/example_branch_datetime_operator.py
[2022-04-30 13:04:17,766] {processor.py:642} INFO - Processing file /home/airflow/.local/lib/python3.7/site-packages/airflow/example_dags/example_branch_datetime_operator.py for tasks to queue
[2022-04-30 13:04:17,767] {logging_mixin.py:109} INFO - [2022-04-30 13:04:17,767] {dagbag.py:500} INFO - Filling up the DagBag from /home/airflow/.local/lib/python3.7/site-packages/airflow/example_dags/example_branch_datetime_operator.py
[2022-04-30 13:04:17,797] {processor.py:652} INFO - DAG(s) dict_keys(['example_branch_datetime_operator_2']) retrieved from /home/airflow/.local/lib/python3.7/site-packages/airflow/example_dags/example_branch_datetime_operator.py
[2022-04-30 13:04:17,830] {logging_mixin.py:109} INFO - [2022-04-30 13:04:17,830] {dag.py:2398} INFO - Sync 1 DAGs
[2022-04-30 13:04:17,869] {logging_mixin.py:109} INFO - [2022-04-30 13:04:17,868] {dag.py:2937} INFO - Setting next_dagrun for example_branch_datetime_operator_2 to 2022-04-29 00:00:00+00:00
[2022-04-30 13:04:17,883] {processor.py:171} INFO - Processing /home/airflow/.local/lib/python3.7/site-packages/airflow/example_dags/example_branch_datetime_operator.py took 0.125 seconds
[2022-04-30 13:04:48,116] {processor.py:163} INFO - Started process (PID=21988) to work on /home/airflow/.local/lib/python3.7/site-packages/airflow/example_dags/example_branch_datetime_operator.py
[2022-04-30 13:04:48,117] {processor.py:642} INFO - Processing file /home/airflow/.local/lib/python3.7/site-packages/airflow/example_dags/example_branch_datetime_operator.py for tasks to queue
[2022-04-30 13:04:48,118] {logging_mixin.py:109} INFO - [2022-04-30 13:04:48,118] {dagbag.py:500} INFO - Filling up the DagBag from /home/airflow/.local/lib/python3.7/site-packages/airflow/example_dags/example_branch_datetime_operator.py
[2022-04-30 13:04:48,155] {processor.py:652} INFO - DAG(s) dict_keys(['example_branch_datetime_operator_2']) retrieved from /home/airflow/.local/lib/python3.7/site-packages/airflow/example_dags/example_branch_datetime_operator.py
[2022-04-30 13:04:48,185] {logging_mixin.py:109} INFO - [2022-04-30 13:04:48,185] {dag.py:2398} INFO - Sync 1 DAGs
[2022-04-30 13:04:48,222] {logging_mixin.py:109} INFO - [2022-04-30 13:04:48,222] {dag.py:2937} INFO - Setting next_dagrun for example_branch_datetime_operator_2 to 2022-04-29 00:00:00+00:00
[2022-04-30 13:04:48,253] {processor.py:171} INFO - Processing /home/airflow/.local/lib/python3.7/site-packages/airflow/example_dags/example_branch_datetime_operator.py took 0.141 seconds
[2022-04-30 13:05:18,379] {processor.py:163} INFO - Started process (PID=22053) to work on /home/airflow/.local/lib/python3.7/site-packages/airflow/example_dags/example_branch_datetime_operator.py
[2022-04-30 13:05:18,381] {processor.py:642} INFO - Processing file /home/airflow/.local/lib/python3.7/site-packages/airflow/example_dags/example_branch_datetime_operator.py for tasks to queue
[2022-04-30 13:05:18,382] {logging_mixin.py:109} INFO - [2022-04-30 13:05:18,382] {dagbag.py:500} INFO - Filling up the DagBag from /home/airflow/.local/lib/python3.7/site-packages/airflow/example_dags/example_branch_datetime_operator.py
[2022-04-30 13:05:18,405] {processor.py:652} INFO - DAG(s) dict_keys(['example_branch_datetime_operator_2']) retrieved from /home/airflow/.local/lib/python3.7/site-packages/airflow/example_dags/example_branch_datetime_operator.py
[2022-04-30 13:05:18,433] {logging_mixin.py:109} INFO - [2022-04-30 13:05:18,432] {dag.py:2398} INFO - Sync 1 DAGs
[2022-04-30 13:05:18,458] {logging_mixin.py:109} INFO - [2022-04-30 13:05:18,458] {dag.py:2937} INFO - Setting next_dagrun for example_branch_datetime_operator_2 to 2022-04-29 00:00:00+00:00
[2022-04-30 13:05:18,470] {processor.py:171} INFO - Processing /home/airflow/.local/lib/python3.7/site-packages/airflow/example_dags/example_branch_datetime_operator.py took 0.094 seconds
[2022-04-30 13:05:49,689] {processor.py:163} INFO - Started process (PID=22127) to work on /home/airflow/.local/lib/python3.7/site-packages/airflow/example_dags/example_branch_datetime_operator.py
[2022-04-30 13:05:49,691] {processor.py:642} INFO - Processing file /home/airflow/.local/lib/python3.7/site-packages/airflow/example_dags/example_branch_datetime_operator.py for tasks to queue
[2022-04-30 13:05:49,693] {logging_mixin.py:109} INFO - [2022-04-30 13:05:49,693] {dagbag.py:500} INFO - Filling up the DagBag from /home/airflow/.local/lib/python3.7/site-packages/airflow/example_dags/example_branch_datetime_operator.py
[2022-04-30 13:05:49,728] {processor.py:652} INFO - DAG(s) dict_keys(['example_branch_datetime_operator_2']) retrieved from /home/airflow/.local/lib/python3.7/site-packages/airflow/example_dags/example_branch_datetime_operator.py
[2022-04-30 13:05:49,763] {logging_mixin.py:109} INFO - [2022-04-30 13:05:49,763] {dag.py:2398} INFO - Sync 1 DAGs
[2022-04-30 13:05:49,792] {logging_mixin.py:109} INFO - [2022-04-30 13:05:49,792] {dag.py:2937} INFO - Setting next_dagrun for example_branch_datetime_operator_2 to 2022-04-29 00:00:00+00:00
[2022-04-30 13:05:49,807] {processor.py:171} INFO - Processing /home/airflow/.local/lib/python3.7/site-packages/airflow/example_dags/example_branch_datetime_operator.py took 0.124 seconds
[2022-04-30 13:06:20,479] {processor.py:163} INFO - Started process (PID=22193) to work on /home/airflow/.local/lib/python3.7/site-packages/airflow/example_dags/example_branch_datetime_operator.py
[2022-04-30 13:06:20,480] {processor.py:642} INFO - Processing file /home/airflow/.local/lib/python3.7/site-packages/airflow/example_dags/example_branch_datetime_operator.py for tasks to queue
[2022-04-30 13:06:20,481] {logging_mixin.py:109} INFO - [2022-04-30 13:06:20,481] {dagbag.py:500} INFO - Filling up the DagBag from /home/airflow/.local/lib/python3.7/site-packages/airflow/example_dags/example_branch_datetime_operator.py
[2022-04-30 13:06:20,503] {processor.py:652} INFO - DAG(s) dict_keys(['example_branch_datetime_operator_2']) retrieved from /home/airflow/.local/lib/python3.7/site-packages/airflow/example_dags/example_branch_datetime_operator.py
[2022-04-30 13:06:20,529] {logging_mixin.py:109} INFO - [2022-04-30 13:06:20,529] {dag.py:2398} INFO - Sync 1 DAGs
[2022-04-30 13:06:20,554] {logging_mixin.py:109} INFO - [2022-04-30 13:06:20,554] {dag.py:2937} INFO - Setting next_dagrun for example_branch_datetime_operator_2 to 2022-04-29 00:00:00+00:00
[2022-04-30 13:06:20,567] {processor.py:171} INFO - Processing /home/airflow/.local/lib/python3.7/site-packages/airflow/example_dags/example_branch_datetime_operator.py took 0.092 seconds
[2022-04-30 13:06:51,615] {processor.py:163} INFO - Started process (PID=22258) to work on /home/airflow/.local/lib/python3.7/site-packages/airflow/example_dags/example_branch_datetime_operator.py
[2022-04-30 13:06:51,617] {processor.py:642} INFO - Processing file /home/airflow/.local/lib/python3.7/site-packages/airflow/example_dags/example_branch_datetime_operator.py for tasks to queue
[2022-04-30 13:06:51,618] {logging_mixin.py:109} INFO - [2022-04-30 13:06:51,618] {dagbag.py:500} INFO - Filling up the DagBag from /home/airflow/.local/lib/python3.7/site-packages/airflow/example_dags/example_branch_datetime_operator.py
[2022-04-30 13:06:51,644] {processor.py:652} INFO - DAG(s) dict_keys(['example_branch_datetime_operator_2']) retrieved from /home/airflow/.local/lib/python3.7/site-packages/airflow/example_dags/example_branch_datetime_operator.py
[2022-04-30 13:06:51,673] {logging_mixin.py:109} INFO - [2022-04-30 13:06:51,673] {dag.py:2398} INFO - Sync 1 DAGs
[2022-04-30 13:06:51,704] {logging_mixin.py:109} INFO - [2022-04-30 13:06:51,704] {dag.py:2937} INFO - Setting next_dagrun for example_branch_datetime_operator_2 to 2022-04-29 00:00:00+00:00
[2022-04-30 13:06:51,718] {processor.py:171} INFO - Processing /home/airflow/.local/lib/python3.7/site-packages/airflow/example_dags/example_branch_datetime_operator.py took 0.108 seconds
[2022-04-30 13:07:22,523] {processor.py:163} INFO - Started process (PID=22333) to work on /home/airflow/.local/lib/python3.7/site-packages/airflow/example_dags/example_branch_datetime_operator.py
[2022-04-30 13:07:22,525] {processor.py:642} INFO - Processing file /home/airflow/.local/lib/python3.7/site-packages/airflow/example_dags/example_branch_datetime_operator.py for tasks to queue
[2022-04-30 13:07:22,526] {logging_mixin.py:109} INFO - [2022-04-30 13:07:22,526] {dagbag.py:500} INFO - Filling up the DagBag from /home/airflow/.local/lib/python3.7/site-packages/airflow/example_dags/example_branch_datetime_operator.py
[2022-04-30 13:07:22,556] {processor.py:652} INFO - DAG(s) dict_keys(['example_branch_datetime_operator_2']) retrieved from /home/airflow/.local/lib/python3.7/site-packages/airflow/example_dags/example_branch_datetime_operator.py
[2022-04-30 13:07:22,592] {logging_mixin.py:109} INFO - [2022-04-30 13:07:22,592] {dag.py:2398} INFO - Sync 1 DAGs
[2022-04-30 13:07:22,623] {logging_mixin.py:109} INFO - [2022-04-30 13:07:22,623] {dag.py:2937} INFO - Setting next_dagrun for example_branch_datetime_operator_2 to 2022-04-29 00:00:00+00:00
[2022-04-30 13:07:22,639] {processor.py:171} INFO - Processing /home/airflow/.local/lib/python3.7/site-packages/airflow/example_dags/example_branch_datetime_operator.py took 0.120 seconds
[2022-04-30 13:07:52,920] {processor.py:163} INFO - Started process (PID=22399) to work on /home/airflow/.local/lib/python3.7/site-packages/airflow/example_dags/example_branch_datetime_operator.py
[2022-04-30 13:07:52,922] {processor.py:642} INFO - Processing file /home/airflow/.local/lib/python3.7/site-packages/airflow/example_dags/example_branch_datetime_operator.py for tasks to queue
[2022-04-30 13:07:52,923] {logging_mixin.py:109} INFO - [2022-04-30 13:07:52,923] {dagbag.py:500} INFO - Filling up the DagBag from /home/airflow/.local/lib/python3.7/site-packages/airflow/example_dags/example_branch_datetime_operator.py
[2022-04-30 13:07:52,947] {processor.py:652} INFO - DAG(s) dict_keys(['example_branch_datetime_operator_2']) retrieved from /home/airflow/.local/lib/python3.7/site-packages/airflow/example_dags/example_branch_datetime_operator.py
[2022-04-30 13:07:52,973] {logging_mixin.py:109} INFO - [2022-04-30 13:07:52,973] {dag.py:2398} INFO - Sync 1 DAGs
[2022-04-30 13:07:53,005] {logging_mixin.py:109} INFO - [2022-04-30 13:07:53,005] {dag.py:2937} INFO - Setting next_dagrun for example_branch_datetime_operator_2 to 2022-04-29 00:00:00+00:00
[2022-04-30 13:07:53,019] {processor.py:171} INFO - Processing /home/airflow/.local/lib/python3.7/site-packages/airflow/example_dags/example_branch_datetime_operator.py took 0.104 seconds
[2022-04-30 13:08:23,960] {processor.py:163} INFO - Started process (PID=22464) to work on /home/airflow/.local/lib/python3.7/site-packages/airflow/example_dags/example_branch_datetime_operator.py
[2022-04-30 13:08:23,961] {processor.py:642} INFO - Processing file /home/airflow/.local/lib/python3.7/site-packages/airflow/example_dags/example_branch_datetime_operator.py for tasks to queue
[2022-04-30 13:08:23,962] {logging_mixin.py:109} INFO - [2022-04-30 13:08:23,962] {dagbag.py:500} INFO - Filling up the DagBag from /home/airflow/.local/lib/python3.7/site-packages/airflow/example_dags/example_branch_datetime_operator.py
[2022-04-30 13:08:23,985] {processor.py:652} INFO - DAG(s) dict_keys(['example_branch_datetime_operator_2']) retrieved from /home/airflow/.local/lib/python3.7/site-packages/airflow/example_dags/example_branch_datetime_operator.py
[2022-04-30 13:08:24,019] {logging_mixin.py:109} INFO - [2022-04-30 13:08:24,019] {dag.py:2398} INFO - Sync 1 DAGs
[2022-04-30 13:08:24,049] {logging_mixin.py:109} INFO - [2022-04-30 13:08:24,049] {dag.py:2937} INFO - Setting next_dagrun for example_branch_datetime_operator_2 to 2022-04-29 00:00:00+00:00
[2022-04-30 13:08:24,066] {processor.py:171} INFO - Processing /home/airflow/.local/lib/python3.7/site-packages/airflow/example_dags/example_branch_datetime_operator.py took 0.111 seconds
[2022-04-30 13:08:55,092] {processor.py:163} INFO - Started process (PID=22530) to work on /home/airflow/.local/lib/python3.7/site-packages/airflow/example_dags/example_branch_datetime_operator.py
[2022-04-30 13:08:55,094] {processor.py:642} INFO - Processing file /home/airflow/.local/lib/python3.7/site-packages/airflow/example_dags/example_branch_datetime_operator.py for tasks to queue
[2022-04-30 13:08:55,095] {logging_mixin.py:109} INFO - [2022-04-30 13:08:55,095] {dagbag.py:500} INFO - Filling up the DagBag from /home/airflow/.local/lib/python3.7/site-packages/airflow/example_dags/example_branch_datetime_operator.py
[2022-04-30 13:08:55,122] {processor.py:652} INFO - DAG(s) dict_keys(['example_branch_datetime_operator_2']) retrieved from /home/airflow/.local/lib/python3.7/site-packages/airflow/example_dags/example_branch_datetime_operator.py
[2022-04-30 13:08:55,152] {logging_mixin.py:109} INFO - [2022-04-30 13:08:55,152] {dag.py:2398} INFO - Sync 1 DAGs
[2022-04-30 13:08:55,180] {logging_mixin.py:109} INFO - [2022-04-30 13:08:55,179] {dag.py:2937} INFO - Setting next_dagrun for example_branch_datetime_operator_2 to 2022-04-29 00:00:00+00:00
[2022-04-30 13:08:55,196] {processor.py:171} INFO - Processing /home/airflow/.local/lib/python3.7/site-packages/airflow/example_dags/example_branch_datetime_operator.py took 0.109 seconds
