[2022-04-30 13:03:14,831] {processor.py:163} INFO - Started process (PID=21768) to work on /home/airflow/.local/lib/python3.7/site-packages/airflow/example_dags/example_task_group.py
[2022-04-30 13:03:14,833] {processor.py:642} INFO - Processing file /home/airflow/.local/lib/python3.7/site-packages/airflow/example_dags/example_task_group.py for tasks to queue
[2022-04-30 13:03:14,834] {logging_mixin.py:109} INFO - [2022-04-30 13:03:14,834] {dagbag.py:500} INFO - Filling up the DagBag from /home/airflow/.local/lib/python3.7/site-packages/airflow/example_dags/example_task_group.py
[2022-04-30 13:03:14,914] {processor.py:652} INFO - DAG(s) dict_keys(['example_task_group']) retrieved from /home/airflow/.local/lib/python3.7/site-packages/airflow/example_dags/example_task_group.py
[2022-04-30 13:03:14,942] {logging_mixin.py:109} INFO - [2022-04-30 13:03:14,941] {dag.py:2398} INFO - Sync 1 DAGs
[2022-04-30 13:03:14,962] {logging_mixin.py:109} INFO - [2022-04-30 13:03:14,962] {dag.py:2937} INFO - Setting next_dagrun for example_task_group to 2022-04-29T13:03:14.962285+00:00
[2022-04-30 13:03:14,977] {processor.py:171} INFO - Processing /home/airflow/.local/lib/python3.7/site-packages/airflow/example_dags/example_task_group.py took 0.150 seconds
[2022-04-30 13:03:45,325] {processor.py:163} INFO - Started process (PID=21833) to work on /home/airflow/.local/lib/python3.7/site-packages/airflow/example_dags/example_task_group.py
[2022-04-30 13:03:45,327] {processor.py:642} INFO - Processing file /home/airflow/.local/lib/python3.7/site-packages/airflow/example_dags/example_task_group.py for tasks to queue
[2022-04-30 13:03:45,328] {logging_mixin.py:109} INFO - [2022-04-30 13:03:45,328] {dagbag.py:500} INFO - Filling up the DagBag from /home/airflow/.local/lib/python3.7/site-packages/airflow/example_dags/example_task_group.py
[2022-04-30 13:03:45,349] {processor.py:652} INFO - DAG(s) dict_keys(['example_task_group']) retrieved from /home/airflow/.local/lib/python3.7/site-packages/airflow/example_dags/example_task_group.py
[2022-04-30 13:03:45,380] {logging_mixin.py:109} INFO - [2022-04-30 13:03:45,380] {dag.py:2398} INFO - Sync 1 DAGs
[2022-04-30 13:03:45,408] {logging_mixin.py:109} INFO - [2022-04-30 13:03:45,407] {dag.py:2937} INFO - Setting next_dagrun for example_task_group to 2022-04-29T13:03:45.407509+00:00
[2022-04-30 13:03:45,422] {processor.py:171} INFO - Processing /home/airflow/.local/lib/python3.7/site-packages/airflow/example_dags/example_task_group.py took 0.101 seconds
[2022-04-30 13:04:16,560] {processor.py:163} INFO - Started process (PID=21908) to work on /home/airflow/.local/lib/python3.7/site-packages/airflow/example_dags/example_task_group.py
[2022-04-30 13:04:16,563] {processor.py:642} INFO - Processing file /home/airflow/.local/lib/python3.7/site-packages/airflow/example_dags/example_task_group.py for tasks to queue
[2022-04-30 13:04:16,564] {logging_mixin.py:109} INFO - [2022-04-30 13:04:16,564] {dagbag.py:500} INFO - Filling up the DagBag from /home/airflow/.local/lib/python3.7/site-packages/airflow/example_dags/example_task_group.py
[2022-04-30 13:04:16,587] {processor.py:652} INFO - DAG(s) dict_keys(['example_task_group']) retrieved from /home/airflow/.local/lib/python3.7/site-packages/airflow/example_dags/example_task_group.py
[2022-04-30 13:04:16,619] {logging_mixin.py:109} INFO - [2022-04-30 13:04:16,619] {dag.py:2398} INFO - Sync 1 DAGs
[2022-04-30 13:04:16,644] {logging_mixin.py:109} INFO - [2022-04-30 13:04:16,644] {dag.py:2937} INFO - Setting next_dagrun for example_task_group to 2022-04-29T13:04:16.644322+00:00
[2022-04-30 13:04:16,659] {processor.py:171} INFO - Processing /home/airflow/.local/lib/python3.7/site-packages/airflow/example_dags/example_task_group.py took 0.104 seconds
[2022-04-30 13:04:47,133] {processor.py:163} INFO - Started process (PID=21974) to work on /home/airflow/.local/lib/python3.7/site-packages/airflow/example_dags/example_task_group.py
[2022-04-30 13:04:47,136] {processor.py:642} INFO - Processing file /home/airflow/.local/lib/python3.7/site-packages/airflow/example_dags/example_task_group.py for tasks to queue
[2022-04-30 13:04:47,137] {logging_mixin.py:109} INFO - [2022-04-30 13:04:47,137] {dagbag.py:500} INFO - Filling up the DagBag from /home/airflow/.local/lib/python3.7/site-packages/airflow/example_dags/example_task_group.py
[2022-04-30 13:04:47,161] {processor.py:652} INFO - DAG(s) dict_keys(['example_task_group']) retrieved from /home/airflow/.local/lib/python3.7/site-packages/airflow/example_dags/example_task_group.py
[2022-04-30 13:04:47,191] {logging_mixin.py:109} INFO - [2022-04-30 13:04:47,191] {dag.py:2398} INFO - Sync 1 DAGs
[2022-04-30 13:04:47,214] {logging_mixin.py:109} INFO - [2022-04-30 13:04:47,214] {dag.py:2937} INFO - Setting next_dagrun for example_task_group to 2022-04-29T13:04:47.214039+00:00
[2022-04-30 13:04:47,229] {processor.py:171} INFO - Processing /home/airflow/.local/lib/python3.7/site-packages/airflow/example_dags/example_task_group.py took 0.100 seconds
[2022-04-30 13:05:17,554] {processor.py:163} INFO - Started process (PID=22039) to work on /home/airflow/.local/lib/python3.7/site-packages/airflow/example_dags/example_task_group.py
[2022-04-30 13:05:17,556] {processor.py:642} INFO - Processing file /home/airflow/.local/lib/python3.7/site-packages/airflow/example_dags/example_task_group.py for tasks to queue
[2022-04-30 13:05:17,557] {logging_mixin.py:109} INFO - [2022-04-30 13:05:17,557] {dagbag.py:500} INFO - Filling up the DagBag from /home/airflow/.local/lib/python3.7/site-packages/airflow/example_dags/example_task_group.py
[2022-04-30 13:05:17,577] {processor.py:652} INFO - DAG(s) dict_keys(['example_task_group']) retrieved from /home/airflow/.local/lib/python3.7/site-packages/airflow/example_dags/example_task_group.py
[2022-04-30 13:05:17,602] {logging_mixin.py:109} INFO - [2022-04-30 13:05:17,602] {dag.py:2398} INFO - Sync 1 DAGs
[2022-04-30 13:05:17,625] {logging_mixin.py:109} INFO - [2022-04-30 13:05:17,625] {dag.py:2937} INFO - Setting next_dagrun for example_task_group to 2022-04-29T13:05:17.624925+00:00
[2022-04-30 13:05:17,637] {processor.py:171} INFO - Processing /home/airflow/.local/lib/python3.7/site-packages/airflow/example_dags/example_task_group.py took 0.086 seconds
[2022-04-30 13:05:48,478] {processor.py:163} INFO - Started process (PID=22103) to work on /home/airflow/.local/lib/python3.7/site-packages/airflow/example_dags/example_task_group.py
[2022-04-30 13:05:48,480] {processor.py:642} INFO - Processing file /home/airflow/.local/lib/python3.7/site-packages/airflow/example_dags/example_task_group.py for tasks to queue
[2022-04-30 13:05:48,481] {logging_mixin.py:109} INFO - [2022-04-30 13:05:48,481] {dagbag.py:500} INFO - Filling up the DagBag from /home/airflow/.local/lib/python3.7/site-packages/airflow/example_dags/example_task_group.py
[2022-04-30 13:05:48,501] {processor.py:652} INFO - DAG(s) dict_keys(['example_task_group']) retrieved from /home/airflow/.local/lib/python3.7/site-packages/airflow/example_dags/example_task_group.py
[2022-04-30 13:05:48,529] {logging_mixin.py:109} INFO - [2022-04-30 13:05:48,529] {dag.py:2398} INFO - Sync 1 DAGs
[2022-04-30 13:05:48,549] {logging_mixin.py:109} INFO - [2022-04-30 13:05:48,549] {dag.py:2937} INFO - Setting next_dagrun for example_task_group to 2022-04-29T13:05:48.549550+00:00
[2022-04-30 13:05:48,561] {processor.py:171} INFO - Processing /home/airflow/.local/lib/python3.7/site-packages/airflow/example_dags/example_task_group.py took 0.087 seconds
[2022-04-30 13:06:19,407] {processor.py:163} INFO - Started process (PID=22179) to work on /home/airflow/.local/lib/python3.7/site-packages/airflow/example_dags/example_task_group.py
[2022-04-30 13:06:19,408] {processor.py:642} INFO - Processing file /home/airflow/.local/lib/python3.7/site-packages/airflow/example_dags/example_task_group.py for tasks to queue
[2022-04-30 13:06:19,409] {logging_mixin.py:109} INFO - [2022-04-30 13:06:19,409] {dagbag.py:500} INFO - Filling up the DagBag from /home/airflow/.local/lib/python3.7/site-packages/airflow/example_dags/example_task_group.py
[2022-04-30 13:06:19,432] {processor.py:652} INFO - DAG(s) dict_keys(['example_task_group']) retrieved from /home/airflow/.local/lib/python3.7/site-packages/airflow/example_dags/example_task_group.py
[2022-04-30 13:06:19,458] {logging_mixin.py:109} INFO - [2022-04-30 13:06:19,458] {dag.py:2398} INFO - Sync 1 DAGs
[2022-04-30 13:06:19,478] {logging_mixin.py:109} INFO - [2022-04-30 13:06:19,478] {dag.py:2937} INFO - Setting next_dagrun for example_task_group to 2022-04-29T13:06:19.478152+00:00
[2022-04-30 13:06:19,492] {processor.py:171} INFO - Processing /home/airflow/.local/lib/python3.7/site-packages/airflow/example_dags/example_task_group.py took 0.089 seconds
[2022-04-30 13:06:50,568] {processor.py:163} INFO - Started process (PID=22245) to work on /home/airflow/.local/lib/python3.7/site-packages/airflow/example_dags/example_task_group.py
[2022-04-30 13:06:50,570] {processor.py:642} INFO - Processing file /home/airflow/.local/lib/python3.7/site-packages/airflow/example_dags/example_task_group.py for tasks to queue
[2022-04-30 13:06:50,571] {logging_mixin.py:109} INFO - [2022-04-30 13:06:50,571] {dagbag.py:500} INFO - Filling up the DagBag from /home/airflow/.local/lib/python3.7/site-packages/airflow/example_dags/example_task_group.py
[2022-04-30 13:06:50,592] {processor.py:652} INFO - DAG(s) dict_keys(['example_task_group']) retrieved from /home/airflow/.local/lib/python3.7/site-packages/airflow/example_dags/example_task_group.py
[2022-04-30 13:06:50,623] {logging_mixin.py:109} INFO - [2022-04-30 13:06:50,622] {dag.py:2398} INFO - Sync 1 DAGs
[2022-04-30 13:06:50,645] {logging_mixin.py:109} INFO - [2022-04-30 13:06:50,645] {dag.py:2937} INFO - Setting next_dagrun for example_task_group to 2022-04-29T13:06:50.645162+00:00
[2022-04-30 13:06:50,660] {processor.py:171} INFO - Processing /home/airflow/.local/lib/python3.7/site-packages/airflow/example_dags/example_task_group.py took 0.096 seconds
[2022-04-30 13:07:21,332] {processor.py:163} INFO - Started process (PID=22311) to work on /home/airflow/.local/lib/python3.7/site-packages/airflow/example_dags/example_task_group.py
[2022-04-30 13:07:21,334] {processor.py:642} INFO - Processing file /home/airflow/.local/lib/python3.7/site-packages/airflow/example_dags/example_task_group.py for tasks to queue
[2022-04-30 13:07:21,335] {logging_mixin.py:109} INFO - [2022-04-30 13:07:21,335] {dagbag.py:500} INFO - Filling up the DagBag from /home/airflow/.local/lib/python3.7/site-packages/airflow/example_dags/example_task_group.py
[2022-04-30 13:07:21,366] {processor.py:652} INFO - DAG(s) dict_keys(['example_task_group']) retrieved from /home/airflow/.local/lib/python3.7/site-packages/airflow/example_dags/example_task_group.py
[2022-04-30 13:07:21,406] {logging_mixin.py:109} INFO - [2022-04-30 13:07:21,405] {dag.py:2398} INFO - Sync 1 DAGs
[2022-04-30 13:07:21,433] {logging_mixin.py:109} INFO - [2022-04-30 13:07:21,432] {dag.py:2937} INFO - Setting next_dagrun for example_task_group to 2022-04-29T13:07:21.432624+00:00
[2022-04-30 13:07:21,449] {processor.py:171} INFO - Processing /home/airflow/.local/lib/python3.7/site-packages/airflow/example_dags/example_task_group.py took 0.123 seconds
[2022-04-30 13:07:51,932] {processor.py:163} INFO - Started process (PID=22386) to work on /home/airflow/.local/lib/python3.7/site-packages/airflow/example_dags/example_task_group.py
[2022-04-30 13:07:51,935] {processor.py:642} INFO - Processing file /home/airflow/.local/lib/python3.7/site-packages/airflow/example_dags/example_task_group.py for tasks to queue
[2022-04-30 13:07:51,937] {logging_mixin.py:109} INFO - [2022-04-30 13:07:51,936] {dagbag.py:500} INFO - Filling up the DagBag from /home/airflow/.local/lib/python3.7/site-packages/airflow/example_dags/example_task_group.py
[2022-04-30 13:07:51,974] {processor.py:652} INFO - DAG(s) dict_keys(['example_task_group']) retrieved from /home/airflow/.local/lib/python3.7/site-packages/airflow/example_dags/example_task_group.py
[2022-04-30 13:07:52,018] {logging_mixin.py:109} INFO - [2022-04-30 13:07:52,018] {dag.py:2398} INFO - Sync 1 DAGs
[2022-04-30 13:07:52,052] {logging_mixin.py:109} INFO - [2022-04-30 13:07:52,051] {dag.py:2937} INFO - Setting next_dagrun for example_task_group to 2022-04-29T13:07:52.051392+00:00
[2022-04-30 13:07:52,071] {processor.py:171} INFO - Processing /home/airflow/.local/lib/python3.7/site-packages/airflow/example_dags/example_task_group.py took 0.144 seconds
[2022-04-30 13:08:22,968] {processor.py:163} INFO - Started process (PID=22450) to work on /home/airflow/.local/lib/python3.7/site-packages/airflow/example_dags/example_task_group.py
[2022-04-30 13:08:22,969] {processor.py:642} INFO - Processing file /home/airflow/.local/lib/python3.7/site-packages/airflow/example_dags/example_task_group.py for tasks to queue
[2022-04-30 13:08:22,970] {logging_mixin.py:109} INFO - [2022-04-30 13:08:22,970] {dagbag.py:500} INFO - Filling up the DagBag from /home/airflow/.local/lib/python3.7/site-packages/airflow/example_dags/example_task_group.py
[2022-04-30 13:08:22,992] {processor.py:652} INFO - DAG(s) dict_keys(['example_task_group']) retrieved from /home/airflow/.local/lib/python3.7/site-packages/airflow/example_dags/example_task_group.py
[2022-04-30 13:08:23,020] {logging_mixin.py:109} INFO - [2022-04-30 13:08:23,020] {dag.py:2398} INFO - Sync 1 DAGs
[2022-04-30 13:08:23,042] {logging_mixin.py:109} INFO - [2022-04-30 13:08:23,042] {dag.py:2937} INFO - Setting next_dagrun for example_task_group to 2022-04-29T13:08:23.042171+00:00
[2022-04-30 13:08:23,054] {processor.py:171} INFO - Processing /home/airflow/.local/lib/python3.7/site-packages/airflow/example_dags/example_task_group.py took 0.090 seconds
[2022-04-30 13:08:54,220] {processor.py:163} INFO - Started process (PID=22515) to work on /home/airflow/.local/lib/python3.7/site-packages/airflow/example_dags/example_task_group.py
[2022-04-30 13:08:54,222] {processor.py:642} INFO - Processing file /home/airflow/.local/lib/python3.7/site-packages/airflow/example_dags/example_task_group.py for tasks to queue
[2022-04-30 13:08:54,223] {logging_mixin.py:109} INFO - [2022-04-30 13:08:54,223] {dagbag.py:500} INFO - Filling up the DagBag from /home/airflow/.local/lib/python3.7/site-packages/airflow/example_dags/example_task_group.py
[2022-04-30 13:08:54,245] {processor.py:652} INFO - DAG(s) dict_keys(['example_task_group']) retrieved from /home/airflow/.local/lib/python3.7/site-packages/airflow/example_dags/example_task_group.py
[2022-04-30 13:08:54,274] {logging_mixin.py:109} INFO - [2022-04-30 13:08:54,274] {dag.py:2398} INFO - Sync 1 DAGs
[2022-04-30 13:08:54,297] {logging_mixin.py:109} INFO - [2022-04-30 13:08:54,297] {dag.py:2937} INFO - Setting next_dagrun for example_task_group to 2022-04-29T13:08:54.297136+00:00
[2022-04-30 13:08:54,314] {processor.py:171} INFO - Processing /home/airflow/.local/lib/python3.7/site-packages/airflow/example_dags/example_task_group.py took 0.097 seconds
[2022-04-30 13:09:24,733] {processor.py:163} INFO - Started process (PID=22588) to work on /home/airflow/.local/lib/python3.7/site-packages/airflow/example_dags/example_task_group.py
[2022-04-30 13:09:24,736] {processor.py:642} INFO - Processing file /home/airflow/.local/lib/python3.7/site-packages/airflow/example_dags/example_task_group.py for tasks to queue
[2022-04-30 13:09:24,737] {logging_mixin.py:109} INFO - [2022-04-30 13:09:24,737] {dagbag.py:500} INFO - Filling up the DagBag from /home/airflow/.local/lib/python3.7/site-packages/airflow/example_dags/example_task_group.py
[2022-04-30 13:09:24,768] {processor.py:652} INFO - DAG(s) dict_keys(['example_task_group']) retrieved from /home/airflow/.local/lib/python3.7/site-packages/airflow/example_dags/example_task_group.py
[2022-04-30 13:09:24,809] {logging_mixin.py:109} INFO - [2022-04-30 13:09:24,809] {dag.py:2398} INFO - Sync 1 DAGs
[2022-04-30 13:09:24,838] {logging_mixin.py:109} INFO - [2022-04-30 13:09:24,838] {dag.py:2937} INFO - Setting next_dagrun for example_task_group to 2022-04-29T13:09:24.837983+00:00
[2022-04-30 13:09:24,855] {processor.py:171} INFO - Processing /home/airflow/.local/lib/python3.7/site-packages/airflow/example_dags/example_task_group.py took 0.126 seconds
[2022-04-30 13:09:55,869] {processor.py:163} INFO - Started process (PID=22654) to work on /home/airflow/.local/lib/python3.7/site-packages/airflow/example_dags/example_task_group.py
[2022-04-30 13:09:55,870] {processor.py:642} INFO - Processing file /home/airflow/.local/lib/python3.7/site-packages/airflow/example_dags/example_task_group.py for tasks to queue
[2022-04-30 13:09:55,871] {logging_mixin.py:109} INFO - [2022-04-30 13:09:55,871] {dagbag.py:500} INFO - Filling up the DagBag from /home/airflow/.local/lib/python3.7/site-packages/airflow/example_dags/example_task_group.py
[2022-04-30 13:09:55,892] {processor.py:652} INFO - DAG(s) dict_keys(['example_task_group']) retrieved from /home/airflow/.local/lib/python3.7/site-packages/airflow/example_dags/example_task_group.py
[2022-04-30 13:09:55,917] {logging_mixin.py:109} INFO - [2022-04-30 13:09:55,917] {dag.py:2398} INFO - Sync 1 DAGs
[2022-04-30 13:09:55,937] {logging_mixin.py:109} INFO - [2022-04-30 13:09:55,937] {dag.py:2937} INFO - Setting next_dagrun for example_task_group to 2022-04-29T13:09:55.937179+00:00
[2022-04-30 13:09:55,950] {processor.py:171} INFO - Processing /home/airflow/.local/lib/python3.7/site-packages/airflow/example_dags/example_task_group.py took 0.085 seconds
[2022-04-30 13:10:26,936] {processor.py:163} INFO - Started process (PID=22718) to work on /home/airflow/.local/lib/python3.7/site-packages/airflow/example_dags/example_task_group.py
[2022-04-30 13:10:26,938] {processor.py:642} INFO - Processing file /home/airflow/.local/lib/python3.7/site-packages/airflow/example_dags/example_task_group.py for tasks to queue
[2022-04-30 13:10:26,939] {logging_mixin.py:109} INFO - [2022-04-30 13:10:26,939] {dagbag.py:500} INFO - Filling up the DagBag from /home/airflow/.local/lib/python3.7/site-packages/airflow/example_dags/example_task_group.py
[2022-04-30 13:10:26,964] {processor.py:652} INFO - DAG(s) dict_keys(['example_task_group']) retrieved from /home/airflow/.local/lib/python3.7/site-packages/airflow/example_dags/example_task_group.py
[2022-04-30 13:10:26,999] {logging_mixin.py:109} INFO - [2022-04-30 13:10:26,999] {dag.py:2398} INFO - Sync 1 DAGs
[2022-04-30 13:10:27,024] {logging_mixin.py:109} INFO - [2022-04-30 13:10:27,023] {dag.py:2937} INFO - Setting next_dagrun for example_task_group to 2022-04-29T13:10:27.023540+00:00
[2022-04-30 13:10:27,036] {processor.py:171} INFO - Processing /home/airflow/.local/lib/python3.7/site-packages/airflow/example_dags/example_task_group.py took 0.105 seconds
