[2022-04-30 13:03:14,410] {processor.py:163} INFO - Started process (PID=21766) to work on /home/airflow/.local/lib/python3.7/site-packages/airflow/example_dags/example_xcom.py
[2022-04-30 13:03:14,412] {processor.py:642} INFO - Processing file /home/airflow/.local/lib/python3.7/site-packages/airflow/example_dags/example_xcom.py for tasks to queue
[2022-04-30 13:03:14,413] {logging_mixin.py:109} INFO - [2022-04-30 13:03:14,413] {dagbag.py:500} INFO - Filling up the DagBag from /home/airflow/.local/lib/python3.7/site-packages/airflow/example_dags/example_xcom.py
[2022-04-30 13:03:14,437] {processor.py:652} INFO - DAG(s) dict_keys(['example_xcom']) retrieved from /home/airflow/.local/lib/python3.7/site-packages/airflow/example_dags/example_xcom.py
[2022-04-30 13:03:14,762] {logging_mixin.py:109} INFO - [2022-04-30 13:03:14,762] {dag.py:2398} INFO - Sync 1 DAGs
[2022-04-30 13:03:14,781] {logging_mixin.py:109} INFO - [2022-04-30 13:03:14,781] {dag.py:2937} INFO - Setting next_dagrun for example_xcom to 2021-01-01T00:00:00+00:00
[2022-04-30 13:03:14,803] {processor.py:171} INFO - Processing /home/airflow/.local/lib/python3.7/site-packages/airflow/example_dags/example_xcom.py took 0.397 seconds
[2022-04-30 13:03:44,927] {processor.py:163} INFO - Started process (PID=21831) to work on /home/airflow/.local/lib/python3.7/site-packages/airflow/example_dags/example_xcom.py
[2022-04-30 13:03:44,929] {processor.py:642} INFO - Processing file /home/airflow/.local/lib/python3.7/site-packages/airflow/example_dags/example_xcom.py for tasks to queue
[2022-04-30 13:03:44,931] {logging_mixin.py:109} INFO - [2022-04-30 13:03:44,930] {dagbag.py:500} INFO - Filling up the DagBag from /home/airflow/.local/lib/python3.7/site-packages/airflow/example_dags/example_xcom.py
[2022-04-30 13:03:44,963] {processor.py:652} INFO - DAG(s) dict_keys(['example_xcom']) retrieved from /home/airflow/.local/lib/python3.7/site-packages/airflow/example_dags/example_xcom.py
[2022-04-30 13:03:45,264] {logging_mixin.py:109} INFO - [2022-04-30 13:03:45,264] {dag.py:2398} INFO - Sync 1 DAGs
[2022-04-30 13:03:45,287] {logging_mixin.py:109} INFO - [2022-04-30 13:03:45,287] {dag.py:2937} INFO - Setting next_dagrun for example_xcom to 2021-01-01T00:00:00+00:00
[2022-04-30 13:03:45,302] {processor.py:171} INFO - Processing /home/airflow/.local/lib/python3.7/site-packages/airflow/example_dags/example_xcom.py took 0.380 seconds
[2022-04-30 13:04:16,028] {processor.py:163} INFO - Started process (PID=21906) to work on /home/airflow/.local/lib/python3.7/site-packages/airflow/example_dags/example_xcom.py
[2022-04-30 13:04:16,030] {processor.py:642} INFO - Processing file /home/airflow/.local/lib/python3.7/site-packages/airflow/example_dags/example_xcom.py for tasks to queue
[2022-04-30 13:04:16,032] {logging_mixin.py:109} INFO - [2022-04-30 13:04:16,032] {dagbag.py:500} INFO - Filling up the DagBag from /home/airflow/.local/lib/python3.7/site-packages/airflow/example_dags/example_xcom.py
[2022-04-30 13:04:16,085] {processor.py:652} INFO - DAG(s) dict_keys(['example_xcom']) retrieved from /home/airflow/.local/lib/python3.7/site-packages/airflow/example_dags/example_xcom.py
[2022-04-30 13:04:16,478] {logging_mixin.py:109} INFO - [2022-04-30 13:04:16,478] {dag.py:2398} INFO - Sync 1 DAGs
[2022-04-30 13:04:16,504] {logging_mixin.py:109} INFO - [2022-04-30 13:04:16,503] {dag.py:2937} INFO - Setting next_dagrun for example_xcom to 2021-01-01T00:00:00+00:00
[2022-04-30 13:04:16,523] {processor.py:171} INFO - Processing /home/airflow/.local/lib/python3.7/site-packages/airflow/example_dags/example_xcom.py took 0.499 seconds
[2022-04-30 13:04:46,729] {processor.py:163} INFO - Started process (PID=21972) to work on /home/airflow/.local/lib/python3.7/site-packages/airflow/example_dags/example_xcom.py
[2022-04-30 13:04:46,731] {processor.py:642} INFO - Processing file /home/airflow/.local/lib/python3.7/site-packages/airflow/example_dags/example_xcom.py for tasks to queue
[2022-04-30 13:04:46,731] {logging_mixin.py:109} INFO - [2022-04-30 13:04:46,731] {dagbag.py:500} INFO - Filling up the DagBag from /home/airflow/.local/lib/python3.7/site-packages/airflow/example_dags/example_xcom.py
[2022-04-30 13:04:46,762] {processor.py:652} INFO - DAG(s) dict_keys(['example_xcom']) retrieved from /home/airflow/.local/lib/python3.7/site-packages/airflow/example_dags/example_xcom.py
[2022-04-30 13:04:47,080] {logging_mixin.py:109} INFO - [2022-04-30 13:04:47,080] {dag.py:2398} INFO - Sync 1 DAGs
[2022-04-30 13:04:47,101] {logging_mixin.py:109} INFO - [2022-04-30 13:04:47,101] {dag.py:2937} INFO - Setting next_dagrun for example_xcom to 2021-01-01T00:00:00+00:00
[2022-04-30 13:04:47,117] {processor.py:171} INFO - Processing /home/airflow/.local/lib/python3.7/site-packages/airflow/example_dags/example_xcom.py took 0.391 seconds
[2022-04-30 13:05:17,164] {processor.py:163} INFO - Started process (PID=22037) to work on /home/airflow/.local/lib/python3.7/site-packages/airflow/example_dags/example_xcom.py
[2022-04-30 13:05:17,165] {processor.py:642} INFO - Processing file /home/airflow/.local/lib/python3.7/site-packages/airflow/example_dags/example_xcom.py for tasks to queue
[2022-04-30 13:05:17,166] {logging_mixin.py:109} INFO - [2022-04-30 13:05:17,166] {dagbag.py:500} INFO - Filling up the DagBag from /home/airflow/.local/lib/python3.7/site-packages/airflow/example_dags/example_xcom.py
[2022-04-30 13:05:17,192] {processor.py:652} INFO - DAG(s) dict_keys(['example_xcom']) retrieved from /home/airflow/.local/lib/python3.7/site-packages/airflow/example_dags/example_xcom.py
[2022-04-30 13:05:17,486] {logging_mixin.py:109} INFO - [2022-04-30 13:05:17,486] {dag.py:2398} INFO - Sync 1 DAGs
[2022-04-30 13:05:17,505] {logging_mixin.py:109} INFO - [2022-04-30 13:05:17,505] {dag.py:2937} INFO - Setting next_dagrun for example_xcom to 2021-01-01T00:00:00+00:00
[2022-04-30 13:05:17,519] {processor.py:171} INFO - Processing /home/airflow/.local/lib/python3.7/site-packages/airflow/example_dags/example_xcom.py took 0.359 seconds
[2022-04-30 13:05:48,086] {processor.py:163} INFO - Started process (PID=22101) to work on /home/airflow/.local/lib/python3.7/site-packages/airflow/example_dags/example_xcom.py
[2022-04-30 13:05:48,088] {processor.py:642} INFO - Processing file /home/airflow/.local/lib/python3.7/site-packages/airflow/example_dags/example_xcom.py for tasks to queue
[2022-04-30 13:05:48,089] {logging_mixin.py:109} INFO - [2022-04-30 13:05:48,089] {dagbag.py:500} INFO - Filling up the DagBag from /home/airflow/.local/lib/python3.7/site-packages/airflow/example_dags/example_xcom.py
[2022-04-30 13:05:48,115] {processor.py:652} INFO - DAG(s) dict_keys(['example_xcom']) retrieved from /home/airflow/.local/lib/python3.7/site-packages/airflow/example_dags/example_xcom.py
[2022-04-30 13:05:48,413] {logging_mixin.py:109} INFO - [2022-04-30 13:05:48,413] {dag.py:2398} INFO - Sync 1 DAGs
[2022-04-30 13:05:48,434] {logging_mixin.py:109} INFO - [2022-04-30 13:05:48,433] {dag.py:2937} INFO - Setting next_dagrun for example_xcom to 2021-01-01T00:00:00+00:00
[2022-04-30 13:05:48,450] {processor.py:171} INFO - Processing /home/airflow/.local/lib/python3.7/site-packages/airflow/example_dags/example_xcom.py took 0.367 seconds
[2022-04-30 13:06:18,994] {processor.py:163} INFO - Started process (PID=22177) to work on /home/airflow/.local/lib/python3.7/site-packages/airflow/example_dags/example_xcom.py
[2022-04-30 13:06:18,996] {processor.py:642} INFO - Processing file /home/airflow/.local/lib/python3.7/site-packages/airflow/example_dags/example_xcom.py for tasks to queue
[2022-04-30 13:06:18,997] {logging_mixin.py:109} INFO - [2022-04-30 13:06:18,997] {dagbag.py:500} INFO - Filling up the DagBag from /home/airflow/.local/lib/python3.7/site-packages/airflow/example_dags/example_xcom.py
[2022-04-30 13:06:19,023] {processor.py:652} INFO - DAG(s) dict_keys(['example_xcom']) retrieved from /home/airflow/.local/lib/python3.7/site-packages/airflow/example_dags/example_xcom.py
[2022-04-30 13:06:19,335] {logging_mixin.py:109} INFO - [2022-04-30 13:06:19,335] {dag.py:2398} INFO - Sync 1 DAGs
[2022-04-30 13:06:19,358] {logging_mixin.py:109} INFO - [2022-04-30 13:06:19,357] {dag.py:2937} INFO - Setting next_dagrun for example_xcom to 2021-01-01T00:00:00+00:00
[2022-04-30 13:06:19,375] {processor.py:171} INFO - Processing /home/airflow/.local/lib/python3.7/site-packages/airflow/example_dags/example_xcom.py took 0.385 seconds
[2022-04-30 13:06:50,141] {processor.py:163} INFO - Started process (PID=22243) to work on /home/airflow/.local/lib/python3.7/site-packages/airflow/example_dags/example_xcom.py
[2022-04-30 13:06:50,144] {processor.py:642} INFO - Processing file /home/airflow/.local/lib/python3.7/site-packages/airflow/example_dags/example_xcom.py for tasks to queue
[2022-04-30 13:06:50,145] {logging_mixin.py:109} INFO - [2022-04-30 13:06:50,145] {dagbag.py:500} INFO - Filling up the DagBag from /home/airflow/.local/lib/python3.7/site-packages/airflow/example_dags/example_xcom.py
[2022-04-30 13:06:50,176] {processor.py:652} INFO - DAG(s) dict_keys(['example_xcom']) retrieved from /home/airflow/.local/lib/python3.7/site-packages/airflow/example_dags/example_xcom.py
[2022-04-30 13:06:50,508] {logging_mixin.py:109} INFO - [2022-04-30 13:06:50,508] {dag.py:2398} INFO - Sync 1 DAGs
[2022-04-30 13:06:50,529] {logging_mixin.py:109} INFO - [2022-04-30 13:06:50,529] {dag.py:2937} INFO - Setting next_dagrun for example_xcom to 2021-01-01T00:00:00+00:00
[2022-04-30 13:06:50,544] {processor.py:171} INFO - Processing /home/airflow/.local/lib/python3.7/site-packages/airflow/example_dags/example_xcom.py took 0.407 seconds
[2022-04-30 13:07:20,770] {processor.py:163} INFO - Started process (PID=22309) to work on /home/airflow/.local/lib/python3.7/site-packages/airflow/example_dags/example_xcom.py
[2022-04-30 13:07:20,771] {processor.py:642} INFO - Processing file /home/airflow/.local/lib/python3.7/site-packages/airflow/example_dags/example_xcom.py for tasks to queue
[2022-04-30 13:07:20,773] {logging_mixin.py:109} INFO - [2022-04-30 13:07:20,773] {dagbag.py:500} INFO - Filling up the DagBag from /home/airflow/.local/lib/python3.7/site-packages/airflow/example_dags/example_xcom.py
[2022-04-30 13:07:20,812] {processor.py:652} INFO - DAG(s) dict_keys(['example_xcom']) retrieved from /home/airflow/.local/lib/python3.7/site-packages/airflow/example_dags/example_xcom.py
[2022-04-30 13:07:21,251] {logging_mixin.py:109} INFO - [2022-04-30 13:07:21,251] {dag.py:2398} INFO - Sync 1 DAGs
[2022-04-30 13:07:21,276] {logging_mixin.py:109} INFO - [2022-04-30 13:07:21,276] {dag.py:2937} INFO - Setting next_dagrun for example_xcom to 2021-01-01T00:00:00+00:00
[2022-04-30 13:07:21,296] {processor.py:171} INFO - Processing /home/airflow/.local/lib/python3.7/site-packages/airflow/example_dags/example_xcom.py took 0.531 seconds
[2022-04-30 13:07:51,366] {processor.py:163} INFO - Started process (PID=22384) to work on /home/airflow/.local/lib/python3.7/site-packages/airflow/example_dags/example_xcom.py
[2022-04-30 13:07:51,368] {processor.py:642} INFO - Processing file /home/airflow/.local/lib/python3.7/site-packages/airflow/example_dags/example_xcom.py for tasks to queue
[2022-04-30 13:07:51,370] {logging_mixin.py:109} INFO - [2022-04-30 13:07:51,369] {dagbag.py:500} INFO - Filling up the DagBag from /home/airflow/.local/lib/python3.7/site-packages/airflow/example_dags/example_xcom.py
[2022-04-30 13:07:51,412] {processor.py:652} INFO - DAG(s) dict_keys(['example_xcom']) retrieved from /home/airflow/.local/lib/python3.7/site-packages/airflow/example_dags/example_xcom.py
[2022-04-30 13:07:51,847] {logging_mixin.py:109} INFO - [2022-04-30 13:07:51,847] {dag.py:2398} INFO - Sync 1 DAGs
[2022-04-30 13:07:51,875] {logging_mixin.py:109} INFO - [2022-04-30 13:07:51,875] {dag.py:2937} INFO - Setting next_dagrun for example_xcom to 2021-01-01T00:00:00+00:00
[2022-04-30 13:07:51,896] {processor.py:171} INFO - Processing /home/airflow/.local/lib/python3.7/site-packages/airflow/example_dags/example_xcom.py took 0.538 seconds
[2022-04-30 13:08:22,567] {processor.py:163} INFO - Started process (PID=22448) to work on /home/airflow/.local/lib/python3.7/site-packages/airflow/example_dags/example_xcom.py
[2022-04-30 13:08:22,569] {processor.py:642} INFO - Processing file /home/airflow/.local/lib/python3.7/site-packages/airflow/example_dags/example_xcom.py for tasks to queue
[2022-04-30 13:08:22,570] {logging_mixin.py:109} INFO - [2022-04-30 13:08:22,570] {dagbag.py:500} INFO - Filling up the DagBag from /home/airflow/.local/lib/python3.7/site-packages/airflow/example_dags/example_xcom.py
[2022-04-30 13:08:22,595] {processor.py:652} INFO - DAG(s) dict_keys(['example_xcom']) retrieved from /home/airflow/.local/lib/python3.7/site-packages/airflow/example_dags/example_xcom.py
[2022-04-30 13:08:22,894] {logging_mixin.py:109} INFO - [2022-04-30 13:08:22,894] {dag.py:2398} INFO - Sync 1 DAGs
[2022-04-30 13:08:22,914] {logging_mixin.py:109} INFO - [2022-04-30 13:08:22,914] {dag.py:2937} INFO - Setting next_dagrun for example_xcom to 2021-01-01T00:00:00+00:00
[2022-04-30 13:08:22,935] {processor.py:171} INFO - Processing /home/airflow/.local/lib/python3.7/site-packages/airflow/example_dags/example_xcom.py took 0.371 seconds
[2022-04-30 13:08:53,835] {processor.py:163} INFO - Started process (PID=22513) to work on /home/airflow/.local/lib/python3.7/site-packages/airflow/example_dags/example_xcom.py
[2022-04-30 13:08:53,836] {processor.py:642} INFO - Processing file /home/airflow/.local/lib/python3.7/site-packages/airflow/example_dags/example_xcom.py for tasks to queue
[2022-04-30 13:08:53,837] {logging_mixin.py:109} INFO - [2022-04-30 13:08:53,837] {dagbag.py:500} INFO - Filling up the DagBag from /home/airflow/.local/lib/python3.7/site-packages/airflow/example_dags/example_xcom.py
[2022-04-30 13:08:53,862] {processor.py:652} INFO - DAG(s) dict_keys(['example_xcom']) retrieved from /home/airflow/.local/lib/python3.7/site-packages/airflow/example_dags/example_xcom.py
[2022-04-30 13:08:54,161] {logging_mixin.py:109} INFO - [2022-04-30 13:08:54,160] {dag.py:2398} INFO - Sync 1 DAGs
[2022-04-30 13:08:54,181] {logging_mixin.py:109} INFO - [2022-04-30 13:08:54,181] {dag.py:2937} INFO - Setting next_dagrun for example_xcom to 2021-01-01T00:00:00+00:00
[2022-04-30 13:08:54,196] {processor.py:171} INFO - Processing /home/airflow/.local/lib/python3.7/site-packages/airflow/example_dags/example_xcom.py took 0.365 seconds
[2022-04-30 13:09:24,254] {processor.py:163} INFO - Started process (PID=22586) to work on /home/airflow/.local/lib/python3.7/site-packages/airflow/example_dags/example_xcom.py
[2022-04-30 13:09:24,256] {processor.py:642} INFO - Processing file /home/airflow/.local/lib/python3.7/site-packages/airflow/example_dags/example_xcom.py for tasks to queue
[2022-04-30 13:09:24,257] {logging_mixin.py:109} INFO - [2022-04-30 13:09:24,257] {dagbag.py:500} INFO - Filling up the DagBag from /home/airflow/.local/lib/python3.7/site-packages/airflow/example_dags/example_xcom.py
[2022-04-30 13:09:24,293] {processor.py:652} INFO - DAG(s) dict_keys(['example_xcom']) retrieved from /home/airflow/.local/lib/python3.7/site-packages/airflow/example_dags/example_xcom.py
[2022-04-30 13:09:24,647] {logging_mixin.py:109} INFO - [2022-04-30 13:09:24,646] {dag.py:2398} INFO - Sync 1 DAGs
[2022-04-30 13:09:24,670] {logging_mixin.py:109} INFO - [2022-04-30 13:09:24,670] {dag.py:2937} INFO - Setting next_dagrun for example_xcom to 2021-01-01T00:00:00+00:00
[2022-04-30 13:09:24,687] {processor.py:171} INFO - Processing /home/airflow/.local/lib/python3.7/site-packages/airflow/example_dags/example_xcom.py took 0.437 seconds
[2022-04-30 13:09:55,492] {processor.py:163} INFO - Started process (PID=22652) to work on /home/airflow/.local/lib/python3.7/site-packages/airflow/example_dags/example_xcom.py
[2022-04-30 13:09:55,493] {processor.py:642} INFO - Processing file /home/airflow/.local/lib/python3.7/site-packages/airflow/example_dags/example_xcom.py for tasks to queue
[2022-04-30 13:09:55,494] {logging_mixin.py:109} INFO - [2022-04-30 13:09:55,494] {dagbag.py:500} INFO - Filling up the DagBag from /home/airflow/.local/lib/python3.7/site-packages/airflow/example_dags/example_xcom.py
[2022-04-30 13:09:55,519] {processor.py:652} INFO - DAG(s) dict_keys(['example_xcom']) retrieved from /home/airflow/.local/lib/python3.7/site-packages/airflow/example_dags/example_xcom.py
[2022-04-30 13:09:55,808] {logging_mixin.py:109} INFO - [2022-04-30 13:09:55,808] {dag.py:2398} INFO - Sync 1 DAGs
[2022-04-30 13:09:55,827] {logging_mixin.py:109} INFO - [2022-04-30 13:09:55,827] {dag.py:2937} INFO - Setting next_dagrun for example_xcom to 2021-01-01T00:00:00+00:00
[2022-04-30 13:09:55,840] {processor.py:171} INFO - Processing /home/airflow/.local/lib/python3.7/site-packages/airflow/example_dags/example_xcom.py took 0.352 seconds
[2022-04-30 13:10:26,537] {processor.py:163} INFO - Started process (PID=22716) to work on /home/airflow/.local/lib/python3.7/site-packages/airflow/example_dags/example_xcom.py
[2022-04-30 13:10:26,539] {processor.py:642} INFO - Processing file /home/airflow/.local/lib/python3.7/site-packages/airflow/example_dags/example_xcom.py for tasks to queue
[2022-04-30 13:10:26,540] {logging_mixin.py:109} INFO - [2022-04-30 13:10:26,540] {dagbag.py:500} INFO - Filling up the DagBag from /home/airflow/.local/lib/python3.7/site-packages/airflow/example_dags/example_xcom.py
[2022-04-30 13:10:26,566] {processor.py:652} INFO - DAG(s) dict_keys(['example_xcom']) retrieved from /home/airflow/.local/lib/python3.7/site-packages/airflow/example_dags/example_xcom.py
[2022-04-30 13:10:26,872] {logging_mixin.py:109} INFO - [2022-04-30 13:10:26,872] {dag.py:2398} INFO - Sync 1 DAGs
[2022-04-30 13:10:26,893] {logging_mixin.py:109} INFO - [2022-04-30 13:10:26,893] {dag.py:2937} INFO - Setting next_dagrun for example_xcom to 2021-01-01T00:00:00+00:00
[2022-04-30 13:10:26,908] {processor.py:171} INFO - Processing /home/airflow/.local/lib/python3.7/site-packages/airflow/example_dags/example_xcom.py took 0.375 seconds
