[2022-04-30 13:03:15,351] {processor.py:163} INFO - Started process (PID=21776) to work on /home/airflow/.local/lib/python3.7/site-packages/airflow/example_dags/example_branch_operator.py
[2022-04-30 13:03:15,353] {processor.py:642} INFO - Processing file /home/airflow/.local/lib/python3.7/site-packages/airflow/example_dags/example_branch_operator.py for tasks to queue
[2022-04-30 13:03:15,354] {logging_mixin.py:109} INFO - [2022-04-30 13:03:15,354] {dagbag.py:500} INFO - Filling up the DagBag from /home/airflow/.local/lib/python3.7/site-packages/airflow/example_dags/example_branch_operator.py
[2022-04-30 13:03:15,387] {processor.py:652} INFO - DAG(s) dict_keys(['example_branch_operator']) retrieved from /home/airflow/.local/lib/python3.7/site-packages/airflow/example_dags/example_branch_operator.py
[2022-04-30 13:03:15,432] {logging_mixin.py:109} INFO - [2022-04-30 13:03:15,432] {dag.py:2398} INFO - Sync 1 DAGs
[2022-04-30 13:03:15,464] {logging_mixin.py:109} INFO - [2022-04-30 13:03:15,464] {dag.py:2937} INFO - Setting next_dagrun for example_branch_operator to 2022-04-29 00:00:00+00:00
[2022-04-30 13:03:15,476] {processor.py:171} INFO - Processing /home/airflow/.local/lib/python3.7/site-packages/airflow/example_dags/example_branch_operator.py took 0.130 seconds
[2022-04-30 13:03:45,900] {processor.py:163} INFO - Started process (PID=21841) to work on /home/airflow/.local/lib/python3.7/site-packages/airflow/example_dags/example_branch_operator.py
[2022-04-30 13:03:45,903] {processor.py:642} INFO - Processing file /home/airflow/.local/lib/python3.7/site-packages/airflow/example_dags/example_branch_operator.py for tasks to queue
[2022-04-30 13:03:45,905] {logging_mixin.py:109} INFO - [2022-04-30 13:03:45,905] {dagbag.py:500} INFO - Filling up the DagBag from /home/airflow/.local/lib/python3.7/site-packages/airflow/example_dags/example_branch_operator.py
[2022-04-30 13:03:45,948] {processor.py:652} INFO - DAG(s) dict_keys(['example_branch_operator']) retrieved from /home/airflow/.local/lib/python3.7/site-packages/airflow/example_dags/example_branch_operator.py
[2022-04-30 13:03:45,991] {logging_mixin.py:109} INFO - [2022-04-30 13:03:45,991] {dag.py:2398} INFO - Sync 1 DAGs
[2022-04-30 13:03:46,030] {logging_mixin.py:109} INFO - [2022-04-30 13:03:46,029] {dag.py:2937} INFO - Setting next_dagrun for example_branch_operator to 2022-04-29 00:00:00+00:00
[2022-04-30 13:03:46,045] {processor.py:171} INFO - Processing /home/airflow/.local/lib/python3.7/site-packages/airflow/example_dags/example_branch_operator.py took 0.152 seconds
[2022-04-30 13:04:17,264] {processor.py:163} INFO - Started process (PID=21917) to work on /home/airflow/.local/lib/python3.7/site-packages/airflow/example_dags/example_branch_operator.py
[2022-04-30 13:04:17,265] {processor.py:642} INFO - Processing file /home/airflow/.local/lib/python3.7/site-packages/airflow/example_dags/example_branch_operator.py for tasks to queue
[2022-04-30 13:04:17,266] {logging_mixin.py:109} INFO - [2022-04-30 13:04:17,266] {dagbag.py:500} INFO - Filling up the DagBag from /home/airflow/.local/lib/python3.7/site-packages/airflow/example_dags/example_branch_operator.py
[2022-04-30 13:04:17,299] {processor.py:652} INFO - DAG(s) dict_keys(['example_branch_operator']) retrieved from /home/airflow/.local/lib/python3.7/site-packages/airflow/example_dags/example_branch_operator.py
[2022-04-30 13:04:17,337] {logging_mixin.py:109} INFO - [2022-04-30 13:04:17,337] {dag.py:2398} INFO - Sync 1 DAGs
[2022-04-30 13:04:17,368] {logging_mixin.py:109} INFO - [2022-04-30 13:04:17,368] {dag.py:2937} INFO - Setting next_dagrun for example_branch_operator to 2022-04-29 00:00:00+00:00
[2022-04-30 13:04:17,384] {processor.py:171} INFO - Processing /home/airflow/.local/lib/python3.7/site-packages/airflow/example_dags/example_branch_operator.py took 0.125 seconds
[2022-04-30 13:04:47,627] {processor.py:163} INFO - Started process (PID=21982) to work on /home/airflow/.local/lib/python3.7/site-packages/airflow/example_dags/example_branch_operator.py
[2022-04-30 13:04:47,629] {processor.py:642} INFO - Processing file /home/airflow/.local/lib/python3.7/site-packages/airflow/example_dags/example_branch_operator.py for tasks to queue
[2022-04-30 13:04:47,630] {logging_mixin.py:109} INFO - [2022-04-30 13:04:47,630] {dagbag.py:500} INFO - Filling up the DagBag from /home/airflow/.local/lib/python3.7/site-packages/airflow/example_dags/example_branch_operator.py
[2022-04-30 13:04:47,659] {processor.py:652} INFO - DAG(s) dict_keys(['example_branch_operator']) retrieved from /home/airflow/.local/lib/python3.7/site-packages/airflow/example_dags/example_branch_operator.py
[2022-04-30 13:04:47,690] {logging_mixin.py:109} INFO - [2022-04-30 13:04:47,690] {dag.py:2398} INFO - Sync 1 DAGs
[2022-04-30 13:04:47,721] {logging_mixin.py:109} INFO - [2022-04-30 13:04:47,720] {dag.py:2937} INFO - Setting next_dagrun for example_branch_operator to 2022-04-29 00:00:00+00:00
[2022-04-30 13:04:47,735] {processor.py:171} INFO - Processing /home/airflow/.local/lib/python3.7/site-packages/airflow/example_dags/example_branch_operator.py took 0.112 seconds
[2022-04-30 13:05:18,033] {processor.py:163} INFO - Started process (PID=22047) to work on /home/airflow/.local/lib/python3.7/site-packages/airflow/example_dags/example_branch_operator.py
[2022-04-30 13:05:18,035] {processor.py:642} INFO - Processing file /home/airflow/.local/lib/python3.7/site-packages/airflow/example_dags/example_branch_operator.py for tasks to queue
[2022-04-30 13:05:18,036] {logging_mixin.py:109} INFO - [2022-04-30 13:05:18,036] {dagbag.py:500} INFO - Filling up the DagBag from /home/airflow/.local/lib/python3.7/site-packages/airflow/example_dags/example_branch_operator.py
[2022-04-30 13:05:18,060] {processor.py:652} INFO - DAG(s) dict_keys(['example_branch_operator']) retrieved from /home/airflow/.local/lib/python3.7/site-packages/airflow/example_dags/example_branch_operator.py
[2022-04-30 13:05:18,087] {logging_mixin.py:109} INFO - [2022-04-30 13:05:18,087] {dag.py:2398} INFO - Sync 1 DAGs
[2022-04-30 13:05:18,113] {logging_mixin.py:109} INFO - [2022-04-30 13:05:18,113] {dag.py:2937} INFO - Setting next_dagrun for example_branch_operator to 2022-04-29 00:00:00+00:00
[2022-04-30 13:05:18,126] {processor.py:171} INFO - Processing /home/airflow/.local/lib/python3.7/site-packages/airflow/example_dags/example_branch_operator.py took 0.097 seconds
[2022-04-30 13:05:49,235] {processor.py:163} INFO - Started process (PID=22121) to work on /home/airflow/.local/lib/python3.7/site-packages/airflow/example_dags/example_branch_operator.py
[2022-04-30 13:05:49,238] {processor.py:642} INFO - Processing file /home/airflow/.local/lib/python3.7/site-packages/airflow/example_dags/example_branch_operator.py for tasks to queue
[2022-04-30 13:05:49,241] {logging_mixin.py:109} INFO - [2022-04-30 13:05:49,241] {dagbag.py:500} INFO - Filling up the DagBag from /home/airflow/.local/lib/python3.7/site-packages/airflow/example_dags/example_branch_operator.py
[2022-04-30 13:05:49,292] {processor.py:652} INFO - DAG(s) dict_keys(['example_branch_operator']) retrieved from /home/airflow/.local/lib/python3.7/site-packages/airflow/example_dags/example_branch_operator.py
[2022-04-30 13:05:49,329] {logging_mixin.py:109} INFO - [2022-04-30 13:05:49,328] {dag.py:2398} INFO - Sync 1 DAGs
[2022-04-30 13:05:49,359] {logging_mixin.py:109} INFO - [2022-04-30 13:05:49,359] {dag.py:2937} INFO - Setting next_dagrun for example_branch_operator to 2022-04-29 00:00:00+00:00
[2022-04-30 13:05:49,375] {processor.py:171} INFO - Processing /home/airflow/.local/lib/python3.7/site-packages/airflow/example_dags/example_branch_operator.py took 0.148 seconds
[2022-04-30 13:06:20,213] {processor.py:163} INFO - Started process (PID=22189) to work on /home/airflow/.local/lib/python3.7/site-packages/airflow/example_dags/example_branch_operator.py
[2022-04-30 13:06:20,214] {processor.py:642} INFO - Processing file /home/airflow/.local/lib/python3.7/site-packages/airflow/example_dags/example_branch_operator.py for tasks to queue
[2022-04-30 13:06:20,215] {logging_mixin.py:109} INFO - [2022-04-30 13:06:20,215] {dagbag.py:500} INFO - Filling up the DagBag from /home/airflow/.local/lib/python3.7/site-packages/airflow/example_dags/example_branch_operator.py
[2022-04-30 13:06:20,249] {processor.py:652} INFO - DAG(s) dict_keys(['example_branch_operator']) retrieved from /home/airflow/.local/lib/python3.7/site-packages/airflow/example_dags/example_branch_operator.py
[2022-04-30 13:06:20,283] {logging_mixin.py:109} INFO - [2022-04-30 13:06:20,283] {dag.py:2398} INFO - Sync 1 DAGs
[2022-04-30 13:06:20,311] {logging_mixin.py:109} INFO - [2022-04-30 13:06:20,311] {dag.py:2937} INFO - Setting next_dagrun for example_branch_operator to 2022-04-29 00:00:00+00:00
[2022-04-30 13:06:20,327] {processor.py:171} INFO - Processing /home/airflow/.local/lib/python3.7/site-packages/airflow/example_dags/example_branch_operator.py took 0.118 seconds
[2022-04-30 13:06:51,219] {processor.py:163} INFO - Started process (PID=22254) to work on /home/airflow/.local/lib/python3.7/site-packages/airflow/example_dags/example_branch_operator.py
[2022-04-30 13:06:51,220] {processor.py:642} INFO - Processing file /home/airflow/.local/lib/python3.7/site-packages/airflow/example_dags/example_branch_operator.py for tasks to queue
[2022-04-30 13:06:51,222] {logging_mixin.py:109} INFO - [2022-04-30 13:06:51,221] {dagbag.py:500} INFO - Filling up the DagBag from /home/airflow/.local/lib/python3.7/site-packages/airflow/example_dags/example_branch_operator.py
[2022-04-30 13:06:51,251] {processor.py:652} INFO - DAG(s) dict_keys(['example_branch_operator']) retrieved from /home/airflow/.local/lib/python3.7/site-packages/airflow/example_dags/example_branch_operator.py
[2022-04-30 13:06:51,286] {logging_mixin.py:109} INFO - [2022-04-30 13:06:51,286] {dag.py:2398} INFO - Sync 1 DAGs
[2022-04-30 13:06:51,312] {logging_mixin.py:109} INFO - [2022-04-30 13:06:51,312] {dag.py:2937} INFO - Setting next_dagrun for example_branch_operator to 2022-04-29 00:00:00+00:00
[2022-04-30 13:06:51,325] {processor.py:171} INFO - Processing /home/airflow/.local/lib/python3.7/site-packages/airflow/example_dags/example_branch_operator.py took 0.111 seconds
[2022-04-30 13:07:21,913] {processor.py:163} INFO - Started process (PID=22326) to work on /home/airflow/.local/lib/python3.7/site-packages/airflow/example_dags/example_branch_operator.py
[2022-04-30 13:07:21,915] {processor.py:642} INFO - Processing file /home/airflow/.local/lib/python3.7/site-packages/airflow/example_dags/example_branch_operator.py for tasks to queue
[2022-04-30 13:07:21,917] {logging_mixin.py:109} INFO - [2022-04-30 13:07:21,916] {dagbag.py:500} INFO - Filling up the DagBag from /home/airflow/.local/lib/python3.7/site-packages/airflow/example_dags/example_branch_operator.py
[2022-04-30 13:07:21,951] {processor.py:652} INFO - DAG(s) dict_keys(['example_branch_operator']) retrieved from /home/airflow/.local/lib/python3.7/site-packages/airflow/example_dags/example_branch_operator.py
[2022-04-30 13:07:21,992] {logging_mixin.py:109} INFO - [2022-04-30 13:07:21,991] {dag.py:2398} INFO - Sync 1 DAGs
[2022-04-30 13:07:22,025] {logging_mixin.py:109} INFO - [2022-04-30 13:07:22,025] {dag.py:2937} INFO - Setting next_dagrun for example_branch_operator to 2022-04-29 00:00:00+00:00
[2022-04-30 13:07:22,040] {processor.py:171} INFO - Processing /home/airflow/.local/lib/python3.7/site-packages/airflow/example_dags/example_branch_operator.py took 0.132 seconds
[2022-04-30 13:07:52,551] {processor.py:163} INFO - Started process (PID=22394) to work on /home/airflow/.local/lib/python3.7/site-packages/airflow/example_dags/example_branch_operator.py
[2022-04-30 13:07:52,553] {processor.py:642} INFO - Processing file /home/airflow/.local/lib/python3.7/site-packages/airflow/example_dags/example_branch_operator.py for tasks to queue
[2022-04-30 13:07:52,554] {logging_mixin.py:109} INFO - [2022-04-30 13:07:52,554] {dagbag.py:500} INFO - Filling up the DagBag from /home/airflow/.local/lib/python3.7/site-packages/airflow/example_dags/example_branch_operator.py
[2022-04-30 13:07:52,583] {processor.py:652} INFO - DAG(s) dict_keys(['example_branch_operator']) retrieved from /home/airflow/.local/lib/python3.7/site-packages/airflow/example_dags/example_branch_operator.py
[2022-04-30 13:07:52,615] {logging_mixin.py:109} INFO - [2022-04-30 13:07:52,615] {dag.py:2398} INFO - Sync 1 DAGs
[2022-04-30 13:07:52,642] {logging_mixin.py:109} INFO - [2022-04-30 13:07:52,642] {dag.py:2937} INFO - Setting next_dagrun for example_branch_operator to 2022-04-29 00:00:00+00:00
[2022-04-30 13:07:52,655] {processor.py:171} INFO - Processing /home/airflow/.local/lib/python3.7/site-packages/airflow/example_dags/example_branch_operator.py took 0.108 seconds
[2022-04-30 13:08:23,680] {processor.py:163} INFO - Started process (PID=22460) to work on /home/airflow/.local/lib/python3.7/site-packages/airflow/example_dags/example_branch_operator.py
[2022-04-30 13:08:23,681] {processor.py:642} INFO - Processing file /home/airflow/.local/lib/python3.7/site-packages/airflow/example_dags/example_branch_operator.py for tasks to queue
[2022-04-30 13:08:23,682] {logging_mixin.py:109} INFO - [2022-04-30 13:08:23,682] {dagbag.py:500} INFO - Filling up the DagBag from /home/airflow/.local/lib/python3.7/site-packages/airflow/example_dags/example_branch_operator.py
[2022-04-30 13:08:23,713] {processor.py:652} INFO - DAG(s) dict_keys(['example_branch_operator']) retrieved from /home/airflow/.local/lib/python3.7/site-packages/airflow/example_dags/example_branch_operator.py
[2022-04-30 13:08:23,745] {logging_mixin.py:109} INFO - [2022-04-30 13:08:23,745] {dag.py:2398} INFO - Sync 1 DAGs
[2022-04-30 13:08:23,778] {logging_mixin.py:109} INFO - [2022-04-30 13:08:23,778] {dag.py:2937} INFO - Setting next_dagrun for example_branch_operator to 2022-04-29 00:00:00+00:00
[2022-04-30 13:08:23,793] {processor.py:171} INFO - Processing /home/airflow/.local/lib/python3.7/site-packages/airflow/example_dags/example_branch_operator.py took 0.117 seconds
[2022-04-30 13:08:54,726] {processor.py:163} INFO - Started process (PID=22524) to work on /home/airflow/.local/lib/python3.7/site-packages/airflow/example_dags/example_branch_operator.py
[2022-04-30 13:08:54,728] {processor.py:642} INFO - Processing file /home/airflow/.local/lib/python3.7/site-packages/airflow/example_dags/example_branch_operator.py for tasks to queue
[2022-04-30 13:08:54,729] {logging_mixin.py:109} INFO - [2022-04-30 13:08:54,729] {dagbag.py:500} INFO - Filling up the DagBag from /home/airflow/.local/lib/python3.7/site-packages/airflow/example_dags/example_branch_operator.py
[2022-04-30 13:08:54,758] {processor.py:652} INFO - DAG(s) dict_keys(['example_branch_operator']) retrieved from /home/airflow/.local/lib/python3.7/site-packages/airflow/example_dags/example_branch_operator.py
[2022-04-30 13:08:54,785] {logging_mixin.py:109} INFO - [2022-04-30 13:08:54,785] {dag.py:2398} INFO - Sync 1 DAGs
[2022-04-30 13:08:54,811] {logging_mixin.py:109} INFO - [2022-04-30 13:08:54,811] {dag.py:2937} INFO - Setting next_dagrun for example_branch_operator to 2022-04-29 00:00:00+00:00
[2022-04-30 13:08:54,823] {processor.py:171} INFO - Processing /home/airflow/.local/lib/python3.7/site-packages/airflow/example_dags/example_branch_operator.py took 0.101 seconds
