[2022-04-30 13:03:16,869] {processor.py:163} INFO - Started process (PID=21783) to work on /home/airflow/.local/lib/python3.7/site-packages/airflow/example_dags/example_branch_python_dop_operator_3.py
[2022-04-30 13:03:16,871] {processor.py:642} INFO - Processing file /home/airflow/.local/lib/python3.7/site-packages/airflow/example_dags/example_branch_python_dop_operator_3.py for tasks to queue
[2022-04-30 13:03:16,872] {logging_mixin.py:109} INFO - [2022-04-30 13:03:16,872] {dagbag.py:500} INFO - Filling up the DagBag from /home/airflow/.local/lib/python3.7/site-packages/airflow/example_dags/example_branch_python_dop_operator_3.py
[2022-04-30 13:03:17,005] {processor.py:652} INFO - DAG(s) dict_keys(['example_branch_dop_operator_v3']) retrieved from /home/airflow/.local/lib/python3.7/site-packages/airflow/example_dags/example_branch_python_dop_operator_3.py
[2022-04-30 13:03:17,032] {logging_mixin.py:109} INFO - [2022-04-30 13:03:17,031] {dag.py:2398} INFO - Sync 1 DAGs
[2022-04-30 13:03:17,066] {logging_mixin.py:109} INFO - [2022-04-30 13:03:17,066] {dag.py:2937} INFO - Setting next_dagrun for example_branch_dop_operator_v3 to 2022-04-30T13:02:00+00:00
[2022-04-30 13:03:17,082] {processor.py:171} INFO - Processing /home/airflow/.local/lib/python3.7/site-packages/airflow/example_dags/example_branch_python_dop_operator_3.py took 0.216 seconds
[2022-04-30 13:03:47,520] {processor.py:163} INFO - Started process (PID=21849) to work on /home/airflow/.local/lib/python3.7/site-packages/airflow/example_dags/example_branch_python_dop_operator_3.py
[2022-04-30 13:03:47,522] {processor.py:642} INFO - Processing file /home/airflow/.local/lib/python3.7/site-packages/airflow/example_dags/example_branch_python_dop_operator_3.py for tasks to queue
[2022-04-30 13:03:47,523] {logging_mixin.py:109} INFO - [2022-04-30 13:03:47,523] {dagbag.py:500} INFO - Filling up the DagBag from /home/airflow/.local/lib/python3.7/site-packages/airflow/example_dags/example_branch_python_dop_operator_3.py
[2022-04-30 13:03:47,550] {processor.py:652} INFO - DAG(s) dict_keys(['example_branch_dop_operator_v3']) retrieved from /home/airflow/.local/lib/python3.7/site-packages/airflow/example_dags/example_branch_python_dop_operator_3.py
[2022-04-30 13:03:47,577] {logging_mixin.py:109} INFO - [2022-04-30 13:03:47,577] {dag.py:2398} INFO - Sync 1 DAGs
[2022-04-30 13:03:47,617] {logging_mixin.py:109} INFO - [2022-04-30 13:03:47,617] {dag.py:2937} INFO - Setting next_dagrun for example_branch_dop_operator_v3 to 2022-04-30T13:02:00+00:00
[2022-04-30 13:03:47,631] {processor.py:171} INFO - Processing /home/airflow/.local/lib/python3.7/site-packages/airflow/example_dags/example_branch_python_dop_operator_3.py took 0.116 seconds
[2022-04-30 13:04:17,916] {processor.py:163} INFO - Started process (PID=21923) to work on /home/airflow/.local/lib/python3.7/site-packages/airflow/example_dags/example_branch_python_dop_operator_3.py
[2022-04-30 13:04:17,918] {processor.py:642} INFO - Processing file /home/airflow/.local/lib/python3.7/site-packages/airflow/example_dags/example_branch_python_dop_operator_3.py for tasks to queue
[2022-04-30 13:04:17,919] {logging_mixin.py:109} INFO - [2022-04-30 13:04:17,919] {dagbag.py:500} INFO - Filling up the DagBag from /home/airflow/.local/lib/python3.7/site-packages/airflow/example_dags/example_branch_python_dop_operator_3.py
[2022-04-30 13:04:17,950] {processor.py:652} INFO - DAG(s) dict_keys(['example_branch_dop_operator_v3']) retrieved from /home/airflow/.local/lib/python3.7/site-packages/airflow/example_dags/example_branch_python_dop_operator_3.py
[2022-04-30 13:04:17,985] {logging_mixin.py:109} INFO - [2022-04-30 13:04:17,985] {dag.py:2398} INFO - Sync 1 DAGs
[2022-04-30 13:04:18,031] {logging_mixin.py:109} INFO - [2022-04-30 13:04:18,031] {dag.py:2937} INFO - Setting next_dagrun for example_branch_dop_operator_v3 to 2022-04-30T13:03:00+00:00
[2022-04-30 13:04:18,049] {processor.py:171} INFO - Processing /home/airflow/.local/lib/python3.7/site-packages/airflow/example_dags/example_branch_python_dop_operator_3.py took 0.137 seconds
[2022-04-30 13:04:48,266] {processor.py:163} INFO - Started process (PID=21989) to work on /home/airflow/.local/lib/python3.7/site-packages/airflow/example_dags/example_branch_python_dop_operator_3.py
[2022-04-30 13:04:48,269] {processor.py:642} INFO - Processing file /home/airflow/.local/lib/python3.7/site-packages/airflow/example_dags/example_branch_python_dop_operator_3.py for tasks to queue
[2022-04-30 13:04:48,270] {logging_mixin.py:109} INFO - [2022-04-30 13:04:48,270] {dagbag.py:500} INFO - Filling up the DagBag from /home/airflow/.local/lib/python3.7/site-packages/airflow/example_dags/example_branch_python_dop_operator_3.py
[2022-04-30 13:04:48,307] {processor.py:652} INFO - DAG(s) dict_keys(['example_branch_dop_operator_v3']) retrieved from /home/airflow/.local/lib/python3.7/site-packages/airflow/example_dags/example_branch_python_dop_operator_3.py
[2022-04-30 13:04:48,336] {logging_mixin.py:109} INFO - [2022-04-30 13:04:48,336] {dag.py:2398} INFO - Sync 1 DAGs
[2022-04-30 13:04:48,374] {logging_mixin.py:109} INFO - [2022-04-30 13:04:48,374] {dag.py:2937} INFO - Setting next_dagrun for example_branch_dop_operator_v3 to 2022-04-30T13:03:00+00:00
[2022-04-30 13:04:48,389] {processor.py:171} INFO - Processing /home/airflow/.local/lib/python3.7/site-packages/airflow/example_dags/example_branch_python_dop_operator_3.py took 0.131 seconds
[2022-04-30 13:05:18,498] {processor.py:163} INFO - Started process (PID=22054) to work on /home/airflow/.local/lib/python3.7/site-packages/airflow/example_dags/example_branch_python_dop_operator_3.py
[2022-04-30 13:05:18,500] {processor.py:642} INFO - Processing file /home/airflow/.local/lib/python3.7/site-packages/airflow/example_dags/example_branch_python_dop_operator_3.py for tasks to queue
[2022-04-30 13:05:18,501] {logging_mixin.py:109} INFO - [2022-04-30 13:05:18,501] {dagbag.py:500} INFO - Filling up the DagBag from /home/airflow/.local/lib/python3.7/site-packages/airflow/example_dags/example_branch_python_dop_operator_3.py
[2022-04-30 13:05:18,531] {processor.py:652} INFO - DAG(s) dict_keys(['example_branch_dop_operator_v3']) retrieved from /home/airflow/.local/lib/python3.7/site-packages/airflow/example_dags/example_branch_python_dop_operator_3.py
[2022-04-30 13:05:18,556] {logging_mixin.py:109} INFO - [2022-04-30 13:05:18,556] {dag.py:2398} INFO - Sync 1 DAGs
[2022-04-30 13:05:18,587] {logging_mixin.py:109} INFO - [2022-04-30 13:05:18,587] {dag.py:2937} INFO - Setting next_dagrun for example_branch_dop_operator_v3 to 2022-04-30T13:04:00+00:00
[2022-04-30 13:05:18,600] {processor.py:171} INFO - Processing /home/airflow/.local/lib/python3.7/site-packages/airflow/example_dags/example_branch_python_dop_operator_3.py took 0.106 seconds
[2022-04-30 13:05:49,765] {processor.py:163} INFO - Started process (PID=22128) to work on /home/airflow/.local/lib/python3.7/site-packages/airflow/example_dags/example_branch_python_dop_operator_3.py
[2022-04-30 13:05:49,767] {processor.py:642} INFO - Processing file /home/airflow/.local/lib/python3.7/site-packages/airflow/example_dags/example_branch_python_dop_operator_3.py for tasks to queue
[2022-04-30 13:05:49,768] {logging_mixin.py:109} INFO - [2022-04-30 13:05:49,768] {dagbag.py:500} INFO - Filling up the DagBag from /home/airflow/.local/lib/python3.7/site-packages/airflow/example_dags/example_branch_python_dop_operator_3.py
[2022-04-30 13:05:49,799] {processor.py:652} INFO - DAG(s) dict_keys(['example_branch_dop_operator_v3']) retrieved from /home/airflow/.local/lib/python3.7/site-packages/airflow/example_dags/example_branch_python_dop_operator_3.py
[2022-04-30 13:05:49,831] {logging_mixin.py:109} INFO - [2022-04-30 13:05:49,831] {dag.py:2398} INFO - Sync 1 DAGs
[2022-04-30 13:05:49,870] {logging_mixin.py:109} INFO - [2022-04-30 13:05:49,870] {dag.py:2937} INFO - Setting next_dagrun for example_branch_dop_operator_v3 to 2022-04-30T13:04:00+00:00
[2022-04-30 13:05:49,885] {processor.py:171} INFO - Processing /home/airflow/.local/lib/python3.7/site-packages/airflow/example_dags/example_branch_python_dop_operator_3.py took 0.126 seconds
[2022-04-30 13:06:20,601] {processor.py:163} INFO - Started process (PID=22194) to work on /home/airflow/.local/lib/python3.7/site-packages/airflow/example_dags/example_branch_python_dop_operator_3.py
[2022-04-30 13:06:20,603] {processor.py:642} INFO - Processing file /home/airflow/.local/lib/python3.7/site-packages/airflow/example_dags/example_branch_python_dop_operator_3.py for tasks to queue
[2022-04-30 13:06:20,604] {logging_mixin.py:109} INFO - [2022-04-30 13:06:20,604] {dagbag.py:500} INFO - Filling up the DagBag from /home/airflow/.local/lib/python3.7/site-packages/airflow/example_dags/example_branch_python_dop_operator_3.py
[2022-04-30 13:06:20,632] {processor.py:652} INFO - DAG(s) dict_keys(['example_branch_dop_operator_v3']) retrieved from /home/airflow/.local/lib/python3.7/site-packages/airflow/example_dags/example_branch_python_dop_operator_3.py
[2022-04-30 13:06:20,660] {logging_mixin.py:109} INFO - [2022-04-30 13:06:20,660] {dag.py:2398} INFO - Sync 1 DAGs
[2022-04-30 13:06:20,695] {logging_mixin.py:109} INFO - [2022-04-30 13:06:20,695] {dag.py:2937} INFO - Setting next_dagrun for example_branch_dop_operator_v3 to 2022-04-30T13:05:00+00:00
[2022-04-30 13:06:20,711] {processor.py:171} INFO - Processing /home/airflow/.local/lib/python3.7/site-packages/airflow/example_dags/example_branch_python_dop_operator_3.py took 0.114 seconds
[2022-04-30 13:06:51,656] {processor.py:163} INFO - Started process (PID=22259) to work on /home/airflow/.local/lib/python3.7/site-packages/airflow/example_dags/example_branch_python_dop_operator_3.py
[2022-04-30 13:06:51,659] {processor.py:642} INFO - Processing file /home/airflow/.local/lib/python3.7/site-packages/airflow/example_dags/example_branch_python_dop_operator_3.py for tasks to queue
[2022-04-30 13:06:51,660] {logging_mixin.py:109} INFO - [2022-04-30 13:06:51,660] {dagbag.py:500} INFO - Filling up the DagBag from /home/airflow/.local/lib/python3.7/site-packages/airflow/example_dags/example_branch_python_dop_operator_3.py
[2022-04-30 13:06:51,688] {processor.py:652} INFO - DAG(s) dict_keys(['example_branch_dop_operator_v3']) retrieved from /home/airflow/.local/lib/python3.7/site-packages/airflow/example_dags/example_branch_python_dop_operator_3.py
[2022-04-30 13:06:51,719] {logging_mixin.py:109} INFO - [2022-04-30 13:06:51,718] {dag.py:2398} INFO - Sync 1 DAGs
[2022-04-30 13:06:51,760] {logging_mixin.py:109} INFO - [2022-04-30 13:06:51,759] {dag.py:2937} INFO - Setting next_dagrun for example_branch_dop_operator_v3 to 2022-04-30T13:05:00+00:00
[2022-04-30 13:06:51,776] {processor.py:171} INFO - Processing /home/airflow/.local/lib/python3.7/site-packages/airflow/example_dags/example_branch_python_dop_operator_3.py took 0.124 seconds
[2022-04-30 13:07:22,574] {processor.py:163} INFO - Started process (PID=22334) to work on /home/airflow/.local/lib/python3.7/site-packages/airflow/example_dags/example_branch_python_dop_operator_3.py
[2022-04-30 13:07:22,577] {processor.py:642} INFO - Processing file /home/airflow/.local/lib/python3.7/site-packages/airflow/example_dags/example_branch_python_dop_operator_3.py for tasks to queue
[2022-04-30 13:07:22,578] {logging_mixin.py:109} INFO - [2022-04-30 13:07:22,578] {dagbag.py:500} INFO - Filling up the DagBag from /home/airflow/.local/lib/python3.7/site-packages/airflow/example_dags/example_branch_python_dop_operator_3.py
[2022-04-30 13:07:22,610] {processor.py:652} INFO - DAG(s) dict_keys(['example_branch_dop_operator_v3']) retrieved from /home/airflow/.local/lib/python3.7/site-packages/airflow/example_dags/example_branch_python_dop_operator_3.py
[2022-04-30 13:07:22,642] {logging_mixin.py:109} INFO - [2022-04-30 13:07:22,642] {dag.py:2398} INFO - Sync 1 DAGs
[2022-04-30 13:07:22,686] {logging_mixin.py:109} INFO - [2022-04-30 13:07:22,685] {dag.py:2937} INFO - Setting next_dagrun for example_branch_dop_operator_v3 to 2022-04-30T13:06:00+00:00
[2022-04-30 13:07:22,701] {processor.py:171} INFO - Processing /home/airflow/.local/lib/python3.7/site-packages/airflow/example_dags/example_branch_python_dop_operator_3.py took 0.132 seconds
[2022-04-30 13:07:53,045] {processor.py:163} INFO - Started process (PID=22400) to work on /home/airflow/.local/lib/python3.7/site-packages/airflow/example_dags/example_branch_python_dop_operator_3.py
[2022-04-30 13:07:53,047] {processor.py:642} INFO - Processing file /home/airflow/.local/lib/python3.7/site-packages/airflow/example_dags/example_branch_python_dop_operator_3.py for tasks to queue
[2022-04-30 13:07:53,048] {logging_mixin.py:109} INFO - [2022-04-30 13:07:53,048] {dagbag.py:500} INFO - Filling up the DagBag from /home/airflow/.local/lib/python3.7/site-packages/airflow/example_dags/example_branch_python_dop_operator_3.py
[2022-04-30 13:07:53,080] {processor.py:652} INFO - DAG(s) dict_keys(['example_branch_dop_operator_v3']) retrieved from /home/airflow/.local/lib/python3.7/site-packages/airflow/example_dags/example_branch_python_dop_operator_3.py
[2022-04-30 13:07:53,120] {logging_mixin.py:109} INFO - [2022-04-30 13:07:53,120] {dag.py:2398} INFO - Sync 1 DAGs
[2022-04-30 13:07:53,159] {logging_mixin.py:109} INFO - [2022-04-30 13:07:53,159] {dag.py:2937} INFO - Setting next_dagrun for example_branch_dop_operator_v3 to 2022-04-30T13:06:00+00:00
[2022-04-30 13:07:53,173] {processor.py:171} INFO - Processing /home/airflow/.local/lib/python3.7/site-packages/airflow/example_dags/example_branch_python_dop_operator_3.py took 0.132 seconds
[2022-04-30 13:08:24,121] {processor.py:163} INFO - Started process (PID=22465) to work on /home/airflow/.local/lib/python3.7/site-packages/airflow/example_dags/example_branch_python_dop_operator_3.py
[2022-04-30 13:08:24,123] {processor.py:642} INFO - Processing file /home/airflow/.local/lib/python3.7/site-packages/airflow/example_dags/example_branch_python_dop_operator_3.py for tasks to queue
[2022-04-30 13:08:24,125] {logging_mixin.py:109} INFO - [2022-04-30 13:08:24,125] {dagbag.py:500} INFO - Filling up the DagBag from /home/airflow/.local/lib/python3.7/site-packages/airflow/example_dags/example_branch_python_dop_operator_3.py
[2022-04-30 13:08:24,161] {processor.py:652} INFO - DAG(s) dict_keys(['example_branch_dop_operator_v3']) retrieved from /home/airflow/.local/lib/python3.7/site-packages/airflow/example_dags/example_branch_python_dop_operator_3.py
[2022-04-30 13:08:24,189] {logging_mixin.py:109} INFO - [2022-04-30 13:08:24,189] {dag.py:2398} INFO - Sync 1 DAGs
[2022-04-30 13:08:24,230] {logging_mixin.py:109} INFO - [2022-04-30 13:08:24,229] {dag.py:2937} INFO - Setting next_dagrun for example_branch_dop_operator_v3 to 2022-04-30T13:07:00+00:00
[2022-04-30 13:08:24,244] {processor.py:171} INFO - Processing /home/airflow/.local/lib/python3.7/site-packages/airflow/example_dags/example_branch_python_dop_operator_3.py took 0.131 seconds
[2022-04-30 13:08:55,203] {processor.py:163} INFO - Started process (PID=22531) to work on /home/airflow/.local/lib/python3.7/site-packages/airflow/example_dags/example_branch_python_dop_operator_3.py
[2022-04-30 13:08:55,205] {processor.py:642} INFO - Processing file /home/airflow/.local/lib/python3.7/site-packages/airflow/example_dags/example_branch_python_dop_operator_3.py for tasks to queue
[2022-04-30 13:08:55,206] {logging_mixin.py:109} INFO - [2022-04-30 13:08:55,206] {dagbag.py:500} INFO - Filling up the DagBag from /home/airflow/.local/lib/python3.7/site-packages/airflow/example_dags/example_branch_python_dop_operator_3.py
[2022-04-30 13:08:55,235] {processor.py:652} INFO - DAG(s) dict_keys(['example_branch_dop_operator_v3']) retrieved from /home/airflow/.local/lib/python3.7/site-packages/airflow/example_dags/example_branch_python_dop_operator_3.py
[2022-04-30 13:08:55,267] {logging_mixin.py:109} INFO - [2022-04-30 13:08:55,267] {dag.py:2398} INFO - Sync 1 DAGs
[2022-04-30 13:08:55,306] {logging_mixin.py:109} INFO - [2022-04-30 13:08:55,306] {dag.py:2937} INFO - Setting next_dagrun for example_branch_dop_operator_v3 to 2022-04-30T13:07:00+00:00
[2022-04-30 13:08:55,321] {processor.py:171} INFO - Processing /home/airflow/.local/lib/python3.7/site-packages/airflow/example_dags/example_branch_python_dop_operator_3.py took 0.123 seconds
