[2022-04-30 13:03:16,869] {processor.py:163} INFO - Started process (PID=21782) to work on /home/airflow/.local/lib/python3.7/site-packages/airflow/example_dags/tutorial_taskflow_api_etl_virtualenv.py
[2022-04-30 13:03:16,871] {processor.py:642} INFO - Processing file /home/airflow/.local/lib/python3.7/site-packages/airflow/example_dags/tutorial_taskflow_api_etl_virtualenv.py for tasks to queue
[2022-04-30 13:03:16,872] {logging_mixin.py:109} INFO - [2022-04-30 13:03:16,872] {dagbag.py:500} INFO - Filling up the DagBag from /home/airflow/.local/lib/python3.7/site-packages/airflow/example_dags/tutorial_taskflow_api_etl_virtualenv.py
[2022-04-30 13:03:17,012] {processor.py:652} INFO - DAG(s) dict_keys(['tutorial_taskflow_api_etl_virtualenv']) retrieved from /home/airflow/.local/lib/python3.7/site-packages/airflow/example_dags/tutorial_taskflow_api_etl_virtualenv.py
[2022-04-30 13:03:17,350] {logging_mixin.py:109} INFO - [2022-04-30 13:03:17,350] {dag.py:2398} INFO - Sync 1 DAGs
[2022-04-30 13:03:17,375] {logging_mixin.py:109} INFO - [2022-04-30 13:03:17,375] {dag.py:2937} INFO - Setting next_dagrun for tutorial_taskflow_api_etl_virtualenv to None
[2022-04-30 13:03:17,392] {processor.py:171} INFO - Processing /home/airflow/.local/lib/python3.7/site-packages/airflow/example_dags/tutorial_taskflow_api_etl_virtualenv.py took 0.527 seconds
[2022-04-30 13:03:47,451] {processor.py:163} INFO - Started process (PID=21848) to work on /home/airflow/.local/lib/python3.7/site-packages/airflow/example_dags/tutorial_taskflow_api_etl_virtualenv.py
[2022-04-30 13:03:47,453] {processor.py:642} INFO - Processing file /home/airflow/.local/lib/python3.7/site-packages/airflow/example_dags/tutorial_taskflow_api_etl_virtualenv.py for tasks to queue
[2022-04-30 13:03:47,454] {logging_mixin.py:109} INFO - [2022-04-30 13:03:47,454] {dagbag.py:500} INFO - Filling up the DagBag from /home/airflow/.local/lib/python3.7/site-packages/airflow/example_dags/tutorial_taskflow_api_etl_virtualenv.py
[2022-04-30 13:03:47,487] {processor.py:652} INFO - DAG(s) dict_keys(['tutorial_taskflow_api_etl_virtualenv']) retrieved from /home/airflow/.local/lib/python3.7/site-packages/airflow/example_dags/tutorial_taskflow_api_etl_virtualenv.py
[2022-04-30 13:03:47,844] {logging_mixin.py:109} INFO - [2022-04-30 13:03:47,844] {dag.py:2398} INFO - Sync 1 DAGs
[2022-04-30 13:03:47,868] {logging_mixin.py:109} INFO - [2022-04-30 13:03:47,868] {dag.py:2937} INFO - Setting next_dagrun for tutorial_taskflow_api_etl_virtualenv to None
[2022-04-30 13:03:47,885] {processor.py:171} INFO - Processing /home/airflow/.local/lib/python3.7/site-packages/airflow/example_dags/tutorial_taskflow_api_etl_virtualenv.py took 0.438 seconds
[2022-04-30 13:04:18,083] {processor.py:163} INFO - Started process (PID=21925) to work on /home/airflow/.local/lib/python3.7/site-packages/airflow/example_dags/tutorial_taskflow_api_etl_virtualenv.py
[2022-04-30 13:04:18,085] {processor.py:642} INFO - Processing file /home/airflow/.local/lib/python3.7/site-packages/airflow/example_dags/tutorial_taskflow_api_etl_virtualenv.py for tasks to queue
[2022-04-30 13:04:18,087] {logging_mixin.py:109} INFO - [2022-04-30 13:04:18,087] {dagbag.py:500} INFO - Filling up the DagBag from /home/airflow/.local/lib/python3.7/site-packages/airflow/example_dags/tutorial_taskflow_api_etl_virtualenv.py
[2022-04-30 13:04:18,127] {processor.py:652} INFO - DAG(s) dict_keys(['tutorial_taskflow_api_etl_virtualenv']) retrieved from /home/airflow/.local/lib/python3.7/site-packages/airflow/example_dags/tutorial_taskflow_api_etl_virtualenv.py
[2022-04-30 13:04:18,564] {logging_mixin.py:109} INFO - [2022-04-30 13:04:18,564] {dag.py:2398} INFO - Sync 1 DAGs
[2022-04-30 13:04:18,593] {logging_mixin.py:109} INFO - [2022-04-30 13:04:18,593] {dag.py:2937} INFO - Setting next_dagrun for tutorial_taskflow_api_etl_virtualenv to None
[2022-04-30 13:04:18,612] {processor.py:171} INFO - Processing /home/airflow/.local/lib/python3.7/site-packages/airflow/example_dags/tutorial_taskflow_api_etl_virtualenv.py took 0.535 seconds
[2022-04-30 13:04:48,651] {processor.py:163} INFO - Started process (PID=21993) to work on /home/airflow/.local/lib/python3.7/site-packages/airflow/example_dags/tutorial_taskflow_api_etl_virtualenv.py
[2022-04-30 13:04:48,653] {processor.py:642} INFO - Processing file /home/airflow/.local/lib/python3.7/site-packages/airflow/example_dags/tutorial_taskflow_api_etl_virtualenv.py for tasks to queue
[2022-04-30 13:04:48,654] {logging_mixin.py:109} INFO - [2022-04-30 13:04:48,653] {dagbag.py:500} INFO - Filling up the DagBag from /home/airflow/.local/lib/python3.7/site-packages/airflow/example_dags/tutorial_taskflow_api_etl_virtualenv.py
[2022-04-30 13:04:48,677] {processor.py:652} INFO - DAG(s) dict_keys(['tutorial_taskflow_api_etl_virtualenv']) retrieved from /home/airflow/.local/lib/python3.7/site-packages/airflow/example_dags/tutorial_taskflow_api_etl_virtualenv.py
[2022-04-30 13:04:48,995] {logging_mixin.py:109} INFO - [2022-04-30 13:04:48,995] {dag.py:2398} INFO - Sync 1 DAGs
[2022-04-30 13:04:49,018] {logging_mixin.py:109} INFO - [2022-04-30 13:04:49,018] {dag.py:2937} INFO - Setting next_dagrun for tutorial_taskflow_api_etl_virtualenv to None
[2022-04-30 13:04:49,031] {processor.py:171} INFO - Processing /home/airflow/.local/lib/python3.7/site-packages/airflow/example_dags/tutorial_taskflow_api_etl_virtualenv.py took 0.385 seconds
[2022-04-30 13:05:19,078] {processor.py:163} INFO - Started process (PID=22061) to work on /home/airflow/.local/lib/python3.7/site-packages/airflow/example_dags/tutorial_taskflow_api_etl_virtualenv.py
[2022-04-30 13:05:19,080] {processor.py:642} INFO - Processing file /home/airflow/.local/lib/python3.7/site-packages/airflow/example_dags/tutorial_taskflow_api_etl_virtualenv.py for tasks to queue
[2022-04-30 13:05:19,081] {logging_mixin.py:109} INFO - [2022-04-30 13:05:19,081] {dagbag.py:500} INFO - Filling up the DagBag from /home/airflow/.local/lib/python3.7/site-packages/airflow/example_dags/tutorial_taskflow_api_etl_virtualenv.py
[2022-04-30 13:05:19,111] {processor.py:652} INFO - DAG(s) dict_keys(['tutorial_taskflow_api_etl_virtualenv']) retrieved from /home/airflow/.local/lib/python3.7/site-packages/airflow/example_dags/tutorial_taskflow_api_etl_virtualenv.py
[2022-04-30 13:05:19,440] {logging_mixin.py:109} INFO - [2022-04-30 13:05:19,440] {dag.py:2398} INFO - Sync 1 DAGs
[2022-04-30 13:05:19,459] {logging_mixin.py:109} INFO - [2022-04-30 13:05:19,459] {dag.py:2937} INFO - Setting next_dagrun for tutorial_taskflow_api_etl_virtualenv to None
[2022-04-30 13:05:19,476] {processor.py:171} INFO - Processing /home/airflow/.local/lib/python3.7/site-packages/airflow/example_dags/tutorial_taskflow_api_etl_virtualenv.py took 0.401 seconds
[2022-04-30 13:05:50,046] {processor.py:163} INFO - Started process (PID=22132) to work on /home/airflow/.local/lib/python3.7/site-packages/airflow/example_dags/tutorial_taskflow_api_etl_virtualenv.py
[2022-04-30 13:05:50,049] {processor.py:642} INFO - Processing file /home/airflow/.local/lib/python3.7/site-packages/airflow/example_dags/tutorial_taskflow_api_etl_virtualenv.py for tasks to queue
[2022-04-30 13:05:50,050] {logging_mixin.py:109} INFO - [2022-04-30 13:05:50,050] {dagbag.py:500} INFO - Filling up the DagBag from /home/airflow/.local/lib/python3.7/site-packages/airflow/example_dags/tutorial_taskflow_api_etl_virtualenv.py
[2022-04-30 13:05:50,082] {processor.py:652} INFO - DAG(s) dict_keys(['tutorial_taskflow_api_etl_virtualenv']) retrieved from /home/airflow/.local/lib/python3.7/site-packages/airflow/example_dags/tutorial_taskflow_api_etl_virtualenv.py
[2022-04-30 13:05:50,474] {logging_mixin.py:109} INFO - [2022-04-30 13:05:50,474] {dag.py:2398} INFO - Sync 1 DAGs
[2022-04-30 13:05:50,497] {logging_mixin.py:109} INFO - [2022-04-30 13:05:50,497] {dag.py:2937} INFO - Setting next_dagrun for tutorial_taskflow_api_etl_virtualenv to None
[2022-04-30 13:05:50,516] {processor.py:171} INFO - Processing /home/airflow/.local/lib/python3.7/site-packages/airflow/example_dags/tutorial_taskflow_api_etl_virtualenv.py took 0.474 seconds
[2022-04-30 13:06:21,012] {processor.py:163} INFO - Started process (PID=22201) to work on /home/airflow/.local/lib/python3.7/site-packages/airflow/example_dags/tutorial_taskflow_api_etl_virtualenv.py
[2022-04-30 13:06:21,015] {processor.py:642} INFO - Processing file /home/airflow/.local/lib/python3.7/site-packages/airflow/example_dags/tutorial_taskflow_api_etl_virtualenv.py for tasks to queue
[2022-04-30 13:06:21,017] {logging_mixin.py:109} INFO - [2022-04-30 13:06:21,016] {dagbag.py:500} INFO - Filling up the DagBag from /home/airflow/.local/lib/python3.7/site-packages/airflow/example_dags/tutorial_taskflow_api_etl_virtualenv.py
[2022-04-30 13:06:21,048] {processor.py:652} INFO - DAG(s) dict_keys(['tutorial_taskflow_api_etl_virtualenv']) retrieved from /home/airflow/.local/lib/python3.7/site-packages/airflow/example_dags/tutorial_taskflow_api_etl_virtualenv.py
[2022-04-30 13:06:21,398] {logging_mixin.py:109} INFO - [2022-04-30 13:06:21,397] {dag.py:2398} INFO - Sync 1 DAGs
[2022-04-30 13:06:21,436] {logging_mixin.py:109} INFO - [2022-04-30 13:06:21,435] {dag.py:2937} INFO - Setting next_dagrun for tutorial_taskflow_api_etl_virtualenv to None
[2022-04-30 13:06:21,455] {processor.py:171} INFO - Processing /home/airflow/.local/lib/python3.7/site-packages/airflow/example_dags/tutorial_taskflow_api_etl_virtualenv.py took 0.447 seconds
[2022-04-30 13:06:52,122] {processor.py:163} INFO - Started process (PID=22266) to work on /home/airflow/.local/lib/python3.7/site-packages/airflow/example_dags/tutorial_taskflow_api_etl_virtualenv.py
[2022-04-30 13:06:52,124] {processor.py:642} INFO - Processing file /home/airflow/.local/lib/python3.7/site-packages/airflow/example_dags/tutorial_taskflow_api_etl_virtualenv.py for tasks to queue
[2022-04-30 13:06:52,126] {logging_mixin.py:109} INFO - [2022-04-30 13:06:52,125] {dagbag.py:500} INFO - Filling up the DagBag from /home/airflow/.local/lib/python3.7/site-packages/airflow/example_dags/tutorial_taskflow_api_etl_virtualenv.py
[2022-04-30 13:06:52,157] {processor.py:652} INFO - DAG(s) dict_keys(['tutorial_taskflow_api_etl_virtualenv']) retrieved from /home/airflow/.local/lib/python3.7/site-packages/airflow/example_dags/tutorial_taskflow_api_etl_virtualenv.py
[2022-04-30 13:06:52,490] {logging_mixin.py:109} INFO - [2022-04-30 13:06:52,490] {dag.py:2398} INFO - Sync 1 DAGs
[2022-04-30 13:06:52,510] {logging_mixin.py:109} INFO - [2022-04-30 13:06:52,510] {dag.py:2937} INFO - Setting next_dagrun for tutorial_taskflow_api_etl_virtualenv to None
[2022-04-30 13:06:52,526] {processor.py:171} INFO - Processing /home/airflow/.local/lib/python3.7/site-packages/airflow/example_dags/tutorial_taskflow_api_etl_virtualenv.py took 0.409 seconds
[2022-04-30 13:07:22,945] {processor.py:163} INFO - Started process (PID=22339) to work on /home/airflow/.local/lib/python3.7/site-packages/airflow/example_dags/tutorial_taskflow_api_etl_virtualenv.py
[2022-04-30 13:07:22,947] {processor.py:642} INFO - Processing file /home/airflow/.local/lib/python3.7/site-packages/airflow/example_dags/tutorial_taskflow_api_etl_virtualenv.py for tasks to queue
[2022-04-30 13:07:22,948] {logging_mixin.py:109} INFO - [2022-04-30 13:07:22,948] {dagbag.py:500} INFO - Filling up the DagBag from /home/airflow/.local/lib/python3.7/site-packages/airflow/example_dags/tutorial_taskflow_api_etl_virtualenv.py
[2022-04-30 13:07:22,979] {processor.py:652} INFO - DAG(s) dict_keys(['tutorial_taskflow_api_etl_virtualenv']) retrieved from /home/airflow/.local/lib/python3.7/site-packages/airflow/example_dags/tutorial_taskflow_api_etl_virtualenv.py
[2022-04-30 13:07:23,399] {logging_mixin.py:109} INFO - [2022-04-30 13:07:23,399] {dag.py:2398} INFO - Sync 1 DAGs
[2022-04-30 13:07:23,437] {logging_mixin.py:109} INFO - [2022-04-30 13:07:23,437] {dag.py:2937} INFO - Setting next_dagrun for tutorial_taskflow_api_etl_virtualenv to None
[2022-04-30 13:07:23,461] {processor.py:171} INFO - Processing /home/airflow/.local/lib/python3.7/site-packages/airflow/example_dags/tutorial_taskflow_api_etl_virtualenv.py took 0.521 seconds
[2022-04-30 13:07:53,532] {processor.py:163} INFO - Started process (PID=22407) to work on /home/airflow/.local/lib/python3.7/site-packages/airflow/example_dags/tutorial_taskflow_api_etl_virtualenv.py
[2022-04-30 13:07:53,534] {processor.py:642} INFO - Processing file /home/airflow/.local/lib/python3.7/site-packages/airflow/example_dags/tutorial_taskflow_api_etl_virtualenv.py for tasks to queue
[2022-04-30 13:07:53,535] {logging_mixin.py:109} INFO - [2022-04-30 13:07:53,535] {dagbag.py:500} INFO - Filling up the DagBag from /home/airflow/.local/lib/python3.7/site-packages/airflow/example_dags/tutorial_taskflow_api_etl_virtualenv.py
[2022-04-30 13:07:53,562] {processor.py:652} INFO - DAG(s) dict_keys(['tutorial_taskflow_api_etl_virtualenv']) retrieved from /home/airflow/.local/lib/python3.7/site-packages/airflow/example_dags/tutorial_taskflow_api_etl_virtualenv.py
[2022-04-30 13:07:53,878] {logging_mixin.py:109} INFO - [2022-04-30 13:07:53,878] {dag.py:2398} INFO - Sync 1 DAGs
[2022-04-30 13:07:53,897] {logging_mixin.py:109} INFO - [2022-04-30 13:07:53,897] {dag.py:2937} INFO - Setting next_dagrun for tutorial_taskflow_api_etl_virtualenv to None
[2022-04-30 13:07:53,910] {processor.py:171} INFO - Processing /home/airflow/.local/lib/python3.7/site-packages/airflow/example_dags/tutorial_taskflow_api_etl_virtualenv.py took 0.383 seconds
[2022-04-30 13:08:24,409] {processor.py:163} INFO - Started process (PID=22468) to work on /home/airflow/.local/lib/python3.7/site-packages/airflow/example_dags/tutorial_taskflow_api_etl_virtualenv.py
[2022-04-30 13:08:24,411] {processor.py:642} INFO - Processing file /home/airflow/.local/lib/python3.7/site-packages/airflow/example_dags/tutorial_taskflow_api_etl_virtualenv.py for tasks to queue
[2022-04-30 13:08:24,412] {logging_mixin.py:109} INFO - [2022-04-30 13:08:24,412] {dagbag.py:500} INFO - Filling up the DagBag from /home/airflow/.local/lib/python3.7/site-packages/airflow/example_dags/tutorial_taskflow_api_etl_virtualenv.py
[2022-04-30 13:08:24,437] {processor.py:652} INFO - DAG(s) dict_keys(['tutorial_taskflow_api_etl_virtualenv']) retrieved from /home/airflow/.local/lib/python3.7/site-packages/airflow/example_dags/tutorial_taskflow_api_etl_virtualenv.py
[2022-04-30 13:08:24,720] {logging_mixin.py:109} INFO - [2022-04-30 13:08:24,719] {dag.py:2398} INFO - Sync 1 DAGs
[2022-04-30 13:08:24,738] {logging_mixin.py:109} INFO - [2022-04-30 13:08:24,738] {dag.py:2937} INFO - Setting next_dagrun for tutorial_taskflow_api_etl_virtualenv to None
[2022-04-30 13:08:24,754] {processor.py:171} INFO - Processing /home/airflow/.local/lib/python3.7/site-packages/airflow/example_dags/tutorial_taskflow_api_etl_virtualenv.py took 0.350 seconds
[2022-04-30 13:08:54,846] {processor.py:163} INFO - Started process (PID=22526) to work on /home/airflow/.local/lib/python3.7/site-packages/airflow/example_dags/tutorial_taskflow_api_etl_virtualenv.py
[2022-04-30 13:08:54,848] {processor.py:642} INFO - Processing file /home/airflow/.local/lib/python3.7/site-packages/airflow/example_dags/tutorial_taskflow_api_etl_virtualenv.py for tasks to queue
[2022-04-30 13:08:54,849] {logging_mixin.py:109} INFO - [2022-04-30 13:08:54,849] {dagbag.py:500} INFO - Filling up the DagBag from /home/airflow/.local/lib/python3.7/site-packages/airflow/example_dags/tutorial_taskflow_api_etl_virtualenv.py
[2022-04-30 13:08:54,876] {processor.py:652} INFO - DAG(s) dict_keys(['tutorial_taskflow_api_etl_virtualenv']) retrieved from /home/airflow/.local/lib/python3.7/site-packages/airflow/example_dags/tutorial_taskflow_api_etl_virtualenv.py
[2022-04-30 13:08:54,904] {logging_mixin.py:109} INFO - [2022-04-30 13:08:54,904] {dag.py:2398} INFO - Sync 1 DAGs
[2022-04-30 13:08:54,930] {logging_mixin.py:109} INFO - [2022-04-30 13:08:54,929] {dag.py:2937} INFO - Setting next_dagrun for tutorial_taskflow_api_etl_virtualenv to None
[2022-04-30 13:08:54,945] {processor.py:171} INFO - Processing /home/airflow/.local/lib/python3.7/site-packages/airflow/example_dags/tutorial_taskflow_api_etl_virtualenv.py took 0.103 seconds
