[2022-04-30 13:03:14,986] {processor.py:163} INFO - Started process (PID=21770) to work on /home/airflow/.local/lib/python3.7/site-packages/airflow/example_dags/tutorial_etl_dag.py
[2022-04-30 13:03:14,989] {processor.py:642} INFO - Processing file /home/airflow/.local/lib/python3.7/site-packages/airflow/example_dags/tutorial_etl_dag.py for tasks to queue
[2022-04-30 13:03:14,990] {logging_mixin.py:109} INFO - [2022-04-30 13:03:14,989] {dagbag.py:500} INFO - Filling up the DagBag from /home/airflow/.local/lib/python3.7/site-packages/airflow/example_dags/tutorial_etl_dag.py
[2022-04-30 13:03:15,011] {processor.py:652} INFO - DAG(s) dict_keys(['tutorial_etl_dag']) retrieved from /home/airflow/.local/lib/python3.7/site-packages/airflow/example_dags/tutorial_etl_dag.py
[2022-04-30 13:03:15,036] {logging_mixin.py:109} INFO - [2022-04-30 13:03:15,036] {dag.py:2398} INFO - Sync 1 DAGs
[2022-04-30 13:03:15,056] {logging_mixin.py:109} INFO - [2022-04-30 13:03:15,056] {dag.py:2937} INFO - Setting next_dagrun for tutorial_etl_dag to None
[2022-04-30 13:03:15,068] {processor.py:171} INFO - Processing /home/airflow/.local/lib/python3.7/site-packages/airflow/example_dags/tutorial_etl_dag.py took 0.085 seconds
[2022-04-30 13:03:45,452] {processor.py:163} INFO - Started process (PID=21835) to work on /home/airflow/.local/lib/python3.7/site-packages/airflow/example_dags/tutorial_etl_dag.py
[2022-04-30 13:03:45,453] {processor.py:642} INFO - Processing file /home/airflow/.local/lib/python3.7/site-packages/airflow/example_dags/tutorial_etl_dag.py for tasks to queue
[2022-04-30 13:03:45,454] {logging_mixin.py:109} INFO - [2022-04-30 13:03:45,454] {dagbag.py:500} INFO - Filling up the DagBag from /home/airflow/.local/lib/python3.7/site-packages/airflow/example_dags/tutorial_etl_dag.py
[2022-04-30 13:03:45,489] {processor.py:652} INFO - DAG(s) dict_keys(['tutorial_etl_dag']) retrieved from /home/airflow/.local/lib/python3.7/site-packages/airflow/example_dags/tutorial_etl_dag.py
[2022-04-30 13:03:45,527] {logging_mixin.py:109} INFO - [2022-04-30 13:03:45,526] {dag.py:2398} INFO - Sync 1 DAGs
[2022-04-30 13:03:45,556] {logging_mixin.py:109} INFO - [2022-04-30 13:03:45,556] {dag.py:2937} INFO - Setting next_dagrun for tutorial_etl_dag to None
[2022-04-30 13:03:45,571] {processor.py:171} INFO - Processing /home/airflow/.local/lib/python3.7/site-packages/airflow/example_dags/tutorial_etl_dag.py took 0.123 seconds
[2022-04-30 13:04:16,689] {processor.py:163} INFO - Started process (PID=21910) to work on /home/airflow/.local/lib/python3.7/site-packages/airflow/example_dags/tutorial_etl_dag.py
[2022-04-30 13:04:16,691] {processor.py:642} INFO - Processing file /home/airflow/.local/lib/python3.7/site-packages/airflow/example_dags/tutorial_etl_dag.py for tasks to queue
[2022-04-30 13:04:16,692] {logging_mixin.py:109} INFO - [2022-04-30 13:04:16,692] {dagbag.py:500} INFO - Filling up the DagBag from /home/airflow/.local/lib/python3.7/site-packages/airflow/example_dags/tutorial_etl_dag.py
[2022-04-30 13:04:16,717] {processor.py:652} INFO - DAG(s) dict_keys(['tutorial_etl_dag']) retrieved from /home/airflow/.local/lib/python3.7/site-packages/airflow/example_dags/tutorial_etl_dag.py
[2022-04-30 13:04:16,750] {logging_mixin.py:109} INFO - [2022-04-30 13:04:16,750] {dag.py:2398} INFO - Sync 1 DAGs
[2022-04-30 13:04:16,780] {logging_mixin.py:109} INFO - [2022-04-30 13:04:16,780] {dag.py:2937} INFO - Setting next_dagrun for tutorial_etl_dag to None
[2022-04-30 13:04:16,799] {processor.py:171} INFO - Processing /home/airflow/.local/lib/python3.7/site-packages/airflow/example_dags/tutorial_etl_dag.py took 0.114 seconds
[2022-04-30 13:04:47,256] {processor.py:163} INFO - Started process (PID=21976) to work on /home/airflow/.local/lib/python3.7/site-packages/airflow/example_dags/tutorial_etl_dag.py
[2022-04-30 13:04:47,257] {processor.py:642} INFO - Processing file /home/airflow/.local/lib/python3.7/site-packages/airflow/example_dags/tutorial_etl_dag.py for tasks to queue
[2022-04-30 13:04:47,258] {logging_mixin.py:109} INFO - [2022-04-30 13:04:47,258] {dagbag.py:500} INFO - Filling up the DagBag from /home/airflow/.local/lib/python3.7/site-packages/airflow/example_dags/tutorial_etl_dag.py
[2022-04-30 13:04:47,281] {processor.py:652} INFO - DAG(s) dict_keys(['tutorial_etl_dag']) retrieved from /home/airflow/.local/lib/python3.7/site-packages/airflow/example_dags/tutorial_etl_dag.py
[2022-04-30 13:04:47,314] {logging_mixin.py:109} INFO - [2022-04-30 13:04:47,313] {dag.py:2398} INFO - Sync 1 DAGs
[2022-04-30 13:04:47,339] {logging_mixin.py:109} INFO - [2022-04-30 13:04:47,339] {dag.py:2937} INFO - Setting next_dagrun for tutorial_etl_dag to None
[2022-04-30 13:04:47,353] {processor.py:171} INFO - Processing /home/airflow/.local/lib/python3.7/site-packages/airflow/example_dags/tutorial_etl_dag.py took 0.103 seconds
[2022-04-30 13:05:17,665] {processor.py:163} INFO - Started process (PID=22041) to work on /home/airflow/.local/lib/python3.7/site-packages/airflow/example_dags/tutorial_etl_dag.py
[2022-04-30 13:05:17,666] {processor.py:642} INFO - Processing file /home/airflow/.local/lib/python3.7/site-packages/airflow/example_dags/tutorial_etl_dag.py for tasks to queue
[2022-04-30 13:05:17,667] {logging_mixin.py:109} INFO - [2022-04-30 13:05:17,667] {dagbag.py:500} INFO - Filling up the DagBag from /home/airflow/.local/lib/python3.7/site-packages/airflow/example_dags/tutorial_etl_dag.py
[2022-04-30 13:05:17,692] {processor.py:652} INFO - DAG(s) dict_keys(['tutorial_etl_dag']) retrieved from /home/airflow/.local/lib/python3.7/site-packages/airflow/example_dags/tutorial_etl_dag.py
[2022-04-30 13:05:17,722] {logging_mixin.py:109} INFO - [2022-04-30 13:05:17,722] {dag.py:2398} INFO - Sync 1 DAGs
[2022-04-30 13:05:17,744] {logging_mixin.py:109} INFO - [2022-04-30 13:05:17,744] {dag.py:2937} INFO - Setting next_dagrun for tutorial_etl_dag to None
[2022-04-30 13:05:17,757] {processor.py:171} INFO - Processing /home/airflow/.local/lib/python3.7/site-packages/airflow/example_dags/tutorial_etl_dag.py took 0.096 seconds
[2022-04-30 13:05:48,589] {processor.py:163} INFO - Started process (PID=22105) to work on /home/airflow/.local/lib/python3.7/site-packages/airflow/example_dags/tutorial_etl_dag.py
[2022-04-30 13:05:48,591] {processor.py:642} INFO - Processing file /home/airflow/.local/lib/python3.7/site-packages/airflow/example_dags/tutorial_etl_dag.py for tasks to queue
[2022-04-30 13:05:48,592] {logging_mixin.py:109} INFO - [2022-04-30 13:05:48,592] {dagbag.py:500} INFO - Filling up the DagBag from /home/airflow/.local/lib/python3.7/site-packages/airflow/example_dags/tutorial_etl_dag.py
[2022-04-30 13:05:48,614] {processor.py:652} INFO - DAG(s) dict_keys(['tutorial_etl_dag']) retrieved from /home/airflow/.local/lib/python3.7/site-packages/airflow/example_dags/tutorial_etl_dag.py
[2022-04-30 13:05:48,643] {logging_mixin.py:109} INFO - [2022-04-30 13:05:48,643] {dag.py:2398} INFO - Sync 1 DAGs
[2022-04-30 13:05:48,670] {logging_mixin.py:109} INFO - [2022-04-30 13:05:48,670] {dag.py:2937} INFO - Setting next_dagrun for tutorial_etl_dag to None
[2022-04-30 13:05:48,683] {processor.py:171} INFO - Processing /home/airflow/.local/lib/python3.7/site-packages/airflow/example_dags/tutorial_etl_dag.py took 0.098 seconds
[2022-04-30 13:06:19,520] {processor.py:163} INFO - Started process (PID=22181) to work on /home/airflow/.local/lib/python3.7/site-packages/airflow/example_dags/tutorial_etl_dag.py
[2022-04-30 13:06:19,521] {processor.py:642} INFO - Processing file /home/airflow/.local/lib/python3.7/site-packages/airflow/example_dags/tutorial_etl_dag.py for tasks to queue
[2022-04-30 13:06:19,522] {logging_mixin.py:109} INFO - [2022-04-30 13:06:19,522] {dagbag.py:500} INFO - Filling up the DagBag from /home/airflow/.local/lib/python3.7/site-packages/airflow/example_dags/tutorial_etl_dag.py
[2022-04-30 13:06:19,540] {processor.py:652} INFO - DAG(s) dict_keys(['tutorial_etl_dag']) retrieved from /home/airflow/.local/lib/python3.7/site-packages/airflow/example_dags/tutorial_etl_dag.py
[2022-04-30 13:06:19,568] {logging_mixin.py:109} INFO - [2022-04-30 13:06:19,567] {dag.py:2398} INFO - Sync 1 DAGs
[2022-04-30 13:06:19,592] {logging_mixin.py:109} INFO - [2022-04-30 13:06:19,592] {dag.py:2937} INFO - Setting next_dagrun for tutorial_etl_dag to None
[2022-04-30 13:06:19,605] {processor.py:171} INFO - Processing /home/airflow/.local/lib/python3.7/site-packages/airflow/example_dags/tutorial_etl_dag.py took 0.088 seconds
[2022-04-30 13:06:50,686] {processor.py:163} INFO - Started process (PID=22247) to work on /home/airflow/.local/lib/python3.7/site-packages/airflow/example_dags/tutorial_etl_dag.py
[2022-04-30 13:06:50,688] {processor.py:642} INFO - Processing file /home/airflow/.local/lib/python3.7/site-packages/airflow/example_dags/tutorial_etl_dag.py for tasks to queue
[2022-04-30 13:06:50,689] {logging_mixin.py:109} INFO - [2022-04-30 13:06:50,689] {dagbag.py:500} INFO - Filling up the DagBag from /home/airflow/.local/lib/python3.7/site-packages/airflow/example_dags/tutorial_etl_dag.py
[2022-04-30 13:06:50,715] {processor.py:652} INFO - DAG(s) dict_keys(['tutorial_etl_dag']) retrieved from /home/airflow/.local/lib/python3.7/site-packages/airflow/example_dags/tutorial_etl_dag.py
[2022-04-30 13:06:50,743] {logging_mixin.py:109} INFO - [2022-04-30 13:06:50,743] {dag.py:2398} INFO - Sync 1 DAGs
[2022-04-30 13:06:50,771] {logging_mixin.py:109} INFO - [2022-04-30 13:06:50,770] {dag.py:2937} INFO - Setting next_dagrun for tutorial_etl_dag to None
[2022-04-30 13:06:50,787] {processor.py:171} INFO - Processing /home/airflow/.local/lib/python3.7/site-packages/airflow/example_dags/tutorial_etl_dag.py took 0.106 seconds
[2022-04-30 13:07:21,475] {processor.py:163} INFO - Started process (PID=22320) to work on /home/airflow/.local/lib/python3.7/site-packages/airflow/example_dags/tutorial_etl_dag.py
[2022-04-30 13:07:21,478] {processor.py:642} INFO - Processing file /home/airflow/.local/lib/python3.7/site-packages/airflow/example_dags/tutorial_etl_dag.py for tasks to queue
[2022-04-30 13:07:21,479] {logging_mixin.py:109} INFO - [2022-04-30 13:07:21,479] {dagbag.py:500} INFO - Filling up the DagBag from /home/airflow/.local/lib/python3.7/site-packages/airflow/example_dags/tutorial_etl_dag.py
[2022-04-30 13:07:21,503] {processor.py:652} INFO - DAG(s) dict_keys(['tutorial_etl_dag']) retrieved from /home/airflow/.local/lib/python3.7/site-packages/airflow/example_dags/tutorial_etl_dag.py
[2022-04-30 13:07:21,538] {logging_mixin.py:109} INFO - [2022-04-30 13:07:21,537] {dag.py:2398} INFO - Sync 1 DAGs
[2022-04-30 13:07:21,566] {logging_mixin.py:109} INFO - [2022-04-30 13:07:21,566] {dag.py:2937} INFO - Setting next_dagrun for tutorial_etl_dag to None
[2022-04-30 13:07:21,581] {processor.py:171} INFO - Processing /home/airflow/.local/lib/python3.7/site-packages/airflow/example_dags/tutorial_etl_dag.py took 0.110 seconds
[2022-04-30 13:07:52,105] {processor.py:163} INFO - Started process (PID=22388) to work on /home/airflow/.local/lib/python3.7/site-packages/airflow/example_dags/tutorial_etl_dag.py
[2022-04-30 13:07:52,108] {processor.py:642} INFO - Processing file /home/airflow/.local/lib/python3.7/site-packages/airflow/example_dags/tutorial_etl_dag.py for tasks to queue
[2022-04-30 13:07:52,109] {logging_mixin.py:109} INFO - [2022-04-30 13:07:52,109] {dagbag.py:500} INFO - Filling up the DagBag from /home/airflow/.local/lib/python3.7/site-packages/airflow/example_dags/tutorial_etl_dag.py
[2022-04-30 13:07:52,138] {processor.py:652} INFO - DAG(s) dict_keys(['tutorial_etl_dag']) retrieved from /home/airflow/.local/lib/python3.7/site-packages/airflow/example_dags/tutorial_etl_dag.py
[2022-04-30 13:07:52,177] {logging_mixin.py:109} INFO - [2022-04-30 13:07:52,177] {dag.py:2398} INFO - Sync 1 DAGs
[2022-04-30 13:07:52,218] {logging_mixin.py:109} INFO - [2022-04-30 13:07:52,218] {dag.py:2937} INFO - Setting next_dagrun for tutorial_etl_dag to None
[2022-04-30 13:07:52,234] {processor.py:171} INFO - Processing /home/airflow/.local/lib/python3.7/site-packages/airflow/example_dags/tutorial_etl_dag.py took 0.135 seconds
[2022-04-30 13:08:23,082] {processor.py:163} INFO - Started process (PID=22452) to work on /home/airflow/.local/lib/python3.7/site-packages/airflow/example_dags/tutorial_etl_dag.py
[2022-04-30 13:08:23,083] {processor.py:642} INFO - Processing file /home/airflow/.local/lib/python3.7/site-packages/airflow/example_dags/tutorial_etl_dag.py for tasks to queue
[2022-04-30 13:08:23,084] {logging_mixin.py:109} INFO - [2022-04-30 13:08:23,084] {dagbag.py:500} INFO - Filling up the DagBag from /home/airflow/.local/lib/python3.7/site-packages/airflow/example_dags/tutorial_etl_dag.py
[2022-04-30 13:08:23,105] {processor.py:652} INFO - DAG(s) dict_keys(['tutorial_etl_dag']) retrieved from /home/airflow/.local/lib/python3.7/site-packages/airflow/example_dags/tutorial_etl_dag.py
[2022-04-30 13:08:23,135] {logging_mixin.py:109} INFO - [2022-04-30 13:08:23,134] {dag.py:2398} INFO - Sync 1 DAGs
[2022-04-30 13:08:23,162] {logging_mixin.py:109} INFO - [2022-04-30 13:08:23,162] {dag.py:2937} INFO - Setting next_dagrun for tutorial_etl_dag to None
[2022-04-30 13:08:23,174] {processor.py:171} INFO - Processing /home/airflow/.local/lib/python3.7/site-packages/airflow/example_dags/tutorial_etl_dag.py took 0.095 seconds
[2022-04-30 13:08:54,336] {processor.py:163} INFO - Started process (PID=22517) to work on /home/airflow/.local/lib/python3.7/site-packages/airflow/example_dags/tutorial_etl_dag.py
[2022-04-30 13:08:54,338] {processor.py:642} INFO - Processing file /home/airflow/.local/lib/python3.7/site-packages/airflow/example_dags/tutorial_etl_dag.py for tasks to queue
[2022-04-30 13:08:54,339] {logging_mixin.py:109} INFO - [2022-04-30 13:08:54,339] {dagbag.py:500} INFO - Filling up the DagBag from /home/airflow/.local/lib/python3.7/site-packages/airflow/example_dags/tutorial_etl_dag.py
[2022-04-30 13:08:54,360] {processor.py:652} INFO - DAG(s) dict_keys(['tutorial_etl_dag']) retrieved from /home/airflow/.local/lib/python3.7/site-packages/airflow/example_dags/tutorial_etl_dag.py
[2022-04-30 13:08:54,390] {logging_mixin.py:109} INFO - [2022-04-30 13:08:54,389] {dag.py:2398} INFO - Sync 1 DAGs
[2022-04-30 13:08:54,416] {logging_mixin.py:109} INFO - [2022-04-30 13:08:54,416] {dag.py:2937} INFO - Setting next_dagrun for tutorial_etl_dag to None
[2022-04-30 13:08:54,430] {processor.py:171} INFO - Processing /home/airflow/.local/lib/python3.7/site-packages/airflow/example_dags/tutorial_etl_dag.py took 0.097 seconds
[2022-04-30 13:09:24,888] {processor.py:163} INFO - Started process (PID=22590) to work on /home/airflow/.local/lib/python3.7/site-packages/airflow/example_dags/tutorial_etl_dag.py
[2022-04-30 13:09:24,890] {processor.py:642} INFO - Processing file /home/airflow/.local/lib/python3.7/site-packages/airflow/example_dags/tutorial_etl_dag.py for tasks to queue
[2022-04-30 13:09:24,891] {logging_mixin.py:109} INFO - [2022-04-30 13:09:24,891] {dagbag.py:500} INFO - Filling up the DagBag from /home/airflow/.local/lib/python3.7/site-packages/airflow/example_dags/tutorial_etl_dag.py
[2022-04-30 13:09:24,918] {processor.py:652} INFO - DAG(s) dict_keys(['tutorial_etl_dag']) retrieved from /home/airflow/.local/lib/python3.7/site-packages/airflow/example_dags/tutorial_etl_dag.py
[2022-04-30 13:09:24,947] {logging_mixin.py:109} INFO - [2022-04-30 13:09:24,946] {dag.py:2398} INFO - Sync 1 DAGs
[2022-04-30 13:09:24,972] {logging_mixin.py:109} INFO - [2022-04-30 13:09:24,971] {dag.py:2937} INFO - Setting next_dagrun for tutorial_etl_dag to None
[2022-04-30 13:09:24,989] {processor.py:171} INFO - Processing /home/airflow/.local/lib/python3.7/site-packages/airflow/example_dags/tutorial_etl_dag.py took 0.105 seconds
[2022-04-30 13:09:55,978] {processor.py:163} INFO - Started process (PID=22656) to work on /home/airflow/.local/lib/python3.7/site-packages/airflow/example_dags/tutorial_etl_dag.py
[2022-04-30 13:09:55,979] {processor.py:642} INFO - Processing file /home/airflow/.local/lib/python3.7/site-packages/airflow/example_dags/tutorial_etl_dag.py for tasks to queue
[2022-04-30 13:09:55,980] {logging_mixin.py:109} INFO - [2022-04-30 13:09:55,980] {dagbag.py:500} INFO - Filling up the DagBag from /home/airflow/.local/lib/python3.7/site-packages/airflow/example_dags/tutorial_etl_dag.py
[2022-04-30 13:09:56,002] {processor.py:652} INFO - DAG(s) dict_keys(['tutorial_etl_dag']) retrieved from /home/airflow/.local/lib/python3.7/site-packages/airflow/example_dags/tutorial_etl_dag.py
[2022-04-30 13:09:56,033] {logging_mixin.py:109} INFO - [2022-04-30 13:09:56,033] {dag.py:2398} INFO - Sync 1 DAGs
[2022-04-30 13:09:56,063] {logging_mixin.py:109} INFO - [2022-04-30 13:09:56,063] {dag.py:2937} INFO - Setting next_dagrun for tutorial_etl_dag to None
[2022-04-30 13:09:56,076] {processor.py:171} INFO - Processing /home/airflow/.local/lib/python3.7/site-packages/airflow/example_dags/tutorial_etl_dag.py took 0.102 seconds
[2022-04-30 13:10:27,061] {processor.py:163} INFO - Started process (PID=22720) to work on /home/airflow/.local/lib/python3.7/site-packages/airflow/example_dags/tutorial_etl_dag.py
[2022-04-30 13:10:27,063] {processor.py:642} INFO - Processing file /home/airflow/.local/lib/python3.7/site-packages/airflow/example_dags/tutorial_etl_dag.py for tasks to queue
[2022-04-30 13:10:27,064] {logging_mixin.py:109} INFO - [2022-04-30 13:10:27,064] {dagbag.py:500} INFO - Filling up the DagBag from /home/airflow/.local/lib/python3.7/site-packages/airflow/example_dags/tutorial_etl_dag.py
[2022-04-30 13:10:27,086] {processor.py:652} INFO - DAG(s) dict_keys(['tutorial_etl_dag']) retrieved from /home/airflow/.local/lib/python3.7/site-packages/airflow/example_dags/tutorial_etl_dag.py
[2022-04-30 13:10:27,117] {logging_mixin.py:109} INFO - [2022-04-30 13:10:27,117] {dag.py:2398} INFO - Sync 1 DAGs
[2022-04-30 13:10:27,142] {logging_mixin.py:109} INFO - [2022-04-30 13:10:27,142] {dag.py:2937} INFO - Setting next_dagrun for tutorial_etl_dag to None
[2022-04-30 13:10:27,156] {processor.py:171} INFO - Processing /home/airflow/.local/lib/python3.7/site-packages/airflow/example_dags/tutorial_etl_dag.py took 0.099 seconds
