[2022-04-30 13:03:15,093] {processor.py:163} INFO - Started process (PID=21772) to work on /home/airflow/.local/lib/python3.7/site-packages/airflow/example_dags/tutorial.py
[2022-04-30 13:03:15,095] {processor.py:642} INFO - Processing file /home/airflow/.local/lib/python3.7/site-packages/airflow/example_dags/tutorial.py for tasks to queue
[2022-04-30 13:03:15,096] {logging_mixin.py:109} INFO - [2022-04-30 13:03:15,096] {dagbag.py:500} INFO - Filling up the DagBag from /home/airflow/.local/lib/python3.7/site-packages/airflow/example_dags/tutorial.py
[2022-04-30 13:03:15,116] {processor.py:652} INFO - DAG(s) dict_keys(['tutorial']) retrieved from /home/airflow/.local/lib/python3.7/site-packages/airflow/example_dags/tutorial.py
[2022-04-30 13:03:15,144] {logging_mixin.py:109} INFO - [2022-04-30 13:03:15,144] {dag.py:2398} INFO - Sync 1 DAGs
[2022-04-30 13:03:15,167] {logging_mixin.py:109} INFO - [2022-04-30 13:03:15,166] {dag.py:2937} INFO - Setting next_dagrun for tutorial to 2022-04-29T13:03:15.166635+00:00
[2022-04-30 13:03:15,180] {processor.py:171} INFO - Processing /home/airflow/.local/lib/python3.7/site-packages/airflow/example_dags/tutorial.py took 0.091 seconds
[2022-04-30 13:03:45,604] {processor.py:163} INFO - Started process (PID=21837) to work on /home/airflow/.local/lib/python3.7/site-packages/airflow/example_dags/tutorial.py
[2022-04-30 13:03:45,606] {processor.py:642} INFO - Processing file /home/airflow/.local/lib/python3.7/site-packages/airflow/example_dags/tutorial.py for tasks to queue
[2022-04-30 13:03:45,607] {logging_mixin.py:109} INFO - [2022-04-30 13:03:45,607] {dagbag.py:500} INFO - Filling up the DagBag from /home/airflow/.local/lib/python3.7/site-packages/airflow/example_dags/tutorial.py
[2022-04-30 13:03:45,633] {processor.py:652} INFO - DAG(s) dict_keys(['tutorial']) retrieved from /home/airflow/.local/lib/python3.7/site-packages/airflow/example_dags/tutorial.py
[2022-04-30 13:03:45,671] {logging_mixin.py:109} INFO - [2022-04-30 13:03:45,671] {dag.py:2398} INFO - Sync 1 DAGs
[2022-04-30 13:03:45,700] {logging_mixin.py:109} INFO - [2022-04-30 13:03:45,700] {dag.py:2937} INFO - Setting next_dagrun for tutorial to 2022-04-29T13:03:45.700265+00:00
[2022-04-30 13:03:45,719] {processor.py:171} INFO - Processing /home/airflow/.local/lib/python3.7/site-packages/airflow/example_dags/tutorial.py took 0.120 seconds
[2022-04-30 13:04:16,852] {processor.py:163} INFO - Started process (PID=21912) to work on /home/airflow/.local/lib/python3.7/site-packages/airflow/example_dags/tutorial.py
[2022-04-30 13:04:16,854] {processor.py:642} INFO - Processing file /home/airflow/.local/lib/python3.7/site-packages/airflow/example_dags/tutorial.py for tasks to queue
[2022-04-30 13:04:16,855] {logging_mixin.py:109} INFO - [2022-04-30 13:04:16,855] {dagbag.py:500} INFO - Filling up the DagBag from /home/airflow/.local/lib/python3.7/site-packages/airflow/example_dags/tutorial.py
[2022-04-30 13:04:16,883] {processor.py:652} INFO - DAG(s) dict_keys(['tutorial']) retrieved from /home/airflow/.local/lib/python3.7/site-packages/airflow/example_dags/tutorial.py
[2022-04-30 13:04:16,913] {logging_mixin.py:109} INFO - [2022-04-30 13:04:16,913] {dag.py:2398} INFO - Sync 1 DAGs
[2022-04-30 13:04:16,939] {logging_mixin.py:109} INFO - [2022-04-30 13:04:16,939] {dag.py:2937} INFO - Setting next_dagrun for tutorial to 2022-04-29T13:04:16.938690+00:00
[2022-04-30 13:04:16,958] {processor.py:171} INFO - Processing /home/airflow/.local/lib/python3.7/site-packages/airflow/example_dags/tutorial.py took 0.111 seconds
[2022-04-30 13:04:47,379] {processor.py:163} INFO - Started process (PID=21978) to work on /home/airflow/.local/lib/python3.7/site-packages/airflow/example_dags/tutorial.py
[2022-04-30 13:04:47,381] {processor.py:642} INFO - Processing file /home/airflow/.local/lib/python3.7/site-packages/airflow/example_dags/tutorial.py for tasks to queue
[2022-04-30 13:04:47,383] {logging_mixin.py:109} INFO - [2022-04-30 13:04:47,382] {dagbag.py:500} INFO - Filling up the DagBag from /home/airflow/.local/lib/python3.7/site-packages/airflow/example_dags/tutorial.py
[2022-04-30 13:04:47,402] {processor.py:652} INFO - DAG(s) dict_keys(['tutorial']) retrieved from /home/airflow/.local/lib/python3.7/site-packages/airflow/example_dags/tutorial.py
[2022-04-30 13:04:47,433] {logging_mixin.py:109} INFO - [2022-04-30 13:04:47,433] {dag.py:2398} INFO - Sync 1 DAGs
[2022-04-30 13:04:47,463] {logging_mixin.py:109} INFO - [2022-04-30 13:04:47,463] {dag.py:2937} INFO - Setting next_dagrun for tutorial to 2022-04-29T13:04:47.463228+00:00
[2022-04-30 13:04:47,477] {processor.py:171} INFO - Processing /home/airflow/.local/lib/python3.7/site-packages/airflow/example_dags/tutorial.py took 0.103 seconds
[2022-04-30 13:05:17,804] {processor.py:163} INFO - Started process (PID=22043) to work on /home/airflow/.local/lib/python3.7/site-packages/airflow/example_dags/tutorial.py
[2022-04-30 13:05:17,807] {processor.py:642} INFO - Processing file /home/airflow/.local/lib/python3.7/site-packages/airflow/example_dags/tutorial.py for tasks to queue
[2022-04-30 13:05:17,808] {logging_mixin.py:109} INFO - [2022-04-30 13:05:17,808] {dagbag.py:500} INFO - Filling up the DagBag from /home/airflow/.local/lib/python3.7/site-packages/airflow/example_dags/tutorial.py
[2022-04-30 13:05:17,829] {processor.py:652} INFO - DAG(s) dict_keys(['tutorial']) retrieved from /home/airflow/.local/lib/python3.7/site-packages/airflow/example_dags/tutorial.py
[2022-04-30 13:05:17,854] {logging_mixin.py:109} INFO - [2022-04-30 13:05:17,854] {dag.py:2398} INFO - Sync 1 DAGs
[2022-04-30 13:05:17,877] {logging_mixin.py:109} INFO - [2022-04-30 13:05:17,876] {dag.py:2937} INFO - Setting next_dagrun for tutorial to 2022-04-29T13:05:17.876387+00:00
[2022-04-30 13:05:17,891] {processor.py:171} INFO - Processing /home/airflow/.local/lib/python3.7/site-packages/airflow/example_dags/tutorial.py took 0.091 seconds
[2022-04-30 13:05:48,739] {processor.py:163} INFO - Started process (PID=22115) to work on /home/airflow/.local/lib/python3.7/site-packages/airflow/example_dags/tutorial.py
[2022-04-30 13:05:48,742] {processor.py:642} INFO - Processing file /home/airflow/.local/lib/python3.7/site-packages/airflow/example_dags/tutorial.py for tasks to queue
[2022-04-30 13:05:48,743] {logging_mixin.py:109} INFO - [2022-04-30 13:05:48,743] {dagbag.py:500} INFO - Filling up the DagBag from /home/airflow/.local/lib/python3.7/site-packages/airflow/example_dags/tutorial.py
[2022-04-30 13:05:48,768] {processor.py:652} INFO - DAG(s) dict_keys(['tutorial']) retrieved from /home/airflow/.local/lib/python3.7/site-packages/airflow/example_dags/tutorial.py
[2022-04-30 13:05:48,797] {logging_mixin.py:109} INFO - [2022-04-30 13:05:48,797] {dag.py:2398} INFO - Sync 1 DAGs
[2022-04-30 13:05:48,833] {logging_mixin.py:109} INFO - [2022-04-30 13:05:48,832] {dag.py:2937} INFO - Setting next_dagrun for tutorial to 2022-04-29T13:05:48.832341+00:00
[2022-04-30 13:05:48,852] {processor.py:171} INFO - Processing /home/airflow/.local/lib/python3.7/site-packages/airflow/example_dags/tutorial.py took 0.117 seconds
[2022-04-30 13:06:19,650] {processor.py:163} INFO - Started process (PID=22183) to work on /home/airflow/.local/lib/python3.7/site-packages/airflow/example_dags/tutorial.py
[2022-04-30 13:06:19,652] {processor.py:642} INFO - Processing file /home/airflow/.local/lib/python3.7/site-packages/airflow/example_dags/tutorial.py for tasks to queue
[2022-04-30 13:06:19,653] {logging_mixin.py:109} INFO - [2022-04-30 13:06:19,653] {dagbag.py:500} INFO - Filling up the DagBag from /home/airflow/.local/lib/python3.7/site-packages/airflow/example_dags/tutorial.py
[2022-04-30 13:06:19,686] {processor.py:652} INFO - DAG(s) dict_keys(['tutorial']) retrieved from /home/airflow/.local/lib/python3.7/site-packages/airflow/example_dags/tutorial.py
[2022-04-30 13:06:19,718] {logging_mixin.py:109} INFO - [2022-04-30 13:06:19,717] {dag.py:2398} INFO - Sync 1 DAGs
[2022-04-30 13:06:19,755] {logging_mixin.py:109} INFO - [2022-04-30 13:06:19,755] {dag.py:2937} INFO - Setting next_dagrun for tutorial to 2022-04-29T13:06:19.755037+00:00
[2022-04-30 13:06:19,773] {processor.py:171} INFO - Processing /home/airflow/.local/lib/python3.7/site-packages/airflow/example_dags/tutorial.py took 0.127 seconds
[2022-04-30 13:06:50,815] {processor.py:163} INFO - Started process (PID=22249) to work on /home/airflow/.local/lib/python3.7/site-packages/airflow/example_dags/tutorial.py
[2022-04-30 13:06:50,817] {processor.py:642} INFO - Processing file /home/airflow/.local/lib/python3.7/site-packages/airflow/example_dags/tutorial.py for tasks to queue
[2022-04-30 13:06:50,818] {logging_mixin.py:109} INFO - [2022-04-30 13:06:50,818] {dagbag.py:500} INFO - Filling up the DagBag from /home/airflow/.local/lib/python3.7/site-packages/airflow/example_dags/tutorial.py
[2022-04-30 13:06:50,843] {processor.py:652} INFO - DAG(s) dict_keys(['tutorial']) retrieved from /home/airflow/.local/lib/python3.7/site-packages/airflow/example_dags/tutorial.py
[2022-04-30 13:06:50,881] {logging_mixin.py:109} INFO - [2022-04-30 13:06:50,881] {dag.py:2398} INFO - Sync 1 DAGs
[2022-04-30 13:06:50,910] {logging_mixin.py:109} INFO - [2022-04-30 13:06:50,910] {dag.py:2937} INFO - Setting next_dagrun for tutorial to 2022-04-29T13:06:50.909648+00:00
[2022-04-30 13:06:50,925] {processor.py:171} INFO - Processing /home/airflow/.local/lib/python3.7/site-packages/airflow/example_dags/tutorial.py took 0.115 seconds
[2022-04-30 13:07:21,605] {processor.py:163} INFO - Started process (PID=22322) to work on /home/airflow/.local/lib/python3.7/site-packages/airflow/example_dags/tutorial.py
[2022-04-30 13:07:21,607] {processor.py:642} INFO - Processing file /home/airflow/.local/lib/python3.7/site-packages/airflow/example_dags/tutorial.py for tasks to queue
[2022-04-30 13:07:21,609] {logging_mixin.py:109} INFO - [2022-04-30 13:07:21,609] {dagbag.py:500} INFO - Filling up the DagBag from /home/airflow/.local/lib/python3.7/site-packages/airflow/example_dags/tutorial.py
[2022-04-30 13:07:21,639] {processor.py:652} INFO - DAG(s) dict_keys(['tutorial']) retrieved from /home/airflow/.local/lib/python3.7/site-packages/airflow/example_dags/tutorial.py
[2022-04-30 13:07:21,675] {logging_mixin.py:109} INFO - [2022-04-30 13:07:21,675] {dag.py:2398} INFO - Sync 1 DAGs
[2022-04-30 13:07:21,712] {logging_mixin.py:109} INFO - [2022-04-30 13:07:21,712] {dag.py:2937} INFO - Setting next_dagrun for tutorial to 2022-04-29T13:07:21.711744+00:00
[2022-04-30 13:07:21,728] {processor.py:171} INFO - Processing /home/airflow/.local/lib/python3.7/site-packages/airflow/example_dags/tutorial.py took 0.127 seconds
[2022-04-30 13:07:52,282] {processor.py:163} INFO - Started process (PID=22390) to work on /home/airflow/.local/lib/python3.7/site-packages/airflow/example_dags/tutorial.py
[2022-04-30 13:07:52,283] {processor.py:642} INFO - Processing file /home/airflow/.local/lib/python3.7/site-packages/airflow/example_dags/tutorial.py for tasks to queue
[2022-04-30 13:07:52,285] {logging_mixin.py:109} INFO - [2022-04-30 13:07:52,285] {dagbag.py:500} INFO - Filling up the DagBag from /home/airflow/.local/lib/python3.7/site-packages/airflow/example_dags/tutorial.py
[2022-04-30 13:07:52,313] {processor.py:652} INFO - DAG(s) dict_keys(['tutorial']) retrieved from /home/airflow/.local/lib/python3.7/site-packages/airflow/example_dags/tutorial.py
[2022-04-30 13:07:52,345] {logging_mixin.py:109} INFO - [2022-04-30 13:07:52,345] {dag.py:2398} INFO - Sync 1 DAGs
[2022-04-30 13:07:52,370] {logging_mixin.py:109} INFO - [2022-04-30 13:07:52,370] {dag.py:2937} INFO - Setting next_dagrun for tutorial to 2022-04-29T13:07:52.370242+00:00
[2022-04-30 13:07:52,390] {processor.py:171} INFO - Processing /home/airflow/.local/lib/python3.7/site-packages/airflow/example_dags/tutorial.py took 0.113 seconds
[2022-04-30 13:08:23,226] {processor.py:163} INFO - Started process (PID=22454) to work on /home/airflow/.local/lib/python3.7/site-packages/airflow/example_dags/tutorial.py
[2022-04-30 13:08:23,228] {processor.py:642} INFO - Processing file /home/airflow/.local/lib/python3.7/site-packages/airflow/example_dags/tutorial.py for tasks to queue
[2022-04-30 13:08:23,229] {logging_mixin.py:109} INFO - [2022-04-30 13:08:23,229] {dagbag.py:500} INFO - Filling up the DagBag from /home/airflow/.local/lib/python3.7/site-packages/airflow/example_dags/tutorial.py
[2022-04-30 13:08:23,250] {processor.py:652} INFO - DAG(s) dict_keys(['tutorial']) retrieved from /home/airflow/.local/lib/python3.7/site-packages/airflow/example_dags/tutorial.py
[2022-04-30 13:08:23,275] {logging_mixin.py:109} INFO - [2022-04-30 13:08:23,274] {dag.py:2398} INFO - Sync 1 DAGs
[2022-04-30 13:08:23,296] {logging_mixin.py:109} INFO - [2022-04-30 13:08:23,296] {dag.py:2937} INFO - Setting next_dagrun for tutorial to 2022-04-29T13:08:23.296237+00:00
[2022-04-30 13:08:23,310] {processor.py:171} INFO - Processing /home/airflow/.local/lib/python3.7/site-packages/airflow/example_dags/tutorial.py took 0.088 seconds
[2022-04-30 13:08:54,457] {processor.py:163} INFO - Started process (PID=22519) to work on /home/airflow/.local/lib/python3.7/site-packages/airflow/example_dags/tutorial.py
[2022-04-30 13:08:54,460] {processor.py:642} INFO - Processing file /home/airflow/.local/lib/python3.7/site-packages/airflow/example_dags/tutorial.py for tasks to queue
[2022-04-30 13:08:54,463] {logging_mixin.py:109} INFO - [2022-04-30 13:08:54,463] {dagbag.py:500} INFO - Filling up the DagBag from /home/airflow/.local/lib/python3.7/site-packages/airflow/example_dags/tutorial.py
[2022-04-30 13:08:54,494] {processor.py:652} INFO - DAG(s) dict_keys(['tutorial']) retrieved from /home/airflow/.local/lib/python3.7/site-packages/airflow/example_dags/tutorial.py
[2022-04-30 13:08:54,519] {logging_mixin.py:109} INFO - [2022-04-30 13:08:54,519] {dag.py:2398} INFO - Sync 1 DAGs
[2022-04-30 13:08:54,541] {logging_mixin.py:109} INFO - [2022-04-30 13:08:54,541] {dag.py:2937} INFO - Setting next_dagrun for tutorial to 2022-04-29T13:08:54.540795+00:00
[2022-04-30 13:08:54,553] {processor.py:171} INFO - Processing /home/airflow/.local/lib/python3.7/site-packages/airflow/example_dags/tutorial.py took 0.103 seconds
[2022-04-30 13:09:25,171] {processor.py:163} INFO - Started process (PID=22593) to work on /home/airflow/.local/lib/python3.7/site-packages/airflow/example_dags/tutorial.py
[2022-04-30 13:09:25,172] {processor.py:642} INFO - Processing file /home/airflow/.local/lib/python3.7/site-packages/airflow/example_dags/tutorial.py for tasks to queue
[2022-04-30 13:09:25,174] {logging_mixin.py:109} INFO - [2022-04-30 13:09:25,173] {dagbag.py:500} INFO - Filling up the DagBag from /home/airflow/.local/lib/python3.7/site-packages/airflow/example_dags/tutorial.py
[2022-04-30 13:09:25,200] {processor.py:652} INFO - DAG(s) dict_keys(['tutorial']) retrieved from /home/airflow/.local/lib/python3.7/site-packages/airflow/example_dags/tutorial.py
[2022-04-30 13:09:25,231] {logging_mixin.py:109} INFO - [2022-04-30 13:09:25,231] {dag.py:2398} INFO - Sync 1 DAGs
[2022-04-30 13:09:25,263] {logging_mixin.py:109} INFO - [2022-04-30 13:09:25,263] {dag.py:2937} INFO - Setting next_dagrun for tutorial to 2022-04-29T13:09:25.263101+00:00
[2022-04-30 13:09:25,286] {processor.py:171} INFO - Processing /home/airflow/.local/lib/python3.7/site-packages/airflow/example_dags/tutorial.py took 0.121 seconds
[2022-04-30 13:09:56,114] {processor.py:163} INFO - Started process (PID=22658) to work on /home/airflow/.local/lib/python3.7/site-packages/airflow/example_dags/tutorial.py
[2022-04-30 13:09:56,116] {processor.py:642} INFO - Processing file /home/airflow/.local/lib/python3.7/site-packages/airflow/example_dags/tutorial.py for tasks to queue
[2022-04-30 13:09:56,117] {logging_mixin.py:109} INFO - [2022-04-30 13:09:56,117] {dagbag.py:500} INFO - Filling up the DagBag from /home/airflow/.local/lib/python3.7/site-packages/airflow/example_dags/tutorial.py
[2022-04-30 13:09:56,137] {processor.py:652} INFO - DAG(s) dict_keys(['tutorial']) retrieved from /home/airflow/.local/lib/python3.7/site-packages/airflow/example_dags/tutorial.py
[2022-04-30 13:09:56,165] {logging_mixin.py:109} INFO - [2022-04-30 13:09:56,165] {dag.py:2398} INFO - Sync 1 DAGs
[2022-04-30 13:09:56,185] {logging_mixin.py:109} INFO - [2022-04-30 13:09:56,185] {dag.py:2937} INFO - Setting next_dagrun for tutorial to 2022-04-29T13:09:56.185252+00:00
[2022-04-30 13:09:56,197] {processor.py:171} INFO - Processing /home/airflow/.local/lib/python3.7/site-packages/airflow/example_dags/tutorial.py took 0.088 seconds
[2022-04-30 13:10:27,182] {processor.py:163} INFO - Started process (PID=22722) to work on /home/airflow/.local/lib/python3.7/site-packages/airflow/example_dags/tutorial.py
[2022-04-30 13:10:27,183] {processor.py:642} INFO - Processing file /home/airflow/.local/lib/python3.7/site-packages/airflow/example_dags/tutorial.py for tasks to queue
[2022-04-30 13:10:27,184] {logging_mixin.py:109} INFO - [2022-04-30 13:10:27,184] {dagbag.py:500} INFO - Filling up the DagBag from /home/airflow/.local/lib/python3.7/site-packages/airflow/example_dags/tutorial.py
[2022-04-30 13:10:27,207] {processor.py:652} INFO - DAG(s) dict_keys(['tutorial']) retrieved from /home/airflow/.local/lib/python3.7/site-packages/airflow/example_dags/tutorial.py
[2022-04-30 13:10:27,240] {logging_mixin.py:109} INFO - [2022-04-30 13:10:27,239] {dag.py:2398} INFO - Sync 1 DAGs
[2022-04-30 13:10:27,271] {logging_mixin.py:109} INFO - [2022-04-30 13:10:27,270] {dag.py:2937} INFO - Setting next_dagrun for tutorial to 2022-04-29T13:10:27.270561+00:00
[2022-04-30 13:10:27,288] {processor.py:171} INFO - Processing /home/airflow/.local/lib/python3.7/site-packages/airflow/example_dags/tutorial.py took 0.111 seconds
