[2022-04-30 13:03:15,506] {processor.py:163} INFO - Started process (PID=21778) to work on /home/airflow/.local/lib/python3.7/site-packages/airflow/example_dags/tutorial_taskflow_api_etl.py
[2022-04-30 13:03:15,507] {processor.py:642} INFO - Processing file /home/airflow/.local/lib/python3.7/site-packages/airflow/example_dags/tutorial_taskflow_api_etl.py for tasks to queue
[2022-04-30 13:03:15,508] {logging_mixin.py:109} INFO - [2022-04-30 13:03:15,508] {dagbag.py:500} INFO - Filling up the DagBag from /home/airflow/.local/lib/python3.7/site-packages/airflow/example_dags/tutorial_taskflow_api_etl.py
[2022-04-30 13:03:15,535] {processor.py:652} INFO - DAG(s) dict_keys(['tutorial_taskflow_api_etl']) retrieved from /home/airflow/.local/lib/python3.7/site-packages/airflow/example_dags/tutorial_taskflow_api_etl.py
[2022-04-30 13:03:15,834] {logging_mixin.py:109} INFO - [2022-04-30 13:03:15,834] {dag.py:2398} INFO - Sync 1 DAGs
[2022-04-30 13:03:15,854] {logging_mixin.py:109} INFO - [2022-04-30 13:03:15,854] {dag.py:2937} INFO - Setting next_dagrun for tutorial_taskflow_api_etl to None
[2022-04-30 13:03:15,867] {processor.py:171} INFO - Processing /home/airflow/.local/lib/python3.7/site-packages/airflow/example_dags/tutorial_taskflow_api_etl.py took 0.365 seconds
[2022-04-30 13:03:46,195] {processor.py:163} INFO - Started process (PID=21845) to work on /home/airflow/.local/lib/python3.7/site-packages/airflow/example_dags/tutorial_taskflow_api_etl.py
[2022-04-30 13:03:46,198] {processor.py:642} INFO - Processing file /home/airflow/.local/lib/python3.7/site-packages/airflow/example_dags/tutorial_taskflow_api_etl.py for tasks to queue
[2022-04-30 13:03:46,199] {logging_mixin.py:109} INFO - [2022-04-30 13:03:46,199] {dagbag.py:500} INFO - Filling up the DagBag from /home/airflow/.local/lib/python3.7/site-packages/airflow/example_dags/tutorial_taskflow_api_etl.py
[2022-04-30 13:03:46,228] {processor.py:652} INFO - DAG(s) dict_keys(['tutorial_taskflow_api_etl']) retrieved from /home/airflow/.local/lib/python3.7/site-packages/airflow/example_dags/tutorial_taskflow_api_etl.py
[2022-04-30 13:03:46,571] {logging_mixin.py:109} INFO - [2022-04-30 13:03:46,571] {dag.py:2398} INFO - Sync 1 DAGs
[2022-04-30 13:03:46,592] {logging_mixin.py:109} INFO - [2022-04-30 13:03:46,592] {dag.py:2937} INFO - Setting next_dagrun for tutorial_taskflow_api_etl to None
[2022-04-30 13:03:46,608] {processor.py:171} INFO - Processing /home/airflow/.local/lib/python3.7/site-packages/airflow/example_dags/tutorial_taskflow_api_etl.py took 0.417 seconds
[2022-04-30 13:04:17,130] {processor.py:163} INFO - Started process (PID=21916) to work on /home/airflow/.local/lib/python3.7/site-packages/airflow/example_dags/tutorial_taskflow_api_etl.py
[2022-04-30 13:04:17,132] {processor.py:642} INFO - Processing file /home/airflow/.local/lib/python3.7/site-packages/airflow/example_dags/tutorial_taskflow_api_etl.py for tasks to queue
[2022-04-30 13:04:17,134] {logging_mixin.py:109} INFO - [2022-04-30 13:04:17,134] {dagbag.py:500} INFO - Filling up the DagBag from /home/airflow/.local/lib/python3.7/site-packages/airflow/example_dags/tutorial_taskflow_api_etl.py
[2022-04-30 13:04:17,172] {processor.py:652} INFO - DAG(s) dict_keys(['tutorial_taskflow_api_etl']) retrieved from /home/airflow/.local/lib/python3.7/site-packages/airflow/example_dags/tutorial_taskflow_api_etl.py
[2022-04-30 13:04:17,618] {logging_mixin.py:109} INFO - [2022-04-30 13:04:17,617] {dag.py:2398} INFO - Sync 1 DAGs
[2022-04-30 13:04:17,654] {logging_mixin.py:109} INFO - [2022-04-30 13:04:17,654] {dag.py:2937} INFO - Setting next_dagrun for tutorial_taskflow_api_etl to None
[2022-04-30 13:04:17,678] {processor.py:171} INFO - Processing /home/airflow/.local/lib/python3.7/site-packages/airflow/example_dags/tutorial_taskflow_api_etl.py took 0.553 seconds
[2022-04-30 13:04:47,765] {processor.py:163} INFO - Started process (PID=21984) to work on /home/airflow/.local/lib/python3.7/site-packages/airflow/example_dags/tutorial_taskflow_api_etl.py
[2022-04-30 13:04:47,766] {processor.py:642} INFO - Processing file /home/airflow/.local/lib/python3.7/site-packages/airflow/example_dags/tutorial_taskflow_api_etl.py for tasks to queue
[2022-04-30 13:04:47,768] {logging_mixin.py:109} INFO - [2022-04-30 13:04:47,768] {dagbag.py:500} INFO - Filling up the DagBag from /home/airflow/.local/lib/python3.7/site-packages/airflow/example_dags/tutorial_taskflow_api_etl.py
[2022-04-30 13:04:47,797] {processor.py:652} INFO - DAG(s) dict_keys(['tutorial_taskflow_api_etl']) retrieved from /home/airflow/.local/lib/python3.7/site-packages/airflow/example_dags/tutorial_taskflow_api_etl.py
[2022-04-30 13:04:48,170] {logging_mixin.py:109} INFO - [2022-04-30 13:04:48,170] {dag.py:2398} INFO - Sync 1 DAGs
[2022-04-30 13:04:48,193] {logging_mixin.py:109} INFO - [2022-04-30 13:04:48,193] {dag.py:2937} INFO - Setting next_dagrun for tutorial_taskflow_api_etl to None
[2022-04-30 13:04:48,212] {processor.py:171} INFO - Processing /home/airflow/.local/lib/python3.7/site-packages/airflow/example_dags/tutorial_taskflow_api_etl.py took 0.452 seconds
[2022-04-30 13:05:18,308] {processor.py:163} INFO - Started process (PID=22052) to work on /home/airflow/.local/lib/python3.7/site-packages/airflow/example_dags/tutorial_taskflow_api_etl.py
[2022-04-30 13:05:18,310] {processor.py:642} INFO - Processing file /home/airflow/.local/lib/python3.7/site-packages/airflow/example_dags/tutorial_taskflow_api_etl.py for tasks to queue
[2022-04-30 13:05:18,311] {logging_mixin.py:109} INFO - [2022-04-30 13:05:18,311] {dagbag.py:500} INFO - Filling up the DagBag from /home/airflow/.local/lib/python3.7/site-packages/airflow/example_dags/tutorial_taskflow_api_etl.py
[2022-04-30 13:05:18,337] {processor.py:652} INFO - DAG(s) dict_keys(['tutorial_taskflow_api_etl']) retrieved from /home/airflow/.local/lib/python3.7/site-packages/airflow/example_dags/tutorial_taskflow_api_etl.py
[2022-04-30 13:05:18,669] {logging_mixin.py:109} INFO - [2022-04-30 13:05:18,669] {dag.py:2398} INFO - Sync 1 DAGs
[2022-04-30 13:05:18,694] {logging_mixin.py:109} INFO - [2022-04-30 13:05:18,694] {dag.py:2937} INFO - Setting next_dagrun for tutorial_taskflow_api_etl to None
[2022-04-30 13:05:18,711] {processor.py:171} INFO - Processing /home/airflow/.local/lib/python3.7/site-packages/airflow/example_dags/tutorial_taskflow_api_etl.py took 0.407 seconds
[2022-04-30 13:05:49,032] {processor.py:163} INFO - Started process (PID=22119) to work on /home/airflow/.local/lib/python3.7/site-packages/airflow/example_dags/tutorial_taskflow_api_etl.py
[2022-04-30 13:05:49,034] {processor.py:642} INFO - Processing file /home/airflow/.local/lib/python3.7/site-packages/airflow/example_dags/tutorial_taskflow_api_etl.py for tasks to queue
[2022-04-30 13:05:49,036] {logging_mixin.py:109} INFO - [2022-04-30 13:05:49,036] {dagbag.py:500} INFO - Filling up the DagBag from /home/airflow/.local/lib/python3.7/site-packages/airflow/example_dags/tutorial_taskflow_api_etl.py
[2022-04-30 13:05:49,070] {processor.py:652} INFO - DAG(s) dict_keys(['tutorial_taskflow_api_etl']) retrieved from /home/airflow/.local/lib/python3.7/site-packages/airflow/example_dags/tutorial_taskflow_api_etl.py
[2022-04-30 13:05:49,530] {logging_mixin.py:109} INFO - [2022-04-30 13:05:49,530] {dag.py:2398} INFO - Sync 1 DAGs
[2022-04-30 13:05:49,554] {logging_mixin.py:109} INFO - [2022-04-30 13:05:49,554] {dag.py:2937} INFO - Setting next_dagrun for tutorial_taskflow_api_etl to None
[2022-04-30 13:05:49,572] {processor.py:171} INFO - Processing /home/airflow/.local/lib/python3.7/site-packages/airflow/example_dags/tutorial_taskflow_api_etl.py took 0.545 seconds
[2022-04-30 13:06:19,804] {processor.py:163} INFO - Started process (PID=22185) to work on /home/airflow/.local/lib/python3.7/site-packages/airflow/example_dags/tutorial_taskflow_api_etl.py
[2022-04-30 13:06:19,806] {processor.py:642} INFO - Processing file /home/airflow/.local/lib/python3.7/site-packages/airflow/example_dags/tutorial_taskflow_api_etl.py for tasks to queue
[2022-04-30 13:06:19,807] {logging_mixin.py:109} INFO - [2022-04-30 13:06:19,807] {dagbag.py:500} INFO - Filling up the DagBag from /home/airflow/.local/lib/python3.7/site-packages/airflow/example_dags/tutorial_taskflow_api_etl.py
[2022-04-30 13:06:19,837] {processor.py:652} INFO - DAG(s) dict_keys(['tutorial_taskflow_api_etl']) retrieved from /home/airflow/.local/lib/python3.7/site-packages/airflow/example_dags/tutorial_taskflow_api_etl.py
[2022-04-30 13:06:20,142] {logging_mixin.py:109} INFO - [2022-04-30 13:06:20,142] {dag.py:2398} INFO - Sync 1 DAGs
[2022-04-30 13:06:20,165] {logging_mixin.py:109} INFO - [2022-04-30 13:06:20,165] {dag.py:2937} INFO - Setting next_dagrun for tutorial_taskflow_api_etl to None
[2022-04-30 13:06:20,183] {processor.py:171} INFO - Processing /home/airflow/.local/lib/python3.7/site-packages/airflow/example_dags/tutorial_taskflow_api_etl.py took 0.382 seconds
[2022-04-30 13:06:51,057] {processor.py:163} INFO - Started process (PID=22252) to work on /home/airflow/.local/lib/python3.7/site-packages/airflow/example_dags/tutorial_taskflow_api_etl.py
[2022-04-30 13:06:51,059] {processor.py:642} INFO - Processing file /home/airflow/.local/lib/python3.7/site-packages/airflow/example_dags/tutorial_taskflow_api_etl.py for tasks to queue
[2022-04-30 13:06:51,061] {logging_mixin.py:109} INFO - [2022-04-30 13:06:51,061] {dagbag.py:500} INFO - Filling up the DagBag from /home/airflow/.local/lib/python3.7/site-packages/airflow/example_dags/tutorial_taskflow_api_etl.py
[2022-04-30 13:06:51,093] {processor.py:652} INFO - DAG(s) dict_keys(['tutorial_taskflow_api_etl']) retrieved from /home/airflow/.local/lib/python3.7/site-packages/airflow/example_dags/tutorial_taskflow_api_etl.py
[2022-04-30 13:06:51,444] {logging_mixin.py:109} INFO - [2022-04-30 13:06:51,443] {dag.py:2398} INFO - Sync 1 DAGs
[2022-04-30 13:06:51,481] {logging_mixin.py:109} INFO - [2022-04-30 13:06:51,481] {dag.py:2937} INFO - Setting next_dagrun for tutorial_taskflow_api_etl to None
[2022-04-30 13:06:51,500] {processor.py:171} INFO - Processing /home/airflow/.local/lib/python3.7/site-packages/airflow/example_dags/tutorial_taskflow_api_etl.py took 0.449 seconds
[2022-04-30 13:07:22,016] {processor.py:163} INFO - Started process (PID=22329) to work on /home/airflow/.local/lib/python3.7/site-packages/airflow/example_dags/tutorial_taskflow_api_etl.py
[2022-04-30 13:07:22,018] {processor.py:642} INFO - Processing file /home/airflow/.local/lib/python3.7/site-packages/airflow/example_dags/tutorial_taskflow_api_etl.py for tasks to queue
[2022-04-30 13:07:22,020] {logging_mixin.py:109} INFO - [2022-04-30 13:07:22,019] {dagbag.py:500} INFO - Filling up the DagBag from /home/airflow/.local/lib/python3.7/site-packages/airflow/example_dags/tutorial_taskflow_api_etl.py
[2022-04-30 13:07:22,053] {processor.py:652} INFO - DAG(s) dict_keys(['tutorial_taskflow_api_etl']) retrieved from /home/airflow/.local/lib/python3.7/site-packages/airflow/example_dags/tutorial_taskflow_api_etl.py
[2022-04-30 13:07:22,492] {logging_mixin.py:109} INFO - [2022-04-30 13:07:22,491] {dag.py:2398} INFO - Sync 1 DAGs
[2022-04-30 13:07:22,523] {logging_mixin.py:109} INFO - [2022-04-30 13:07:22,523] {dag.py:2937} INFO - Setting next_dagrun for tutorial_taskflow_api_etl to None
[2022-04-30 13:07:22,543] {processor.py:171} INFO - Processing /home/airflow/.local/lib/python3.7/site-packages/airflow/example_dags/tutorial_taskflow_api_etl.py took 0.533 seconds
[2022-04-30 13:07:52,738] {processor.py:163} INFO - Started process (PID=22397) to work on /home/airflow/.local/lib/python3.7/site-packages/airflow/example_dags/tutorial_taskflow_api_etl.py
[2022-04-30 13:07:52,739] {processor.py:642} INFO - Processing file /home/airflow/.local/lib/python3.7/site-packages/airflow/example_dags/tutorial_taskflow_api_etl.py for tasks to queue
[2022-04-30 13:07:52,741] {logging_mixin.py:109} INFO - [2022-04-30 13:07:52,741] {dagbag.py:500} INFO - Filling up the DagBag from /home/airflow/.local/lib/python3.7/site-packages/airflow/example_dags/tutorial_taskflow_api_etl.py
[2022-04-30 13:07:52,767] {processor.py:652} INFO - DAG(s) dict_keys(['tutorial_taskflow_api_etl']) retrieved from /home/airflow/.local/lib/python3.7/site-packages/airflow/example_dags/tutorial_taskflow_api_etl.py
[2022-04-30 13:07:53,117] {logging_mixin.py:109} INFO - [2022-04-30 13:07:53,117] {dag.py:2398} INFO - Sync 1 DAGs
[2022-04-30 13:07:53,143] {logging_mixin.py:109} INFO - [2022-04-30 13:07:53,143] {dag.py:2937} INFO - Setting next_dagrun for tutorial_taskflow_api_etl to None
[2022-04-30 13:07:53,159] {processor.py:171} INFO - Processing /home/airflow/.local/lib/python3.7/site-packages/airflow/example_dags/tutorial_taskflow_api_etl.py took 0.424 seconds
[2022-04-30 13:08:23,421] {processor.py:163} INFO - Started process (PID=22457) to work on /home/airflow/.local/lib/python3.7/site-packages/airflow/example_dags/tutorial_taskflow_api_etl.py
[2022-04-30 13:08:23,423] {processor.py:642} INFO - Processing file /home/airflow/.local/lib/python3.7/site-packages/airflow/example_dags/tutorial_taskflow_api_etl.py for tasks to queue
[2022-04-30 13:08:23,424] {logging_mixin.py:109} INFO - [2022-04-30 13:08:23,424] {dagbag.py:500} INFO - Filling up the DagBag from /home/airflow/.local/lib/python3.7/site-packages/airflow/example_dags/tutorial_taskflow_api_etl.py
[2022-04-30 13:08:23,450] {processor.py:652} INFO - DAG(s) dict_keys(['tutorial_taskflow_api_etl']) retrieved from /home/airflow/.local/lib/python3.7/site-packages/airflow/example_dags/tutorial_taskflow_api_etl.py
[2022-04-30 13:08:23,763] {logging_mixin.py:109} INFO - [2022-04-30 13:08:23,763] {dag.py:2398} INFO - Sync 1 DAGs
[2022-04-30 13:08:23,787] {logging_mixin.py:109} INFO - [2022-04-30 13:08:23,787] {dag.py:2937} INFO - Setting next_dagrun for tutorial_taskflow_api_etl to None
[2022-04-30 13:08:23,808] {processor.py:171} INFO - Processing /home/airflow/.local/lib/python3.7/site-packages/airflow/example_dags/tutorial_taskflow_api_etl.py took 0.391 seconds
[2022-04-30 13:08:54,821] {processor.py:163} INFO - Started process (PID=22525) to work on /home/airflow/.local/lib/python3.7/site-packages/airflow/example_dags/tutorial_taskflow_api_etl.py
[2022-04-30 13:08:54,823] {processor.py:642} INFO - Processing file /home/airflow/.local/lib/python3.7/site-packages/airflow/example_dags/tutorial_taskflow_api_etl.py for tasks to queue
[2022-04-30 13:08:54,825] {logging_mixin.py:109} INFO - [2022-04-30 13:08:54,824] {dagbag.py:500} INFO - Filling up the DagBag from /home/airflow/.local/lib/python3.7/site-packages/airflow/example_dags/tutorial_taskflow_api_etl.py
[2022-04-30 13:08:54,852] {processor.py:652} INFO - DAG(s) dict_keys(['tutorial_taskflow_api_etl']) retrieved from /home/airflow/.local/lib/python3.7/site-packages/airflow/example_dags/tutorial_taskflow_api_etl.py
[2022-04-30 13:08:54,876] {logging_mixin.py:109} INFO - [2022-04-30 13:08:54,876] {dag.py:2398} INFO - Sync 1 DAGs
[2022-04-30 13:08:54,899] {logging_mixin.py:109} INFO - [2022-04-30 13:08:54,899] {dag.py:2937} INFO - Setting next_dagrun for tutorial_taskflow_api_etl to None
[2022-04-30 13:08:54,917] {processor.py:171} INFO - Processing /home/airflow/.local/lib/python3.7/site-packages/airflow/example_dags/tutorial_taskflow_api_etl.py took 0.100 seconds
[2022-04-30 13:09:25,038] {processor.py:163} INFO - Started process (PID=22592) to work on /home/airflow/.local/lib/python3.7/site-packages/airflow/example_dags/tutorial_taskflow_api_etl.py
[2022-04-30 13:09:25,039] {processor.py:642} INFO - Processing file /home/airflow/.local/lib/python3.7/site-packages/airflow/example_dags/tutorial_taskflow_api_etl.py for tasks to queue
[2022-04-30 13:09:25,041] {logging_mixin.py:109} INFO - [2022-04-30 13:09:25,040] {dagbag.py:500} INFO - Filling up the DagBag from /home/airflow/.local/lib/python3.7/site-packages/airflow/example_dags/tutorial_taskflow_api_etl.py
[2022-04-30 13:09:25,073] {processor.py:652} INFO - DAG(s) dict_keys(['tutorial_taskflow_api_etl']) retrieved from /home/airflow/.local/lib/python3.7/site-packages/airflow/example_dags/tutorial_taskflow_api_etl.py
[2022-04-30 13:09:25,461] {logging_mixin.py:109} INFO - [2022-04-30 13:09:25,461] {dag.py:2398} INFO - Sync 1 DAGs
[2022-04-30 13:09:25,497] {logging_mixin.py:109} INFO - [2022-04-30 13:09:25,496] {dag.py:2937} INFO - Setting next_dagrun for tutorial_taskflow_api_etl to None
[2022-04-30 13:09:25,514] {processor.py:171} INFO - Processing /home/airflow/.local/lib/python3.7/site-packages/airflow/example_dags/tutorial_taskflow_api_etl.py took 0.481 seconds
[2022-04-30 13:09:56,222] {processor.py:163} INFO - Started process (PID=22660) to work on /home/airflow/.local/lib/python3.7/site-packages/airflow/example_dags/tutorial_taskflow_api_etl.py
[2022-04-30 13:09:56,223] {processor.py:642} INFO - Processing file /home/airflow/.local/lib/python3.7/site-packages/airflow/example_dags/tutorial_taskflow_api_etl.py for tasks to queue
[2022-04-30 13:09:56,224] {logging_mixin.py:109} INFO - [2022-04-30 13:09:56,224] {dagbag.py:500} INFO - Filling up the DagBag from /home/airflow/.local/lib/python3.7/site-packages/airflow/example_dags/tutorial_taskflow_api_etl.py
[2022-04-30 13:09:56,249] {processor.py:652} INFO - DAG(s) dict_keys(['tutorial_taskflow_api_etl']) retrieved from /home/airflow/.local/lib/python3.7/site-packages/airflow/example_dags/tutorial_taskflow_api_etl.py
[2022-04-30 13:09:56,546] {logging_mixin.py:109} INFO - [2022-04-30 13:09:56,546] {dag.py:2398} INFO - Sync 1 DAGs
[2022-04-30 13:09:56,566] {logging_mixin.py:109} INFO - [2022-04-30 13:09:56,566] {dag.py:2937} INFO - Setting next_dagrun for tutorial_taskflow_api_etl to None
[2022-04-30 13:09:56,586] {processor.py:171} INFO - Processing /home/airflow/.local/lib/python3.7/site-packages/airflow/example_dags/tutorial_taskflow_api_etl.py took 0.368 seconds
[2022-04-30 13:10:27,357] {processor.py:163} INFO - Started process (PID=22725) to work on /home/airflow/.local/lib/python3.7/site-packages/airflow/example_dags/tutorial_taskflow_api_etl.py
[2022-04-30 13:10:27,359] {processor.py:642} INFO - Processing file /home/airflow/.local/lib/python3.7/site-packages/airflow/example_dags/tutorial_taskflow_api_etl.py for tasks to queue
[2022-04-30 13:10:27,361] {logging_mixin.py:109} INFO - [2022-04-30 13:10:27,361] {dagbag.py:500} INFO - Filling up the DagBag from /home/airflow/.local/lib/python3.7/site-packages/airflow/example_dags/tutorial_taskflow_api_etl.py
[2022-04-30 13:10:27,388] {processor.py:652} INFO - DAG(s) dict_keys(['tutorial_taskflow_api_etl']) retrieved from /home/airflow/.local/lib/python3.7/site-packages/airflow/example_dags/tutorial_taskflow_api_etl.py
[2022-04-30 13:10:27,418] {logging_mixin.py:109} INFO - [2022-04-30 13:10:27,418] {dag.py:2398} INFO - Sync 1 DAGs
[2022-04-30 13:10:27,444] {logging_mixin.py:109} INFO - [2022-04-30 13:10:27,444] {dag.py:2937} INFO - Setting next_dagrun for tutorial_taskflow_api_etl to None
[2022-04-30 13:10:27,464] {processor.py:171} INFO - Processing /home/airflow/.local/lib/python3.7/site-packages/airflow/example_dags/tutorial_taskflow_api_etl.py took 0.111 seconds
