[2022-04-30 12:16:22,409] {taskinstance.py:1043} INFO - Dependencies all met for <TaskInstance: btc_spot_data_dag.add_gcp_connection manual__2022-04-30T12:16:13.508210+00:00 [queued]>
[2022-04-30 12:16:22,425] {taskinstance.py:1043} INFO - Dependencies all met for <TaskInstance: btc_spot_data_dag.add_gcp_connection manual__2022-04-30T12:16:13.508210+00:00 [queued]>
[2022-04-30 12:16:22,425] {taskinstance.py:1249} INFO - 
--------------------------------------------------------------------------------
[2022-04-30 12:16:22,426] {taskinstance.py:1250} INFO - Starting attempt 1 of 1
[2022-04-30 12:16:22,426] {taskinstance.py:1251} INFO - 
--------------------------------------------------------------------------------
[2022-04-30 12:16:22,444] {taskinstance.py:1270} INFO - Executing <Task(PythonOperator): add_gcp_connection> on 2022-04-30 12:16:13.508210+00:00
[2022-04-30 12:16:22,449] {standard_task_runner.py:52} INFO - Started process 5006 to run task
[2022-04-30 12:16:22,454] {standard_task_runner.py:79} INFO - Running: ['***', 'tasks', 'run', 'btc_spot_data_dag', 'add_gcp_connection', 'manual__2022-04-30T12:16:13.508210+00:00', '--job-id', '110', '--raw', '--subdir', 'DAGS_FOLDER/my_dag.py', '--cfg-path', '/tmp/tmpx1grrc5g', '--error-file', '/tmp/tmpqvsoxw3_']
[2022-04-30 12:16:22,455] {standard_task_runner.py:80} INFO - Job 110: Subtask add_gcp_connection
[2022-04-30 12:16:22,537] {logging_mixin.py:109} INFO - Running <TaskInstance: btc_spot_data_dag.add_gcp_connection manual__2022-04-30T12:16:13.508210+00:00 [running]> on host cf4e030da5d2
[2022-04-30 12:16:22,617] {taskinstance.py:1448} INFO - Exporting the following env vars:
AIRFLOW_CTX_DAG_OWNER=***
AIRFLOW_CTX_DAG_ID=btc_spot_data_dag
AIRFLOW_CTX_TASK_ID=add_gcp_connection
AIRFLOW_CTX_EXECUTION_DATE=2022-04-30T12:16:13.508210+00:00
AIRFLOW_CTX_DAG_RUN_ID=manual__2022-04-30T12:16:13.508210+00:00
[2022-04-30 12:16:22,619] {crypto.py:82} WARNING - empty cryptography key - values will not be stored encrypted.
[2022-04-30 12:16:22,629] {logging_mixin.py:109} INFO - 
	A connection with `conn_id`=btc_spot_conn_id already exists
[2022-04-30 12:16:22,630] {logging_mixin.py:109} INFO - 
[2022-04-30 12:16:22,630] {python.py:175} INFO - Done. Returned value was: None
[2022-04-30 12:16:22,642] {taskinstance.py:1288} INFO - Marking task as SUCCESS. dag_id=btc_spot_data_dag, task_id=add_gcp_connection, execution_date=20220430T121613, start_date=20220430T121622, end_date=20220430T121622
[2022-04-30 12:16:22,706] {local_task_job.py:154} INFO - Task exited with return code 0
[2022-04-30 12:16:22,778] {local_task_job.py:264} INFO - 2 downstream tasks scheduled from follow-on schedule check
