[2022-04-30 12:33:09,880] {taskinstance.py:1043} INFO - Dependencies all met for <TaskInstance: btc_spot_data_dag.aggregated_daily_asks manual__2022-04-30T12:32:57.310319+00:00 [queued]>
[2022-04-30 12:33:09,895] {taskinstance.py:1043} INFO - Dependencies all met for <TaskInstance: btc_spot_data_dag.aggregated_daily_asks manual__2022-04-30T12:32:57.310319+00:00 [queued]>
[2022-04-30 12:33:09,896] {taskinstance.py:1249} INFO - 
--------------------------------------------------------------------------------
[2022-04-30 12:33:09,896] {taskinstance.py:1250} INFO - Starting attempt 1 of 1
[2022-04-30 12:33:09,897] {taskinstance.py:1251} INFO - 
--------------------------------------------------------------------------------
[2022-04-30 12:33:09,918] {taskinstance.py:1270} INFO - Executing <Task(BigQueryOperator): aggregated_daily_asks> on 2022-04-30 12:32:57.310319+00:00
[2022-04-30 12:33:09,925] {standard_task_runner.py:52} INFO - Started process 5837 to run task
[2022-04-30 12:33:09,932] {standard_task_runner.py:79} INFO - Running: ['***', 'tasks', 'run', 'btc_spot_data_dag', 'aggregated_daily_asks', 'manual__2022-04-30T12:32:57.310319+00:00', '--job-id', '160', '--raw', '--subdir', 'DAGS_FOLDER/my_dag.py', '--cfg-path', '/tmp/tmpaqwuqh2z', '--error-file', '/tmp/tmp6n9na7k3']
[2022-04-30 12:33:09,934] {standard_task_runner.py:80} INFO - Job 160: Subtask aggregated_daily_asks
[2022-04-30 12:33:10,038] {logging_mixin.py:109} INFO - Running <TaskInstance: btc_spot_data_dag.aggregated_daily_asks manual__2022-04-30T12:32:57.310319+00:00 [running]> on host cf4e030da5d2
[2022-04-30 12:33:10,156] {taskinstance.py:1448} INFO - Exporting the following env vars:
AIRFLOW_CTX_DAG_OWNER=***
AIRFLOW_CTX_DAG_ID=btc_spot_data_dag
AIRFLOW_CTX_TASK_ID=aggregated_daily_asks
AIRFLOW_CTX_EXECUTION_DATE=2022-04-30T12:32:57.310319+00:00
AIRFLOW_CTX_DAG_RUN_ID=manual__2022-04-30T12:32:57.310319+00:00
[2022-04-30 12:33:10,157] {bigquery.py:655} INFO - Executing: select sum(asks.size), timestamp from `btcspot.btcspot.asks` as asks group by timestamp;
[2022-04-30 12:33:10,173] {warnings.py:110} WARNING - /home/***/.local/lib/python3.7/site-packages/***/providers/google/cloud/hooks/bigquery.py:2058: DeprecationWarning: This method is deprecated. Please use `BigQueryHook.insert_job` method.
  "This method is deprecated. Please use `BigQueryHook.insert_job` method.", DeprecationWarning

[2022-04-30 12:33:10,186] {bigquery.py:1554} INFO - Inserting job ***_1651321990185139_ed79f36140473a3252b09264ea20e1f7
[2022-04-30 12:33:12,641] {taskinstance.py:1288} INFO - Marking task as SUCCESS. dag_id=btc_spot_data_dag, task_id=aggregated_daily_asks, execution_date=20220430T123257, start_date=20220430T123309, end_date=20220430T123312
[2022-04-30 12:33:12,673] {local_task_job.py:154} INFO - Task exited with return code 0
[2022-04-30 12:33:12,735] {local_task_job.py:264} INFO - 1 downstream tasks scheduled from follow-on schedule check
