[2022-04-30 12:19:13,296] {taskinstance.py:1043} INFO - Dependencies all met for <TaskInstance: btc_spot_data_dag.results manual__2022-04-30T12:18:58.244127+00:00 [queued]>
[2022-04-30 12:19:13,310] {taskinstance.py:1043} INFO - Dependencies all met for <TaskInstance: btc_spot_data_dag.results manual__2022-04-30T12:18:58.244127+00:00 [queued]>
[2022-04-30 12:19:13,311] {taskinstance.py:1249} INFO - 
--------------------------------------------------------------------------------
[2022-04-30 12:19:13,311] {taskinstance.py:1250} INFO - Starting attempt 1 of 1
[2022-04-30 12:19:13,312] {taskinstance.py:1251} INFO - 
--------------------------------------------------------------------------------
[2022-04-30 12:19:13,374] {taskinstance.py:1270} INFO - Executing <Task(PythonOperator): results> on 2022-04-30 12:18:58.244127+00:00
[2022-04-30 12:19:13,379] {standard_task_runner.py:52} INFO - Started process 5185 to run task
[2022-04-30 12:19:13,383] {standard_task_runner.py:79} INFO - Running: ['***', 'tasks', 'run', 'btc_spot_data_dag', 'results', 'manual__2022-04-30T12:18:58.244127+00:00', '--job-id', '131', '--raw', '--subdir', 'DAGS_FOLDER/my_dag.py', '--cfg-path', '/tmp/tmpnqcir3oz', '--error-file', '/tmp/tmp4d_bjkdq']
[2022-04-30 12:19:13,384] {standard_task_runner.py:80} INFO - Job 131: Subtask results
[2022-04-30 12:19:13,454] {logging_mixin.py:109} INFO - Running <TaskInstance: btc_spot_data_dag.results manual__2022-04-30T12:18:58.244127+00:00 [running]> on host cf4e030da5d2
[2022-04-30 12:19:13,519] {taskinstance.py:1448} INFO - Exporting the following env vars:
AIRFLOW_CTX_DAG_OWNER=***
AIRFLOW_CTX_DAG_ID=btc_spot_data_dag
AIRFLOW_CTX_TASK_ID=results
AIRFLOW_CTX_EXECUTION_DATE=2022-04-30T12:18:58.244127+00:00
AIRFLOW_CTX_DAG_RUN_ID=manual__2022-04-30T12:18:58.244127+00:00
[2022-04-30 12:19:15,466] {logging_mixin.py:109} INFO - <google.cloud.bigquery.table.RowIterator object at 0x7f2fe557ed50>
[2022-04-30 12:19:15,466] {logging_mixin.py:109} INFO - <google.cloud.bigquery.table.RowIterator object at 0x7f2fe552a610>
[2022-04-30 12:19:15,467] {python.py:175} INFO - Done. Returned value was: None
[2022-04-30 12:19:15,482] {taskinstance.py:1288} INFO - Marking task as SUCCESS. dag_id=btc_spot_data_dag, task_id=results, execution_date=20220430T121858, start_date=20220430T121913, end_date=20220430T121915
[2022-04-30 12:19:15,523] {local_task_job.py:154} INFO - Task exited with return code 0
[2022-04-30 12:19:15,567] {local_task_job.py:264} INFO - 0 downstream tasks scheduled from follow-on schedule check
