[2022-04-30 10:48:02,108] {taskinstance.py:1043} INFO - Dependencies all met for <TaskInstance: btc_spot_data_dag.aggregated_daily_bids manual__2022-04-30T10:47:50.623221+00:00 [queued]>
[2022-04-30 10:48:02,122] {taskinstance.py:1043} INFO - Dependencies all met for <TaskInstance: btc_spot_data_dag.aggregated_daily_bids manual__2022-04-30T10:47:50.623221+00:00 [queued]>
[2022-04-30 10:48:02,123] {taskinstance.py:1249} INFO - 
--------------------------------------------------------------------------------
[2022-04-30 10:48:02,123] {taskinstance.py:1250} INFO - Starting attempt 1 of 1
[2022-04-30 10:48:02,124] {taskinstance.py:1251} INFO - 
--------------------------------------------------------------------------------
[2022-04-30 10:48:02,140] {taskinstance.py:1270} INFO - Executing <Task(BigQueryOperator): aggregated_daily_bids> on 2022-04-30 10:47:50.623221+00:00
[2022-04-30 10:48:02,147] {standard_task_runner.py:52} INFO - Started process 1397 to run task
[2022-04-30 10:48:02,153] {standard_task_runner.py:79} INFO - Running: ['***', 'tasks', 'run', 'btc_spot_data_dag', 'aggregated_daily_bids', 'manual__2022-04-30T10:47:50.623221+00:00', '--job-id', '89', '--raw', '--subdir', 'DAGS_FOLDER/my_dag.py', '--cfg-path', '/tmp/tmpesltmz3u', '--error-file', '/tmp/tmpnk_lnekj']
[2022-04-30 10:48:02,154] {standard_task_runner.py:80} INFO - Job 89: Subtask aggregated_daily_bids
[2022-04-30 10:48:02,232] {logging_mixin.py:109} INFO - Running <TaskInstance: btc_spot_data_dag.aggregated_daily_bids manual__2022-04-30T10:47:50.623221+00:00 [running]> on host cf4e030da5d2
[2022-04-30 10:48:02,318] {taskinstance.py:1448} INFO - Exporting the following env vars:
AIRFLOW_CTX_DAG_OWNER=***
AIRFLOW_CTX_DAG_ID=btc_spot_data_dag
AIRFLOW_CTX_TASK_ID=aggregated_daily_bids
AIRFLOW_CTX_EXECUTION_DATE=2022-04-30T10:47:50.623221+00:00
AIRFLOW_CTX_DAG_RUN_ID=manual__2022-04-30T10:47:50.623221+00:00
[2022-04-30 10:48:02,319] {bigquery.py:655} INFO - Executing: select sum(bids.size) from `btcspot.btcspot.bids` as bids group by timestamp;
[2022-04-30 10:48:02,332] {warnings.py:110} WARNING - /home/***/.local/lib/python3.7/site-packages/***/providers/google/cloud/hooks/bigquery.py:2058: DeprecationWarning: This method is deprecated. Please use `BigQueryHook.insert_job` method.
  "This method is deprecated. Please use `BigQueryHook.insert_job` method.", DeprecationWarning

[2022-04-30 10:48:02,343] {bigquery.py:1554} INFO - Inserting job ***_1651315682342374_3b2144fe19731c43425cbe459b3237f0
[2022-04-30 10:48:05,005] {taskinstance.py:1288} INFO - Marking task as SUCCESS. dag_id=btc_spot_data_dag, task_id=aggregated_daily_bids, execution_date=20220430T104750, start_date=20220430T104802, end_date=20220430T104805
[2022-04-30 10:48:05,055] {local_task_job.py:154} INFO - Task exited with return code 0
[2022-04-30 10:48:05,092] {local_task_job.py:264} INFO - 0 downstream tasks scheduled from follow-on schedule check
