[2022-04-30 12:24:31,872] {taskinstance.py:1043} INFO - Dependencies all met for <TaskInstance: btc_spot_data_dag.results manual__2022-04-30T12:24:16.471654+00:00 [queued]>
[2022-04-30 12:24:31,886] {taskinstance.py:1043} INFO - Dependencies all met for <TaskInstance: btc_spot_data_dag.results manual__2022-04-30T12:24:16.471654+00:00 [queued]>
[2022-04-30 12:24:31,887] {taskinstance.py:1249} INFO - 
--------------------------------------------------------------------------------
[2022-04-30 12:24:31,887] {taskinstance.py:1250} INFO - Starting attempt 1 of 1
[2022-04-30 12:24:31,887] {taskinstance.py:1251} INFO - 
--------------------------------------------------------------------------------
[2022-04-30 12:24:31,904] {taskinstance.py:1270} INFO - Executing <Task(PythonOperator): results> on 2022-04-30 12:24:16.471654+00:00
[2022-04-30 12:24:31,910] {standard_task_runner.py:52} INFO - Started process 5451 to run task
[2022-04-30 12:24:31,915] {standard_task_runner.py:79} INFO - Running: ['***', 'tasks', 'run', 'btc_spot_data_dag', 'results', 'manual__2022-04-30T12:24:16.471654+00:00', '--job-id', '149', '--raw', '--subdir', 'DAGS_FOLDER/my_dag.py', '--cfg-path', '/tmp/tmpw3huo7ek', '--error-file', '/tmp/tmp41uo6ee5']
[2022-04-30 12:24:31,916] {standard_task_runner.py:80} INFO - Job 149: Subtask results
[2022-04-30 12:24:31,997] {logging_mixin.py:109} INFO - Running <TaskInstance: btc_spot_data_dag.results manual__2022-04-30T12:24:16.471654+00:00 [running]> on host cf4e030da5d2
[2022-04-30 12:24:32,078] {taskinstance.py:1448} INFO - Exporting the following env vars:
AIRFLOW_CTX_DAG_OWNER=***
AIRFLOW_CTX_DAG_ID=btc_spot_data_dag
AIRFLOW_CTX_TASK_ID=results
AIRFLOW_CTX_EXECUTION_DATE=2022-04-30T12:24:16.471654+00:00
AIRFLOW_CTX_DAG_RUN_ID=manual__2022-04-30T12:24:16.471654+00:00
[2022-04-30 12:24:34,397] {logging_mixin.py:109} INFO - 2183.3413876400023
[2022-04-30 12:24:34,739] {logging_mixin.py:109} INFO - 1058.08603293
[2022-04-30 12:24:34,740] {python.py:175} INFO - Done. Returned value was: None
[2022-04-30 12:24:34,758] {taskinstance.py:1288} INFO - Marking task as SUCCESS. dag_id=btc_spot_data_dag, task_id=results, execution_date=20220430T122416, start_date=20220430T122431, end_date=20220430T122434
[2022-04-30 12:24:34,817] {local_task_job.py:154} INFO - Task exited with return code 0
[2022-04-30 12:24:34,856] {local_task_job.py:264} INFO - 0 downstream tasks scheduled from follow-on schedule check
