[2022-04-30 12:01:16,265] {taskinstance.py:1043} INFO - Dependencies all met for <TaskInstance: btc_spot_data_dag.aggregated_daily_bids manual__2022-04-30T12:01:04.681211+00:00 [queued]>
[2022-04-30 12:01:16,296] {taskinstance.py:1043} INFO - Dependencies all met for <TaskInstance: btc_spot_data_dag.aggregated_daily_bids manual__2022-04-30T12:01:04.681211+00:00 [queued]>
[2022-04-30 12:01:16,296] {taskinstance.py:1249} INFO - 
--------------------------------------------------------------------------------
[2022-04-30 12:01:16,297] {taskinstance.py:1250} INFO - Starting attempt 1 of 1
[2022-04-30 12:01:16,297] {taskinstance.py:1251} INFO - 
--------------------------------------------------------------------------------
[2022-04-30 12:01:16,394] {taskinstance.py:1270} INFO - Executing <Task(BigQueryOperator): aggregated_daily_bids> on 2022-04-30 12:01:04.681211+00:00
[2022-04-30 12:01:16,401] {standard_task_runner.py:52} INFO - Started process 4378 to run task
[2022-04-30 12:01:16,407] {standard_task_runner.py:79} INFO - Running: ['***', 'tasks', 'run', 'btc_spot_data_dag', 'aggregated_daily_bids', 'manual__2022-04-30T12:01:04.681211+00:00', '--job-id', '105', '--raw', '--subdir', 'DAGS_FOLDER/my_dag.py', '--cfg-path', '/tmp/tmp56x6em92', '--error-file', '/tmp/tmpd0gxfox9']
[2022-04-30 12:01:16,409] {standard_task_runner.py:80} INFO - Job 105: Subtask aggregated_daily_bids
[2022-04-30 12:01:16,520] {logging_mixin.py:109} INFO - Running <TaskInstance: btc_spot_data_dag.aggregated_daily_bids manual__2022-04-30T12:01:04.681211+00:00 [running]> on host cf4e030da5d2
[2022-04-30 12:01:16,617] {taskinstance.py:1448} INFO - Exporting the following env vars:
AIRFLOW_CTX_DAG_OWNER=***
AIRFLOW_CTX_DAG_ID=btc_spot_data_dag
AIRFLOW_CTX_TASK_ID=aggregated_daily_bids
AIRFLOW_CTX_EXECUTION_DATE=2022-04-30T12:01:04.681211+00:00
AIRFLOW_CTX_DAG_RUN_ID=manual__2022-04-30T12:01:04.681211+00:00
[2022-04-30 12:01:16,618] {bigquery.py:655} INFO - Executing: select sum(bids.size) from `btcspot.btcspot.bids` as bids group by timestamp;
[2022-04-30 12:01:16,631] {warnings.py:110} WARNING - /home/***/.local/lib/python3.7/site-packages/***/providers/google/cloud/hooks/bigquery.py:2058: DeprecationWarning: This method is deprecated. Please use `BigQueryHook.insert_job` method.
  "This method is deprecated. Please use `BigQueryHook.insert_job` method.", DeprecationWarning

[2022-04-30 12:01:16,640] {bigquery.py:1554} INFO - Inserting job ***_1651320076639641_71dbc811f149c66c664bb3f7c456c6cc
[2022-04-30 12:01:19,397] {taskinstance.py:1288} INFO - Marking task as SUCCESS. dag_id=btc_spot_data_dag, task_id=aggregated_daily_bids, execution_date=20220430T120104, start_date=20220430T120116, end_date=20220430T120119
[2022-04-30 12:01:19,429] {local_task_job.py:154} INFO - Task exited with return code 0
[2022-04-30 12:01:19,483] {local_task_job.py:264} INFO - 1 downstream tasks scheduled from follow-on schedule check
