[2022-04-30 10:37:12,893] {taskinstance.py:1043} INFO - Dependencies all met for <TaskInstance: btc_spot_data_dag.aggregated_daily_bids manual__2022-04-30T10:37:02.067685+00:00 [queued]>
[2022-04-30 10:37:12,912] {taskinstance.py:1043} INFO - Dependencies all met for <TaskInstance: btc_spot_data_dag.aggregated_daily_bids manual__2022-04-30T10:37:02.067685+00:00 [queued]>
[2022-04-30 10:37:12,912] {taskinstance.py:1249} INFO - 
--------------------------------------------------------------------------------
[2022-04-30 10:37:12,913] {taskinstance.py:1250} INFO - Starting attempt 1 of 1
[2022-04-30 10:37:12,913] {taskinstance.py:1251} INFO - 
--------------------------------------------------------------------------------
[2022-04-30 10:37:12,998] {taskinstance.py:1270} INFO - Executing <Task(BigQueryOperator): aggregated_daily_bids> on 2022-04-30 10:37:02.067685+00:00
[2022-04-30 10:37:13,006] {standard_task_runner.py:52} INFO - Started process 926 to run task
[2022-04-30 10:37:13,012] {standard_task_runner.py:79} INFO - Running: ['***', 'tasks', 'run', 'btc_spot_data_dag', 'aggregated_daily_bids', 'manual__2022-04-30T10:37:02.067685+00:00', '--job-id', '74', '--raw', '--subdir', 'DAGS_FOLDER/my_dag.py', '--cfg-path', '/tmp/tmpwmzhp17x', '--error-file', '/tmp/tmpbutbzpam']
[2022-04-30 10:37:13,014] {standard_task_runner.py:80} INFO - Job 74: Subtask aggregated_daily_bids
[2022-04-30 10:37:13,119] {logging_mixin.py:109} INFO - Running <TaskInstance: btc_spot_data_dag.aggregated_daily_bids manual__2022-04-30T10:37:02.067685+00:00 [running]> on host cf4e030da5d2
[2022-04-30 10:37:13,217] {taskinstance.py:1448} INFO - Exporting the following env vars:
AIRFLOW_CTX_DAG_OWNER=***
AIRFLOW_CTX_DAG_ID=btc_spot_data_dag
AIRFLOW_CTX_TASK_ID=aggregated_daily_bids
AIRFLOW_CTX_EXECUTION_DATE=2022-04-30T10:37:02.067685+00:00
AIRFLOW_CTX_DAG_RUN_ID=manual__2022-04-30T10:37:02.067685+00:00
[2022-04-30 10:37:13,218] {bigquery.py:655} INFO - Executing: 
            #legacySql
            select sum(bids.size) from `btcspot.btcspot.bids` as bids group by timestamp;
            
[2022-04-30 10:37:13,234] {warnings.py:110} WARNING - /home/***/.local/lib/python3.7/site-packages/***/providers/google/cloud/hooks/bigquery.py:2058: DeprecationWarning: This method is deprecated. Please use `BigQueryHook.insert_job` method.
  "This method is deprecated. Please use `BigQueryHook.insert_job` method.", DeprecationWarning

[2022-04-30 10:37:13,242] {taskinstance.py:1774} ERROR - Task failed with exception
Traceback (most recent call last):
  File "/home/airflow/.local/lib/python3.7/site-packages/airflow/providers/google/cloud/operators/bigquery.py", line 681, in execute
    encryption_configuration=self.encryption_configuration,
  File "/home/airflow/.local/lib/python3.7/site-packages/airflow/providers/google/cloud/hooks/bigquery.py", line 2109, in run_query
    table_input=destination_dataset_table, default_project_id=self.project_id
  File "/home/airflow/.local/lib/python3.7/site-packages/airflow/providers/google/cloud/hooks/bigquery.py", line 2792, in _split_tablename
    raise ValueError(f'Expected table name in the format of <dataset>.<table>. Got: {table_input}')
ValueError: Expected table name in the format of <dataset>.<table>. Got: test_bids
[2022-04-30 10:37:13,262] {taskinstance.py:1288} INFO - Marking task as FAILED. dag_id=btc_spot_data_dag, task_id=aggregated_daily_bids, execution_date=20220430T103702, start_date=20220430T103712, end_date=20220430T103713
[2022-04-30 10:37:13,285] {standard_task_runner.py:98} ERROR - Failed to execute job 74 for task aggregated_daily_bids (Expected table name in the format of <dataset>.<table>. Got: test_bids; 926)
[2022-04-30 10:37:13,306] {local_task_job.py:154} INFO - Task exited with return code 1
[2022-04-30 10:37:13,359] {local_task_job.py:264} INFO - 0 downstream tasks scheduled from follow-on schedule check
