[2022-04-30 10:37:10,067] {taskinstance.py:1043} INFO - Dependencies all met for <TaskInstance: btc_spot_data_dag.add_gcp_connection_python manual__2022-04-30T10:37:02.067685+00:00 [queued]>
[2022-04-30 10:37:10,085] {taskinstance.py:1043} INFO - Dependencies all met for <TaskInstance: btc_spot_data_dag.add_gcp_connection_python manual__2022-04-30T10:37:02.067685+00:00 [queued]>
[2022-04-30 10:37:10,086] {taskinstance.py:1249} INFO - 
--------------------------------------------------------------------------------
[2022-04-30 10:37:10,086] {taskinstance.py:1250} INFO - Starting attempt 1 of 1
[2022-04-30 10:37:10,087] {taskinstance.py:1251} INFO - 
--------------------------------------------------------------------------------
[2022-04-30 10:37:10,115] {taskinstance.py:1270} INFO - Executing <Task(PythonOperator): add_gcp_connection_python> on 2022-04-30 10:37:02.067685+00:00
[2022-04-30 10:37:10,122] {standard_task_runner.py:52} INFO - Started process 921 to run task
[2022-04-30 10:37:10,128] {standard_task_runner.py:79} INFO - Running: ['***', 'tasks', 'run', 'btc_spot_data_dag', 'add_gcp_connection_python', 'manual__2022-04-30T10:37:02.067685+00:00', '--job-id', '72', '--raw', '--subdir', 'DAGS_FOLDER/my_dag.py', '--cfg-path', '/tmp/tmpc5ew1ma0', '--error-file', '/tmp/tmpnuljxpty']
[2022-04-30 10:37:10,130] {standard_task_runner.py:80} INFO - Job 72: Subtask add_gcp_connection_python
[2022-04-30 10:37:10,232] {logging_mixin.py:109} INFO - Running <TaskInstance: btc_spot_data_dag.add_gcp_connection_python manual__2022-04-30T10:37:02.067685+00:00 [running]> on host cf4e030da5d2
[2022-04-30 10:37:10,300] {taskinstance.py:1448} INFO - Exporting the following env vars:
AIRFLOW_CTX_DAG_OWNER=***
AIRFLOW_CTX_DAG_ID=btc_spot_data_dag
AIRFLOW_CTX_TASK_ID=add_gcp_connection_python
AIRFLOW_CTX_EXECUTION_DATE=2022-04-30T10:37:02.067685+00:00
AIRFLOW_CTX_DAG_RUN_ID=manual__2022-04-30T10:37:02.067685+00:00
[2022-04-30 10:37:10,301] {crypto.py:82} WARNING - empty cryptography key - values will not be stored encrypted.
[2022-04-30 10:37:10,310] {logging_mixin.py:109} INFO - 
	A connection with `conn_id`=btc_spot_conn_id already exists
[2022-04-30 10:37:10,311] {logging_mixin.py:109} INFO - 
[2022-04-30 10:37:10,311] {python.py:175} INFO - Done. Returned value was: None
[2022-04-30 10:37:10,321] {taskinstance.py:1288} INFO - Marking task as SUCCESS. dag_id=btc_spot_data_dag, task_id=add_gcp_connection_python, execution_date=20220430T103702, start_date=20220430T103710, end_date=20220430T103710
[2022-04-30 10:37:10,380] {local_task_job.py:154} INFO - Task exited with return code 0
[2022-04-30 10:37:10,423] {local_task_job.py:264} INFO - 2 downstream tasks scheduled from follow-on schedule check
