[2022-04-30 12:21:46,165] {taskinstance.py:1043} INFO - Dependencies all met for <TaskInstance: btc_spot_data_dag.results manual__2022-04-30T12:21:29.073095+00:00 [queued]>
[2022-04-30 12:21:46,184] {taskinstance.py:1043} INFO - Dependencies all met for <TaskInstance: btc_spot_data_dag.results manual__2022-04-30T12:21:29.073095+00:00 [queued]>
[2022-04-30 12:21:46,185] {taskinstance.py:1249} INFO - 
--------------------------------------------------------------------------------
[2022-04-30 12:21:46,185] {taskinstance.py:1250} INFO - Starting attempt 1 of 1
[2022-04-30 12:21:46,186] {taskinstance.py:1251} INFO - 
--------------------------------------------------------------------------------
[2022-04-30 12:21:46,258] {taskinstance.py:1270} INFO - Executing <Task(PythonOperator): results> on 2022-04-30 12:21:29.073095+00:00
[2022-04-30 12:21:46,264] {standard_task_runner.py:52} INFO - Started process 5307 to run task
[2022-04-30 12:21:46,269] {standard_task_runner.py:79} INFO - Running: ['***', 'tasks', 'run', 'btc_spot_data_dag', 'results', 'manual__2022-04-30T12:21:29.073095+00:00', '--job-id', '137', '--raw', '--subdir', 'DAGS_FOLDER/my_dag.py', '--cfg-path', '/tmp/tmp3xe_fdwb', '--error-file', '/tmp/tmpwiopfyfq']
[2022-04-30 12:21:46,271] {standard_task_runner.py:80} INFO - Job 137: Subtask results
[2022-04-30 12:21:46,361] {logging_mixin.py:109} INFO - Running <TaskInstance: btc_spot_data_dag.results manual__2022-04-30T12:21:29.073095+00:00 [running]> on host cf4e030da5d2
[2022-04-30 12:21:46,450] {taskinstance.py:1448} INFO - Exporting the following env vars:
AIRFLOW_CTX_DAG_OWNER=***
AIRFLOW_CTX_DAG_ID=btc_spot_data_dag
AIRFLOW_CTX_TASK_ID=results
AIRFLOW_CTX_EXECUTION_DATE=2022-04-30T12:21:29.073095+00:00
AIRFLOW_CTX_DAG_RUN_ID=manual__2022-04-30T12:21:29.073095+00:00
[2022-04-30 12:21:48,649] {logging_mixin.py:109} INFO - Row((2027.3884313800015,), {'f0_': 0})
[2022-04-30 12:21:48,994] {logging_mixin.py:109} INFO - Row((979.7092897500002,), {'f0_': 0})
[2022-04-30 12:21:48,994] {python.py:175} INFO - Done. Returned value was: None
[2022-04-30 12:21:49,017] {taskinstance.py:1288} INFO - Marking task as SUCCESS. dag_id=btc_spot_data_dag, task_id=results, execution_date=20220430T122129, start_date=20220430T122146, end_date=20220430T122149
[2022-04-30 12:21:49,052] {local_task_job.py:154} INFO - Task exited with return code 0
[2022-04-30 12:21:49,099] {local_task_job.py:264} INFO - 0 downstream tasks scheduled from follow-on schedule check
