[2022-04-30 12:23:16,859] {taskinstance.py:1043} INFO - Dependencies all met for <TaskInstance: btc_spot_data_dag.aggregated_daily_asks manual__2022-04-30T12:23:05.907695+00:00 [queued]>
[2022-04-30 12:23:16,873] {taskinstance.py:1043} INFO - Dependencies all met for <TaskInstance: btc_spot_data_dag.aggregated_daily_asks manual__2022-04-30T12:23:05.907695+00:00 [queued]>
[2022-04-30 12:23:16,874] {taskinstance.py:1249} INFO - 
--------------------------------------------------------------------------------
[2022-04-30 12:23:16,874] {taskinstance.py:1250} INFO - Starting attempt 1 of 1
[2022-04-30 12:23:16,874] {taskinstance.py:1251} INFO - 
--------------------------------------------------------------------------------
[2022-04-30 12:23:16,942] {taskinstance.py:1270} INFO - Executing <Task(BigQueryOperator): aggregated_daily_asks> on 2022-04-30 12:23:05.907695+00:00
[2022-04-30 12:23:16,947] {standard_task_runner.py:52} INFO - Started process 5380 to run task
[2022-04-30 12:23:16,952] {standard_task_runner.py:79} INFO - Running: ['***', 'tasks', 'run', 'btc_spot_data_dag', 'aggregated_daily_asks', 'manual__2022-04-30T12:23:05.907695+00:00', '--job-id', '141', '--raw', '--subdir', 'DAGS_FOLDER/my_dag.py', '--cfg-path', '/tmp/tmp_33z8378', '--error-file', '/tmp/tmpw1u_01bq']
[2022-04-30 12:23:16,954] {standard_task_runner.py:80} INFO - Job 141: Subtask aggregated_daily_asks
[2022-04-30 12:23:17,033] {logging_mixin.py:109} INFO - Running <TaskInstance: btc_spot_data_dag.aggregated_daily_asks manual__2022-04-30T12:23:05.907695+00:00 [running]> on host cf4e030da5d2
[2022-04-30 12:23:17,113] {taskinstance.py:1448} INFO - Exporting the following env vars:
AIRFLOW_CTX_DAG_OWNER=***
AIRFLOW_CTX_DAG_ID=btc_spot_data_dag
AIRFLOW_CTX_TASK_ID=aggregated_daily_asks
AIRFLOW_CTX_EXECUTION_DATE=2022-04-30T12:23:05.907695+00:00
AIRFLOW_CTX_DAG_RUN_ID=manual__2022-04-30T12:23:05.907695+00:00
[2022-04-30 12:23:17,114] {bigquery.py:655} INFO - Executing: select sum(asks.size) from `btcspot.btcspot.asks` as asks group by timestamp;
[2022-04-30 12:23:17,125] {warnings.py:110} WARNING - /home/***/.local/lib/python3.7/site-packages/***/providers/google/cloud/hooks/bigquery.py:2058: DeprecationWarning: This method is deprecated. Please use `BigQueryHook.insert_job` method.
  "This method is deprecated. Please use `BigQueryHook.insert_job` method.", DeprecationWarning

[2022-04-30 12:23:17,134] {bigquery.py:1554} INFO - Inserting job ***_1651321397133630_ea24d22ed19cbab841a7ecba3d4cd7e0
[2022-04-30 12:23:19,761] {taskinstance.py:1288} INFO - Marking task as SUCCESS. dag_id=btc_spot_data_dag, task_id=aggregated_daily_asks, execution_date=20220430T122305, start_date=20220430T122316, end_date=20220430T122319
[2022-04-30 12:23:19,818] {local_task_job.py:154} INFO - Task exited with return code 0
[2022-04-30 12:23:19,871] {local_task_job.py:264} INFO - 1 downstream tasks scheduled from follow-on schedule check
