[2022-04-30 12:01:16,408] {taskinstance.py:1043} INFO - Dependencies all met for <TaskInstance: btc_spot_data_dag.aggregated_daily_asks manual__2022-04-30T12:01:04.681211+00:00 [queued]>
[2022-04-30 12:01:16,432] {taskinstance.py:1043} INFO - Dependencies all met for <TaskInstance: btc_spot_data_dag.aggregated_daily_asks manual__2022-04-30T12:01:04.681211+00:00 [queued]>
[2022-04-30 12:01:16,434] {taskinstance.py:1249} INFO - 
--------------------------------------------------------------------------------
[2022-04-30 12:01:16,435] {taskinstance.py:1250} INFO - Starting attempt 1 of 1
[2022-04-30 12:01:16,435] {taskinstance.py:1251} INFO - 
--------------------------------------------------------------------------------
[2022-04-30 12:01:16,458] {taskinstance.py:1270} INFO - Executing <Task(BigQueryOperator): aggregated_daily_asks> on 2022-04-30 12:01:04.681211+00:00
[2022-04-30 12:01:16,464] {standard_task_runner.py:52} INFO - Started process 4379 to run task
[2022-04-30 12:01:16,471] {standard_task_runner.py:79} INFO - Running: ['***', 'tasks', 'run', 'btc_spot_data_dag', 'aggregated_daily_asks', 'manual__2022-04-30T12:01:04.681211+00:00', '--job-id', '106', '--raw', '--subdir', 'DAGS_FOLDER/my_dag.py', '--cfg-path', '/tmp/tmphw36juom', '--error-file', '/tmp/tmpx8913jup']
[2022-04-30 12:01:16,472] {standard_task_runner.py:80} INFO - Job 106: Subtask aggregated_daily_asks
[2022-04-30 12:01:16,575] {logging_mixin.py:109} INFO - Running <TaskInstance: btc_spot_data_dag.aggregated_daily_asks manual__2022-04-30T12:01:04.681211+00:00 [running]> on host cf4e030da5d2
[2022-04-30 12:01:16,667] {taskinstance.py:1448} INFO - Exporting the following env vars:
AIRFLOW_CTX_DAG_OWNER=***
AIRFLOW_CTX_DAG_ID=btc_spot_data_dag
AIRFLOW_CTX_TASK_ID=aggregated_daily_asks
AIRFLOW_CTX_EXECUTION_DATE=2022-04-30T12:01:04.681211+00:00
AIRFLOW_CTX_DAG_RUN_ID=manual__2022-04-30T12:01:04.681211+00:00
[2022-04-30 12:01:16,668] {bigquery.py:655} INFO - Executing: select sum(asks.size) from `btcspot.btcspot.asks` as asks group by timestamp;
[2022-04-30 12:01:16,683] {warnings.py:110} WARNING - /home/***/.local/lib/python3.7/site-packages/***/providers/google/cloud/hooks/bigquery.py:2058: DeprecationWarning: This method is deprecated. Please use `BigQueryHook.insert_job` method.
  "This method is deprecated. Please use `BigQueryHook.insert_job` method.", DeprecationWarning

[2022-04-30 12:01:16,695] {bigquery.py:1554} INFO - Inserting job ***_1651320076694670_439870a3b59856aa06bffd679acf1ab2
[2022-04-30 12:01:19,417] {taskinstance.py:1288} INFO - Marking task as SUCCESS. dag_id=btc_spot_data_dag, task_id=aggregated_daily_asks, execution_date=20220430T120104, start_date=20220430T120116, end_date=20220430T120119
[2022-04-30 12:01:19,453] {local_task_job.py:154} INFO - Task exited with return code 0
[2022-04-30 12:01:19,499] {local_task_job.py:264} INFO - 0 downstream tasks scheduled from follow-on schedule check
