[2022-04-30 12:35:37,100] {taskinstance.py:1043} INFO - Dependencies all met for <TaskInstance: btc_spot_data_dag.results manual__2022-04-30T12:34:07.654791+00:00 [queued]>
[2022-04-30 12:35:37,128] {taskinstance.py:1043} INFO - Dependencies all met for <TaskInstance: btc_spot_data_dag.results manual__2022-04-30T12:34:07.654791+00:00 [queued]>
[2022-04-30 12:35:37,129] {taskinstance.py:1249} INFO - 
--------------------------------------------------------------------------------
[2022-04-30 12:35:37,130] {taskinstance.py:1250} INFO - Starting attempt 1 of 1
[2022-04-30 12:35:37,130] {taskinstance.py:1251} INFO - 
--------------------------------------------------------------------------------
[2022-04-30 12:35:37,165] {taskinstance.py:1270} INFO - Executing <Task(PythonOperator): results> on 2022-04-30 12:34:07.654791+00:00
[2022-04-30 12:35:37,173] {standard_task_runner.py:52} INFO - Started process 5957 to run task
[2022-04-30 12:35:37,180] {standard_task_runner.py:79} INFO - Running: ['***', 'tasks', 'run', 'btc_spot_data_dag', 'results', 'manual__2022-04-30T12:34:07.654791+00:00', '--job-id', '167', '--raw', '--subdir', 'DAGS_FOLDER/my_dag.py', '--cfg-path', '/tmp/tmp98cs6_97', '--error-file', '/tmp/tmpv11xddhc']
[2022-04-30 12:35:37,183] {standard_task_runner.py:80} INFO - Job 167: Subtask results
[2022-04-30 12:35:37,309] {logging_mixin.py:109} INFO - Running <TaskInstance: btc_spot_data_dag.results manual__2022-04-30T12:34:07.654791+00:00 [running]> on host cf4e030da5d2
[2022-04-30 12:35:37,424] {taskinstance.py:1448} INFO - Exporting the following env vars:
AIRFLOW_CTX_DAG_OWNER=***
AIRFLOW_CTX_DAG_ID=btc_spot_data_dag
AIRFLOW_CTX_TASK_ID=results
AIRFLOW_CTX_EXECUTION_DATE=2022-04-30T12:34:07.654791+00:00
AIRFLOW_CTX_DAG_RUN_ID=manual__2022-04-30T12:34:07.654791+00:00
[2022-04-30 12:35:40,047] {logging_mixin.py:109} INFO - Asks greater than Bids for 2022-03-23 00:00:12+00:00
[2022-04-30 12:35:40,048] {python.py:175} INFO - Done. Returned value was: None
[2022-04-30 12:35:40,072] {taskinstance.py:1288} INFO - Marking task as SUCCESS. dag_id=btc_spot_data_dag, task_id=results, execution_date=20220430T123407, start_date=20220430T123537, end_date=20220430T123540
[2022-04-30 12:35:40,125] {local_task_job.py:154} INFO - Task exited with return code 0
[2022-04-30 12:35:40,195] {local_task_job.py:264} INFO - 0 downstream tasks scheduled from follow-on schedule check
