[2022-04-30 10:34:21,299] {taskinstance.py:1043} INFO - Dependencies all met for <TaskInstance: btc_spot_data_dag.aggregated_daily_bids manual__2022-04-30T10:34:10.201139+00:00 [queued]>
[2022-04-30 10:34:21,314] {taskinstance.py:1043} INFO - Dependencies all met for <TaskInstance: btc_spot_data_dag.aggregated_daily_bids manual__2022-04-30T10:34:10.201139+00:00 [queued]>
[2022-04-30 10:34:21,315] {taskinstance.py:1249} INFO - 
--------------------------------------------------------------------------------
[2022-04-30 10:34:21,315] {taskinstance.py:1250} INFO - Starting attempt 1 of 1
[2022-04-30 10:34:21,316] {taskinstance.py:1251} INFO - 
--------------------------------------------------------------------------------
[2022-04-30 10:34:21,336] {taskinstance.py:1270} INFO - Executing <Task(BigQueryOperator): aggregated_daily_bids> on 2022-04-30 10:34:10.201139+00:00
[2022-04-30 10:34:21,342] {standard_task_runner.py:52} INFO - Started process 789 to run task
[2022-04-30 10:34:21,348] {standard_task_runner.py:79} INFO - Running: ['***', 'tasks', 'run', 'btc_spot_data_dag', 'aggregated_daily_bids', 'manual__2022-04-30T10:34:10.201139+00:00', '--job-id', '64', '--raw', '--subdir', 'DAGS_FOLDER/my_dag.py', '--cfg-path', '/tmp/tmpm20gbr91', '--error-file', '/tmp/tmpemwkr7mn']
[2022-04-30 10:34:21,350] {standard_task_runner.py:80} INFO - Job 64: Subtask aggregated_daily_bids
[2022-04-30 10:34:21,435] {logging_mixin.py:109} INFO - Running <TaskInstance: btc_spot_data_dag.aggregated_daily_bids manual__2022-04-30T10:34:10.201139+00:00 [running]> on host cf4e030da5d2
[2022-04-30 10:34:21,518] {taskinstance.py:1448} INFO - Exporting the following env vars:
AIRFLOW_CTX_DAG_OWNER=***
AIRFLOW_CTX_DAG_ID=btc_spot_data_dag
AIRFLOW_CTX_TASK_ID=aggregated_daily_bids
AIRFLOW_CTX_EXECUTION_DATE=2022-04-30T10:34:10.201139+00:00
AIRFLOW_CTX_DAG_RUN_ID=manual__2022-04-30T10:34:10.201139+00:00
[2022-04-30 10:34:21,519] {bigquery.py:655} INFO - Executing: 
            #legacySql
            select sum(bids.size) from `btcspot.btcspot.bids` as bids group by timestamp;
            
[2022-04-30 10:34:21,535] {warnings.py:110} WARNING - /home/***/.local/lib/python3.7/site-packages/***/providers/google/cloud/hooks/bigquery.py:2058: DeprecationWarning: This method is deprecated. Please use `BigQueryHook.insert_job` method.
  "This method is deprecated. Please use `BigQueryHook.insert_job` method.", DeprecationWarning

[2022-04-30 10:34:21,544] {bigquery.py:1554} INFO - Inserting job ***_1651314861544050_c1ac8351c3c1c6ec35de6d9116c1875a
[2022-04-30 10:34:21,987] {taskinstance.py:1774} ERROR - Task failed with exception
Traceback (most recent call last):
  File "/home/airflow/.local/lib/python3.7/site-packages/airflow/providers/google/cloud/operators/bigquery.py", line 681, in execute
    encryption_configuration=self.encryption_configuration,
  File "/home/airflow/.local/lib/python3.7/site-packages/airflow/providers/google/cloud/hooks/bigquery.py", line 2192, in run_query
    job = self.insert_job(configuration=configuration, project_id=self.project_id)
  File "/home/airflow/.local/lib/python3.7/site-packages/airflow/providers/google/common/hooks/base_google.py", line 439, in inner_wrapper
    return func(self, *args, **kwargs)
  File "/home/airflow/.local/lib/python3.7/site-packages/airflow/providers/google/cloud/hooks/bigquery.py", line 1560, in insert_job
    job.result(timeout=timeout, retry=retry)
  File "/home/airflow/.local/lib/python3.7/site-packages/google/cloud/bigquery/job/query.py", line 1499, in result
    do_get_result()
  File "/home/airflow/.local/lib/python3.7/site-packages/google/cloud/bigquery/job/query.py", line 1489, in do_get_result
    super(QueryJob, self).result(retry=retry, timeout=timeout)
  File "/home/airflow/.local/lib/python3.7/site-packages/google/cloud/bigquery/job/base.py", line 728, in result
    return super(_AsyncJob, self).result(timeout=timeout, **kwargs)
  File "/home/airflow/.local/lib/python3.7/site-packages/google/api_core/future/polling.py", line 137, in result
    raise self._exception
google.api_core.exceptions.BadRequest: 400 Invalid table name: `btcspot.btcspot.bids`
[Try using standard SQL (https://cloud.google.com/bigquery/docs/reference/standard-sql/enabling-standard-sql)].

Location: US
Job ID: airflow_1651314861544050_c1ac8351c3c1c6ec35de6d9116c1875a

[2022-04-30 10:34:22,008] {taskinstance.py:1288} INFO - Marking task as FAILED. dag_id=btc_spot_data_dag, task_id=aggregated_daily_bids, execution_date=20220430T103410, start_date=20220430T103421, end_date=20220430T103422
[2022-04-30 10:34:22,028] {standard_task_runner.py:98} ERROR - Failed to execute job 64 for task aggregated_daily_bids (400 Invalid table name: `btcspot.btcspot.bids`
[Try using standard SQL (https://cloud.google.com/bigquery/docs/reference/standard-sql/enabling-standard-sql)].

Location: US
Job ID: airflow_1651314861544050_c1ac8351c3c1c6ec35de6d9116c1875a
; 789)
[2022-04-30 10:34:22,042] {local_task_job.py:154} INFO - Task exited with return code 1
[2022-04-30 10:34:22,085] {local_task_job.py:264} INFO - 0 downstream tasks scheduled from follow-on schedule check
